[2023-12-01T02:44:59.592+0000] {processor.py:157} INFO - Started process (PID=92) to work on /opt/airflow/dags/download_s3.py
[2023-12-01T02:44:59.597+0000] {processor.py:829} INFO - Processing file /opt/airflow/dags/download_s3.py for tasks to queue
[2023-12-01T02:44:59.887+0000] {logging_mixin.py:154} INFO - [2023-12-01T02:44:59.764+0000] {dagbag.py:536} INFO - Filling up the DagBag from /opt/airflow/dags/download_s3.py
[2023-12-01T02:45:01.518+0000] {processor.py:839} INFO - DAG(s) dict_keys(['download_s3']) retrieved from /opt/airflow/dags/download_s3.py
[2023-12-01T02:45:02.234+0000] {logging_mixin.py:154} INFO - [2023-12-01T02:45:02.234+0000] {dag.py:2941} INFO - Sync 1 DAGs
[2023-12-01T02:45:06.411+0000] {logging_mixin.py:154} INFO - [2023-12-01T02:45:06.410+0000] {dag.py:3722} INFO - Setting next_dagrun for download_s3 to None, run_after=None
[2023-12-01T02:45:08.628+0000] {processor.py:179} INFO - Processing /opt/airflow/dags/download_s3.py took 9.112 seconds
[2023-12-01T02:49:26.085+0000] {processor.py:157} INFO - Started process (PID=45) to work on /opt/airflow/dags/download_s3.py
[2023-12-01T02:49:26.146+0000] {processor.py:829} INFO - Processing file /opt/airflow/dags/download_s3.py for tasks to queue
[2023-12-01T02:49:26.169+0000] {logging_mixin.py:154} INFO - [2023-12-01T02:49:26.168+0000] {dagbag.py:536} INFO - Filling up the DagBag from /opt/airflow/dags/download_s3.py
[2023-12-01T02:49:26.269+0000] {processor.py:839} INFO - DAG(s) dict_keys(['download_s3']) retrieved from /opt/airflow/dags/download_s3.py
[2023-12-01T02:49:28.207+0000] {logging_mixin.py:154} INFO - [2023-12-01T02:49:28.207+0000] {dag.py:2941} INFO - Sync 1 DAGs
[2023-12-01T02:49:28.345+0000] {logging_mixin.py:154} INFO - [2023-12-01T02:49:28.344+0000] {dag.py:3722} INFO - Setting next_dagrun for download_s3 to None, run_after=None
[2023-12-01T02:49:28.641+0000] {processor.py:179} INFO - Processing /opt/airflow/dags/download_s3.py took 2.561 seconds
[2023-12-01T02:51:24.993+0000] {processor.py:157} INFO - Started process (PID=128) to work on /opt/airflow/dags/download_s3.py
[2023-12-01T02:51:25.026+0000] {processor.py:829} INFO - Processing file /opt/airflow/dags/download_s3.py for tasks to queue
[2023-12-01T02:51:25.039+0000] {logging_mixin.py:154} INFO - [2023-12-01T02:51:25.039+0000] {dagbag.py:536} INFO - Filling up the DagBag from /opt/airflow/dags/download_s3.py
[2023-12-01T02:51:25.097+0000] {processor.py:839} INFO - DAG(s) dict_keys(['download_s3']) retrieved from /opt/airflow/dags/download_s3.py
[2023-12-01T02:51:25.563+0000] {logging_mixin.py:154} INFO - [2023-12-01T02:51:25.563+0000] {dag.py:2941} INFO - Sync 1 DAGs
[2023-12-01T02:51:25.696+0000] {logging_mixin.py:154} INFO - [2023-12-01T02:51:25.679+0000] {dag.py:3722} INFO - Setting next_dagrun for download_s3 to None, run_after=None
[2023-12-01T02:51:26.417+0000] {processor.py:179} INFO - Processing /opt/airflow/dags/download_s3.py took 1.453 seconds
[2023-12-01T02:52:02.373+0000] {processor.py:157} INFO - Started process (PID=179) to work on /opt/airflow/dags/download_s3.py
[2023-12-01T02:52:02.405+0000] {processor.py:829} INFO - Processing file /opt/airflow/dags/download_s3.py for tasks to queue
[2023-12-01T02:52:02.409+0000] {logging_mixin.py:154} INFO - [2023-12-01T02:52:02.409+0000] {dagbag.py:536} INFO - Filling up the DagBag from /opt/airflow/dags/download_s3.py
[2023-12-01T02:52:02.430+0000] {processor.py:839} INFO - DAG(s) dict_keys(['download_s3']) retrieved from /opt/airflow/dags/download_s3.py
[2023-12-01T02:52:02.573+0000] {logging_mixin.py:154} INFO - [2023-12-01T02:52:02.573+0000] {dag.py:2941} INFO - Sync 1 DAGs
[2023-12-01T02:52:02.633+0000] {logging_mixin.py:154} INFO - [2023-12-01T02:52:02.630+0000] {dag.py:3722} INFO - Setting next_dagrun for download_s3 to None, run_after=None
[2023-12-01T02:52:02.741+0000] {processor.py:179} INFO - Processing /opt/airflow/dags/download_s3.py took 0.408 seconds
[2023-12-01T02:52:33.907+0000] {processor.py:157} INFO - Started process (PID=240) to work on /opt/airflow/dags/download_s3.py
[2023-12-01T02:52:33.923+0000] {processor.py:829} INFO - Processing file /opt/airflow/dags/download_s3.py for tasks to queue
[2023-12-01T02:52:33.924+0000] {logging_mixin.py:154} INFO - [2023-12-01T02:52:33.924+0000] {dagbag.py:536} INFO - Filling up the DagBag from /opt/airflow/dags/download_s3.py
[2023-12-01T02:52:33.953+0000] {processor.py:839} INFO - DAG(s) dict_keys(['download_s3']) retrieved from /opt/airflow/dags/download_s3.py
[2023-12-01T02:52:34.330+0000] {logging_mixin.py:154} INFO - [2023-12-01T02:52:34.329+0000] {dag.py:2941} INFO - Sync 1 DAGs
[2023-12-01T02:52:34.412+0000] {logging_mixin.py:154} INFO - [2023-12-01T02:52:34.408+0000] {dag.py:3722} INFO - Setting next_dagrun for download_s3 to None, run_after=None
[2023-12-01T02:52:34.761+0000] {processor.py:179} INFO - Processing /opt/airflow/dags/download_s3.py took 0.875 seconds
[2023-12-01T02:53:08.854+0000] {processor.py:157} INFO - Started process (PID=295) to work on /opt/airflow/dags/download_s3.py
[2023-12-01T02:53:08.883+0000] {processor.py:829} INFO - Processing file /opt/airflow/dags/download_s3.py for tasks to queue
[2023-12-01T02:53:08.884+0000] {logging_mixin.py:154} INFO - [2023-12-01T02:53:08.884+0000] {dagbag.py:536} INFO - Filling up the DagBag from /opt/airflow/dags/download_s3.py
[2023-12-01T02:53:08.934+0000] {processor.py:839} INFO - DAG(s) dict_keys(['download_s3']) retrieved from /opt/airflow/dags/download_s3.py
[2023-12-01T02:53:09.059+0000] {logging_mixin.py:154} INFO - [2023-12-01T02:53:09.058+0000] {dag.py:2941} INFO - Sync 1 DAGs
[2023-12-01T02:53:09.122+0000] {logging_mixin.py:154} INFO - [2023-12-01T02:53:09.122+0000] {dag.py:3722} INFO - Setting next_dagrun for download_s3 to None, run_after=None
[2023-12-01T02:53:09.382+0000] {processor.py:179} INFO - Processing /opt/airflow/dags/download_s3.py took 0.542 seconds
[2023-12-01T02:53:47.665+0000] {processor.py:157} INFO - Started process (PID=339) to work on /opt/airflow/dags/download_s3.py
[2023-12-01T02:53:47.832+0000] {processor.py:829} INFO - Processing file /opt/airflow/dags/download_s3.py for tasks to queue
[2023-12-01T02:53:47.843+0000] {logging_mixin.py:154} INFO - [2023-12-01T02:53:47.836+0000] {dagbag.py:536} INFO - Filling up the DagBag from /opt/airflow/dags/download_s3.py
[2023-12-01T02:53:47.878+0000] {processor.py:839} INFO - DAG(s) dict_keys(['download_s3']) retrieved from /opt/airflow/dags/download_s3.py
[2023-12-01T02:53:48.002+0000] {logging_mixin.py:154} INFO - [2023-12-01T02:53:48.002+0000] {dag.py:2941} INFO - Sync 1 DAGs
[2023-12-01T02:53:48.147+0000] {logging_mixin.py:154} INFO - [2023-12-01T02:53:48.147+0000] {dag.py:3722} INFO - Setting next_dagrun for download_s3 to None, run_after=None
[2023-12-01T02:53:49.964+0000] {processor.py:179} INFO - Processing /opt/airflow/dags/download_s3.py took 2.313 seconds
[2023-12-01T02:54:22.914+0000] {processor.py:157} INFO - Started process (PID=392) to work on /opt/airflow/dags/download_s3.py
[2023-12-01T02:54:22.966+0000] {processor.py:829} INFO - Processing file /opt/airflow/dags/download_s3.py for tasks to queue
[2023-12-01T02:54:22.967+0000] {logging_mixin.py:154} INFO - [2023-12-01T02:54:22.967+0000] {dagbag.py:536} INFO - Filling up the DagBag from /opt/airflow/dags/download_s3.py
[2023-12-01T02:54:22.992+0000] {processor.py:839} INFO - DAG(s) dict_keys(['download_s3']) retrieved from /opt/airflow/dags/download_s3.py
[2023-12-01T02:54:23.511+0000] {logging_mixin.py:154} INFO - [2023-12-01T02:54:23.510+0000] {dag.py:2941} INFO - Sync 1 DAGs
[2023-12-01T02:54:23.606+0000] {logging_mixin.py:154} INFO - [2023-12-01T02:54:23.605+0000] {dag.py:3722} INFO - Setting next_dagrun for download_s3 to None, run_after=None
[2023-12-01T02:54:23.869+0000] {processor.py:179} INFO - Processing /opt/airflow/dags/download_s3.py took 0.955 seconds
[2023-12-01T02:54:54.395+0000] {processor.py:157} INFO - Started process (PID=457) to work on /opt/airflow/dags/download_s3.py
[2023-12-01T02:54:54.431+0000] {processor.py:829} INFO - Processing file /opt/airflow/dags/download_s3.py for tasks to queue
[2023-12-01T02:54:54.434+0000] {logging_mixin.py:154} INFO - [2023-12-01T02:54:54.431+0000] {dagbag.py:536} INFO - Filling up the DagBag from /opt/airflow/dags/download_s3.py
[2023-12-01T02:54:54.468+0000] {processor.py:839} INFO - DAG(s) dict_keys(['download_s3']) retrieved from /opt/airflow/dags/download_s3.py
[2023-12-01T02:54:54.816+0000] {logging_mixin.py:154} INFO - [2023-12-01T02:54:54.816+0000] {dag.py:2941} INFO - Sync 1 DAGs
[2023-12-01T02:54:55.026+0000] {logging_mixin.py:154} INFO - [2023-12-01T02:54:55.026+0000] {dag.py:3722} INFO - Setting next_dagrun for download_s3 to None, run_after=None
[2023-12-01T02:54:55.598+0000] {processor.py:179} INFO - Processing /opt/airflow/dags/download_s3.py took 1.206 seconds
[2023-12-01T02:55:29.433+0000] {processor.py:157} INFO - Started process (PID=496) to work on /opt/airflow/dags/download_s3.py
[2023-12-01T02:55:29.468+0000] {processor.py:829} INFO - Processing file /opt/airflow/dags/download_s3.py for tasks to queue
[2023-12-01T02:55:29.488+0000] {logging_mixin.py:154} INFO - [2023-12-01T02:55:29.488+0000] {dagbag.py:536} INFO - Filling up the DagBag from /opt/airflow/dags/download_s3.py
[2023-12-01T02:55:29.545+0000] {processor.py:839} INFO - DAG(s) dict_keys(['download_s3']) retrieved from /opt/airflow/dags/download_s3.py
[2023-12-01T02:55:30.131+0000] {logging_mixin.py:154} INFO - [2023-12-01T02:55:30.131+0000] {dag.py:2941} INFO - Sync 1 DAGs
[2023-12-01T02:55:30.211+0000] {logging_mixin.py:154} INFO - [2023-12-01T02:55:30.210+0000] {dag.py:3722} INFO - Setting next_dagrun for download_s3 to None, run_after=None
[2023-12-01T02:55:30.775+0000] {processor.py:179} INFO - Processing /opt/airflow/dags/download_s3.py took 1.355 seconds
[2023-12-01T02:56:05.854+0000] {processor.py:157} INFO - Started process (PID=559) to work on /opt/airflow/dags/download_s3.py
[2023-12-01T02:56:05.857+0000] {processor.py:829} INFO - Processing file /opt/airflow/dags/download_s3.py for tasks to queue
[2023-12-01T02:56:05.858+0000] {logging_mixin.py:154} INFO - [2023-12-01T02:56:05.858+0000] {dagbag.py:536} INFO - Filling up the DagBag from /opt/airflow/dags/download_s3.py
[2023-12-01T02:56:05.867+0000] {processor.py:839} INFO - DAG(s) dict_keys(['download_s3']) retrieved from /opt/airflow/dags/download_s3.py
[2023-12-01T02:56:05.931+0000] {logging_mixin.py:154} INFO - [2023-12-01T02:56:05.931+0000] {dag.py:2941} INFO - Sync 1 DAGs
[2023-12-01T02:56:05.948+0000] {logging_mixin.py:154} INFO - [2023-12-01T02:56:05.948+0000] {dag.py:3722} INFO - Setting next_dagrun for download_s3 to None, run_after=None
[2023-12-01T02:56:05.975+0000] {processor.py:179} INFO - Processing /opt/airflow/dags/download_s3.py took 0.127 seconds
[2023-12-01T02:56:40.951+0000] {processor.py:157} INFO - Started process (PID=610) to work on /opt/airflow/dags/download_s3.py
[2023-12-01T02:56:40.986+0000] {processor.py:829} INFO - Processing file /opt/airflow/dags/download_s3.py for tasks to queue
[2023-12-01T02:56:40.987+0000] {logging_mixin.py:154} INFO - [2023-12-01T02:56:40.987+0000] {dagbag.py:536} INFO - Filling up the DagBag from /opt/airflow/dags/download_s3.py
[2023-12-01T02:56:41.023+0000] {processor.py:839} INFO - DAG(s) dict_keys(['download_s3']) retrieved from /opt/airflow/dags/download_s3.py
[2023-12-01T02:56:41.162+0000] {logging_mixin.py:154} INFO - [2023-12-01T02:56:41.162+0000] {dag.py:2941} INFO - Sync 1 DAGs
[2023-12-01T02:56:41.181+0000] {logging_mixin.py:154} INFO - [2023-12-01T02:56:41.181+0000] {dag.py:3722} INFO - Setting next_dagrun for download_s3 to None, run_after=None
[2023-12-01T02:56:41.441+0000] {processor.py:179} INFO - Processing /opt/airflow/dags/download_s3.py took 0.519 seconds
[2023-12-01T02:57:11.595+0000] {processor.py:157} INFO - Started process (PID=675) to work on /opt/airflow/dags/download_s3.py
[2023-12-01T02:57:11.609+0000] {processor.py:829} INFO - Processing file /opt/airflow/dags/download_s3.py for tasks to queue
[2023-12-01T02:57:11.610+0000] {logging_mixin.py:154} INFO - [2023-12-01T02:57:11.610+0000] {dagbag.py:536} INFO - Filling up the DagBag from /opt/airflow/dags/download_s3.py
[2023-12-01T02:57:11.626+0000] {processor.py:839} INFO - DAG(s) dict_keys(['download_s3']) retrieved from /opt/airflow/dags/download_s3.py
[2023-12-01T02:57:11.816+0000] {logging_mixin.py:154} INFO - [2023-12-01T02:57:11.815+0000] {dag.py:2941} INFO - Sync 1 DAGs
[2023-12-01T02:57:11.834+0000] {logging_mixin.py:154} INFO - [2023-12-01T02:57:11.833+0000] {dag.py:3722} INFO - Setting next_dagrun for download_s3 to None, run_after=None
[2023-12-01T02:57:11.861+0000] {processor.py:179} INFO - Processing /opt/airflow/dags/download_s3.py took 0.272 seconds
[2023-12-01T02:57:47.361+0000] {processor.py:157} INFO - Started process (PID=731) to work on /opt/airflow/dags/download_s3.py
[2023-12-01T02:57:47.437+0000] {processor.py:829} INFO - Processing file /opt/airflow/dags/download_s3.py for tasks to queue
[2023-12-01T02:57:47.438+0000] {logging_mixin.py:154} INFO - [2023-12-01T02:57:47.437+0000] {dagbag.py:536} INFO - Filling up the DagBag from /opt/airflow/dags/download_s3.py
[2023-12-01T02:57:47.487+0000] {processor.py:839} INFO - DAG(s) dict_keys(['download_s3']) retrieved from /opt/airflow/dags/download_s3.py
[2023-12-01T02:57:48.008+0000] {logging_mixin.py:154} INFO - [2023-12-01T02:57:48.008+0000] {dag.py:2941} INFO - Sync 1 DAGs
[2023-12-01T02:57:48.134+0000] {logging_mixin.py:154} INFO - [2023-12-01T02:57:48.133+0000] {dag.py:3722} INFO - Setting next_dagrun for download_s3 to None, run_after=None
[2023-12-01T02:57:48.793+0000] {processor.py:179} INFO - Processing /opt/airflow/dags/download_s3.py took 1.450 seconds
[2023-12-01T02:58:19.064+0000] {processor.py:157} INFO - Started process (PID=794) to work on /opt/airflow/dags/download_s3.py
[2023-12-01T02:58:19.090+0000] {processor.py:829} INFO - Processing file /opt/airflow/dags/download_s3.py for tasks to queue
[2023-12-01T02:58:19.092+0000] {logging_mixin.py:154} INFO - [2023-12-01T02:58:19.091+0000] {dagbag.py:536} INFO - Filling up the DagBag from /opt/airflow/dags/download_s3.py
[2023-12-01T02:58:19.097+0000] {processor.py:839} INFO - DAG(s) dict_keys(['download_s3']) retrieved from /opt/airflow/dags/download_s3.py
[2023-12-01T02:58:19.117+0000] {logging_mixin.py:154} INFO - [2023-12-01T02:58:19.117+0000] {dag.py:2941} INFO - Sync 1 DAGs
[2023-12-01T02:58:19.128+0000] {logging_mixin.py:154} INFO - [2023-12-01T02:58:19.128+0000] {dag.py:3722} INFO - Setting next_dagrun for download_s3 to None, run_after=None
[2023-12-01T02:58:19.147+0000] {processor.py:179} INFO - Processing /opt/airflow/dags/download_s3.py took 0.085 seconds
[2023-12-01T02:58:49.380+0000] {processor.py:157} INFO - Started process (PID=858) to work on /opt/airflow/dags/download_s3.py
[2023-12-01T02:58:49.410+0000] {processor.py:829} INFO - Processing file /opt/airflow/dags/download_s3.py for tasks to queue
[2023-12-01T02:58:49.418+0000] {logging_mixin.py:154} INFO - [2023-12-01T02:58:49.418+0000] {dagbag.py:536} INFO - Filling up the DagBag from /opt/airflow/dags/download_s3.py
[2023-12-01T02:58:49.435+0000] {processor.py:839} INFO - DAG(s) dict_keys(['download_s3']) retrieved from /opt/airflow/dags/download_s3.py
[2023-12-01T02:58:49.493+0000] {logging_mixin.py:154} INFO - [2023-12-01T02:58:49.493+0000] {dag.py:2941} INFO - Sync 1 DAGs
[2023-12-01T02:58:49.530+0000] {logging_mixin.py:154} INFO - [2023-12-01T02:58:49.529+0000] {dag.py:3722} INFO - Setting next_dagrun for download_s3 to None, run_after=None
[2023-12-01T02:58:49.812+0000] {processor.py:179} INFO - Processing /opt/airflow/dags/download_s3.py took 0.444 seconds
[2023-12-01T02:59:23.054+0000] {processor.py:157} INFO - Started process (PID=926) to work on /opt/airflow/dags/download_s3.py
[2023-12-01T02:59:23.117+0000] {processor.py:829} INFO - Processing file /opt/airflow/dags/download_s3.py for tasks to queue
[2023-12-01T02:59:23.122+0000] {logging_mixin.py:154} INFO - [2023-12-01T02:59:23.122+0000] {dagbag.py:536} INFO - Filling up the DagBag from /opt/airflow/dags/download_s3.py
[2023-12-01T02:59:23.205+0000] {processor.py:839} INFO - DAG(s) dict_keys(['download_s3']) retrieved from /opt/airflow/dags/download_s3.py
[2023-12-01T02:59:24.018+0000] {logging_mixin.py:154} INFO - [2023-12-01T02:59:24.018+0000] {dag.py:2941} INFO - Sync 1 DAGs
[2023-12-01T02:59:24.115+0000] {logging_mixin.py:154} INFO - [2023-12-01T02:59:24.099+0000] {dag.py:3722} INFO - Setting next_dagrun for download_s3 to None, run_after=None
[2023-12-01T02:59:24.601+0000] {processor.py:179} INFO - Processing /opt/airflow/dags/download_s3.py took 1.574 seconds
[2023-12-01T03:00:21.001+0000] {processor.py:157} INFO - Started process (PID=997) to work on /opt/airflow/dags/download_s3.py
[2023-12-01T03:00:21.026+0000] {processor.py:829} INFO - Processing file /opt/airflow/dags/download_s3.py for tasks to queue
[2023-12-01T03:00:21.027+0000] {logging_mixin.py:154} INFO - [2023-12-01T03:00:21.027+0000] {dagbag.py:536} INFO - Filling up the DagBag from /opt/airflow/dags/download_s3.py
[2023-12-01T03:00:21.062+0000] {processor.py:839} INFO - DAG(s) dict_keys(['download_s3']) retrieved from /opt/airflow/dags/download_s3.py
[2023-12-01T03:00:21.363+0000] {logging_mixin.py:154} INFO - [2023-12-01T03:00:21.362+0000] {dag.py:2941} INFO - Sync 1 DAGs
[2023-12-01T03:00:21.494+0000] {logging_mixin.py:154} INFO - [2023-12-01T03:00:21.494+0000] {dag.py:3722} INFO - Setting next_dagrun for download_s3 to None, run_after=None
[2023-12-01T03:00:21.817+0000] {processor.py:179} INFO - Processing /opt/airflow/dags/download_s3.py took 0.831 seconds
[2023-12-01T03:00:52.028+0000] {processor.py:157} INFO - Started process (PID=1061) to work on /opt/airflow/dags/download_s3.py
[2023-12-01T03:00:52.054+0000] {processor.py:829} INFO - Processing file /opt/airflow/dags/download_s3.py for tasks to queue
[2023-12-01T03:00:52.055+0000] {logging_mixin.py:154} INFO - [2023-12-01T03:00:52.055+0000] {dagbag.py:536} INFO - Filling up the DagBag from /opt/airflow/dags/download_s3.py
[2023-12-01T03:00:52.067+0000] {processor.py:839} INFO - DAG(s) dict_keys(['download_s3']) retrieved from /opt/airflow/dags/download_s3.py
[2023-12-01T03:00:52.374+0000] {logging_mixin.py:154} INFO - [2023-12-01T03:00:52.374+0000] {dag.py:2941} INFO - Sync 1 DAGs
[2023-12-01T03:00:52.396+0000] {logging_mixin.py:154} INFO - [2023-12-01T03:00:52.396+0000] {dag.py:3722} INFO - Setting next_dagrun for download_s3 to None, run_after=None
[2023-12-01T03:00:52.578+0000] {processor.py:179} INFO - Processing /opt/airflow/dags/download_s3.py took 0.555 seconds
[2023-12-01T03:01:25.729+0000] {processor.py:157} INFO - Started process (PID=1122) to work on /opt/airflow/dags/download_s3.py
[2023-12-01T03:01:25.750+0000] {processor.py:829} INFO - Processing file /opt/airflow/dags/download_s3.py for tasks to queue
[2023-12-01T03:01:25.751+0000] {logging_mixin.py:154} INFO - [2023-12-01T03:01:25.750+0000] {dagbag.py:536} INFO - Filling up the DagBag from /opt/airflow/dags/download_s3.py
[2023-12-01T03:01:25.773+0000] {processor.py:839} INFO - DAG(s) dict_keys(['download_s3']) retrieved from /opt/airflow/dags/download_s3.py
[2023-12-01T03:01:25.846+0000] {logging_mixin.py:154} INFO - [2023-12-01T03:01:25.846+0000] {dag.py:2941} INFO - Sync 1 DAGs
[2023-12-01T03:01:25.863+0000] {logging_mixin.py:154} INFO - [2023-12-01T03:01:25.863+0000] {dag.py:3722} INFO - Setting next_dagrun for download_s3 to None, run_after=None
[2023-12-01T03:01:25.892+0000] {processor.py:179} INFO - Processing /opt/airflow/dags/download_s3.py took 0.184 seconds
[2023-12-01T03:02:07.766+0000] {processor.py:157} INFO - Started process (PID=1183) to work on /opt/airflow/dags/download_s3.py
[2023-12-01T03:02:07.787+0000] {processor.py:829} INFO - Processing file /opt/airflow/dags/download_s3.py for tasks to queue
[2023-12-01T03:02:07.791+0000] {logging_mixin.py:154} INFO - [2023-12-01T03:02:07.788+0000] {dagbag.py:536} INFO - Filling up the DagBag from /opt/airflow/dags/download_s3.py
[2023-12-01T03:02:07.831+0000] {processor.py:839} INFO - DAG(s) dict_keys(['download_s3']) retrieved from /opt/airflow/dags/download_s3.py
[2023-12-01T03:02:08.194+0000] {logging_mixin.py:154} INFO - [2023-12-01T03:02:08.193+0000] {dag.py:2941} INFO - Sync 1 DAGs
[2023-12-01T03:02:08.222+0000] {logging_mixin.py:154} INFO - [2023-12-01T03:02:08.222+0000] {dag.py:3722} INFO - Setting next_dagrun for download_s3 to None, run_after=None
[2023-12-01T03:02:08.417+0000] {processor.py:179} INFO - Processing /opt/airflow/dags/download_s3.py took 0.665 seconds
[2023-12-01T03:02:53.731+0000] {processor.py:157} INFO - Started process (PID=1237) to work on /opt/airflow/dags/download_s3.py
[2023-12-01T03:02:53.824+0000] {processor.py:829} INFO - Processing file /opt/airflow/dags/download_s3.py for tasks to queue
[2023-12-01T03:02:53.834+0000] {logging_mixin.py:154} INFO - [2023-12-01T03:02:53.833+0000] {dagbag.py:536} INFO - Filling up the DagBag from /opt/airflow/dags/download_s3.py
[2023-12-01T03:02:53.885+0000] {processor.py:839} INFO - DAG(s) dict_keys(['download_s3']) retrieved from /opt/airflow/dags/download_s3.py
[2023-12-01T03:02:54.614+0000] {logging_mixin.py:154} INFO - [2023-12-01T03:02:54.610+0000] {dag.py:2941} INFO - Sync 1 DAGs
[2023-12-01T03:02:54.725+0000] {logging_mixin.py:154} INFO - [2023-12-01T03:02:54.725+0000] {dag.py:3722} INFO - Setting next_dagrun for download_s3 to None, run_after=None
[2023-12-01T03:02:55.775+0000] {processor.py:179} INFO - Processing /opt/airflow/dags/download_s3.py took 2.051 seconds
[2023-12-01T03:03:43.479+0000] {processor.py:157} INFO - Started process (PID=1277) to work on /opt/airflow/dags/download_s3.py
[2023-12-01T03:03:43.510+0000] {processor.py:829} INFO - Processing file /opt/airflow/dags/download_s3.py for tasks to queue
[2023-12-01T03:03:43.518+0000] {logging_mixin.py:154} INFO - [2023-12-01T03:03:43.518+0000] {dagbag.py:536} INFO - Filling up the DagBag from /opt/airflow/dags/download_s3.py
[2023-12-01T03:03:43.604+0000] {processor.py:839} INFO - DAG(s) dict_keys(['download_s3']) retrieved from /opt/airflow/dags/download_s3.py
[2023-12-01T03:03:43.838+0000] {logging_mixin.py:154} INFO - [2023-12-01T03:03:43.837+0000] {dag.py:2941} INFO - Sync 1 DAGs
[2023-12-01T03:03:44.223+0000] {logging_mixin.py:154} INFO - [2023-12-01T03:03:44.210+0000] {dag.py:3722} INFO - Setting next_dagrun for download_s3 to None, run_after=None
[2023-12-01T03:03:44.741+0000] {processor.py:179} INFO - Processing /opt/airflow/dags/download_s3.py took 1.331 seconds
