[2023-11-29T16:30:55.501+0000] {processor.py:157} INFO - Started process (PID=20058) to work on /opt/airflow/dags/hook.py
[2023-11-29T16:30:55.502+0000] {processor.py:829} INFO - Processing file /opt/airflow/dags/hook.py for tasks to queue
[2023-11-29T16:30:55.503+0000] {logging_mixin.py:154} INFO - [2023-11-29T16:30:55.503+0000] {dagbag.py:536} INFO - Filling up the DagBag from /opt/airflow/dags/hook.py
[2023-11-29T16:30:55.590+0000] {processor.py:839} INFO - DAG(s) dict_keys(['s3_upload_dag_20']) retrieved from /opt/airflow/dags/hook.py
[2023-11-29T16:30:57.152+0000] {logging_mixin.py:154} INFO - [2023-11-29T16:30:57.152+0000] {manager.py:499} INFO - Created Permission View: %s
[2023-11-29T16:30:57.326+0000] {logging_mixin.py:154} INFO - [2023-11-29T16:30:57.326+0000] {manager.py:499} INFO - Created Permission View: %s
[2023-11-29T16:30:57.610+0000] {logging_mixin.py:154} INFO - [2023-11-29T16:30:57.580+0000] {manager.py:499} INFO - Created Permission View: %s
[2023-11-29T16:30:57.619+0000] {logging_mixin.py:154} INFO - [2023-11-29T16:30:57.619+0000] {dag.py:2941} INFO - Sync 1 DAGs
[2023-11-29T16:30:57.868+0000] {logging_mixin.py:154} INFO - [2023-11-29T16:30:57.867+0000] {dag.py:2963} INFO - Creating ORM DAG for s3_upload_dag_20
[2023-11-29T16:30:57.868+0000] {logging_mixin.py:154} INFO - [2023-11-29T16:30:57.868+0000] {dag.py:3722} INFO - Setting next_dagrun for s3_upload_dag_20 to None, run_after=None
[2023-11-29T16:30:58.380+0000] {processor.py:179} INFO - Processing /opt/airflow/dags/hook.py took 2.887 seconds
[2023-11-29T16:31:29.014+0000] {processor.py:157} INFO - Started process (PID=20126) to work on /opt/airflow/dags/hook.py
[2023-11-29T16:31:29.015+0000] {processor.py:829} INFO - Processing file /opt/airflow/dags/hook.py for tasks to queue
[2023-11-29T16:31:29.016+0000] {logging_mixin.py:154} INFO - [2023-11-29T16:31:29.016+0000] {dagbag.py:536} INFO - Filling up the DagBag from /opt/airflow/dags/hook.py
[2023-11-29T16:31:29.027+0000] {processor.py:839} INFO - DAG(s) dict_keys(['s3_upload_dag_20']) retrieved from /opt/airflow/dags/hook.py
[2023-11-29T16:31:29.086+0000] {logging_mixin.py:154} INFO - [2023-11-29T16:31:29.085+0000] {dag.py:2941} INFO - Sync 1 DAGs
[2023-11-29T16:31:29.108+0000] {logging_mixin.py:154} INFO - [2023-11-29T16:31:29.107+0000] {dag.py:3722} INFO - Setting next_dagrun for s3_upload_dag_20 to None, run_after=None
[2023-11-29T16:31:29.230+0000] {processor.py:179} INFO - Processing /opt/airflow/dags/hook.py took 0.220 seconds
[2023-11-29T16:31:59.741+0000] {processor.py:157} INFO - Started process (PID=20173) to work on /opt/airflow/dags/hook.py
[2023-11-29T16:31:59.759+0000] {processor.py:829} INFO - Processing file /opt/airflow/dags/hook.py for tasks to queue
[2023-11-29T16:31:59.760+0000] {logging_mixin.py:154} INFO - [2023-11-29T16:31:59.759+0000] {dagbag.py:536} INFO - Filling up the DagBag from /opt/airflow/dags/hook.py
[2023-11-29T16:31:59.801+0000] {processor.py:839} INFO - DAG(s) dict_keys(['s3_upload_dag_20']) retrieved from /opt/airflow/dags/hook.py
[2023-11-29T16:32:00.237+0000] {logging_mixin.py:154} INFO - [2023-11-29T16:32:00.236+0000] {dag.py:2941} INFO - Sync 1 DAGs
[2023-11-29T16:32:00.295+0000] {logging_mixin.py:154} INFO - [2023-11-29T16:32:00.295+0000] {dag.py:3722} INFO - Setting next_dagrun for s3_upload_dag_20 to None, run_after=None
[2023-11-29T16:32:01.175+0000] {processor.py:179} INFO - Processing /opt/airflow/dags/hook.py took 1.451 seconds
[2023-11-29T16:32:32.419+0000] {processor.py:157} INFO - Started process (PID=20222) to work on /opt/airflow/dags/hook.py
[2023-11-29T16:32:32.430+0000] {processor.py:829} INFO - Processing file /opt/airflow/dags/hook.py for tasks to queue
[2023-11-29T16:32:32.438+0000] {logging_mixin.py:154} INFO - [2023-11-29T16:32:32.438+0000] {dagbag.py:536} INFO - Filling up the DagBag from /opt/airflow/dags/hook.py
[2023-11-29T16:32:32.470+0000] {processor.py:839} INFO - DAG(s) dict_keys(['s3_upload_dag_20']) retrieved from /opt/airflow/dags/hook.py
[2023-11-29T16:32:33.336+0000] {logging_mixin.py:154} INFO - [2023-11-29T16:32:33.335+0000] {dag.py:2941} INFO - Sync 1 DAGs
[2023-11-29T16:32:33.697+0000] {logging_mixin.py:154} INFO - [2023-11-29T16:32:33.697+0000] {dag.py:3722} INFO - Setting next_dagrun for s3_upload_dag_20 to None, run_after=None
[2023-11-29T16:32:34.190+0000] {processor.py:179} INFO - Processing /opt/airflow/dags/hook.py took 1.780 seconds
[2023-11-29T16:33:09.940+0000] {processor.py:157} INFO - Started process (PID=20284) to work on /opt/airflow/dags/hook.py
[2023-11-29T16:33:09.961+0000] {processor.py:829} INFO - Processing file /opt/airflow/dags/hook.py for tasks to queue
[2023-11-29T16:33:09.976+0000] {logging_mixin.py:154} INFO - [2023-11-29T16:33:09.975+0000] {dagbag.py:536} INFO - Filling up the DagBag from /opt/airflow/dags/hook.py
[2023-11-29T16:33:10.031+0000] {processor.py:839} INFO - DAG(s) dict_keys(['s3_upload_dag_20']) retrieved from /opt/airflow/dags/hook.py
[2023-11-29T16:33:10.242+0000] {logging_mixin.py:154} INFO - [2023-11-29T16:33:10.242+0000] {dag.py:2941} INFO - Sync 1 DAGs
[2023-11-29T16:33:10.452+0000] {logging_mixin.py:154} INFO - [2023-11-29T16:33:10.452+0000] {dag.py:3722} INFO - Setting next_dagrun for s3_upload_dag_20 to None, run_after=None
[2023-11-29T16:33:10.572+0000] {processor.py:179} INFO - Processing /opt/airflow/dags/hook.py took 0.644 seconds
[2023-11-29T16:33:49.418+0000] {processor.py:157} INFO - Started process (PID=20338) to work on /opt/airflow/dags/hook.py
[2023-11-29T16:33:49.462+0000] {processor.py:829} INFO - Processing file /opt/airflow/dags/hook.py for tasks to queue
[2023-11-29T16:33:49.463+0000] {logging_mixin.py:154} INFO - [2023-11-29T16:33:49.462+0000] {dagbag.py:536} INFO - Filling up the DagBag from /opt/airflow/dags/hook.py
[2023-11-29T16:33:49.543+0000] {processor.py:839} INFO - DAG(s) dict_keys(['s3_upload_dag_20']) retrieved from /opt/airflow/dags/hook.py
[2023-11-29T16:33:49.813+0000] {logging_mixin.py:154} INFO - [2023-11-29T16:33:49.813+0000] {dag.py:2941} INFO - Sync 1 DAGs
[2023-11-29T16:33:49.881+0000] {logging_mixin.py:154} INFO - [2023-11-29T16:33:49.881+0000] {dag.py:3722} INFO - Setting next_dagrun for s3_upload_dag_20 to None, run_after=None
[2023-11-29T16:33:50.001+0000] {processor.py:179} INFO - Processing /opt/airflow/dags/hook.py took 0.628 seconds
[2023-11-29T16:34:20.944+0000] {processor.py:157} INFO - Started process (PID=20388) to work on /opt/airflow/dags/hook.py
[2023-11-29T16:34:21.010+0000] {processor.py:829} INFO - Processing file /opt/airflow/dags/hook.py for tasks to queue
[2023-11-29T16:34:21.011+0000] {logging_mixin.py:154} INFO - [2023-11-29T16:34:21.011+0000] {dagbag.py:536} INFO - Filling up the DagBag from /opt/airflow/dags/hook.py
[2023-11-29T16:34:21.054+0000] {processor.py:839} INFO - DAG(s) dict_keys(['s3_upload_dag_20']) retrieved from /opt/airflow/dags/hook.py
[2023-11-29T16:34:21.646+0000] {logging_mixin.py:154} INFO - [2023-11-29T16:34:21.645+0000] {dag.py:2941} INFO - Sync 1 DAGs
[2023-11-29T16:34:21.720+0000] {logging_mixin.py:154} INFO - [2023-11-29T16:34:21.719+0000] {dag.py:3722} INFO - Setting next_dagrun for s3_upload_dag_20 to None, run_after=None
[2023-11-29T16:34:22.506+0000] {processor.py:179} INFO - Processing /opt/airflow/dags/hook.py took 1.570 seconds
[2023-11-29T16:35:04.172+0000] {processor.py:157} INFO - Started process (PID=20453) to work on /opt/airflow/dags/hook.py
[2023-11-29T16:35:04.208+0000] {processor.py:829} INFO - Processing file /opt/airflow/dags/hook.py for tasks to queue
[2023-11-29T16:35:04.213+0000] {logging_mixin.py:154} INFO - [2023-11-29T16:35:04.212+0000] {dagbag.py:536} INFO - Filling up the DagBag from /opt/airflow/dags/hook.py
[2023-11-29T16:35:04.243+0000] {processor.py:839} INFO - DAG(s) dict_keys(['s3_upload_dag_20']) retrieved from /opt/airflow/dags/hook.py
[2023-11-29T16:35:04.635+0000] {logging_mixin.py:154} INFO - [2023-11-29T16:35:04.635+0000] {dag.py:2941} INFO - Sync 1 DAGs
[2023-11-29T16:35:04.741+0000] {logging_mixin.py:154} INFO - [2023-11-29T16:35:04.741+0000] {dag.py:3722} INFO - Setting next_dagrun for s3_upload_dag_20 to None, run_after=None
[2023-11-29T16:35:05.210+0000] {processor.py:179} INFO - Processing /opt/airflow/dags/hook.py took 1.051 seconds
[2023-11-29T16:35:36.257+0000] {processor.py:157} INFO - Started process (PID=20498) to work on /opt/airflow/dags/hook.py
[2023-11-29T16:35:36.278+0000] {processor.py:829} INFO - Processing file /opt/airflow/dags/hook.py for tasks to queue
[2023-11-29T16:35:36.279+0000] {logging_mixin.py:154} INFO - [2023-11-29T16:35:36.278+0000] {dagbag.py:536} INFO - Filling up the DagBag from /opt/airflow/dags/hook.py
[2023-11-29T16:35:36.315+0000] {processor.py:839} INFO - DAG(s) dict_keys(['s3_upload_dag_20']) retrieved from /opt/airflow/dags/hook.py
[2023-11-29T16:35:36.882+0000] {logging_mixin.py:154} INFO - [2023-11-29T16:35:36.881+0000] {dag.py:2941} INFO - Sync 1 DAGs
[2023-11-29T16:35:36.928+0000] {logging_mixin.py:154} INFO - [2023-11-29T16:35:36.925+0000] {dag.py:3722} INFO - Setting next_dagrun for s3_upload_dag_20 to None, run_after=None
[2023-11-29T16:35:37.357+0000] {processor.py:179} INFO - Processing /opt/airflow/dags/hook.py took 1.136 seconds
[2023-11-29T16:36:24.036+0000] {processor.py:157} INFO - Started process (PID=20560) to work on /opt/airflow/dags/hook.py
[2023-11-29T16:36:24.080+0000] {processor.py:829} INFO - Processing file /opt/airflow/dags/hook.py for tasks to queue
[2023-11-29T16:36:24.081+0000] {logging_mixin.py:154} INFO - [2023-11-29T16:36:24.081+0000] {dagbag.py:536} INFO - Filling up the DagBag from /opt/airflow/dags/hook.py
[2023-11-29T16:36:24.211+0000] {processor.py:839} INFO - DAG(s) dict_keys(['s3_upload_dag_20']) retrieved from /opt/airflow/dags/hook.py
[2023-11-29T16:36:24.712+0000] {logging_mixin.py:154} INFO - [2023-11-29T16:36:24.711+0000] {dag.py:2941} INFO - Sync 1 DAGs
[2023-11-29T16:36:24.775+0000] {logging_mixin.py:154} INFO - [2023-11-29T16:36:24.775+0000] {dag.py:3722} INFO - Setting next_dagrun for s3_upload_dag_20 to None, run_after=None
[2023-11-29T16:36:25.335+0000] {processor.py:179} INFO - Processing /opt/airflow/dags/hook.py took 1.308 seconds
[2023-11-29T16:37:15.292+0000] {processor.py:157} INFO - Started process (PID=20619) to work on /opt/airflow/dags/hook.py
[2023-11-29T16:37:15.351+0000] {processor.py:829} INFO - Processing file /opt/airflow/dags/hook.py for tasks to queue
[2023-11-29T16:37:15.352+0000] {logging_mixin.py:154} INFO - [2023-11-29T16:37:15.351+0000] {dagbag.py:536} INFO - Filling up the DagBag from /opt/airflow/dags/hook.py
[2023-11-29T16:37:15.417+0000] {processor.py:839} INFO - DAG(s) dict_keys(['s3_upload_dag_20']) retrieved from /opt/airflow/dags/hook.py
[2023-11-29T16:37:15.753+0000] {logging_mixin.py:154} INFO - [2023-11-29T16:37:15.752+0000] {dag.py:2941} INFO - Sync 1 DAGs
[2023-11-29T16:37:15.824+0000] {logging_mixin.py:154} INFO - [2023-11-29T16:37:15.824+0000] {dag.py:3722} INFO - Setting next_dagrun for s3_upload_dag_20 to None, run_after=None
[2023-11-29T16:37:16.280+0000] {processor.py:179} INFO - Processing /opt/airflow/dags/hook.py took 1.034 seconds
[2023-11-29T16:37:56.852+0000] {processor.py:157} INFO - Started process (PID=20660) to work on /opt/airflow/dags/hook.py
[2023-11-29T16:37:56.876+0000] {processor.py:829} INFO - Processing file /opt/airflow/dags/hook.py for tasks to queue
[2023-11-29T16:37:56.880+0000] {logging_mixin.py:154} INFO - [2023-11-29T16:37:56.877+0000] {dagbag.py:536} INFO - Filling up the DagBag from /opt/airflow/dags/hook.py
[2023-11-29T16:37:56.902+0000] {processor.py:839} INFO - DAG(s) dict_keys(['s3_upload_dag_20']) retrieved from /opt/airflow/dags/hook.py
[2023-11-29T16:37:57.142+0000] {logging_mixin.py:154} INFO - [2023-11-29T16:37:57.142+0000] {dag.py:2941} INFO - Sync 1 DAGs
[2023-11-29T16:37:57.228+0000] {logging_mixin.py:154} INFO - [2023-11-29T16:37:57.228+0000] {dag.py:3722} INFO - Setting next_dagrun for s3_upload_dag_20 to None, run_after=None
[2023-11-29T16:37:57.578+0000] {processor.py:179} INFO - Processing /opt/airflow/dags/hook.py took 0.742 seconds
[2023-11-29T16:38:42.148+0000] {processor.py:157} INFO - Started process (PID=20731) to work on /opt/airflow/dags/hook.py
[2023-11-29T16:38:42.209+0000] {processor.py:829} INFO - Processing file /opt/airflow/dags/hook.py for tasks to queue
[2023-11-29T16:38:42.249+0000] {logging_mixin.py:154} INFO - [2023-11-29T16:38:42.248+0000] {dagbag.py:536} INFO - Filling up the DagBag from /opt/airflow/dags/hook.py
[2023-11-29T16:38:42.281+0000] {processor.py:839} INFO - DAG(s) dict_keys(['s3_upload_dag_20']) retrieved from /opt/airflow/dags/hook.py
[2023-11-29T16:38:42.717+0000] {logging_mixin.py:154} INFO - [2023-11-29T16:38:42.716+0000] {dag.py:2941} INFO - Sync 1 DAGs
[2023-11-29T16:38:42.920+0000] {logging_mixin.py:154} INFO - [2023-11-29T16:38:42.919+0000] {dag.py:3722} INFO - Setting next_dagrun for s3_upload_dag_20 to None, run_after=None
[2023-11-29T16:38:43.067+0000] {processor.py:179} INFO - Processing /opt/airflow/dags/hook.py took 0.927 seconds
[2023-11-29T16:39:16.583+0000] {processor.py:157} INFO - Started process (PID=20782) to work on /opt/airflow/dags/hook.py
[2023-11-29T16:39:16.614+0000] {processor.py:829} INFO - Processing file /opt/airflow/dags/hook.py for tasks to queue
[2023-11-29T16:39:16.617+0000] {logging_mixin.py:154} INFO - [2023-11-29T16:39:16.617+0000] {dagbag.py:536} INFO - Filling up the DagBag from /opt/airflow/dags/hook.py
[2023-11-29T16:39:16.634+0000] {processor.py:839} INFO - DAG(s) dict_keys(['s3_upload_dag_20']) retrieved from /opt/airflow/dags/hook.py
[2023-11-29T16:39:16.757+0000] {logging_mixin.py:154} INFO - [2023-11-29T16:39:16.757+0000] {dag.py:2941} INFO - Sync 1 DAGs
[2023-11-29T16:39:16.800+0000] {logging_mixin.py:154} INFO - [2023-11-29T16:39:16.799+0000] {dag.py:3722} INFO - Setting next_dagrun for s3_upload_dag_20 to None, run_after=None
[2023-11-29T16:39:17.032+0000] {processor.py:179} INFO - Processing /opt/airflow/dags/hook.py took 0.461 seconds
[2023-11-29T16:40:10.856+0000] {processor.py:157} INFO - Started process (PID=20848) to work on /opt/airflow/dags/hook.py
[2023-11-29T16:40:10.923+0000] {processor.py:829} INFO - Processing file /opt/airflow/dags/hook.py for tasks to queue
[2023-11-29T16:40:10.924+0000] {logging_mixin.py:154} INFO - [2023-11-29T16:40:10.924+0000] {dagbag.py:536} INFO - Filling up the DagBag from /opt/airflow/dags/hook.py
[2023-11-29T16:40:10.995+0000] {processor.py:839} INFO - DAG(s) dict_keys(['s3_upload_dag_20']) retrieved from /opt/airflow/dags/hook.py
[2023-11-29T16:40:12.020+0000] {logging_mixin.py:154} INFO - [2023-11-29T16:40:12.020+0000] {dag.py:2941} INFO - Sync 1 DAGs
[2023-11-29T16:40:12.148+0000] {logging_mixin.py:154} INFO - [2023-11-29T16:40:12.148+0000] {dag.py:3722} INFO - Setting next_dagrun for s3_upload_dag_20 to None, run_after=None
[2023-11-29T16:40:12.410+0000] {processor.py:179} INFO - Processing /opt/airflow/dags/hook.py took 1.612 seconds
[2023-11-29T16:41:03.578+0000] {processor.py:157} INFO - Started process (PID=20921) to work on /opt/airflow/dags/hook.py
[2023-11-29T16:41:03.651+0000] {processor.py:829} INFO - Processing file /opt/airflow/dags/hook.py for tasks to queue
[2023-11-29T16:41:03.653+0000] {logging_mixin.py:154} INFO - [2023-11-29T16:41:03.652+0000] {dagbag.py:536} INFO - Filling up the DagBag from /opt/airflow/dags/hook.py
[2023-11-29T16:41:03.749+0000] {processor.py:839} INFO - DAG(s) dict_keys(['s3_upload_dag_20']) retrieved from /opt/airflow/dags/hook.py
[2023-11-29T16:41:04.344+0000] {logging_mixin.py:154} INFO - [2023-11-29T16:41:04.344+0000] {dag.py:2941} INFO - Sync 1 DAGs
[2023-11-29T16:41:04.466+0000] {logging_mixin.py:154} INFO - [2023-11-29T16:41:04.466+0000] {dag.py:3722} INFO - Setting next_dagrun for s3_upload_dag_20 to None, run_after=None
[2023-11-29T16:41:05.186+0000] {processor.py:179} INFO - Processing /opt/airflow/dags/hook.py took 1.639 seconds
[2023-11-29T16:41:37.518+0000] {processor.py:157} INFO - Started process (PID=20985) to work on /opt/airflow/dags/hook.py
[2023-11-29T16:41:37.520+0000] {processor.py:829} INFO - Processing file /opt/airflow/dags/hook.py for tasks to queue
[2023-11-29T16:41:37.523+0000] {logging_mixin.py:154} INFO - [2023-11-29T16:41:37.523+0000] {dagbag.py:536} INFO - Filling up the DagBag from /opt/airflow/dags/hook.py
[2023-11-29T16:41:37.535+0000] {processor.py:839} INFO - DAG(s) dict_keys(['s3_upload_dag_20']) retrieved from /opt/airflow/dags/hook.py
[2023-11-29T16:41:37.575+0000] {logging_mixin.py:154} INFO - [2023-11-29T16:41:37.575+0000] {dag.py:2941} INFO - Sync 1 DAGs
[2023-11-29T16:41:37.599+0000] {logging_mixin.py:154} INFO - [2023-11-29T16:41:37.599+0000] {dag.py:3722} INFO - Setting next_dagrun for s3_upload_dag_20 to None, run_after=None
[2023-11-29T16:41:37.716+0000] {processor.py:179} INFO - Processing /opt/airflow/dags/hook.py took 0.205 seconds
[2023-11-29T16:42:19.220+0000] {processor.py:157} INFO - Started process (PID=21038) to work on /opt/airflow/dags/hook.py
[2023-11-29T16:42:19.227+0000] {processor.py:829} INFO - Processing file /opt/airflow/dags/hook.py for tasks to queue
[2023-11-29T16:42:19.229+0000] {logging_mixin.py:154} INFO - [2023-11-29T16:42:19.228+0000] {dagbag.py:536} INFO - Filling up the DagBag from /opt/airflow/dags/hook.py
[2023-11-29T16:42:19.277+0000] {processor.py:839} INFO - DAG(s) dict_keys(['s3_upload_dag_20']) retrieved from /opt/airflow/dags/hook.py
[2023-11-29T16:42:19.683+0000] {logging_mixin.py:154} INFO - [2023-11-29T16:42:19.682+0000] {dag.py:2941} INFO - Sync 1 DAGs
[2023-11-29T16:42:19.781+0000] {logging_mixin.py:154} INFO - [2023-11-29T16:42:19.780+0000] {dag.py:3722} INFO - Setting next_dagrun for s3_upload_dag_20 to None, run_after=None
[2023-11-29T16:42:20.341+0000] {processor.py:179} INFO - Processing /opt/airflow/dags/hook.py took 1.156 seconds
[2023-11-29T16:43:00.308+0000] {processor.py:157} INFO - Started process (PID=21099) to work on /opt/airflow/dags/hook.py
[2023-11-29T16:43:00.324+0000] {processor.py:829} INFO - Processing file /opt/airflow/dags/hook.py for tasks to queue
[2023-11-29T16:43:00.328+0000] {logging_mixin.py:154} INFO - [2023-11-29T16:43:00.325+0000] {dagbag.py:536} INFO - Filling up the DagBag from /opt/airflow/dags/hook.py
[2023-11-29T16:43:00.356+0000] {processor.py:839} INFO - DAG(s) dict_keys(['s3_upload_dag_20']) retrieved from /opt/airflow/dags/hook.py
[2023-11-29T16:43:00.945+0000] {logging_mixin.py:154} INFO - [2023-11-29T16:43:00.944+0000] {dag.py:2941} INFO - Sync 1 DAGs
[2023-11-29T16:43:00.972+0000] {logging_mixin.py:154} INFO - [2023-11-29T16:43:00.968+0000] {dag.py:3722} INFO - Setting next_dagrun for s3_upload_dag_20 to None, run_after=None
[2023-11-29T16:43:01.249+0000] {processor.py:179} INFO - Processing /opt/airflow/dags/hook.py took 0.956 seconds
[2023-11-29T16:43:43.207+0000] {processor.py:157} INFO - Started process (PID=21163) to work on /opt/airflow/dags/hook.py
[2023-11-29T16:43:43.230+0000] {processor.py:829} INFO - Processing file /opt/airflow/dags/hook.py for tasks to queue
[2023-11-29T16:43:43.231+0000] {logging_mixin.py:154} INFO - [2023-11-29T16:43:43.231+0000] {dagbag.py:536} INFO - Filling up the DagBag from /opt/airflow/dags/hook.py
[2023-11-29T16:43:43.277+0000] {processor.py:839} INFO - DAG(s) dict_keys(['s3_upload_dag_20']) retrieved from /opt/airflow/dags/hook.py
[2023-11-29T16:43:43.958+0000] {logging_mixin.py:154} INFO - [2023-11-29T16:43:43.958+0000] {dag.py:2941} INFO - Sync 1 DAGs
[2023-11-29T16:43:44.367+0000] {logging_mixin.py:154} INFO - [2023-11-29T16:43:44.367+0000] {dag.py:3722} INFO - Setting next_dagrun for s3_upload_dag_20 to None, run_after=None
[2023-11-29T16:43:45.141+0000] {processor.py:179} INFO - Processing /opt/airflow/dags/hook.py took 1.946 seconds
[2023-11-29T16:44:30.895+0000] {processor.py:157} INFO - Started process (PID=21233) to work on /opt/airflow/dags/hook.py
[2023-11-29T16:44:30.900+0000] {processor.py:829} INFO - Processing file /opt/airflow/dags/hook.py for tasks to queue
[2023-11-29T16:44:30.902+0000] {logging_mixin.py:154} INFO - [2023-11-29T16:44:30.901+0000] {dagbag.py:536} INFO - Filling up the DagBag from /opt/airflow/dags/hook.py
[2023-11-29T16:44:30.912+0000] {processor.py:839} INFO - DAG(s) dict_keys(['s3_upload_dag_20']) retrieved from /opt/airflow/dags/hook.py
[2023-11-29T16:44:30.944+0000] {logging_mixin.py:154} INFO - [2023-11-29T16:44:30.944+0000] {dag.py:2941} INFO - Sync 1 DAGs
[2023-11-29T16:44:30.962+0000] {logging_mixin.py:154} INFO - [2023-11-29T16:44:30.961+0000] {dag.py:3722} INFO - Setting next_dagrun for s3_upload_dag_20 to None, run_after=None
[2023-11-29T16:44:30.989+0000] {processor.py:179} INFO - Processing /opt/airflow/dags/hook.py took 0.097 seconds
[2023-11-29T16:45:01.997+0000] {processor.py:157} INFO - Started process (PID=21298) to work on /opt/airflow/dags/hook.py
[2023-11-29T16:45:02.035+0000] {processor.py:829} INFO - Processing file /opt/airflow/dags/hook.py for tasks to queue
[2023-11-29T16:45:02.069+0000] {logging_mixin.py:154} INFO - [2023-11-29T16:45:02.068+0000] {dagbag.py:536} INFO - Filling up the DagBag from /opt/airflow/dags/hook.py
[2023-11-29T16:45:02.089+0000] {processor.py:839} INFO - DAG(s) dict_keys(['s3_upload_dag_20']) retrieved from /opt/airflow/dags/hook.py
[2023-11-29T16:45:02.615+0000] {logging_mixin.py:154} INFO - [2023-11-29T16:45:02.615+0000] {dag.py:2941} INFO - Sync 1 DAGs
[2023-11-29T16:45:02.746+0000] {logging_mixin.py:154} INFO - [2023-11-29T16:45:02.746+0000] {dag.py:3722} INFO - Setting next_dagrun for s3_upload_dag_20 to None, run_after=None
[2023-11-29T16:45:03.063+0000] {processor.py:179} INFO - Processing /opt/airflow/dags/hook.py took 1.074 seconds
[2023-11-29T16:45:22.503+0000] {processor.py:157} INFO - Started process (PID=21327) to work on /opt/airflow/dags/hook.py
[2023-11-29T16:45:22.506+0000] {processor.py:829} INFO - Processing file /opt/airflow/dags/hook.py for tasks to queue
[2023-11-29T16:45:22.507+0000] {logging_mixin.py:154} INFO - [2023-11-29T16:45:22.506+0000] {dagbag.py:536} INFO - Filling up the DagBag from /opt/airflow/dags/hook.py
[2023-11-29T16:45:22.569+0000] {processor.py:839} INFO - DAG(s) dict_keys(['s3_upload_2']) retrieved from /opt/airflow/dags/hook.py
[2023-11-29T16:45:23.544+0000] {logging_mixin.py:154} INFO - [2023-11-29T16:45:23.544+0000] {manager.py:499} INFO - Created Permission View: %s
[2023-11-29T16:45:23.683+0000] {logging_mixin.py:154} INFO - [2023-11-29T16:45:23.680+0000] {manager.py:499} INFO - Created Permission View: %s
[2023-11-29T16:45:23.871+0000] {logging_mixin.py:154} INFO - [2023-11-29T16:45:23.871+0000] {manager.py:499} INFO - Created Permission View: %s
[2023-11-29T16:45:23.871+0000] {logging_mixin.py:154} INFO - [2023-11-29T16:45:23.871+0000] {dag.py:2941} INFO - Sync 1 DAGs
[2023-11-29T16:45:23.945+0000] {logging_mixin.py:154} INFO - [2023-11-29T16:45:23.944+0000] {dag.py:2963} INFO - Creating ORM DAG for s3_upload_2
[2023-11-29T16:45:23.945+0000] {logging_mixin.py:154} INFO - [2023-11-29T16:45:23.945+0000] {dag.py:3722} INFO - Setting next_dagrun for s3_upload_2 to None, run_after=None
[2023-11-29T16:45:24.069+0000] {processor.py:179} INFO - Processing /opt/airflow/dags/hook.py took 1.579 seconds
[2023-11-29T16:46:03.954+0000] {processor.py:157} INFO - Started process (PID=21386) to work on /opt/airflow/dags/hook.py
[2023-11-29T16:46:03.958+0000] {processor.py:829} INFO - Processing file /opt/airflow/dags/hook.py for tasks to queue
[2023-11-29T16:46:03.960+0000] {logging_mixin.py:154} INFO - [2023-11-29T16:46:03.959+0000] {dagbag.py:536} INFO - Filling up the DagBag from /opt/airflow/dags/hook.py
[2023-11-29T16:46:03.995+0000] {processor.py:839} INFO - DAG(s) dict_keys(['s3_upload_2']) retrieved from /opt/airflow/dags/hook.py
[2023-11-29T16:46:04.325+0000] {logging_mixin.py:154} INFO - [2023-11-29T16:46:04.324+0000] {dag.py:2941} INFO - Sync 1 DAGs
[2023-11-29T16:46:04.395+0000] {logging_mixin.py:154} INFO - [2023-11-29T16:46:04.395+0000] {dag.py:3722} INFO - Setting next_dagrun for s3_upload_2 to None, run_after=None
[2023-11-29T16:46:04.711+0000] {processor.py:179} INFO - Processing /opt/airflow/dags/hook.py took 0.763 seconds
[2023-11-29T16:46:40.293+0000] {processor.py:157} INFO - Started process (PID=21438) to work on /opt/airflow/dags/hook.py
[2023-11-29T16:46:40.486+0000] {processor.py:829} INFO - Processing file /opt/airflow/dags/hook.py for tasks to queue
[2023-11-29T16:46:40.535+0000] {logging_mixin.py:154} INFO - [2023-11-29T16:46:40.522+0000] {dagbag.py:536} INFO - Filling up the DagBag from /opt/airflow/dags/hook.py
[2023-11-29T16:46:40.564+0000] {processor.py:839} INFO - DAG(s) dict_keys(['s3_upload_2']) retrieved from /opt/airflow/dags/hook.py
[2023-11-29T16:46:41.360+0000] {logging_mixin.py:154} INFO - [2023-11-29T16:46:41.360+0000] {dag.py:2941} INFO - Sync 1 DAGs
[2023-11-29T16:46:41.520+0000] {logging_mixin.py:154} INFO - [2023-11-29T16:46:41.520+0000] {dag.py:3722} INFO - Setting next_dagrun for s3_upload_2 to None, run_after=None
[2023-11-29T16:46:42.097+0000] {processor.py:179} INFO - Processing /opt/airflow/dags/hook.py took 1.848 seconds
[2023-11-29T16:47:13.029+0000] {processor.py:157} INFO - Started process (PID=21502) to work on /opt/airflow/dags/hook.py
[2023-11-29T16:47:13.032+0000] {processor.py:829} INFO - Processing file /opt/airflow/dags/hook.py for tasks to queue
[2023-11-29T16:47:13.033+0000] {logging_mixin.py:154} INFO - [2023-11-29T16:47:13.033+0000] {dagbag.py:536} INFO - Filling up the DagBag from /opt/airflow/dags/hook.py
[2023-11-29T16:47:13.039+0000] {processor.py:839} INFO - DAG(s) dict_keys(['s3_upload_2']) retrieved from /opt/airflow/dags/hook.py
[2023-11-29T16:47:13.061+0000] {logging_mixin.py:154} INFO - [2023-11-29T16:47:13.060+0000] {dag.py:2941} INFO - Sync 1 DAGs
[2023-11-29T16:47:13.071+0000] {logging_mixin.py:154} INFO - [2023-11-29T16:47:13.071+0000] {dag.py:3722} INFO - Setting next_dagrun for s3_upload_2 to None, run_after=None
[2023-11-29T16:47:13.092+0000] {processor.py:179} INFO - Processing /opt/airflow/dags/hook.py took 0.065 seconds
[2023-11-29T16:47:58.973+0000] {processor.py:157} INFO - Started process (PID=21573) to work on /opt/airflow/dags/hook.py
[2023-11-29T16:47:59.000+0000] {processor.py:829} INFO - Processing file /opt/airflow/dags/hook.py for tasks to queue
[2023-11-29T16:47:59.001+0000] {logging_mixin.py:154} INFO - [2023-11-29T16:47:59.001+0000] {dagbag.py:536} INFO - Filling up the DagBag from /opt/airflow/dags/hook.py
[2023-11-29T16:47:59.017+0000] {processor.py:839} INFO - DAG(s) dict_keys(['s3_upload_2']) retrieved from /opt/airflow/dags/hook.py
[2023-11-29T16:47:59.368+0000] {logging_mixin.py:154} INFO - [2023-11-29T16:47:59.368+0000] {dag.py:2941} INFO - Sync 1 DAGs
[2023-11-29T16:47:59.509+0000] {logging_mixin.py:154} INFO - [2023-11-29T16:47:59.508+0000] {dag.py:3722} INFO - Setting next_dagrun for s3_upload_2 to None, run_after=None
[2023-11-29T16:48:00.069+0000] {processor.py:179} INFO - Processing /opt/airflow/dags/hook.py took 1.113 seconds
[2023-11-29T16:48:39.964+0000] {processor.py:157} INFO - Started process (PID=21622) to work on /opt/airflow/dags/hook.py
[2023-11-29T16:48:40.002+0000] {processor.py:829} INFO - Processing file /opt/airflow/dags/hook.py for tasks to queue
[2023-11-29T16:48:40.004+0000] {logging_mixin.py:154} INFO - [2023-11-29T16:48:40.003+0000] {dagbag.py:536} INFO - Filling up the DagBag from /opt/airflow/dags/hook.py
[2023-11-29T16:48:40.017+0000] {processor.py:839} INFO - DAG(s) dict_keys(['s3_upload_2']) retrieved from /opt/airflow/dags/hook.py
[2023-11-29T16:48:40.426+0000] {logging_mixin.py:154} INFO - [2023-11-29T16:48:40.426+0000] {dag.py:2941} INFO - Sync 1 DAGs
[2023-11-29T16:48:40.534+0000] {logging_mixin.py:154} INFO - [2023-11-29T16:48:40.534+0000] {dag.py:3722} INFO - Setting next_dagrun for s3_upload_2 to None, run_after=None
[2023-11-29T16:48:41.025+0000] {processor.py:179} INFO - Processing /opt/airflow/dags/hook.py took 1.094 seconds
[2023-11-29T16:49:17.701+0000] {processor.py:157} INFO - Started process (PID=21682) to work on /opt/airflow/dags/hook.py
[2023-11-29T16:49:17.716+0000] {processor.py:829} INFO - Processing file /opt/airflow/dags/hook.py for tasks to queue
[2023-11-29T16:49:17.717+0000] {logging_mixin.py:154} INFO - [2023-11-29T16:49:17.716+0000] {dagbag.py:536} INFO - Filling up the DagBag from /opt/airflow/dags/hook.py
[2023-11-29T16:49:17.766+0000] {processor.py:839} INFO - DAG(s) dict_keys(['s3_upload_2']) retrieved from /opt/airflow/dags/hook.py
[2023-11-29T16:49:18.397+0000] {logging_mixin.py:154} INFO - [2023-11-29T16:49:18.396+0000] {dag.py:2941} INFO - Sync 1 DAGs
[2023-11-29T16:49:18.424+0000] {logging_mixin.py:154} INFO - [2023-11-29T16:49:18.424+0000] {dag.py:3722} INFO - Setting next_dagrun for s3_upload_2 to None, run_after=None
[2023-11-29T16:49:18.866+0000] {processor.py:179} INFO - Processing /opt/airflow/dags/hook.py took 1.182 seconds
[2023-11-29T16:49:50.007+0000] {processor.py:157} INFO - Started process (PID=21739) to work on /opt/airflow/dags/hook.py
[2023-11-29T16:49:50.056+0000] {processor.py:829} INFO - Processing file /opt/airflow/dags/hook.py for tasks to queue
[2023-11-29T16:49:50.061+0000] {logging_mixin.py:154} INFO - [2023-11-29T16:49:50.060+0000] {dagbag.py:536} INFO - Filling up the DagBag from /opt/airflow/dags/hook.py
[2023-11-29T16:49:50.097+0000] {processor.py:839} INFO - DAG(s) dict_keys(['s3_upload_2']) retrieved from /opt/airflow/dags/hook.py
[2023-11-29T16:49:50.358+0000] {logging_mixin.py:154} INFO - [2023-11-29T16:49:50.358+0000] {dag.py:2941} INFO - Sync 1 DAGs
[2023-11-29T16:49:50.606+0000] {logging_mixin.py:154} INFO - [2023-11-29T16:49:50.605+0000] {dag.py:3722} INFO - Setting next_dagrun for s3_upload_2 to None, run_after=None
[2023-11-29T16:49:51.067+0000] {processor.py:179} INFO - Processing /opt/airflow/dags/hook.py took 1.159 seconds
[2023-11-29T16:50:29.132+0000] {processor.py:157} INFO - Started process (PID=21794) to work on /opt/airflow/dags/hook.py
[2023-11-29T16:50:29.155+0000] {processor.py:829} INFO - Processing file /opt/airflow/dags/hook.py for tasks to queue
[2023-11-29T16:50:29.159+0000] {logging_mixin.py:154} INFO - [2023-11-29T16:50:29.156+0000] {dagbag.py:536} INFO - Filling up the DagBag from /opt/airflow/dags/hook.py
[2023-11-29T16:50:29.185+0000] {processor.py:839} INFO - DAG(s) dict_keys(['s3_upload_2']) retrieved from /opt/airflow/dags/hook.py
[2023-11-29T16:50:29.634+0000] {logging_mixin.py:154} INFO - [2023-11-29T16:50:29.634+0000] {dag.py:2941} INFO - Sync 1 DAGs
[2023-11-29T16:50:29.962+0000] {logging_mixin.py:154} INFO - [2023-11-29T16:50:29.962+0000] {dag.py:3722} INFO - Setting next_dagrun for s3_upload_2 to None, run_after=None
[2023-11-29T16:50:30.346+0000] {processor.py:179} INFO - Processing /opt/airflow/dags/hook.py took 1.226 seconds
[2023-11-29T16:51:08.536+0000] {processor.py:157} INFO - Started process (PID=21859) to work on /opt/airflow/dags/hook.py
[2023-11-29T16:51:08.537+0000] {processor.py:829} INFO - Processing file /opt/airflow/dags/hook.py for tasks to queue
[2023-11-29T16:51:08.539+0000] {logging_mixin.py:154} INFO - [2023-11-29T16:51:08.538+0000] {dagbag.py:536} INFO - Filling up the DagBag from /opt/airflow/dags/hook.py
[2023-11-29T16:51:08.554+0000] {processor.py:839} INFO - DAG(s) dict_keys(['s3_upload_2']) retrieved from /opt/airflow/dags/hook.py
[2023-11-29T16:51:08.600+0000] {logging_mixin.py:154} INFO - [2023-11-29T16:51:08.600+0000] {dag.py:2941} INFO - Sync 1 DAGs
[2023-11-29T16:51:08.621+0000] {logging_mixin.py:154} INFO - [2023-11-29T16:51:08.621+0000] {dag.py:3722} INFO - Setting next_dagrun for s3_upload_2 to None, run_after=None
[2023-11-29T16:51:08.664+0000] {processor.py:179} INFO - Processing /opt/airflow/dags/hook.py took 0.136 seconds
[2023-11-29T16:51:39.644+0000] {processor.py:157} INFO - Started process (PID=21923) to work on /opt/airflow/dags/hook.py
[2023-11-29T16:51:39.645+0000] {processor.py:829} INFO - Processing file /opt/airflow/dags/hook.py for tasks to queue
[2023-11-29T16:51:39.646+0000] {logging_mixin.py:154} INFO - [2023-11-29T16:51:39.646+0000] {dagbag.py:536} INFO - Filling up the DagBag from /opt/airflow/dags/hook.py
[2023-11-29T16:51:39.653+0000] {processor.py:839} INFO - DAG(s) dict_keys(['s3_upload_2']) retrieved from /opt/airflow/dags/hook.py
[2023-11-29T16:51:39.682+0000] {logging_mixin.py:154} INFO - [2023-11-29T16:51:39.682+0000] {dag.py:2941} INFO - Sync 1 DAGs
[2023-11-29T16:51:39.693+0000] {logging_mixin.py:154} INFO - [2023-11-29T16:51:39.692+0000] {dag.py:3722} INFO - Setting next_dagrun for s3_upload_2 to None, run_after=None
[2023-11-29T16:51:39.752+0000] {processor.py:179} INFO - Processing /opt/airflow/dags/hook.py took 0.112 seconds
[2023-11-29T16:52:11.139+0000] {processor.py:157} INFO - Started process (PID=21987) to work on /opt/airflow/dags/hook.py
[2023-11-29T16:52:11.168+0000] {processor.py:829} INFO - Processing file /opt/airflow/dags/hook.py for tasks to queue
[2023-11-29T16:52:11.175+0000] {logging_mixin.py:154} INFO - [2023-11-29T16:52:11.175+0000] {dagbag.py:536} INFO - Filling up the DagBag from /opt/airflow/dags/hook.py
[2023-11-29T16:52:11.190+0000] {processor.py:839} INFO - DAG(s) dict_keys(['s3_upload_2']) retrieved from /opt/airflow/dags/hook.py
[2023-11-29T16:52:11.309+0000] {logging_mixin.py:154} INFO - [2023-11-29T16:52:11.308+0000] {dag.py:2941} INFO - Sync 1 DAGs
[2023-11-29T16:52:11.336+0000] {logging_mixin.py:154} INFO - [2023-11-29T16:52:11.335+0000] {dag.py:3722} INFO - Setting next_dagrun for s3_upload_2 to None, run_after=None
[2023-11-29T16:52:11.624+0000] {processor.py:179} INFO - Processing /opt/airflow/dags/hook.py took 0.497 seconds
[2023-11-29T16:52:47.739+0000] {processor.py:157} INFO - Started process (PID=22048) to work on /opt/airflow/dags/hook.py
[2023-11-29T16:52:47.768+0000] {processor.py:829} INFO - Processing file /opt/airflow/dags/hook.py for tasks to queue
[2023-11-29T16:52:47.782+0000] {logging_mixin.py:154} INFO - [2023-11-29T16:52:47.782+0000] {dagbag.py:536} INFO - Filling up the DagBag from /opt/airflow/dags/hook.py
[2023-11-29T16:52:47.803+0000] {processor.py:839} INFO - DAG(s) dict_keys(['s3_upload_2']) retrieved from /opt/airflow/dags/hook.py
[2023-11-29T16:52:48.174+0000] {logging_mixin.py:154} INFO - [2023-11-29T16:52:48.173+0000] {dag.py:2941} INFO - Sync 1 DAGs
[2023-11-29T16:52:48.228+0000] {logging_mixin.py:154} INFO - [2023-11-29T16:52:48.227+0000] {dag.py:3722} INFO - Setting next_dagrun for s3_upload_2 to None, run_after=None
[2023-11-29T16:52:48.331+0000] {processor.py:179} INFO - Processing /opt/airflow/dags/hook.py took 0.597 seconds
[2023-11-29T16:53:18.633+0000] {processor.py:157} INFO - Started process (PID=22111) to work on /opt/airflow/dags/hook.py
[2023-11-29T16:53:18.636+0000] {processor.py:829} INFO - Processing file /opt/airflow/dags/hook.py for tasks to queue
[2023-11-29T16:53:18.637+0000] {logging_mixin.py:154} INFO - [2023-11-29T16:53:18.637+0000] {dagbag.py:536} INFO - Filling up the DagBag from /opt/airflow/dags/hook.py
[2023-11-29T16:53:18.645+0000] {processor.py:839} INFO - DAG(s) dict_keys(['s3_upload_2']) retrieved from /opt/airflow/dags/hook.py
[2023-11-29T16:53:18.692+0000] {logging_mixin.py:154} INFO - [2023-11-29T16:53:18.692+0000] {dag.py:2941} INFO - Sync 1 DAGs
[2023-11-29T16:53:18.703+0000] {logging_mixin.py:154} INFO - [2023-11-29T16:53:18.703+0000] {dag.py:3722} INFO - Setting next_dagrun for s3_upload_2 to None, run_after=None
[2023-11-29T16:53:18.725+0000] {processor.py:179} INFO - Processing /opt/airflow/dags/hook.py took 0.095 seconds
[2023-11-29T16:53:49.568+0000] {processor.py:157} INFO - Started process (PID=22177) to work on /opt/airflow/dags/hook.py
[2023-11-29T16:53:49.592+0000] {processor.py:829} INFO - Processing file /opt/airflow/dags/hook.py for tasks to queue
[2023-11-29T16:53:49.593+0000] {logging_mixin.py:154} INFO - [2023-11-29T16:53:49.592+0000] {dagbag.py:536} INFO - Filling up the DagBag from /opt/airflow/dags/hook.py
[2023-11-29T16:53:49.598+0000] {processor.py:839} INFO - DAG(s) dict_keys(['s3_upload_2']) retrieved from /opt/airflow/dags/hook.py
[2023-11-29T16:53:49.624+0000] {logging_mixin.py:154} INFO - [2023-11-29T16:53:49.623+0000] {dag.py:2941} INFO - Sync 1 DAGs
[2023-11-29T16:53:49.637+0000] {logging_mixin.py:154} INFO - [2023-11-29T16:53:49.637+0000] {dag.py:3722} INFO - Setting next_dagrun for s3_upload_2 to None, run_after=None
[2023-11-29T16:53:49.658+0000] {processor.py:179} INFO - Processing /opt/airflow/dags/hook.py took 0.093 seconds
[2023-11-29T16:54:19.778+0000] {processor.py:157} INFO - Started process (PID=22242) to work on /opt/airflow/dags/hook.py
[2023-11-29T16:54:19.808+0000] {processor.py:829} INFO - Processing file /opt/airflow/dags/hook.py for tasks to queue
[2023-11-29T16:54:19.816+0000] {logging_mixin.py:154} INFO - [2023-11-29T16:54:19.815+0000] {dagbag.py:536} INFO - Filling up the DagBag from /opt/airflow/dags/hook.py
[2023-11-29T16:54:19.834+0000] {processor.py:839} INFO - DAG(s) dict_keys(['s3_upload_2']) retrieved from /opt/airflow/dags/hook.py
[2023-11-29T16:54:19.898+0000] {logging_mixin.py:154} INFO - [2023-11-29T16:54:19.898+0000] {dag.py:2941} INFO - Sync 1 DAGs
[2023-11-29T16:54:19.917+0000] {logging_mixin.py:154} INFO - [2023-11-29T16:54:19.917+0000] {dag.py:3722} INFO - Setting next_dagrun for s3_upload_2 to None, run_after=None
[2023-11-29T16:54:19.997+0000] {processor.py:179} INFO - Processing /opt/airflow/dags/hook.py took 0.229 seconds
[2023-11-29T16:54:50.204+0000] {processor.py:157} INFO - Started process (PID=22307) to work on /opt/airflow/dags/hook.py
[2023-11-29T16:54:50.207+0000] {processor.py:829} INFO - Processing file /opt/airflow/dags/hook.py for tasks to queue
[2023-11-29T16:54:50.208+0000] {logging_mixin.py:154} INFO - [2023-11-29T16:54:50.207+0000] {dagbag.py:536} INFO - Filling up the DagBag from /opt/airflow/dags/hook.py
[2023-11-29T16:54:50.219+0000] {processor.py:839} INFO - DAG(s) dict_keys(['s3_upload_2']) retrieved from /opt/airflow/dags/hook.py
[2023-11-29T16:54:50.348+0000] {logging_mixin.py:154} INFO - [2023-11-29T16:54:50.348+0000] {dag.py:2941} INFO - Sync 1 DAGs
[2023-11-29T16:54:50.374+0000] {logging_mixin.py:154} INFO - [2023-11-29T16:54:50.374+0000] {dag.py:3722} INFO - Setting next_dagrun for s3_upload_2 to None, run_after=None
[2023-11-29T16:54:50.436+0000] {processor.py:179} INFO - Processing /opt/airflow/dags/hook.py took 0.236 seconds
