[2023-11-29T12:04:19.623+0000] {taskinstance.py:1149} INFO - Dependencies not met for <TaskInstance: crone_exp.bash_1 scheduled__2023-11-28T00:00:00+00:00 [removed]>, dependency 'Task Instance State' FAILED: Task is in the 'removed' state.
[2023-11-29T12:04:19.701+0000] {local_task_job_runner.py:154} INFO - Task is not able to be run
[2023-11-29T12:07:54.795+0000] {taskinstance.py:1149} INFO - Dependencies not met for <TaskInstance: crone_exp.bash_1 scheduled__2023-11-28T00:00:00+00:00 [removed]>, dependency 'Task Instance State' FAILED: Task is in the 'removed' state.
[2023-11-29T12:07:55.890+0000] {local_task_job_runner.py:154} INFO - Task is not able to be run
[2023-11-29T12:12:00.354+0000] {taskinstance.py:1159} INFO - Dependencies all met for dep_context=non-requeueable deps ti=<TaskInstance: crone_exp.bash_1 scheduled__2023-11-28T00:00:00+00:00 [queued]>
[2023-11-29T12:12:00.632+0000] {taskinstance.py:1159} INFO - Dependencies all met for dep_context=requeueable deps ti=<TaskInstance: crone_exp.bash_1 scheduled__2023-11-28T00:00:00+00:00 [queued]>
[2023-11-29T12:12:00.632+0000] {taskinstance.py:1361} INFO - Starting attempt 1 of 3
[2023-11-29T12:12:01.212+0000] {taskinstance.py:1382} INFO - Executing <Task(BashOperator): bash_1> on 2023-11-28 00:00:00+00:00
[2023-11-29T12:12:01.234+0000] {standard_task_runner.py:57} INFO - Started process 958 to run task
[2023-11-29T12:12:01.265+0000] {standard_task_runner.py:84} INFO - Running: ['***', 'tasks', 'run', 'crone_exp', 'bash_1', 'scheduled__2023-11-28T00:00:00+00:00', '--job-id', '53', '--raw', '--subdir', 'DAGS_FOLDER/crone-exp.py', '--cfg-path', '/tmp/tmpi1thkfs_']
[2023-11-29T12:12:01.326+0000] {standard_task_runner.py:85} INFO - Job 53: Subtask bash_1
[2023-11-29T12:12:03.400+0000] {task_command.py:416} INFO - Running <TaskInstance: crone_exp.bash_1 scheduled__2023-11-28T00:00:00+00:00 [running]> on host a89a99bc45b2
[2023-11-29T12:12:05.862+0000] {taskinstance.py:1662} INFO - Exporting env vars: AIRFLOW_CTX_DAG_OWNER='Dashrath' AIRFLOW_CTX_DAG_ID='crone_exp' AIRFLOW_CTX_TASK_ID='bash_1' AIRFLOW_CTX_EXECUTION_DATE='2023-11-28T00:00:00+00:00' AIRFLOW_CTX_TRY_NUMBER='1' AIRFLOW_CTX_DAG_RUN_ID='scheduled__2023-11-28T00:00:00+00:00'
[2023-11-29T12:12:05.876+0000] {subprocess.py:63} INFO - Tmp dir root location: /tmp
[2023-11-29T12:12:05.877+0000] {subprocess.py:75} INFO - Running command: ['/bin/bash', '-c', 'echo This is a example of crone expression']
[2023-11-29T12:12:05.923+0000] {subprocess.py:86} INFO - Output:
[2023-11-29T12:12:05.952+0000] {subprocess.py:93} INFO - This is a example of crone expression
[2023-11-29T12:12:05.954+0000] {subprocess.py:97} INFO - Command exited with return code 0
[2023-11-29T12:12:07.291+0000] {taskinstance.py:1400} INFO - Marking task as SUCCESS. dag_id=crone_exp, task_id=bash_1, execution_date=20231128T000000, start_date=20231129T121200, end_date=20231129T121207
[2023-11-29T12:12:07.820+0000] {local_task_job_runner.py:228} INFO - Task exited with return code 0
[2023-11-29T12:12:08.369+0000] {taskinstance.py:2778} INFO - 0 downstream tasks scheduled from follow-on schedule check
