[2023-12-04T06:09:24.827+0000] {processor.py:157} INFO - Started process (PID=11049) to work on /opt/airflow/dags/rest_trigger.py
[2023-12-04T06:09:24.828+0000] {processor.py:829} INFO - Processing file /opt/airflow/dags/rest_trigger.py for tasks to queue
[2023-12-04T06:09:24.829+0000] {logging_mixin.py:154} INFO - [2023-12-04T06:09:24.829+0000] {dagbag.py:536} INFO - Filling up the DagBag from /opt/airflow/dags/rest_trigger.py
[2023-12-04T06:09:24.856+0000] {logging_mixin.py:154} INFO - [2023-12-04T06:09:24.832+0000] {dagbag.py:346} ERROR - Failed to import: /opt/airflow/dags/rest_trigger.py
Traceback (most recent call last):
  File "/home/airflow/.local/lib/python3.8/site-packages/airflow/models/dagbag.py", line 342, in parse
    loader.exec_module(new_module)
  File "<frozen importlib._bootstrap_external>", line 843, in exec_module
  File "<frozen importlib._bootstrap>", line 219, in _call_with_frames_removed
  File "/opt/airflow/dags/rest_trigger.py", line 44, in <module>
    'retry_delay': timedelta(seconds=7),
NameError: name 'timedelta' is not defined
[2023-12-04T06:09:24.857+0000] {processor.py:841} WARNING - No viable dags retrieved from /opt/airflow/dags/rest_trigger.py
[2023-12-04T06:09:24.903+0000] {processor.py:179} INFO - Processing /opt/airflow/dags/rest_trigger.py took 0.079 seconds
[2023-12-04T06:09:55.445+0000] {processor.py:157} INFO - Started process (PID=11113) to work on /opt/airflow/dags/rest_trigger.py
[2023-12-04T06:09:55.447+0000] {processor.py:829} INFO - Processing file /opt/airflow/dags/rest_trigger.py for tasks to queue
[2023-12-04T06:09:55.448+0000] {logging_mixin.py:154} INFO - [2023-12-04T06:09:55.448+0000] {dagbag.py:536} INFO - Filling up the DagBag from /opt/airflow/dags/rest_trigger.py
[2023-12-04T06:09:55.452+0000] {logging_mixin.py:154} INFO - [2023-12-04T06:09:55.451+0000] {dagbag.py:346} ERROR - Failed to import: /opt/airflow/dags/rest_trigger.py
Traceback (most recent call last):
  File "/home/airflow/.local/lib/python3.8/site-packages/airflow/models/dagbag.py", line 342, in parse
    loader.exec_module(new_module)
  File "<frozen importlib._bootstrap_external>", line 843, in exec_module
  File "<frozen importlib._bootstrap>", line 219, in _call_with_frames_removed
  File "/opt/airflow/dags/rest_trigger.py", line 44, in <module>
    'retry_delay': timedelta(seconds=7),
NameError: name 'timedelta' is not defined
[2023-12-04T06:09:55.452+0000] {processor.py:841} WARNING - No viable dags retrieved from /opt/airflow/dags/rest_trigger.py
[2023-12-04T06:09:55.528+0000] {processor.py:179} INFO - Processing /opt/airflow/dags/rest_trigger.py took 0.098 seconds
[2023-12-04T06:10:26.051+0000] {processor.py:157} INFO - Started process (PID=11177) to work on /opt/airflow/dags/rest_trigger.py
[2023-12-04T06:10:26.155+0000] {processor.py:829} INFO - Processing file /opt/airflow/dags/rest_trigger.py for tasks to queue
[2023-12-04T06:10:26.162+0000] {logging_mixin.py:154} INFO - [2023-12-04T06:10:26.159+0000] {dagbag.py:536} INFO - Filling up the DagBag from /opt/airflow/dags/rest_trigger.py
[2023-12-04T06:10:26.175+0000] {logging_mixin.py:154} INFO - [2023-12-04T06:10:26.172+0000] {dagbag.py:346} ERROR - Failed to import: /opt/airflow/dags/rest_trigger.py
Traceback (most recent call last):
  File "/home/airflow/.local/lib/python3.8/site-packages/airflow/models/dagbag.py", line 342, in parse
    loader.exec_module(new_module)
  File "<frozen importlib._bootstrap_external>", line 843, in exec_module
  File "<frozen importlib._bootstrap>", line 219, in _call_with_frames_removed
  File "/opt/airflow/dags/rest_trigger.py", line 44, in <module>
    'retry_delay': timedelta(seconds=7),
NameError: name 'timedelta' is not defined
[2023-12-04T06:10:26.184+0000] {processor.py:841} WARNING - No viable dags retrieved from /opt/airflow/dags/rest_trigger.py
[2023-12-04T06:10:26.386+0000] {processor.py:179} INFO - Processing /opt/airflow/dags/rest_trigger.py took 0.357 seconds
[2023-12-04T06:11:13.317+0000] {processor.py:157} INFO - Started process (PID=11238) to work on /opt/airflow/dags/rest_trigger.py
[2023-12-04T06:11:13.408+0000] {processor.py:829} INFO - Processing file /opt/airflow/dags/rest_trigger.py for tasks to queue
[2023-12-04T06:11:13.409+0000] {logging_mixin.py:154} INFO - [2023-12-04T06:11:13.409+0000] {dagbag.py:536} INFO - Filling up the DagBag from /opt/airflow/dags/rest_trigger.py
[2023-12-04T06:11:13.461+0000] {logging_mixin.py:154} INFO - [2023-12-04T06:11:13.443+0000] {dagbag.py:346} ERROR - Failed to import: /opt/airflow/dags/rest_trigger.py
Traceback (most recent call last):
  File "/home/airflow/.local/lib/python3.8/site-packages/airflow/models/dagbag.py", line 342, in parse
    loader.exec_module(new_module)
  File "<frozen importlib._bootstrap_external>", line 843, in exec_module
  File "<frozen importlib._bootstrap>", line 219, in _call_with_frames_removed
  File "/opt/airflow/dags/rest_trigger.py", line 44, in <module>
    'retry_delay': timedelta(seconds=7),
NameError: name 'timedelta' is not defined
[2023-12-04T06:11:13.473+0000] {processor.py:841} WARNING - No viable dags retrieved from /opt/airflow/dags/rest_trigger.py
[2023-12-04T06:11:14.309+0000] {processor.py:179} INFO - Processing /opt/airflow/dags/rest_trigger.py took 1.004 seconds
[2023-12-04T06:12:02.568+0000] {processor.py:157} INFO - Started process (PID=11299) to work on /opt/airflow/dags/rest_trigger.py
[2023-12-04T06:12:02.673+0000] {processor.py:829} INFO - Processing file /opt/airflow/dags/rest_trigger.py for tasks to queue
[2023-12-04T06:12:02.674+0000] {logging_mixin.py:154} INFO - [2023-12-04T06:12:02.673+0000] {dagbag.py:536} INFO - Filling up the DagBag from /opt/airflow/dags/rest_trigger.py
[2023-12-04T06:12:02.693+0000] {logging_mixin.py:154} INFO - [2023-12-04T06:12:02.692+0000] {dagbag.py:346} ERROR - Failed to import: /opt/airflow/dags/rest_trigger.py
Traceback (most recent call last):
  File "/home/airflow/.local/lib/python3.8/site-packages/airflow/models/dagbag.py", line 342, in parse
    loader.exec_module(new_module)
  File "<frozen importlib._bootstrap_external>", line 843, in exec_module
  File "<frozen importlib._bootstrap>", line 219, in _call_with_frames_removed
  File "/opt/airflow/dags/rest_trigger.py", line 44, in <module>
    'retry_delay': timedelta(seconds=7),
NameError: name 'timedelta' is not defined
[2023-12-04T06:12:02.727+0000] {processor.py:841} WARNING - No viable dags retrieved from /opt/airflow/dags/rest_trigger.py
[2023-12-04T06:12:04.174+0000] {processor.py:179} INFO - Processing /opt/airflow/dags/rest_trigger.py took 1.782 seconds
[2023-12-04T06:12:40.214+0000] {processor.py:157} INFO - Started process (PID=11354) to work on /opt/airflow/dags/rest_trigger.py
[2023-12-04T06:12:40.237+0000] {processor.py:829} INFO - Processing file /opt/airflow/dags/rest_trigger.py for tasks to queue
[2023-12-04T06:12:40.279+0000] {logging_mixin.py:154} INFO - [2023-12-04T06:12:40.279+0000] {dagbag.py:536} INFO - Filling up the DagBag from /opt/airflow/dags/rest_trigger.py
[2023-12-04T06:12:40.359+0000] {processor.py:839} INFO - DAG(s) dict_keys(['rest-trigger']) retrieved from /opt/airflow/dags/rest_trigger.py
[2023-12-04T06:12:42.073+0000] {logging_mixin.py:154} INFO - [2023-12-04T06:12:42.073+0000] {manager.py:499} INFO - Created Permission View: %s
[2023-12-04T06:12:42.613+0000] {logging_mixin.py:154} INFO - [2023-12-04T06:12:42.613+0000] {manager.py:499} INFO - Created Permission View: %s
[2023-12-04T06:12:42.817+0000] {logging_mixin.py:154} INFO - [2023-12-04T06:12:42.817+0000] {manager.py:499} INFO - Created Permission View: %s
[2023-12-04T06:12:42.862+0000] {logging_mixin.py:154} INFO - [2023-12-04T06:12:42.862+0000] {dag.py:2941} INFO - Sync 1 DAGs
[2023-12-04T06:12:43.010+0000] {logging_mixin.py:154} INFO - [2023-12-04T06:12:43.010+0000] {dag.py:2963} INFO - Creating ORM DAG for rest-trigger
[2023-12-04T06:12:43.163+0000] {logging_mixin.py:154} INFO - [2023-12-04T06:12:43.144+0000] {dag.py:3722} INFO - Setting next_dagrun for rest-trigger to 2023-12-02T00:00:00+00:00, run_after=2023-12-03T00:00:00+00:00
[2023-12-04T06:12:44.417+0000] {processor.py:179} INFO - Processing /opt/airflow/dags/rest_trigger.py took 4.220 seconds
[2023-12-04T06:13:17.279+0000] {processor.py:157} INFO - Started process (PID=11401) to work on /opt/airflow/dags/rest_trigger.py
[2023-12-04T06:13:17.300+0000] {processor.py:829} INFO - Processing file /opt/airflow/dags/rest_trigger.py for tasks to queue
[2023-12-04T06:13:17.301+0000] {logging_mixin.py:154} INFO - [2023-12-04T06:13:17.301+0000] {dagbag.py:536} INFO - Filling up the DagBag from /opt/airflow/dags/rest_trigger.py
[2023-12-04T06:13:17.345+0000] {processor.py:839} INFO - DAG(s) dict_keys(['rest-trigger']) retrieved from /opt/airflow/dags/rest_trigger.py
[2023-12-04T06:13:17.558+0000] {logging_mixin.py:154} INFO - [2023-12-04T06:13:17.552+0000] {dag.py:2941} INFO - Sync 1 DAGs
[2023-12-04T06:13:17.660+0000] {logging_mixin.py:154} INFO - [2023-12-04T06:13:17.656+0000] {dag.py:3722} INFO - Setting next_dagrun for rest-trigger to 2023-12-02T00:00:00+00:00, run_after=2023-12-03T00:00:00+00:00
[2023-12-04T06:13:17.989+0000] {processor.py:179} INFO - Processing /opt/airflow/dags/rest_trigger.py took 0.717 seconds
[2023-12-04T06:13:52.852+0000] {processor.py:157} INFO - Started process (PID=11450) to work on /opt/airflow/dags/rest_trigger.py
[2023-12-04T06:13:52.891+0000] {processor.py:829} INFO - Processing file /opt/airflow/dags/rest_trigger.py for tasks to queue
[2023-12-04T06:13:52.898+0000] {logging_mixin.py:154} INFO - [2023-12-04T06:13:52.898+0000] {dagbag.py:536} INFO - Filling up the DagBag from /opt/airflow/dags/rest_trigger.py
[2023-12-04T06:13:52.937+0000] {processor.py:839} INFO - DAG(s) dict_keys(['rest-trigger']) retrieved from /opt/airflow/dags/rest_trigger.py
[2023-12-04T06:13:53.873+0000] {logging_mixin.py:154} INFO - [2023-12-04T06:13:53.872+0000] {dag.py:2941} INFO - Sync 1 DAGs
[2023-12-04T06:13:54.148+0000] {logging_mixin.py:154} INFO - [2023-12-04T06:13:54.148+0000] {dag.py:3722} INFO - Setting next_dagrun for rest-trigger to 2023-12-02T00:00:00+00:00, run_after=2023-12-03T00:00:00+00:00
[2023-12-04T06:13:55.014+0000] {processor.py:179} INFO - Processing /opt/airflow/dags/rest_trigger.py took 2.184 seconds
[2023-12-04T06:14:36.943+0000] {processor.py:157} INFO - Started process (PID=11509) to work on /opt/airflow/dags/rest_trigger.py
[2023-12-04T06:14:37.016+0000] {processor.py:829} INFO - Processing file /opt/airflow/dags/rest_trigger.py for tasks to queue
[2023-12-04T06:14:37.021+0000] {logging_mixin.py:154} INFO - [2023-12-04T06:14:37.017+0000] {dagbag.py:536} INFO - Filling up the DagBag from /opt/airflow/dags/rest_trigger.py
[2023-12-04T06:14:37.081+0000] {processor.py:839} INFO - DAG(s) dict_keys(['rest-trigger']) retrieved from /opt/airflow/dags/rest_trigger.py
[2023-12-04T06:14:37.511+0000] {logging_mixin.py:154} INFO - [2023-12-04T06:14:37.510+0000] {dag.py:2941} INFO - Sync 1 DAGs
[2023-12-04T06:14:37.827+0000] {logging_mixin.py:154} INFO - [2023-12-04T06:14:37.819+0000] {dag.py:3722} INFO - Setting next_dagrun for rest-trigger to 2023-12-02T00:00:00+00:00, run_after=2023-12-03T00:00:00+00:00
[2023-12-04T06:14:38.060+0000] {processor.py:179} INFO - Processing /opt/airflow/dags/rest_trigger.py took 1.131 seconds
[2023-12-04T06:15:18.597+0000] {processor.py:157} INFO - Started process (PID=11559) to work on /opt/airflow/dags/rest_trigger.py
[2023-12-04T06:15:18.624+0000] {processor.py:829} INFO - Processing file /opt/airflow/dags/rest_trigger.py for tasks to queue
[2023-12-04T06:15:18.626+0000] {logging_mixin.py:154} INFO - [2023-12-04T06:15:18.625+0000] {dagbag.py:536} INFO - Filling up the DagBag from /opt/airflow/dags/rest_trigger.py
[2023-12-04T06:15:18.637+0000] {processor.py:839} INFO - DAG(s) dict_keys(['rest-trigger']) retrieved from /opt/airflow/dags/rest_trigger.py
[2023-12-04T06:15:18.817+0000] {logging_mixin.py:154} INFO - [2023-12-04T06:15:18.805+0000] {dag.py:2941} INFO - Sync 1 DAGs
[2023-12-04T06:15:18.947+0000] {logging_mixin.py:154} INFO - [2023-12-04T06:15:18.947+0000] {dag.py:3722} INFO - Setting next_dagrun for rest-trigger to 2023-12-02T00:00:00+00:00, run_after=2023-12-03T00:00:00+00:00
[2023-12-04T06:15:19.477+0000] {processor.py:179} INFO - Processing /opt/airflow/dags/rest_trigger.py took 0.900 seconds
[2023-12-04T06:16:02.933+0000] {processor.py:157} INFO - Started process (PID=11628) to work on /opt/airflow/dags/rest_trigger.py
[2023-12-04T06:16:02.935+0000] {processor.py:829} INFO - Processing file /opt/airflow/dags/rest_trigger.py for tasks to queue
[2023-12-04T06:16:02.936+0000] {logging_mixin.py:154} INFO - [2023-12-04T06:16:02.936+0000] {dagbag.py:536} INFO - Filling up the DagBag from /opt/airflow/dags/rest_trigger.py
[2023-12-04T06:16:02.946+0000] {processor.py:839} INFO - DAG(s) dict_keys(['rest-trigger']) retrieved from /opt/airflow/dags/rest_trigger.py
[2023-12-04T06:16:02.975+0000] {logging_mixin.py:154} INFO - [2023-12-04T06:16:02.975+0000] {dag.py:2941} INFO - Sync 1 DAGs
[2023-12-04T06:16:03.007+0000] {logging_mixin.py:154} INFO - [2023-12-04T06:16:03.007+0000] {dag.py:3722} INFO - Setting next_dagrun for rest-trigger to 2023-12-02T00:00:00+00:00, run_after=2023-12-03T00:00:00+00:00
[2023-12-04T06:16:03.039+0000] {processor.py:179} INFO - Processing /opt/airflow/dags/rest_trigger.py took 0.110 seconds
[2023-12-04T06:16:33.669+0000] {processor.py:157} INFO - Started process (PID=11681) to work on /opt/airflow/dags/rest_trigger.py
[2023-12-04T06:16:33.705+0000] {processor.py:829} INFO - Processing file /opt/airflow/dags/rest_trigger.py for tasks to queue
[2023-12-04T06:16:33.723+0000] {logging_mixin.py:154} INFO - [2023-12-04T06:16:33.713+0000] {dagbag.py:536} INFO - Filling up the DagBag from /opt/airflow/dags/rest_trigger.py
[2023-12-04T06:16:33.852+0000] {processor.py:839} INFO - DAG(s) dict_keys(['rest-trigger']) retrieved from /opt/airflow/dags/rest_trigger.py
[2023-12-04T06:16:34.321+0000] {logging_mixin.py:154} INFO - [2023-12-04T06:16:34.321+0000] {dag.py:2941} INFO - Sync 1 DAGs
[2023-12-04T06:16:34.724+0000] {logging_mixin.py:154} INFO - [2023-12-04T06:16:34.720+0000] {dag.py:3722} INFO - Setting next_dagrun for rest-trigger to 2023-12-02T00:00:00+00:00, run_after=2023-12-03T00:00:00+00:00
[2023-12-04T06:16:35.800+0000] {processor.py:179} INFO - Processing /opt/airflow/dags/rest_trigger.py took 2.143 seconds
[2023-12-04T06:17:06.163+0000] {processor.py:157} INFO - Started process (PID=11745) to work on /opt/airflow/dags/rest_trigger.py
[2023-12-04T06:17:06.165+0000] {processor.py:829} INFO - Processing file /opt/airflow/dags/rest_trigger.py for tasks to queue
[2023-12-04T06:17:06.166+0000] {logging_mixin.py:154} INFO - [2023-12-04T06:17:06.166+0000] {dagbag.py:536} INFO - Filling up the DagBag from /opt/airflow/dags/rest_trigger.py
[2023-12-04T06:17:06.175+0000] {processor.py:839} INFO - DAG(s) dict_keys(['rest-trigger']) retrieved from /opt/airflow/dags/rest_trigger.py
[2023-12-04T06:17:06.198+0000] {logging_mixin.py:154} INFO - [2023-12-04T06:17:06.197+0000] {dag.py:2941} INFO - Sync 1 DAGs
[2023-12-04T06:17:06.218+0000] {logging_mixin.py:154} INFO - [2023-12-04T06:17:06.217+0000] {dag.py:3722} INFO - Setting next_dagrun for rest-trigger to 2023-12-02T00:00:00+00:00, run_after=2023-12-03T00:00:00+00:00
[2023-12-04T06:17:06.235+0000] {processor.py:179} INFO - Processing /opt/airflow/dags/rest_trigger.py took 0.077 seconds
[2023-12-04T06:17:36.584+0000] {processor.py:157} INFO - Started process (PID=11809) to work on /opt/airflow/dags/rest_trigger.py
[2023-12-04T06:17:36.585+0000] {processor.py:829} INFO - Processing file /opt/airflow/dags/rest_trigger.py for tasks to queue
[2023-12-04T06:17:36.587+0000] {logging_mixin.py:154} INFO - [2023-12-04T06:17:36.586+0000] {dagbag.py:536} INFO - Filling up the DagBag from /opt/airflow/dags/rest_trigger.py
[2023-12-04T06:17:36.592+0000] {processor.py:839} INFO - DAG(s) dict_keys(['rest-trigger']) retrieved from /opt/airflow/dags/rest_trigger.py
[2023-12-04T06:17:36.612+0000] {logging_mixin.py:154} INFO - [2023-12-04T06:17:36.612+0000] {dag.py:2941} INFO - Sync 1 DAGs
[2023-12-04T06:17:36.632+0000] {logging_mixin.py:154} INFO - [2023-12-04T06:17:36.632+0000] {dag.py:3722} INFO - Setting next_dagrun for rest-trigger to 2023-12-02T00:00:00+00:00, run_after=2023-12-03T00:00:00+00:00
[2023-12-04T06:17:36.656+0000] {processor.py:179} INFO - Processing /opt/airflow/dags/rest_trigger.py took 0.075 seconds
[2023-12-04T06:18:07.482+0000] {processor.py:157} INFO - Started process (PID=11872) to work on /opt/airflow/dags/rest_trigger.py
[2023-12-04T06:18:07.483+0000] {processor.py:829} INFO - Processing file /opt/airflow/dags/rest_trigger.py for tasks to queue
[2023-12-04T06:18:07.484+0000] {logging_mixin.py:154} INFO - [2023-12-04T06:18:07.484+0000] {dagbag.py:536} INFO - Filling up the DagBag from /opt/airflow/dags/rest_trigger.py
[2023-12-04T06:18:07.492+0000] {processor.py:839} INFO - DAG(s) dict_keys(['rest-trigger']) retrieved from /opt/airflow/dags/rest_trigger.py
[2023-12-04T06:18:07.515+0000] {logging_mixin.py:154} INFO - [2023-12-04T06:18:07.514+0000] {dag.py:2941} INFO - Sync 1 DAGs
[2023-12-04T06:18:07.534+0000] {logging_mixin.py:154} INFO - [2023-12-04T06:18:07.534+0000] {dag.py:3722} INFO - Setting next_dagrun for rest-trigger to 2023-12-02T00:00:00+00:00, run_after=2023-12-03T00:00:00+00:00
[2023-12-04T06:18:07.550+0000] {processor.py:179} INFO - Processing /opt/airflow/dags/rest_trigger.py took 0.072 seconds
[2023-12-04T06:18:37.910+0000] {processor.py:157} INFO - Started process (PID=11936) to work on /opt/airflow/dags/rest_trigger.py
[2023-12-04T06:18:37.911+0000] {processor.py:829} INFO - Processing file /opt/airflow/dags/rest_trigger.py for tasks to queue
[2023-12-04T06:18:37.912+0000] {logging_mixin.py:154} INFO - [2023-12-04T06:18:37.912+0000] {dagbag.py:536} INFO - Filling up the DagBag from /opt/airflow/dags/rest_trigger.py
[2023-12-04T06:18:37.918+0000] {processor.py:839} INFO - DAG(s) dict_keys(['rest-trigger']) retrieved from /opt/airflow/dags/rest_trigger.py
[2023-12-04T06:18:37.937+0000] {logging_mixin.py:154} INFO - [2023-12-04T06:18:37.937+0000] {dag.py:2941} INFO - Sync 1 DAGs
[2023-12-04T06:18:37.951+0000] {logging_mixin.py:154} INFO - [2023-12-04T06:18:37.951+0000] {dag.py:3722} INFO - Setting next_dagrun for rest-trigger to 2023-12-02T00:00:00+00:00, run_after=2023-12-03T00:00:00+00:00
[2023-12-04T06:18:37.994+0000] {processor.py:179} INFO - Processing /opt/airflow/dags/rest_trigger.py took 0.087 seconds
[2023-12-04T06:19:08.937+0000] {processor.py:157} INFO - Started process (PID=12001) to work on /opt/airflow/dags/rest_trigger.py
[2023-12-04T06:19:08.940+0000] {processor.py:829} INFO - Processing file /opt/airflow/dags/rest_trigger.py for tasks to queue
[2023-12-04T06:19:08.941+0000] {logging_mixin.py:154} INFO - [2023-12-04T06:19:08.941+0000] {dagbag.py:536} INFO - Filling up the DagBag from /opt/airflow/dags/rest_trigger.py
[2023-12-04T06:19:08.946+0000] {processor.py:839} INFO - DAG(s) dict_keys(['rest-trigger']) retrieved from /opt/airflow/dags/rest_trigger.py
[2023-12-04T06:19:08.965+0000] {logging_mixin.py:154} INFO - [2023-12-04T06:19:08.965+0000] {dag.py:2941} INFO - Sync 1 DAGs
[2023-12-04T06:19:08.982+0000] {logging_mixin.py:154} INFO - [2023-12-04T06:19:08.982+0000] {dag.py:3722} INFO - Setting next_dagrun for rest-trigger to 2023-12-02T00:00:00+00:00, run_after=2023-12-03T00:00:00+00:00
[2023-12-04T06:19:09.012+0000] {processor.py:179} INFO - Processing /opt/airflow/dags/rest_trigger.py took 0.078 seconds
[2023-12-04T06:19:39.232+0000] {processor.py:157} INFO - Started process (PID=12065) to work on /opt/airflow/dags/rest_trigger.py
[2023-12-04T06:19:39.233+0000] {processor.py:829} INFO - Processing file /opt/airflow/dags/rest_trigger.py for tasks to queue
[2023-12-04T06:19:39.234+0000] {logging_mixin.py:154} INFO - [2023-12-04T06:19:39.234+0000] {dagbag.py:536} INFO - Filling up the DagBag from /opt/airflow/dags/rest_trigger.py
[2023-12-04T06:19:39.245+0000] {processor.py:839} INFO - DAG(s) dict_keys(['rest-trigger']) retrieved from /opt/airflow/dags/rest_trigger.py
[2023-12-04T06:19:39.274+0000] {logging_mixin.py:154} INFO - [2023-12-04T06:19:39.274+0000] {dag.py:2941} INFO - Sync 1 DAGs
[2023-12-04T06:19:39.290+0000] {logging_mixin.py:154} INFO - [2023-12-04T06:19:39.290+0000] {dag.py:3722} INFO - Setting next_dagrun for rest-trigger to 2023-12-02T00:00:00+00:00, run_after=2023-12-03T00:00:00+00:00
[2023-12-04T06:19:39.305+0000] {processor.py:179} INFO - Processing /opt/airflow/dags/rest_trigger.py took 0.077 seconds
[2023-12-04T06:20:09.732+0000] {processor.py:157} INFO - Started process (PID=12130) to work on /opt/airflow/dags/rest_trigger.py
[2023-12-04T06:20:09.755+0000] {processor.py:829} INFO - Processing file /opt/airflow/dags/rest_trigger.py for tasks to queue
[2023-12-04T06:20:09.757+0000] {logging_mixin.py:154} INFO - [2023-12-04T06:20:09.757+0000] {dagbag.py:536} INFO - Filling up the DagBag from /opt/airflow/dags/rest_trigger.py
[2023-12-04T06:20:09.792+0000] {processor.py:839} INFO - DAG(s) dict_keys(['rest-trigger']) retrieved from /opt/airflow/dags/rest_trigger.py
[2023-12-04T06:20:10.055+0000] {logging_mixin.py:154} INFO - [2023-12-04T06:20:10.055+0000] {dag.py:2941} INFO - Sync 1 DAGs
[2023-12-04T06:20:10.189+0000] {logging_mixin.py:154} INFO - [2023-12-04T06:20:10.189+0000] {dag.py:3722} INFO - Setting next_dagrun for rest-trigger to 2023-12-02T00:00:00+00:00, run_after=2023-12-03T00:00:00+00:00
[2023-12-04T06:20:10.727+0000] {processor.py:179} INFO - Processing /opt/airflow/dags/rest_trigger.py took 1.021 seconds
[2023-12-04T06:20:54.581+0000] {processor.py:157} INFO - Started process (PID=12190) to work on /opt/airflow/dags/rest_trigger.py
[2023-12-04T06:20:54.619+0000] {processor.py:829} INFO - Processing file /opt/airflow/dags/rest_trigger.py for tasks to queue
[2023-12-04T06:20:54.681+0000] {logging_mixin.py:154} INFO - [2023-12-04T06:20:54.681+0000] {dagbag.py:536} INFO - Filling up the DagBag from /opt/airflow/dags/rest_trigger.py
[2023-12-04T06:20:54.707+0000] {processor.py:839} INFO - DAG(s) dict_keys(['rest-trigger']) retrieved from /opt/airflow/dags/rest_trigger.py
[2023-12-04T06:20:57.370+0000] {logging_mixin.py:154} INFO - [2023-12-04T06:20:57.369+0000] {dag.py:2941} INFO - Sync 1 DAGs
[2023-12-04T06:20:58.490+0000] {logging_mixin.py:154} INFO - [2023-12-04T06:20:58.489+0000] {dag.py:3722} INFO - Setting next_dagrun for rest-trigger to 2023-12-02T00:00:00+00:00, run_after=2023-12-03T00:00:00+00:00
[2023-12-04T06:20:59.761+0000] {processor.py:179} INFO - Processing /opt/airflow/dags/rest_trigger.py took 5.215 seconds
[2023-12-04T06:21:44.671+0000] {processor.py:157} INFO - Started process (PID=12248) to work on /opt/airflow/dags/rest_trigger.py
[2023-12-04T06:21:44.728+0000] {processor.py:829} INFO - Processing file /opt/airflow/dags/rest_trigger.py for tasks to queue
[2023-12-04T06:21:44.739+0000] {logging_mixin.py:154} INFO - [2023-12-04T06:21:44.738+0000] {dagbag.py:536} INFO - Filling up the DagBag from /opt/airflow/dags/rest_trigger.py
[2023-12-04T06:21:44.810+0000] {processor.py:839} INFO - DAG(s) dict_keys(['rest-trigger']) retrieved from /opt/airflow/dags/rest_trigger.py
[2023-12-04T06:21:45.362+0000] {logging_mixin.py:154} INFO - [2023-12-04T06:21:45.361+0000] {dag.py:2941} INFO - Sync 1 DAGs
[2023-12-04T06:21:45.525+0000] {logging_mixin.py:154} INFO - [2023-12-04T06:21:45.521+0000] {dag.py:3722} INFO - Setting next_dagrun for rest-trigger to 2023-12-02T00:00:00+00:00, run_after=2023-12-03T00:00:00+00:00
[2023-12-04T06:21:45.911+0000] {processor.py:179} INFO - Processing /opt/airflow/dags/rest_trigger.py took 1.246 seconds
[2023-12-04T06:22:19.637+0000] {processor.py:157} INFO - Started process (PID=12303) to work on /opt/airflow/dags/rest_trigger.py
[2023-12-04T06:22:19.665+0000] {processor.py:829} INFO - Processing file /opt/airflow/dags/rest_trigger.py for tasks to queue
[2023-12-04T06:22:19.666+0000] {logging_mixin.py:154} INFO - [2023-12-04T06:22:19.666+0000] {dagbag.py:536} INFO - Filling up the DagBag from /opt/airflow/dags/rest_trigger.py
[2023-12-04T06:22:19.730+0000] {processor.py:839} INFO - DAG(s) dict_keys(['rest-trigger']) retrieved from /opt/airflow/dags/rest_trigger.py
[2023-12-04T06:22:19.963+0000] {logging_mixin.py:154} INFO - [2023-12-04T06:22:19.962+0000] {dag.py:2941} INFO - Sync 1 DAGs
[2023-12-04T06:22:20.089+0000] {logging_mixin.py:154} INFO - [2023-12-04T06:22:20.089+0000] {dag.py:3722} INFO - Setting next_dagrun for rest-trigger to 2023-12-02T00:00:00+00:00, run_after=2023-12-03T00:00:00+00:00
[2023-12-04T06:22:20.256+0000] {processor.py:179} INFO - Processing /opt/airflow/dags/rest_trigger.py took 0.645 seconds
[2023-12-04T06:22:50.702+0000] {processor.py:157} INFO - Started process (PID=12350) to work on /opt/airflow/dags/rest_trigger.py
[2023-12-04T06:22:50.726+0000] {processor.py:829} INFO - Processing file /opt/airflow/dags/rest_trigger.py for tasks to queue
[2023-12-04T06:22:50.742+0000] {logging_mixin.py:154} INFO - [2023-12-04T06:22:50.742+0000] {dagbag.py:536} INFO - Filling up the DagBag from /opt/airflow/dags/rest_trigger.py
[2023-12-04T06:22:50.803+0000] {processor.py:839} INFO - DAG(s) dict_keys(['rest-trigger']) retrieved from /opt/airflow/dags/rest_trigger.py
[2023-12-04T06:22:51.096+0000] {logging_mixin.py:154} INFO - [2023-12-04T06:22:51.096+0000] {dag.py:2941} INFO - Sync 1 DAGs
[2023-12-04T06:22:51.170+0000] {logging_mixin.py:154} INFO - [2023-12-04T06:22:51.170+0000] {dag.py:3722} INFO - Setting next_dagrun for rest-trigger to 2023-12-02T00:00:00+00:00, run_after=2023-12-03T00:00:00+00:00
[2023-12-04T06:22:51.316+0000] {processor.py:179} INFO - Processing /opt/airflow/dags/rest_trigger.py took 0.626 seconds
[2023-12-04T06:23:26.304+0000] {processor.py:157} INFO - Started process (PID=12410) to work on /opt/airflow/dags/rest_trigger.py
[2023-12-04T06:23:26.329+0000] {processor.py:829} INFO - Processing file /opt/airflow/dags/rest_trigger.py for tasks to queue
[2023-12-04T06:23:26.333+0000] {logging_mixin.py:154} INFO - [2023-12-04T06:23:26.329+0000] {dagbag.py:536} INFO - Filling up the DagBag from /opt/airflow/dags/rest_trigger.py
[2023-12-04T06:23:26.368+0000] {processor.py:839} INFO - DAG(s) dict_keys(['rest-trigger']) retrieved from /opt/airflow/dags/rest_trigger.py
[2023-12-04T06:23:26.766+0000] {logging_mixin.py:154} INFO - [2023-12-04T06:23:26.766+0000] {dag.py:2941} INFO - Sync 1 DAGs
[2023-12-04T06:23:26.948+0000] {logging_mixin.py:154} INFO - [2023-12-04T06:23:26.948+0000] {dag.py:3722} INFO - Setting next_dagrun for rest-trigger to 2023-12-02T00:00:00+00:00, run_after=2023-12-03T00:00:00+00:00
[2023-12-04T06:23:27.856+0000] {processor.py:179} INFO - Processing /opt/airflow/dags/rest_trigger.py took 1.569 seconds
[2023-12-04T06:23:59.834+0000] {processor.py:157} INFO - Started process (PID=12470) to work on /opt/airflow/dags/rest_trigger.py
[2023-12-04T06:23:59.868+0000] {processor.py:829} INFO - Processing file /opt/airflow/dags/rest_trigger.py for tasks to queue
[2023-12-04T06:23:59.877+0000] {logging_mixin.py:154} INFO - [2023-12-04T06:23:59.877+0000] {dagbag.py:536} INFO - Filling up the DagBag from /opt/airflow/dags/rest_trigger.py
[2023-12-04T06:23:59.904+0000] {processor.py:839} INFO - DAG(s) dict_keys(['rest-trigger']) retrieved from /opt/airflow/dags/rest_trigger.py
[2023-12-04T06:24:00.049+0000] {logging_mixin.py:154} INFO - [2023-12-04T06:24:00.045+0000] {dag.py:2941} INFO - Sync 1 DAGs
[2023-12-04T06:24:00.140+0000] {logging_mixin.py:154} INFO - [2023-12-04T06:24:00.140+0000] {dag.py:3722} INFO - Setting next_dagrun for rest-trigger to 2023-12-02T00:00:00+00:00, run_after=2023-12-03T00:00:00+00:00
[2023-12-04T06:24:00.232+0000] {processor.py:179} INFO - Processing /opt/airflow/dags/rest_trigger.py took 0.416 seconds
[2023-12-04T06:24:33.265+0000] {processor.py:157} INFO - Started process (PID=12531) to work on /opt/airflow/dags/rest_trigger.py
[2023-12-04T06:24:33.271+0000] {processor.py:829} INFO - Processing file /opt/airflow/dags/rest_trigger.py for tasks to queue
[2023-12-04T06:24:33.272+0000] {logging_mixin.py:154} INFO - [2023-12-04T06:24:33.271+0000] {dagbag.py:536} INFO - Filling up the DagBag from /opt/airflow/dags/rest_trigger.py
[2023-12-04T06:24:33.302+0000] {processor.py:839} INFO - DAG(s) dict_keys(['rest-trigger']) retrieved from /opt/airflow/dags/rest_trigger.py
[2023-12-04T06:24:33.442+0000] {logging_mixin.py:154} INFO - [2023-12-04T06:24:33.441+0000] {dag.py:2941} INFO - Sync 1 DAGs
[2023-12-04T06:24:33.538+0000] {logging_mixin.py:154} INFO - [2023-12-04T06:24:33.537+0000] {dag.py:3722} INFO - Setting next_dagrun for rest-trigger to 2023-12-02T00:00:00+00:00, run_after=2023-12-03T00:00:00+00:00
[2023-12-04T06:24:33.839+0000] {processor.py:179} INFO - Processing /opt/airflow/dags/rest_trigger.py took 0.590 seconds
[2023-12-04T06:25:04.013+0000] {processor.py:157} INFO - Started process (PID=12595) to work on /opt/airflow/dags/rest_trigger.py
[2023-12-04T06:25:04.040+0000] {processor.py:829} INFO - Processing file /opt/airflow/dags/rest_trigger.py for tasks to queue
[2023-12-04T06:25:04.047+0000] {logging_mixin.py:154} INFO - [2023-12-04T06:25:04.046+0000] {dagbag.py:536} INFO - Filling up the DagBag from /opt/airflow/dags/rest_trigger.py
[2023-12-04T06:25:04.074+0000] {processor.py:839} INFO - DAG(s) dict_keys(['rest-trigger']) retrieved from /opt/airflow/dags/rest_trigger.py
[2023-12-04T06:25:04.215+0000] {logging_mixin.py:154} INFO - [2023-12-04T06:25:04.214+0000] {dag.py:2941} INFO - Sync 1 DAGs
[2023-12-04T06:25:04.260+0000] {logging_mixin.py:154} INFO - [2023-12-04T06:25:04.259+0000] {dag.py:3722} INFO - Setting next_dagrun for rest-trigger to 2023-12-02T00:00:00+00:00, run_after=2023-12-03T00:00:00+00:00
[2023-12-04T06:25:04.327+0000] {processor.py:179} INFO - Processing /opt/airflow/dags/rest_trigger.py took 0.334 seconds
[2023-12-04T06:25:38.129+0000] {processor.py:157} INFO - Started process (PID=12659) to work on /opt/airflow/dags/rest_trigger.py
[2023-12-04T06:25:38.166+0000] {processor.py:829} INFO - Processing file /opt/airflow/dags/rest_trigger.py for tasks to queue
[2023-12-04T06:25:38.168+0000] {logging_mixin.py:154} INFO - [2023-12-04T06:25:38.167+0000] {dagbag.py:536} INFO - Filling up the DagBag from /opt/airflow/dags/rest_trigger.py
[2023-12-04T06:25:38.195+0000] {processor.py:839} INFO - DAG(s) dict_keys(['rest-trigger']) retrieved from /opt/airflow/dags/rest_trigger.py
[2023-12-04T06:25:38.320+0000] {logging_mixin.py:154} INFO - [2023-12-04T06:25:38.320+0000] {dag.py:2941} INFO - Sync 1 DAGs
[2023-12-04T06:25:38.391+0000] {logging_mixin.py:154} INFO - [2023-12-04T06:25:38.391+0000] {dag.py:3722} INFO - Setting next_dagrun for rest-trigger to 2023-12-02T00:00:00+00:00, run_after=2023-12-03T00:00:00+00:00
[2023-12-04T06:25:38.548+0000] {processor.py:179} INFO - Processing /opt/airflow/dags/rest_trigger.py took 0.442 seconds
[2023-12-04T06:26:10.154+0000] {processor.py:157} INFO - Started process (PID=12722) to work on /opt/airflow/dags/rest_trigger.py
[2023-12-04T06:26:10.160+0000] {processor.py:829} INFO - Processing file /opt/airflow/dags/rest_trigger.py for tasks to queue
[2023-12-04T06:26:10.164+0000] {logging_mixin.py:154} INFO - [2023-12-04T06:26:10.161+0000] {dagbag.py:536} INFO - Filling up the DagBag from /opt/airflow/dags/rest_trigger.py
[2023-12-04T06:26:10.183+0000] {processor.py:839} INFO - DAG(s) dict_keys(['rest-trigger']) retrieved from /opt/airflow/dags/rest_trigger.py
[2023-12-04T06:26:10.617+0000] {logging_mixin.py:154} INFO - [2023-12-04T06:26:10.617+0000] {dag.py:2941} INFO - Sync 1 DAGs
[2023-12-04T06:26:10.845+0000] {logging_mixin.py:154} INFO - [2023-12-04T06:26:10.845+0000] {dag.py:3722} INFO - Setting next_dagrun for rest-trigger to 2023-12-02T00:00:00+00:00, run_after=2023-12-03T00:00:00+00:00
[2023-12-04T06:26:11.241+0000] {processor.py:179} INFO - Processing /opt/airflow/dags/rest_trigger.py took 1.113 seconds
[2023-12-04T06:26:44.415+0000] {processor.py:157} INFO - Started process (PID=12782) to work on /opt/airflow/dags/rest_trigger.py
[2023-12-04T06:26:44.459+0000] {processor.py:829} INFO - Processing file /opt/airflow/dags/rest_trigger.py for tasks to queue
[2023-12-04T06:26:44.469+0000] {logging_mixin.py:154} INFO - [2023-12-04T06:26:44.460+0000] {dagbag.py:536} INFO - Filling up the DagBag from /opt/airflow/dags/rest_trigger.py
[2023-12-04T06:26:44.580+0000] {processor.py:839} INFO - DAG(s) dict_keys(['rest-trigger']) retrieved from /opt/airflow/dags/rest_trigger.py
[2023-12-04T06:26:45.111+0000] {logging_mixin.py:154} INFO - [2023-12-04T06:26:45.110+0000] {dag.py:2941} INFO - Sync 1 DAGs
[2023-12-04T06:26:45.349+0000] {logging_mixin.py:154} INFO - [2023-12-04T06:26:45.348+0000] {dag.py:3722} INFO - Setting next_dagrun for rest-trigger to 2023-12-02T00:00:00+00:00, run_after=2023-12-03T00:00:00+00:00
[2023-12-04T06:26:45.813+0000] {processor.py:179} INFO - Processing /opt/airflow/dags/rest_trigger.py took 1.473 seconds
[2023-12-04T06:27:24.460+0000] {processor.py:157} INFO - Started process (PID=12845) to work on /opt/airflow/dags/rest_trigger.py
[2023-12-04T06:27:24.491+0000] {processor.py:829} INFO - Processing file /opt/airflow/dags/rest_trigger.py for tasks to queue
[2023-12-04T06:27:24.492+0000] {logging_mixin.py:154} INFO - [2023-12-04T06:27:24.492+0000] {dagbag.py:536} INFO - Filling up the DagBag from /opt/airflow/dags/rest_trigger.py
[2023-12-04T06:27:24.517+0000] {processor.py:839} INFO - DAG(s) dict_keys(['rest-trigger']) retrieved from /opt/airflow/dags/rest_trigger.py
[2023-12-04T06:27:24.761+0000] {logging_mixin.py:154} INFO - [2023-12-04T06:27:24.761+0000] {dag.py:2941} INFO - Sync 1 DAGs
[2023-12-04T06:27:24.988+0000] {logging_mixin.py:154} INFO - [2023-12-04T06:27:24.988+0000] {dag.py:3722} INFO - Setting next_dagrun for rest-trigger to 2023-12-02T00:00:00+00:00, run_after=2023-12-03T00:00:00+00:00
[2023-12-04T06:27:25.873+0000] {processor.py:179} INFO - Processing /opt/airflow/dags/rest_trigger.py took 1.428 seconds
[2023-12-04T06:28:00.462+0000] {processor.py:157} INFO - Started process (PID=12909) to work on /opt/airflow/dags/rest_trigger.py
[2023-12-04T06:28:00.481+0000] {processor.py:829} INFO - Processing file /opt/airflow/dags/rest_trigger.py for tasks to queue
[2023-12-04T06:28:00.484+0000] {logging_mixin.py:154} INFO - [2023-12-04T06:28:00.482+0000] {dagbag.py:536} INFO - Filling up the DagBag from /opt/airflow/dags/rest_trigger.py
[2023-12-04T06:28:00.506+0000] {processor.py:839} INFO - DAG(s) dict_keys(['rest-trigger']) retrieved from /opt/airflow/dags/rest_trigger.py
[2023-12-04T06:28:00.850+0000] {logging_mixin.py:154} INFO - [2023-12-04T06:28:00.850+0000] {dag.py:2941} INFO - Sync 1 DAGs
[2023-12-04T06:28:00.952+0000] {logging_mixin.py:154} INFO - [2023-12-04T06:28:00.952+0000] {dag.py:3722} INFO - Setting next_dagrun for rest-trigger to 2023-12-02T00:00:00+00:00, run_after=2023-12-03T00:00:00+00:00
[2023-12-04T06:28:01.176+0000] {processor.py:179} INFO - Processing /opt/airflow/dags/rest_trigger.py took 0.721 seconds
[2023-12-04T06:28:42.511+0000] {processor.py:157} INFO - Started process (PID=12965) to work on /opt/airflow/dags/rest_trigger.py
[2023-12-04T06:28:42.550+0000] {processor.py:829} INFO - Processing file /opt/airflow/dags/rest_trigger.py for tasks to queue
[2023-12-04T06:28:42.552+0000] {logging_mixin.py:154} INFO - [2023-12-04T06:28:42.551+0000] {dagbag.py:536} INFO - Filling up the DagBag from /opt/airflow/dags/rest_trigger.py
[2023-12-04T06:28:42.585+0000] {processor.py:839} INFO - DAG(s) dict_keys(['rest-trigger']) retrieved from /opt/airflow/dags/rest_trigger.py
[2023-12-04T06:28:43.366+0000] {logging_mixin.py:154} INFO - [2023-12-04T06:28:43.366+0000] {dag.py:2941} INFO - Sync 1 DAGs
[2023-12-04T06:28:43.921+0000] {logging_mixin.py:154} INFO - [2023-12-04T06:28:43.921+0000] {dag.py:3722} INFO - Setting next_dagrun for rest-trigger to 2023-12-02T00:00:00+00:00, run_after=2023-12-03T00:00:00+00:00
[2023-12-04T06:28:45.031+0000] {processor.py:179} INFO - Processing /opt/airflow/dags/rest_trigger.py took 2.534 seconds
[2023-12-04T06:29:22.626+0000] {processor.py:157} INFO - Started process (PID=13005) to work on /opt/airflow/dags/rest_trigger.py
[2023-12-04T06:29:22.701+0000] {processor.py:829} INFO - Processing file /opt/airflow/dags/rest_trigger.py for tasks to queue
[2023-12-04T06:29:22.732+0000] {logging_mixin.py:154} INFO - [2023-12-04T06:29:22.731+0000] {dagbag.py:536} INFO - Filling up the DagBag from /opt/airflow/dags/rest_trigger.py
[2023-12-04T06:29:23.214+0000] {processor.py:839} INFO - DAG(s) dict_keys(['rest-trigger']) retrieved from /opt/airflow/dags/rest_trigger.py
[2023-12-04T06:29:24.022+0000] {logging_mixin.py:154} INFO - [2023-12-04T06:29:23.996+0000] {dag.py:2941} INFO - Sync 1 DAGs
[2023-12-04T06:29:24.483+0000] {logging_mixin.py:154} INFO - [2023-12-04T06:29:24.483+0000] {dag.py:3722} INFO - Setting next_dagrun for rest-trigger to 2023-12-02T00:00:00+00:00, run_after=2023-12-03T00:00:00+00:00
[2023-12-04T06:29:25.048+0000] {processor.py:179} INFO - Processing /opt/airflow/dags/rest_trigger.py took 2.480 seconds
[2023-12-04T06:30:20.059+0000] {processor.py:157} INFO - Started process (PID=13049) to work on /opt/airflow/dags/rest_trigger.py
[2023-12-04T06:30:20.488+0000] {processor.py:829} INFO - Processing file /opt/airflow/dags/rest_trigger.py for tasks to queue
[2023-12-04T06:30:20.524+0000] {logging_mixin.py:154} INFO - [2023-12-04T06:30:20.489+0000] {dagbag.py:536} INFO - Filling up the DagBag from /opt/airflow/dags/rest_trigger.py
[2023-12-04T06:30:20.670+0000] {processor.py:839} INFO - DAG(s) dict_keys(['rest-trigger']) retrieved from /opt/airflow/dags/rest_trigger.py
[2023-12-04T06:30:21.559+0000] {logging_mixin.py:154} INFO - [2023-12-04T06:30:21.559+0000] {dag.py:2941} INFO - Sync 1 DAGs
[2023-12-04T06:30:22.292+0000] {logging_mixin.py:154} INFO - [2023-12-04T06:30:22.258+0000] {dag.py:3722} INFO - Setting next_dagrun for rest-trigger to 2023-12-02T00:00:00+00:00, run_after=2023-12-03T00:00:00+00:00
[2023-12-04T06:30:23.656+0000] {processor.py:179} INFO - Processing /opt/airflow/dags/rest_trigger.py took 3.637 seconds
[2023-12-04T06:31:12.075+0000] {processor.py:157} INFO - Started process (PID=13097) to work on /opt/airflow/dags/rest_trigger.py
[2023-12-04T06:31:12.185+0000] {processor.py:829} INFO - Processing file /opt/airflow/dags/rest_trigger.py for tasks to queue
[2023-12-04T06:31:12.187+0000] {logging_mixin.py:154} INFO - [2023-12-04T06:31:12.186+0000] {dagbag.py:536} INFO - Filling up the DagBag from /opt/airflow/dags/rest_trigger.py
[2023-12-04T06:31:12.267+0000] {processor.py:839} INFO - DAG(s) dict_keys(['rest-trigger']) retrieved from /opt/airflow/dags/rest_trigger.py
[2023-12-04T06:31:13.506+0000] {logging_mixin.py:154} INFO - [2023-12-04T06:31:13.506+0000] {dag.py:2941} INFO - Sync 1 DAGs
[2023-12-04T06:31:13.812+0000] {logging_mixin.py:154} INFO - [2023-12-04T06:31:13.812+0000] {dag.py:3722} INFO - Setting next_dagrun for rest-trigger to 2023-12-02T00:00:00+00:00, run_after=2023-12-03T00:00:00+00:00
[2023-12-04T06:31:14.406+0000] {processor.py:179} INFO - Processing /opt/airflow/dags/rest_trigger.py took 2.441 seconds
[2023-12-04T06:32:10.747+0000] {processor.py:157} INFO - Started process (PID=13140) to work on /opt/airflow/dags/rest_trigger.py
[2023-12-04T06:32:10.852+0000] {processor.py:829} INFO - Processing file /opt/airflow/dags/rest_trigger.py for tasks to queue
[2023-12-04T06:32:10.861+0000] {logging_mixin.py:154} INFO - [2023-12-04T06:32:10.854+0000] {dagbag.py:536} INFO - Filling up the DagBag from /opt/airflow/dags/rest_trigger.py
[2023-12-04T06:32:10.977+0000] {processor.py:839} INFO - DAG(s) dict_keys(['rest-trigger']) retrieved from /opt/airflow/dags/rest_trigger.py
[2023-12-04T06:32:12.018+0000] {logging_mixin.py:154} INFO - [2023-12-04T06:32:12.018+0000] {dag.py:2941} INFO - Sync 1 DAGs
[2023-12-04T06:32:12.411+0000] {logging_mixin.py:154} INFO - [2023-12-04T06:32:12.410+0000] {dag.py:3722} INFO - Setting next_dagrun for rest-trigger to 2023-12-02T00:00:00+00:00, run_after=2023-12-03T00:00:00+00:00
[2023-12-04T06:32:13.010+0000] {processor.py:179} INFO - Processing /opt/airflow/dags/rest_trigger.py took 2.301 seconds
[2023-12-04T06:33:15.350+0000] {processor.py:157} INFO - Started process (PID=13190) to work on /opt/airflow/dags/rest_trigger.py
[2023-12-04T06:33:15.502+0000] {processor.py:829} INFO - Processing file /opt/airflow/dags/rest_trigger.py for tasks to queue
[2023-12-04T06:33:15.513+0000] {logging_mixin.py:154} INFO - [2023-12-04T06:33:15.513+0000] {dagbag.py:536} INFO - Filling up the DagBag from /opt/airflow/dags/rest_trigger.py
[2023-12-04T06:33:15.730+0000] {processor.py:839} INFO - DAG(s) dict_keys(['rest-trigger']) retrieved from /opt/airflow/dags/rest_trigger.py
[2023-12-04T06:33:16.792+0000] {logging_mixin.py:154} INFO - [2023-12-04T06:33:16.791+0000] {dag.py:2941} INFO - Sync 1 DAGs
[2023-12-04T06:33:17.414+0000] {logging_mixin.py:154} INFO - [2023-12-04T06:33:17.402+0000] {dag.py:3722} INFO - Setting next_dagrun for rest-trigger to 2023-12-02T00:00:00+00:00, run_after=2023-12-03T00:00:00+00:00
[2023-12-04T06:33:18.815+0000] {processor.py:179} INFO - Processing /opt/airflow/dags/rest_trigger.py took 3.508 seconds
[2023-12-04T06:34:15.700+0000] {processor.py:157} INFO - Started process (PID=13240) to work on /opt/airflow/dags/rest_trigger.py
[2023-12-04T06:34:15.754+0000] {processor.py:829} INFO - Processing file /opt/airflow/dags/rest_trigger.py for tasks to queue
[2023-12-04T06:34:15.770+0000] {logging_mixin.py:154} INFO - [2023-12-04T06:34:15.762+0000] {dagbag.py:536} INFO - Filling up the DagBag from /opt/airflow/dags/rest_trigger.py
[2023-12-04T06:34:15.868+0000] {processor.py:839} INFO - DAG(s) dict_keys(['rest-trigger']) retrieved from /opt/airflow/dags/rest_trigger.py
[2023-12-04T06:34:17.120+0000] {logging_mixin.py:154} INFO - [2023-12-04T06:34:17.120+0000] {dag.py:2941} INFO - Sync 1 DAGs
[2023-12-04T06:34:17.337+0000] {logging_mixin.py:154} INFO - [2023-12-04T06:34:17.337+0000] {dag.py:3722} INFO - Setting next_dagrun for rest-trigger to 2023-12-02T00:00:00+00:00, run_after=2023-12-03T00:00:00+00:00
[2023-12-04T06:34:18.106+0000] {processor.py:179} INFO - Processing /opt/airflow/dags/rest_trigger.py took 2.439 seconds
[2023-12-04T06:35:11.903+0000] {processor.py:157} INFO - Started process (PID=13288) to work on /opt/airflow/dags/rest_trigger.py
[2023-12-04T06:35:11.982+0000] {processor.py:829} INFO - Processing file /opt/airflow/dags/rest_trigger.py for tasks to queue
[2023-12-04T06:35:11.985+0000] {logging_mixin.py:154} INFO - [2023-12-04T06:35:11.984+0000] {dagbag.py:536} INFO - Filling up the DagBag from /opt/airflow/dags/rest_trigger.py
[2023-12-04T06:35:12.045+0000] {processor.py:839} INFO - DAG(s) dict_keys(['rest-trigger']) retrieved from /opt/airflow/dags/rest_trigger.py
[2023-12-04T06:35:12.379+0000] {logging_mixin.py:154} INFO - [2023-12-04T06:35:12.362+0000] {dag.py:2941} INFO - Sync 1 DAGs
[2023-12-04T06:35:12.685+0000] {logging_mixin.py:154} INFO - [2023-12-04T06:35:12.684+0000] {dag.py:3722} INFO - Setting next_dagrun for rest-trigger to 2023-12-02T00:00:00+00:00, run_after=2023-12-03T00:00:00+00:00
[2023-12-04T06:35:13.400+0000] {processor.py:179} INFO - Processing /opt/airflow/dags/rest_trigger.py took 1.526 seconds
[2023-12-04T06:35:56.515+0000] {processor.py:157} INFO - Started process (PID=13332) to work on /opt/airflow/dags/rest_trigger.py
[2023-12-04T06:35:56.617+0000] {processor.py:829} INFO - Processing file /opt/airflow/dags/rest_trigger.py for tasks to queue
[2023-12-04T06:35:56.658+0000] {logging_mixin.py:154} INFO - [2023-12-04T06:35:56.657+0000] {dagbag.py:536} INFO - Filling up the DagBag from /opt/airflow/dags/rest_trigger.py
[2023-12-04T06:35:56.709+0000] {processor.py:839} INFO - DAG(s) dict_keys(['rest-trigger']) retrieved from /opt/airflow/dags/rest_trigger.py
[2023-12-04T06:35:57.626+0000] {logging_mixin.py:154} INFO - [2023-12-04T06:35:57.626+0000] {dag.py:2941} INFO - Sync 1 DAGs
[2023-12-04T06:35:58.051+0000] {logging_mixin.py:154} INFO - [2023-12-04T06:35:58.050+0000] {dag.py:3722} INFO - Setting next_dagrun for rest-trigger to 2023-12-02T00:00:00+00:00, run_after=2023-12-03T00:00:00+00:00
[2023-12-04T06:35:58.980+0000] {processor.py:179} INFO - Processing /opt/airflow/dags/rest_trigger.py took 2.496 seconds
[2023-12-04T06:36:40.651+0000] {processor.py:157} INFO - Started process (PID=13375) to work on /opt/airflow/dags/rest_trigger.py
[2023-12-04T06:36:40.749+0000] {processor.py:829} INFO - Processing file /opt/airflow/dags/rest_trigger.py for tasks to queue
[2023-12-04T06:36:40.764+0000] {logging_mixin.py:154} INFO - [2023-12-04T06:36:40.757+0000] {dagbag.py:536} INFO - Filling up the DagBag from /opt/airflow/dags/rest_trigger.py
[2023-12-04T06:36:40.907+0000] {processor.py:839} INFO - DAG(s) dict_keys(['rest-trigger']) retrieved from /opt/airflow/dags/rest_trigger.py
[2023-12-04T06:36:41.508+0000] {logging_mixin.py:154} INFO - [2023-12-04T06:36:41.507+0000] {dag.py:2941} INFO - Sync 1 DAGs
[2023-12-04T06:36:41.728+0000] {logging_mixin.py:154} INFO - [2023-12-04T06:36:41.727+0000] {dag.py:3722} INFO - Setting next_dagrun for rest-trigger to 2023-12-02T00:00:00+00:00, run_after=2023-12-03T00:00:00+00:00
[2023-12-04T06:36:41.806+0000] {processor.py:179} INFO - Processing /opt/airflow/dags/rest_trigger.py took 1.197 seconds
[2023-12-04T06:37:35.633+0000] {processor.py:157} INFO - Started process (PID=13418) to work on /opt/airflow/dags/rest_trigger.py
[2023-12-04T06:37:35.676+0000] {processor.py:829} INFO - Processing file /opt/airflow/dags/rest_trigger.py for tasks to queue
[2023-12-04T06:37:35.691+0000] {logging_mixin.py:154} INFO - [2023-12-04T06:37:35.677+0000] {dagbag.py:536} INFO - Filling up the DagBag from /opt/airflow/dags/rest_trigger.py
[2023-12-04T06:37:35.799+0000] {processor.py:839} INFO - DAG(s) dict_keys(['rest-trigger']) retrieved from /opt/airflow/dags/rest_trigger.py
[2023-12-04T06:37:36.916+0000] {logging_mixin.py:154} INFO - [2023-12-04T06:37:36.915+0000] {dag.py:2941} INFO - Sync 1 DAGs
[2023-12-04T06:37:37.000+0000] {logging_mixin.py:154} INFO - [2023-12-04T06:37:37.000+0000] {dag.py:3722} INFO - Setting next_dagrun for rest-trigger to 2023-12-02T00:00:00+00:00, run_after=2023-12-03T00:00:00+00:00
[2023-12-04T06:37:37.063+0000] {processor.py:179} INFO - Processing /opt/airflow/dags/rest_trigger.py took 1.490 seconds
[2023-12-04T06:38:21.570+0000] {processor.py:157} INFO - Started process (PID=13460) to work on /opt/airflow/dags/rest_trigger.py
[2023-12-04T06:38:21.709+0000] {processor.py:829} INFO - Processing file /opt/airflow/dags/rest_trigger.py for tasks to queue
[2023-12-04T06:38:21.742+0000] {logging_mixin.py:154} INFO - [2023-12-04T06:38:21.741+0000] {dagbag.py:536} INFO - Filling up the DagBag from /opt/airflow/dags/rest_trigger.py
[2023-12-04T06:38:21.902+0000] {processor.py:839} INFO - DAG(s) dict_keys(['rest-trigger']) retrieved from /opt/airflow/dags/rest_trigger.py
[2023-12-04T06:38:23.190+0000] {logging_mixin.py:154} INFO - [2023-12-04T06:38:23.189+0000] {dag.py:2941} INFO - Sync 1 DAGs
[2023-12-04T06:38:23.982+0000] {logging_mixin.py:154} INFO - [2023-12-04T06:38:23.981+0000] {dag.py:3722} INFO - Setting next_dagrun for rest-trigger to 2023-12-02T00:00:00+00:00, run_after=2023-12-03T00:00:00+00:00
[2023-12-04T06:38:25.177+0000] {processor.py:179} INFO - Processing /opt/airflow/dags/rest_trigger.py took 3.638 seconds
[2023-12-04T06:39:13.741+0000] {processor.py:157} INFO - Started process (PID=13507) to work on /opt/airflow/dags/rest_trigger.py
[2023-12-04T06:39:13.818+0000] {processor.py:829} INFO - Processing file /opt/airflow/dags/rest_trigger.py for tasks to queue
[2023-12-04T06:39:13.837+0000] {logging_mixin.py:154} INFO - [2023-12-04T06:39:13.836+0000] {dagbag.py:536} INFO - Filling up the DagBag from /opt/airflow/dags/rest_trigger.py
[2023-12-04T06:39:13.979+0000] {processor.py:839} INFO - DAG(s) dict_keys(['rest-trigger']) retrieved from /opt/airflow/dags/rest_trigger.py
[2023-12-04T06:39:14.474+0000] {logging_mixin.py:154} INFO - [2023-12-04T06:39:14.474+0000] {dag.py:2941} INFO - Sync 1 DAGs
[2023-12-04T06:39:14.967+0000] {logging_mixin.py:154} INFO - [2023-12-04T06:39:14.961+0000] {dag.py:3722} INFO - Setting next_dagrun for rest-trigger to 2023-12-02T00:00:00+00:00, run_after=2023-12-03T00:00:00+00:00
[2023-12-04T06:39:15.479+0000] {processor.py:179} INFO - Processing /opt/airflow/dags/rest_trigger.py took 1.770 seconds
[2023-12-04T06:40:09.663+0000] {processor.py:157} INFO - Started process (PID=13551) to work on /opt/airflow/dags/rest_trigger.py
[2023-12-04T06:40:09.695+0000] {processor.py:829} INFO - Processing file /opt/airflow/dags/rest_trigger.py for tasks to queue
[2023-12-04T06:40:09.697+0000] {logging_mixin.py:154} INFO - [2023-12-04T06:40:09.697+0000] {dagbag.py:536} INFO - Filling up the DagBag from /opt/airflow/dags/rest_trigger.py
[2023-12-04T06:40:09.866+0000] {processor.py:839} INFO - DAG(s) dict_keys(['rest-trigger']) retrieved from /opt/airflow/dags/rest_trigger.py
[2023-12-04T06:40:10.754+0000] {logging_mixin.py:154} INFO - [2023-12-04T06:40:10.754+0000] {dag.py:2941} INFO - Sync 1 DAGs
[2023-12-04T06:40:11.472+0000] {logging_mixin.py:154} INFO - [2023-12-04T06:40:11.456+0000] {dag.py:3722} INFO - Setting next_dagrun for rest-trigger to 2023-12-02T00:00:00+00:00, run_after=2023-12-03T00:00:00+00:00
[2023-12-04T06:40:12.569+0000] {processor.py:179} INFO - Processing /opt/airflow/dags/rest_trigger.py took 2.987 seconds
[2023-12-04T07:16:22.134+0000] {processor.py:157} INFO - Started process (PID=13601) to work on /opt/airflow/dags/rest_trigger.py
[2023-12-04T07:16:22.138+0000] {processor.py:829} INFO - Processing file /opt/airflow/dags/rest_trigger.py for tasks to queue
[2023-12-04T07:16:22.145+0000] {logging_mixin.py:154} INFO - [2023-12-04T07:16:22.140+0000] {dagbag.py:536} INFO - Filling up the DagBag from /opt/airflow/dags/rest_trigger.py
[2023-12-04T07:16:22.167+0000] {processor.py:839} INFO - DAG(s) dict_keys(['rest-trigger']) retrieved from /opt/airflow/dags/rest_trigger.py
[2023-12-04T07:16:22.329+0000] {logging_mixin.py:154} INFO - [2023-12-04T07:16:22.328+0000] {dag.py:2941} INFO - Sync 1 DAGs
[2023-12-04T07:16:22.457+0000] {logging_mixin.py:154} INFO - [2023-12-04T07:16:22.457+0000] {dag.py:3722} INFO - Setting next_dagrun for rest-trigger to 2023-12-02T00:00:00+00:00, run_after=2023-12-03T00:00:00+00:00
[2023-12-04T07:16:22.644+0000] {processor.py:179} INFO - Processing /opt/airflow/dags/rest_trigger.py took 0.517 seconds
[2023-12-04T07:16:53.309+0000] {processor.py:157} INFO - Started process (PID=13665) to work on /opt/airflow/dags/rest_trigger.py
[2023-12-04T07:16:53.311+0000] {processor.py:829} INFO - Processing file /opt/airflow/dags/rest_trigger.py for tasks to queue
[2023-12-04T07:16:53.312+0000] {logging_mixin.py:154} INFO - [2023-12-04T07:16:53.312+0000] {dagbag.py:536} INFO - Filling up the DagBag from /opt/airflow/dags/rest_trigger.py
[2023-12-04T07:16:53.321+0000] {processor.py:839} INFO - DAG(s) dict_keys(['rest-trigger']) retrieved from /opt/airflow/dags/rest_trigger.py
[2023-12-04T07:16:53.358+0000] {logging_mixin.py:154} INFO - [2023-12-04T07:16:53.358+0000] {dag.py:2941} INFO - Sync 1 DAGs
[2023-12-04T07:16:53.382+0000] {logging_mixin.py:154} INFO - [2023-12-04T07:16:53.382+0000] {dag.py:3722} INFO - Setting next_dagrun for rest-trigger to 2023-12-02T00:00:00+00:00, run_after=2023-12-03T00:00:00+00:00
[2023-12-04T07:16:53.410+0000] {processor.py:179} INFO - Processing /opt/airflow/dags/rest_trigger.py took 0.106 seconds
[2023-12-04T07:17:24.353+0000] {processor.py:157} INFO - Started process (PID=13729) to work on /opt/airflow/dags/rest_trigger.py
[2023-12-04T07:17:24.378+0000] {processor.py:829} INFO - Processing file /opt/airflow/dags/rest_trigger.py for tasks to queue
[2023-12-04T07:17:24.378+0000] {logging_mixin.py:154} INFO - [2023-12-04T07:17:24.378+0000] {dagbag.py:536} INFO - Filling up the DagBag from /opt/airflow/dags/rest_trigger.py
[2023-12-04T07:17:24.389+0000] {processor.py:839} INFO - DAG(s) dict_keys(['rest-trigger']) retrieved from /opt/airflow/dags/rest_trigger.py
[2023-12-04T07:17:24.416+0000] {logging_mixin.py:154} INFO - [2023-12-04T07:17:24.416+0000] {dag.py:2941} INFO - Sync 1 DAGs
[2023-12-04T07:17:24.439+0000] {logging_mixin.py:154} INFO - [2023-12-04T07:17:24.438+0000] {dag.py:3722} INFO - Setting next_dagrun for rest-trigger to 2023-12-02T00:00:00+00:00, run_after=2023-12-03T00:00:00+00:00
[2023-12-04T07:17:24.463+0000] {processor.py:179} INFO - Processing /opt/airflow/dags/rest_trigger.py took 0.116 seconds
[2023-12-04T07:17:54.748+0000] {processor.py:157} INFO - Started process (PID=13793) to work on /opt/airflow/dags/rest_trigger.py
[2023-12-04T07:17:54.750+0000] {processor.py:829} INFO - Processing file /opt/airflow/dags/rest_trigger.py for tasks to queue
[2023-12-04T07:17:54.751+0000] {logging_mixin.py:154} INFO - [2023-12-04T07:17:54.751+0000] {dagbag.py:536} INFO - Filling up the DagBag from /opt/airflow/dags/rest_trigger.py
[2023-12-04T07:17:54.760+0000] {processor.py:839} INFO - DAG(s) dict_keys(['rest-trigger']) retrieved from /opt/airflow/dags/rest_trigger.py
[2023-12-04T07:17:54.804+0000] {logging_mixin.py:154} INFO - [2023-12-04T07:17:54.803+0000] {dag.py:2941} INFO - Sync 1 DAGs
[2023-12-04T07:17:54.832+0000] {logging_mixin.py:154} INFO - [2023-12-04T07:17:54.832+0000] {dag.py:3722} INFO - Setting next_dagrun for rest-trigger to 2023-12-02T00:00:00+00:00, run_after=2023-12-03T00:00:00+00:00
[2023-12-04T07:17:54.862+0000] {processor.py:179} INFO - Processing /opt/airflow/dags/rest_trigger.py took 0.118 seconds
[2023-12-04T07:18:24.943+0000] {processor.py:157} INFO - Started process (PID=13855) to work on /opt/airflow/dags/rest_trigger.py
[2023-12-04T07:18:24.966+0000] {processor.py:829} INFO - Processing file /opt/airflow/dags/rest_trigger.py for tasks to queue
[2023-12-04T07:18:24.967+0000] {logging_mixin.py:154} INFO - [2023-12-04T07:18:24.967+0000] {dagbag.py:536} INFO - Filling up the DagBag from /opt/airflow/dags/rest_trigger.py
[2023-12-04T07:18:24.976+0000] {processor.py:839} INFO - DAG(s) dict_keys(['rest-trigger']) retrieved from /opt/airflow/dags/rest_trigger.py
[2023-12-04T07:18:25.006+0000] {logging_mixin.py:154} INFO - [2023-12-04T07:18:25.006+0000] {dag.py:2941} INFO - Sync 1 DAGs
[2023-12-04T07:18:25.038+0000] {logging_mixin.py:154} INFO - [2023-12-04T07:18:25.038+0000] {dag.py:3722} INFO - Setting next_dagrun for rest-trigger to 2023-12-02T00:00:00+00:00, run_after=2023-12-03T00:00:00+00:00
[2023-12-04T07:18:25.069+0000] {processor.py:179} INFO - Processing /opt/airflow/dags/rest_trigger.py took 0.131 seconds
[2023-12-04T07:18:55.544+0000] {processor.py:157} INFO - Started process (PID=13919) to work on /opt/airflow/dags/rest_trigger.py
[2023-12-04T07:18:55.546+0000] {processor.py:829} INFO - Processing file /opt/airflow/dags/rest_trigger.py for tasks to queue
[2023-12-04T07:18:55.546+0000] {logging_mixin.py:154} INFO - [2023-12-04T07:18:55.546+0000] {dagbag.py:536} INFO - Filling up the DagBag from /opt/airflow/dags/rest_trigger.py
[2023-12-04T07:18:55.556+0000] {processor.py:839} INFO - DAG(s) dict_keys(['rest-trigger']) retrieved from /opt/airflow/dags/rest_trigger.py
[2023-12-04T07:18:55.584+0000] {logging_mixin.py:154} INFO - [2023-12-04T07:18:55.584+0000] {dag.py:2941} INFO - Sync 1 DAGs
[2023-12-04T07:18:55.606+0000] {logging_mixin.py:154} INFO - [2023-12-04T07:18:55.606+0000] {dag.py:3722} INFO - Setting next_dagrun for rest-trigger to 2023-12-02T00:00:00+00:00, run_after=2023-12-03T00:00:00+00:00
[2023-12-04T07:18:55.636+0000] {processor.py:179} INFO - Processing /opt/airflow/dags/rest_trigger.py took 0.096 seconds
[2023-12-04T07:19:26.324+0000] {processor.py:157} INFO - Started process (PID=13983) to work on /opt/airflow/dags/rest_trigger.py
[2023-12-04T07:19:26.347+0000] {processor.py:829} INFO - Processing file /opt/airflow/dags/rest_trigger.py for tasks to queue
[2023-12-04T07:19:26.348+0000] {logging_mixin.py:154} INFO - [2023-12-04T07:19:26.348+0000] {dagbag.py:536} INFO - Filling up the DagBag from /opt/airflow/dags/rest_trigger.py
[2023-12-04T07:19:26.355+0000] {processor.py:839} INFO - DAG(s) dict_keys(['rest-trigger']) retrieved from /opt/airflow/dags/rest_trigger.py
[2023-12-04T07:19:26.394+0000] {logging_mixin.py:154} INFO - [2023-12-04T07:19:26.394+0000] {dag.py:2941} INFO - Sync 1 DAGs
[2023-12-04T07:19:26.424+0000] {logging_mixin.py:154} INFO - [2023-12-04T07:19:26.424+0000] {dag.py:3722} INFO - Setting next_dagrun for rest-trigger to 2023-12-02T00:00:00+00:00, run_after=2023-12-03T00:00:00+00:00
[2023-12-04T07:19:26.487+0000] {processor.py:179} INFO - Processing /opt/airflow/dags/rest_trigger.py took 0.167 seconds
[2023-12-04T07:19:56.541+0000] {processor.py:157} INFO - Started process (PID=14047) to work on /opt/airflow/dags/rest_trigger.py
[2023-12-04T07:19:56.565+0000] {processor.py:829} INFO - Processing file /opt/airflow/dags/rest_trigger.py for tasks to queue
[2023-12-04T07:19:56.566+0000] {logging_mixin.py:154} INFO - [2023-12-04T07:19:56.565+0000] {dagbag.py:536} INFO - Filling up the DagBag from /opt/airflow/dags/rest_trigger.py
[2023-12-04T07:19:56.574+0000] {processor.py:839} INFO - DAG(s) dict_keys(['rest-trigger']) retrieved from /opt/airflow/dags/rest_trigger.py
[2023-12-04T07:19:56.609+0000] {logging_mixin.py:154} INFO - [2023-12-04T07:19:56.609+0000] {dag.py:2941} INFO - Sync 1 DAGs
[2023-12-04T07:19:56.638+0000] {logging_mixin.py:154} INFO - [2023-12-04T07:19:56.638+0000] {dag.py:3722} INFO - Setting next_dagrun for rest-trigger to 2023-12-02T00:00:00+00:00, run_after=2023-12-03T00:00:00+00:00
[2023-12-04T07:19:56.667+0000] {processor.py:179} INFO - Processing /opt/airflow/dags/rest_trigger.py took 0.129 seconds
[2023-12-04T07:20:27.148+0000] {processor.py:157} INFO - Started process (PID=14109) to work on /opt/airflow/dags/rest_trigger.py
[2023-12-04T07:20:27.151+0000] {processor.py:829} INFO - Processing file /opt/airflow/dags/rest_trigger.py for tasks to queue
[2023-12-04T07:20:27.152+0000] {logging_mixin.py:154} INFO - [2023-12-04T07:20:27.152+0000] {dagbag.py:536} INFO - Filling up the DagBag from /opt/airflow/dags/rest_trigger.py
[2023-12-04T07:20:27.167+0000] {processor.py:839} INFO - DAG(s) dict_keys(['rest-trigger']) retrieved from /opt/airflow/dags/rest_trigger.py
[2023-12-04T07:20:27.243+0000] {logging_mixin.py:154} INFO - [2023-12-04T07:20:27.243+0000] {dag.py:2941} INFO - Sync 1 DAGs
[2023-12-04T07:20:27.275+0000] {logging_mixin.py:154} INFO - [2023-12-04T07:20:27.275+0000] {dag.py:3722} INFO - Setting next_dagrun for rest-trigger to 2023-12-02T00:00:00+00:00, run_after=2023-12-03T00:00:00+00:00
[2023-12-04T07:20:27.308+0000] {processor.py:179} INFO - Processing /opt/airflow/dags/rest_trigger.py took 0.172 seconds
[2023-12-04T07:20:57.432+0000] {processor.py:157} INFO - Started process (PID=14171) to work on /opt/airflow/dags/rest_trigger.py
[2023-12-04T07:20:57.436+0000] {processor.py:829} INFO - Processing file /opt/airflow/dags/rest_trigger.py for tasks to queue
[2023-12-04T07:20:57.437+0000] {logging_mixin.py:154} INFO - [2023-12-04T07:20:57.437+0000] {dagbag.py:536} INFO - Filling up the DagBag from /opt/airflow/dags/rest_trigger.py
[2023-12-04T07:20:57.454+0000] {processor.py:839} INFO - DAG(s) dict_keys(['rest-trigger']) retrieved from /opt/airflow/dags/rest_trigger.py
[2023-12-04T07:20:57.487+0000] {logging_mixin.py:154} INFO - [2023-12-04T07:20:57.487+0000] {dag.py:2941} INFO - Sync 1 DAGs
[2023-12-04T07:20:57.521+0000] {logging_mixin.py:154} INFO - [2023-12-04T07:20:57.521+0000] {dag.py:3722} INFO - Setting next_dagrun for rest-trigger to 2023-12-02T00:00:00+00:00, run_after=2023-12-03T00:00:00+00:00
[2023-12-04T07:20:57.564+0000] {processor.py:179} INFO - Processing /opt/airflow/dags/rest_trigger.py took 0.136 seconds
[2023-12-04T07:21:27.787+0000] {processor.py:157} INFO - Started process (PID=14232) to work on /opt/airflow/dags/rest_trigger.py
[2023-12-04T07:21:27.812+0000] {processor.py:829} INFO - Processing file /opt/airflow/dags/rest_trigger.py for tasks to queue
[2023-12-04T07:21:27.813+0000] {logging_mixin.py:154} INFO - [2023-12-04T07:21:27.813+0000] {dagbag.py:536} INFO - Filling up the DagBag from /opt/airflow/dags/rest_trigger.py
[2023-12-04T07:21:27.824+0000] {processor.py:839} INFO - DAG(s) dict_keys(['rest-trigger']) retrieved from /opt/airflow/dags/rest_trigger.py
[2023-12-04T07:21:27.866+0000] {logging_mixin.py:154} INFO - [2023-12-04T07:21:27.866+0000] {dag.py:2941} INFO - Sync 1 DAGs
[2023-12-04T07:21:28.016+0000] {logging_mixin.py:154} INFO - [2023-12-04T07:21:28.015+0000] {dag.py:3722} INFO - Setting next_dagrun for rest-trigger to 2023-12-02T00:00:00+00:00, run_after=2023-12-03T00:00:00+00:00
[2023-12-04T07:21:28.056+0000] {processor.py:179} INFO - Processing /opt/airflow/dags/rest_trigger.py took 0.274 seconds
[2023-12-04T07:21:58.154+0000] {processor.py:157} INFO - Started process (PID=14296) to work on /opt/airflow/dags/rest_trigger.py
[2023-12-04T07:21:58.179+0000] {processor.py:829} INFO - Processing file /opt/airflow/dags/rest_trigger.py for tasks to queue
[2023-12-04T07:21:58.180+0000] {logging_mixin.py:154} INFO - [2023-12-04T07:21:58.180+0000] {dagbag.py:536} INFO - Filling up the DagBag from /opt/airflow/dags/rest_trigger.py
[2023-12-04T07:21:58.188+0000] {processor.py:839} INFO - DAG(s) dict_keys(['rest-trigger']) retrieved from /opt/airflow/dags/rest_trigger.py
[2023-12-04T07:21:58.214+0000] {logging_mixin.py:154} INFO - [2023-12-04T07:21:58.214+0000] {dag.py:2941} INFO - Sync 1 DAGs
[2023-12-04T07:21:58.238+0000] {logging_mixin.py:154} INFO - [2023-12-04T07:21:58.237+0000] {dag.py:3722} INFO - Setting next_dagrun for rest-trigger to 2023-12-02T00:00:00+00:00, run_after=2023-12-03T00:00:00+00:00
[2023-12-04T07:21:58.263+0000] {processor.py:179} INFO - Processing /opt/airflow/dags/rest_trigger.py took 0.112 seconds
[2023-12-04T07:22:28.339+0000] {processor.py:157} INFO - Started process (PID=14360) to work on /opt/airflow/dags/rest_trigger.py
[2023-12-04T07:22:28.362+0000] {processor.py:829} INFO - Processing file /opt/airflow/dags/rest_trigger.py for tasks to queue
[2023-12-04T07:22:28.363+0000] {logging_mixin.py:154} INFO - [2023-12-04T07:22:28.363+0000] {dagbag.py:536} INFO - Filling up the DagBag from /opt/airflow/dags/rest_trigger.py
[2023-12-04T07:22:28.371+0000] {processor.py:839} INFO - DAG(s) dict_keys(['rest-trigger']) retrieved from /opt/airflow/dags/rest_trigger.py
[2023-12-04T07:22:28.407+0000] {logging_mixin.py:154} INFO - [2023-12-04T07:22:28.407+0000] {dag.py:2941} INFO - Sync 1 DAGs
[2023-12-04T07:22:28.434+0000] {logging_mixin.py:154} INFO - [2023-12-04T07:22:28.433+0000] {dag.py:3722} INFO - Setting next_dagrun for rest-trigger to 2023-12-02T00:00:00+00:00, run_after=2023-12-03T00:00:00+00:00
[2023-12-04T07:22:28.463+0000] {processor.py:179} INFO - Processing /opt/airflow/dags/rest_trigger.py took 0.128 seconds
[2023-12-04T07:22:58.519+0000] {processor.py:157} INFO - Started process (PID=14424) to work on /opt/airflow/dags/rest_trigger.py
[2023-12-04T07:22:58.533+0000] {processor.py:829} INFO - Processing file /opt/airflow/dags/rest_trigger.py for tasks to queue
[2023-12-04T07:22:58.534+0000] {logging_mixin.py:154} INFO - [2023-12-04T07:22:58.533+0000] {dagbag.py:536} INFO - Filling up the DagBag from /opt/airflow/dags/rest_trigger.py
[2023-12-04T07:22:58.540+0000] {processor.py:839} INFO - DAG(s) dict_keys(['rest-trigger']) retrieved from /opt/airflow/dags/rest_trigger.py
[2023-12-04T07:22:58.575+0000] {logging_mixin.py:154} INFO - [2023-12-04T07:22:58.574+0000] {dag.py:2941} INFO - Sync 1 DAGs
[2023-12-04T07:22:58.603+0000] {logging_mixin.py:154} INFO - [2023-12-04T07:22:58.602+0000] {dag.py:3722} INFO - Setting next_dagrun for rest-trigger to 2023-12-02T00:00:00+00:00, run_after=2023-12-03T00:00:00+00:00
[2023-12-04T07:22:58.633+0000] {processor.py:179} INFO - Processing /opt/airflow/dags/rest_trigger.py took 0.116 seconds
[2023-12-04T07:23:29.319+0000] {processor.py:157} INFO - Started process (PID=14487) to work on /opt/airflow/dags/rest_trigger.py
[2023-12-04T07:23:29.322+0000] {processor.py:829} INFO - Processing file /opt/airflow/dags/rest_trigger.py for tasks to queue
[2023-12-04T07:23:29.322+0000] {logging_mixin.py:154} INFO - [2023-12-04T07:23:29.322+0000] {dagbag.py:536} INFO - Filling up the DagBag from /opt/airflow/dags/rest_trigger.py
[2023-12-04T07:23:29.328+0000] {processor.py:839} INFO - DAG(s) dict_keys(['rest-trigger']) retrieved from /opt/airflow/dags/rest_trigger.py
[2023-12-04T07:23:29.361+0000] {logging_mixin.py:154} INFO - [2023-12-04T07:23:29.361+0000] {dag.py:2941} INFO - Sync 1 DAGs
[2023-12-04T07:23:29.381+0000] {logging_mixin.py:154} INFO - [2023-12-04T07:23:29.381+0000] {dag.py:3722} INFO - Setting next_dagrun for rest-trigger to 2023-12-02T00:00:00+00:00, run_after=2023-12-03T00:00:00+00:00
[2023-12-04T07:23:29.405+0000] {processor.py:179} INFO - Processing /opt/airflow/dags/rest_trigger.py took 0.089 seconds
[2023-12-04T07:24:00.291+0000] {processor.py:157} INFO - Started process (PID=14549) to work on /opt/airflow/dags/rest_trigger.py
[2023-12-04T07:24:00.329+0000] {processor.py:829} INFO - Processing file /opt/airflow/dags/rest_trigger.py for tasks to queue
[2023-12-04T07:24:00.330+0000] {logging_mixin.py:154} INFO - [2023-12-04T07:24:00.329+0000] {dagbag.py:536} INFO - Filling up the DagBag from /opt/airflow/dags/rest_trigger.py
[2023-12-04T07:24:00.353+0000] {processor.py:839} INFO - DAG(s) dict_keys(['rest-trigger']) retrieved from /opt/airflow/dags/rest_trigger.py
[2023-12-04T07:24:00.676+0000] {logging_mixin.py:154} INFO - [2023-12-04T07:24:00.676+0000] {dag.py:2941} INFO - Sync 1 DAGs
[2023-12-04T07:24:00.919+0000] {logging_mixin.py:154} INFO - [2023-12-04T07:24:00.919+0000] {dag.py:3722} INFO - Setting next_dagrun for rest-trigger to 2023-12-02T00:00:00+00:00, run_after=2023-12-03T00:00:00+00:00
[2023-12-04T07:24:01.805+0000] {processor.py:179} INFO - Processing /opt/airflow/dags/rest_trigger.py took 1.524 seconds
[2023-12-04T07:24:36.283+0000] {processor.py:157} INFO - Started process (PID=14598) to work on /opt/airflow/dags/rest_trigger.py
[2023-12-04T07:24:36.310+0000] {processor.py:829} INFO - Processing file /opt/airflow/dags/rest_trigger.py for tasks to queue
[2023-12-04T07:24:36.311+0000] {logging_mixin.py:154} INFO - [2023-12-04T07:24:36.311+0000] {dagbag.py:536} INFO - Filling up the DagBag from /opt/airflow/dags/rest_trigger.py
[2023-12-04T07:24:36.342+0000] {processor.py:839} INFO - DAG(s) dict_keys(['rest-trigger']) retrieved from /opt/airflow/dags/rest_trigger.py
[2023-12-04T07:24:36.721+0000] {logging_mixin.py:154} INFO - [2023-12-04T07:24:36.713+0000] {dag.py:2941} INFO - Sync 1 DAGs
[2023-12-04T07:24:36.849+0000] {logging_mixin.py:154} INFO - [2023-12-04T07:24:36.849+0000] {dag.py:3722} INFO - Setting next_dagrun for rest-trigger to 2023-12-02T00:00:00+00:00, run_after=2023-12-03T00:00:00+00:00
[2023-12-04T07:24:37.069+0000] {processor.py:179} INFO - Processing /opt/airflow/dags/rest_trigger.py took 0.794 seconds
[2023-12-04T07:25:12.210+0000] {processor.py:157} INFO - Started process (PID=14657) to work on /opt/airflow/dags/rest_trigger.py
[2023-12-04T07:25:12.233+0000] {processor.py:829} INFO - Processing file /opt/airflow/dags/rest_trigger.py for tasks to queue
[2023-12-04T07:25:12.234+0000] {logging_mixin.py:154} INFO - [2023-12-04T07:25:12.234+0000] {dagbag.py:536} INFO - Filling up the DagBag from /opt/airflow/dags/rest_trigger.py
[2023-12-04T07:25:12.249+0000] {processor.py:839} INFO - DAG(s) dict_keys(['rest-trigger']) retrieved from /opt/airflow/dags/rest_trigger.py
[2023-12-04T07:25:12.685+0000] {logging_mixin.py:154} INFO - [2023-12-04T07:25:12.685+0000] {dag.py:2941} INFO - Sync 1 DAGs
[2023-12-04T07:25:12.860+0000] {logging_mixin.py:154} INFO - [2023-12-04T07:25:12.859+0000] {dag.py:3722} INFO - Setting next_dagrun for rest-trigger to 2023-12-02T00:00:00+00:00, run_after=2023-12-03T00:00:00+00:00
[2023-12-04T07:25:13.297+0000] {processor.py:179} INFO - Processing /opt/airflow/dags/rest_trigger.py took 1.098 seconds
[2023-12-04T07:26:02.329+0000] {processor.py:157} INFO - Started process (PID=14724) to work on /opt/airflow/dags/rest_trigger.py
[2023-12-04T07:26:02.385+0000] {processor.py:829} INFO - Processing file /opt/airflow/dags/rest_trigger.py for tasks to queue
[2023-12-04T07:26:02.386+0000] {logging_mixin.py:154} INFO - [2023-12-04T07:26:02.386+0000] {dagbag.py:536} INFO - Filling up the DagBag from /opt/airflow/dags/rest_trigger.py
[2023-12-04T07:26:02.514+0000] {processor.py:839} INFO - DAG(s) dict_keys(['rest-trigger']) retrieved from /opt/airflow/dags/rest_trigger.py
[2023-12-04T07:26:02.865+0000] {logging_mixin.py:154} INFO - [2023-12-04T07:26:02.865+0000] {dag.py:2941} INFO - Sync 1 DAGs
[2023-12-04T07:26:03.119+0000] {logging_mixin.py:154} INFO - [2023-12-04T07:26:03.119+0000] {dag.py:3722} INFO - Setting next_dagrun for rest-trigger to 2023-12-02T00:00:00+00:00, run_after=2023-12-03T00:00:00+00:00
[2023-12-04T07:26:03.867+0000] {processor.py:179} INFO - Processing /opt/airflow/dags/rest_trigger.py took 1.567 seconds
[2023-12-04T07:26:43.717+0000] {processor.py:157} INFO - Started process (PID=14778) to work on /opt/airflow/dags/rest_trigger.py
[2023-12-04T07:26:43.797+0000] {processor.py:829} INFO - Processing file /opt/airflow/dags/rest_trigger.py for tasks to queue
[2023-12-04T07:26:43.802+0000] {logging_mixin.py:154} INFO - [2023-12-04T07:26:43.798+0000] {dagbag.py:536} INFO - Filling up the DagBag from /opt/airflow/dags/rest_trigger.py
[2023-12-04T07:26:43.840+0000] {processor.py:839} INFO - DAG(s) dict_keys(['rest-trigger']) retrieved from /opt/airflow/dags/rest_trigger.py
[2023-12-04T07:26:44.265+0000] {logging_mixin.py:154} INFO - [2023-12-04T07:26:44.265+0000] {dag.py:2941} INFO - Sync 1 DAGs
[2023-12-04T07:26:44.343+0000] {logging_mixin.py:154} INFO - [2023-12-04T07:26:44.343+0000] {dag.py:3722} INFO - Setting next_dagrun for rest-trigger to 2023-12-02T00:00:00+00:00, run_after=2023-12-03T00:00:00+00:00
[2023-12-04T07:26:44.592+0000] {processor.py:179} INFO - Processing /opt/airflow/dags/rest_trigger.py took 0.928 seconds
[2023-12-04T07:27:23.828+0000] {processor.py:157} INFO - Started process (PID=14830) to work on /opt/airflow/dags/rest_trigger.py
[2023-12-04T07:27:23.885+0000] {processor.py:829} INFO - Processing file /opt/airflow/dags/rest_trigger.py for tasks to queue
[2023-12-04T07:27:23.886+0000] {logging_mixin.py:154} INFO - [2023-12-04T07:27:23.885+0000] {dagbag.py:536} INFO - Filling up the DagBag from /opt/airflow/dags/rest_trigger.py
[2023-12-04T07:27:23.905+0000] {processor.py:839} INFO - DAG(s) dict_keys(['rest-trigger']) retrieved from /opt/airflow/dags/rest_trigger.py
[2023-12-04T07:27:24.517+0000] {logging_mixin.py:154} INFO - [2023-12-04T07:27:24.517+0000] {dag.py:2941} INFO - Sync 1 DAGs
[2023-12-04T07:27:24.702+0000] {logging_mixin.py:154} INFO - [2023-12-04T07:27:24.697+0000] {dag.py:3722} INFO - Setting next_dagrun for rest-trigger to 2023-12-02T00:00:00+00:00, run_after=2023-12-03T00:00:00+00:00
[2023-12-04T07:27:24.870+0000] {processor.py:179} INFO - Processing /opt/airflow/dags/rest_trigger.py took 1.050 seconds
[2023-12-04T07:28:00.208+0000] {processor.py:157} INFO - Started process (PID=14879) to work on /opt/airflow/dags/rest_trigger.py
[2023-12-04T07:28:00.257+0000] {processor.py:829} INFO - Processing file /opt/airflow/dags/rest_trigger.py for tasks to queue
[2023-12-04T07:28:00.258+0000] {logging_mixin.py:154} INFO - [2023-12-04T07:28:00.258+0000] {dagbag.py:536} INFO - Filling up the DagBag from /opt/airflow/dags/rest_trigger.py
[2023-12-04T07:28:00.293+0000] {processor.py:839} INFO - DAG(s) dict_keys(['rest-trigger']) retrieved from /opt/airflow/dags/rest_trigger.py
[2023-12-04T07:28:00.602+0000] {logging_mixin.py:154} INFO - [2023-12-04T07:28:00.602+0000] {dag.py:2941} INFO - Sync 1 DAGs
[2023-12-04T07:28:00.701+0000] {logging_mixin.py:154} INFO - [2023-12-04T07:28:00.701+0000] {dag.py:3722} INFO - Setting next_dagrun for rest-trigger to 2023-12-02T00:00:00+00:00, run_after=2023-12-03T00:00:00+00:00
[2023-12-04T07:28:00.857+0000] {processor.py:179} INFO - Processing /opt/airflow/dags/rest_trigger.py took 0.672 seconds
[2023-12-04T07:28:33.619+0000] {processor.py:157} INFO - Started process (PID=14928) to work on /opt/airflow/dags/rest_trigger.py
[2023-12-04T07:28:33.621+0000] {processor.py:829} INFO - Processing file /opt/airflow/dags/rest_trigger.py for tasks to queue
[2023-12-04T07:28:33.623+0000] {logging_mixin.py:154} INFO - [2023-12-04T07:28:33.622+0000] {dagbag.py:536} INFO - Filling up the DagBag from /opt/airflow/dags/rest_trigger.py
[2023-12-04T07:28:33.660+0000] {processor.py:839} INFO - DAG(s) dict_keys(['rest-trigger']) retrieved from /opt/airflow/dags/rest_trigger.py
[2023-12-04T07:28:33.827+0000] {logging_mixin.py:154} INFO - [2023-12-04T07:28:33.827+0000] {dag.py:2941} INFO - Sync 1 DAGs
[2023-12-04T07:28:34.002+0000] {logging_mixin.py:154} INFO - [2023-12-04T07:28:34.001+0000] {dag.py:3722} INFO - Setting next_dagrun for rest-trigger to 2023-12-02T00:00:00+00:00, run_after=2023-12-03T00:00:00+00:00
[2023-12-04T07:28:34.162+0000] {processor.py:179} INFO - Processing /opt/airflow/dags/rest_trigger.py took 0.548 seconds
[2023-12-04T07:29:21.877+0000] {processor.py:157} INFO - Started process (PID=14998) to work on /opt/airflow/dags/rest_trigger.py
[2023-12-04T07:29:21.910+0000] {processor.py:829} INFO - Processing file /opt/airflow/dags/rest_trigger.py for tasks to queue
[2023-12-04T07:29:21.911+0000] {logging_mixin.py:154} INFO - [2023-12-04T07:29:21.911+0000] {dagbag.py:536} INFO - Filling up the DagBag from /opt/airflow/dags/rest_trigger.py
[2023-12-04T07:29:21.931+0000] {processor.py:839} INFO - DAG(s) dict_keys(['rest-trigger']) retrieved from /opt/airflow/dags/rest_trigger.py
[2023-12-04T07:29:22.434+0000] {logging_mixin.py:154} INFO - [2023-12-04T07:29:22.434+0000] {dag.py:2941} INFO - Sync 1 DAGs
[2023-12-04T07:29:22.703+0000] {logging_mixin.py:154} INFO - [2023-12-04T07:29:22.703+0000] {dag.py:3722} INFO - Setting next_dagrun for rest-trigger to 2023-12-02T00:00:00+00:00, run_after=2023-12-03T00:00:00+00:00
[2023-12-04T07:29:23.198+0000] {processor.py:179} INFO - Processing /opt/airflow/dags/rest_trigger.py took 1.356 seconds
[2023-12-04T07:30:01.603+0000] {processor.py:157} INFO - Started process (PID=15051) to work on /opt/airflow/dags/rest_trigger.py
[2023-12-04T07:30:01.755+0000] {processor.py:829} INFO - Processing file /opt/airflow/dags/rest_trigger.py for tasks to queue
[2023-12-04T07:30:01.774+0000] {logging_mixin.py:154} INFO - [2023-12-04T07:30:01.773+0000] {dagbag.py:536} INFO - Filling up the DagBag from /opt/airflow/dags/rest_trigger.py
[2023-12-04T07:30:01.837+0000] {processor.py:839} INFO - DAG(s) dict_keys(['rest-trigger']) retrieved from /opt/airflow/dags/rest_trigger.py
[2023-12-04T07:30:02.612+0000] {logging_mixin.py:154} INFO - [2023-12-04T07:30:02.612+0000] {dag.py:2941} INFO - Sync 1 DAGs
[2023-12-04T07:30:02.716+0000] {logging_mixin.py:154} INFO - [2023-12-04T07:30:02.716+0000] {dag.py:3722} INFO - Setting next_dagrun for rest-trigger to 2023-12-02T00:00:00+00:00, run_after=2023-12-03T00:00:00+00:00
[2023-12-04T07:30:03.197+0000] {processor.py:179} INFO - Processing /opt/airflow/dags/rest_trigger.py took 1.619 seconds
[2023-12-04T07:30:42.155+0000] {processor.py:157} INFO - Started process (PID=15104) to work on /opt/airflow/dags/rest_trigger.py
[2023-12-04T07:30:42.193+0000] {processor.py:829} INFO - Processing file /opt/airflow/dags/rest_trigger.py for tasks to queue
[2023-12-04T07:30:42.195+0000] {logging_mixin.py:154} INFO - [2023-12-04T07:30:42.194+0000] {dagbag.py:536} INFO - Filling up the DagBag from /opt/airflow/dags/rest_trigger.py
[2023-12-04T07:30:42.217+0000] {processor.py:839} INFO - DAG(s) dict_keys(['rest-trigger']) retrieved from /opt/airflow/dags/rest_trigger.py
[2023-12-04T07:30:42.505+0000] {logging_mixin.py:154} INFO - [2023-12-04T07:30:42.505+0000] {dag.py:2941} INFO - Sync 1 DAGs
[2023-12-04T07:30:42.637+0000] {logging_mixin.py:154} INFO - [2023-12-04T07:30:42.637+0000] {dag.py:3722} INFO - Setting next_dagrun for rest-trigger to 2023-12-02T00:00:00+00:00, run_after=2023-12-03T00:00:00+00:00
[2023-12-04T07:30:42.758+0000] {processor.py:179} INFO - Processing /opt/airflow/dags/rest_trigger.py took 0.629 seconds
[2023-12-04T07:31:13.197+0000] {processor.py:157} INFO - Started process (PID=15147) to work on /opt/airflow/dags/rest_trigger.py
[2023-12-04T07:31:13.255+0000] {processor.py:829} INFO - Processing file /opt/airflow/dags/rest_trigger.py for tasks to queue
[2023-12-04T07:31:13.256+0000] {logging_mixin.py:154} INFO - [2023-12-04T07:31:13.256+0000] {dagbag.py:536} INFO - Filling up the DagBag from /opt/airflow/dags/rest_trigger.py
[2023-12-04T07:31:13.280+0000] {processor.py:839} INFO - DAG(s) dict_keys(['rest-trigger']) retrieved from /opt/airflow/dags/rest_trigger.py
[2023-12-04T07:31:13.768+0000] {logging_mixin.py:154} INFO - [2023-12-04T07:31:13.767+0000] {dag.py:2941} INFO - Sync 1 DAGs
[2023-12-04T07:31:14.022+0000] {logging_mixin.py:154} INFO - [2023-12-04T07:31:14.022+0000] {dag.py:3722} INFO - Setting next_dagrun for rest-trigger to 2023-12-02T00:00:00+00:00, run_after=2023-12-03T00:00:00+00:00
[2023-12-04T07:31:14.602+0000] {processor.py:179} INFO - Processing /opt/airflow/dags/rest_trigger.py took 1.410 seconds
[2023-12-04T07:31:55.954+0000] {processor.py:157} INFO - Started process (PID=15209) to work on /opt/airflow/dags/rest_trigger.py
[2023-12-04T07:31:55.958+0000] {processor.py:829} INFO - Processing file /opt/airflow/dags/rest_trigger.py for tasks to queue
[2023-12-04T07:31:55.959+0000] {logging_mixin.py:154} INFO - [2023-12-04T07:31:55.959+0000] {dagbag.py:536} INFO - Filling up the DagBag from /opt/airflow/dags/rest_trigger.py
[2023-12-04T07:31:55.984+0000] {processor.py:839} INFO - DAG(s) dict_keys(['rest-trigger']) retrieved from /opt/airflow/dags/rest_trigger.py
[2023-12-04T07:31:56.580+0000] {logging_mixin.py:154} INFO - [2023-12-04T07:31:56.580+0000] {dag.py:2941} INFO - Sync 1 DAGs
[2023-12-04T07:31:56.888+0000] {logging_mixin.py:154} INFO - [2023-12-04T07:31:56.883+0000] {dag.py:3722} INFO - Setting next_dagrun for rest-trigger to 2023-12-02T00:00:00+00:00, run_after=2023-12-03T00:00:00+00:00
[2023-12-04T07:31:57.363+0000] {processor.py:179} INFO - Processing /opt/airflow/dags/rest_trigger.py took 1.417 seconds
[2023-12-04T07:32:28.678+0000] {processor.py:157} INFO - Started process (PID=15265) to work on /opt/airflow/dags/rest_trigger.py
[2023-12-04T07:32:28.739+0000] {processor.py:829} INFO - Processing file /opt/airflow/dags/rest_trigger.py for tasks to queue
[2023-12-04T07:32:28.745+0000] {logging_mixin.py:154} INFO - [2023-12-04T07:32:28.745+0000] {dagbag.py:536} INFO - Filling up the DagBag from /opt/airflow/dags/rest_trigger.py
[2023-12-04T07:32:28.832+0000] {processor.py:839} INFO - DAG(s) dict_keys(['rest-trigger']) retrieved from /opt/airflow/dags/rest_trigger.py
[2023-12-04T07:32:29.554+0000] {logging_mixin.py:154} INFO - [2023-12-04T07:32:29.554+0000] {dag.py:2941} INFO - Sync 1 DAGs
[2023-12-04T07:32:29.992+0000] {logging_mixin.py:154} INFO - [2023-12-04T07:32:29.987+0000] {dag.py:3722} INFO - Setting next_dagrun for rest-trigger to 2023-12-02T00:00:00+00:00, run_after=2023-12-03T00:00:00+00:00
[2023-12-04T07:32:30.586+0000] {processor.py:179} INFO - Processing /opt/airflow/dags/rest_trigger.py took 1.938 seconds
[2023-12-04T07:33:02.462+0000] {processor.py:157} INFO - Started process (PID=15326) to work on /opt/airflow/dags/rest_trigger.py
[2023-12-04T07:33:02.466+0000] {processor.py:829} INFO - Processing file /opt/airflow/dags/rest_trigger.py for tasks to queue
[2023-12-04T07:33:02.468+0000] {logging_mixin.py:154} INFO - [2023-12-04T07:33:02.468+0000] {dagbag.py:536} INFO - Filling up the DagBag from /opt/airflow/dags/rest_trigger.py
[2023-12-04T07:33:02.479+0000] {processor.py:839} INFO - DAG(s) dict_keys(['rest-trigger']) retrieved from /opt/airflow/dags/rest_trigger.py
[2023-12-04T07:33:02.523+0000] {logging_mixin.py:154} INFO - [2023-12-04T07:33:02.523+0000] {dag.py:2941} INFO - Sync 1 DAGs
[2023-12-04T07:33:02.558+0000] {logging_mixin.py:154} INFO - [2023-12-04T07:33:02.557+0000] {dag.py:3722} INFO - Setting next_dagrun for rest-trigger to 2023-12-02T00:00:00+00:00, run_after=2023-12-03T00:00:00+00:00
[2023-12-04T07:33:02.745+0000] {processor.py:179} INFO - Processing /opt/airflow/dags/rest_trigger.py took 0.289 seconds
[2023-12-04T07:33:39.059+0000] {processor.py:157} INFO - Started process (PID=15391) to work on /opt/airflow/dags/rest_trigger.py
[2023-12-04T07:33:39.264+0000] {processor.py:829} INFO - Processing file /opt/airflow/dags/rest_trigger.py for tasks to queue
[2023-12-04T07:33:39.275+0000] {logging_mixin.py:154} INFO - [2023-12-04T07:33:39.275+0000] {dagbag.py:536} INFO - Filling up the DagBag from /opt/airflow/dags/rest_trigger.py
[2023-12-04T07:33:39.328+0000] {processor.py:839} INFO - DAG(s) dict_keys(['rest-trigger']) retrieved from /opt/airflow/dags/rest_trigger.py
[2023-12-04T07:33:39.938+0000] {logging_mixin.py:154} INFO - [2023-12-04T07:33:39.938+0000] {dag.py:2941} INFO - Sync 1 DAGs
[2023-12-04T07:33:40.090+0000] {logging_mixin.py:154} INFO - [2023-12-04T07:33:40.090+0000] {dag.py:3722} INFO - Setting next_dagrun for rest-trigger to 2023-12-02T00:00:00+00:00, run_after=2023-12-03T00:00:00+00:00
[2023-12-04T07:33:40.765+0000] {processor.py:179} INFO - Processing /opt/airflow/dags/rest_trigger.py took 1.735 seconds
[2023-12-04T07:34:15.495+0000] {processor.py:157} INFO - Started process (PID=15448) to work on /opt/airflow/dags/rest_trigger.py
[2023-12-04T07:34:15.540+0000] {processor.py:829} INFO - Processing file /opt/airflow/dags/rest_trigger.py for tasks to queue
[2023-12-04T07:34:15.545+0000] {logging_mixin.py:154} INFO - [2023-12-04T07:34:15.541+0000] {dagbag.py:536} INFO - Filling up the DagBag from /opt/airflow/dags/rest_trigger.py
[2023-12-04T07:34:15.636+0000] {processor.py:839} INFO - DAG(s) dict_keys(['rest-trigger']) retrieved from /opt/airflow/dags/rest_trigger.py
[2023-12-04T07:34:15.956+0000] {logging_mixin.py:154} INFO - [2023-12-04T07:34:15.956+0000] {dag.py:2941} INFO - Sync 1 DAGs
[2023-12-04T07:34:16.027+0000] {logging_mixin.py:154} INFO - [2023-12-04T07:34:16.026+0000] {dag.py:3722} INFO - Setting next_dagrun for rest-trigger to 2023-12-02T00:00:00+00:00, run_after=2023-12-03T00:00:00+00:00
[2023-12-04T07:34:16.100+0000] {processor.py:179} INFO - Processing /opt/airflow/dags/rest_trigger.py took 0.643 seconds
[2023-12-04T07:34:58.715+0000] {processor.py:157} INFO - Started process (PID=15513) to work on /opt/airflow/dags/rest_trigger.py
[2023-12-04T07:34:58.727+0000] {processor.py:829} INFO - Processing file /opt/airflow/dags/rest_trigger.py for tasks to queue
[2023-12-04T07:34:58.728+0000] {logging_mixin.py:154} INFO - [2023-12-04T07:34:58.728+0000] {dagbag.py:536} INFO - Filling up the DagBag from /opt/airflow/dags/rest_trigger.py
[2023-12-04T07:34:58.738+0000] {processor.py:839} INFO - DAG(s) dict_keys(['rest-trigger']) retrieved from /opt/airflow/dags/rest_trigger.py
[2023-12-04T07:34:58.776+0000] {logging_mixin.py:154} INFO - [2023-12-04T07:34:58.776+0000] {dag.py:2941} INFO - Sync 1 DAGs
[2023-12-04T07:34:58.807+0000] {logging_mixin.py:154} INFO - [2023-12-04T07:34:58.807+0000] {dag.py:3722} INFO - Setting next_dagrun for rest-trigger to 2023-12-02T00:00:00+00:00, run_after=2023-12-03T00:00:00+00:00
[2023-12-04T07:34:59.134+0000] {processor.py:179} INFO - Processing /opt/airflow/dags/rest_trigger.py took 0.426 seconds
[2023-12-04T07:35:29.284+0000] {processor.py:157} INFO - Started process (PID=15571) to work on /opt/airflow/dags/rest_trigger.py
[2023-12-04T07:35:29.289+0000] {processor.py:829} INFO - Processing file /opt/airflow/dags/rest_trigger.py for tasks to queue
[2023-12-04T07:35:29.291+0000] {logging_mixin.py:154} INFO - [2023-12-04T07:35:29.290+0000] {dagbag.py:536} INFO - Filling up the DagBag from /opt/airflow/dags/rest_trigger.py
[2023-12-04T07:35:29.301+0000] {processor.py:839} INFO - DAG(s) dict_keys(['rest-trigger']) retrieved from /opt/airflow/dags/rest_trigger.py
[2023-12-04T07:35:29.645+0000] {logging_mixin.py:154} INFO - [2023-12-04T07:35:29.645+0000] {dag.py:2941} INFO - Sync 1 DAGs
[2023-12-04T07:35:29.812+0000] {logging_mixin.py:154} INFO - [2023-12-04T07:35:29.812+0000] {dag.py:3722} INFO - Setting next_dagrun for rest-trigger to 2023-12-02T00:00:00+00:00, run_after=2023-12-03T00:00:00+00:00
[2023-12-04T07:35:30.061+0000] {processor.py:179} INFO - Processing /opt/airflow/dags/rest_trigger.py took 0.785 seconds
[2023-12-04T07:36:05.952+0000] {processor.py:157} INFO - Started process (PID=15635) to work on /opt/airflow/dags/rest_trigger.py
[2023-12-04T07:36:05.954+0000] {processor.py:829} INFO - Processing file /opt/airflow/dags/rest_trigger.py for tasks to queue
[2023-12-04T07:36:05.955+0000] {logging_mixin.py:154} INFO - [2023-12-04T07:36:05.954+0000] {dagbag.py:536} INFO - Filling up the DagBag from /opt/airflow/dags/rest_trigger.py
[2023-12-04T07:36:05.963+0000] {processor.py:839} INFO - DAG(s) dict_keys(['rest-trigger']) retrieved from /opt/airflow/dags/rest_trigger.py
[2023-12-04T07:36:06.255+0000] {logging_mixin.py:154} INFO - [2023-12-04T07:36:06.254+0000] {dag.py:2941} INFO - Sync 1 DAGs
[2023-12-04T07:36:06.489+0000] {logging_mixin.py:154} INFO - [2023-12-04T07:36:06.489+0000] {dag.py:3722} INFO - Setting next_dagrun for rest-trigger to 2023-12-02T00:00:00+00:00, run_after=2023-12-03T00:00:00+00:00
[2023-12-04T07:36:06.731+0000] {processor.py:179} INFO - Processing /opt/airflow/dags/rest_trigger.py took 0.791 seconds
[2023-12-04T07:36:40.028+0000] {processor.py:157} INFO - Started process (PID=15700) to work on /opt/airflow/dags/rest_trigger.py
[2023-12-04T07:36:40.070+0000] {processor.py:829} INFO - Processing file /opt/airflow/dags/rest_trigger.py for tasks to queue
[2023-12-04T07:36:40.092+0000] {logging_mixin.py:154} INFO - [2023-12-04T07:36:40.091+0000] {dagbag.py:536} INFO - Filling up the DagBag from /opt/airflow/dags/rest_trigger.py
[2023-12-04T07:36:40.115+0000] {processor.py:839} INFO - DAG(s) dict_keys(['rest-trigger']) retrieved from /opt/airflow/dags/rest_trigger.py
[2023-12-04T07:36:40.566+0000] {logging_mixin.py:154} INFO - [2023-12-04T07:36:40.565+0000] {dag.py:2941} INFO - Sync 1 DAGs
[2023-12-04T07:36:40.967+0000] {logging_mixin.py:154} INFO - [2023-12-04T07:36:40.962+0000] {dag.py:3722} INFO - Setting next_dagrun for rest-trigger to 2023-12-02T00:00:00+00:00, run_after=2023-12-03T00:00:00+00:00
[2023-12-04T07:36:41.736+0000] {processor.py:179} INFO - Processing /opt/airflow/dags/rest_trigger.py took 1.720 seconds
[2023-12-04T07:37:14.893+0000] {processor.py:157} INFO - Started process (PID=15758) to work on /opt/airflow/dags/rest_trigger.py
[2023-12-04T07:37:14.932+0000] {processor.py:829} INFO - Processing file /opt/airflow/dags/rest_trigger.py for tasks to queue
[2023-12-04T07:37:14.970+0000] {logging_mixin.py:154} INFO - [2023-12-04T07:37:14.970+0000] {dagbag.py:536} INFO - Filling up the DagBag from /opt/airflow/dags/rest_trigger.py
[2023-12-04T07:37:15.067+0000] {processor.py:839} INFO - DAG(s) dict_keys(['rest-trigger']) retrieved from /opt/airflow/dags/rest_trigger.py
[2023-12-04T07:37:15.504+0000] {logging_mixin.py:154} INFO - [2023-12-04T07:37:15.504+0000] {dag.py:2941} INFO - Sync 1 DAGs
[2023-12-04T07:37:15.640+0000] {logging_mixin.py:154} INFO - [2023-12-04T07:37:15.639+0000] {dag.py:3722} INFO - Setting next_dagrun for rest-trigger to 2023-12-02T00:00:00+00:00, run_after=2023-12-03T00:00:00+00:00
[2023-12-04T07:37:15.699+0000] {processor.py:179} INFO - Processing /opt/airflow/dags/rest_trigger.py took 0.831 seconds
[2023-12-04T07:37:52.935+0000] {processor.py:157} INFO - Started process (PID=15817) to work on /opt/airflow/dags/rest_trigger.py
[2023-12-04T07:37:52.997+0000] {processor.py:829} INFO - Processing file /opt/airflow/dags/rest_trigger.py for tasks to queue
[2023-12-04T07:37:53.048+0000] {logging_mixin.py:154} INFO - [2023-12-04T07:37:53.048+0000] {dagbag.py:536} INFO - Filling up the DagBag from /opt/airflow/dags/rest_trigger.py
[2023-12-04T07:37:53.075+0000] {processor.py:839} INFO - DAG(s) dict_keys(['rest-trigger']) retrieved from /opt/airflow/dags/rest_trigger.py
[2023-12-04T07:37:53.818+0000] {logging_mixin.py:154} INFO - [2023-12-04T07:37:53.818+0000] {dag.py:2941} INFO - Sync 1 DAGs
[2023-12-04T07:37:54.215+0000] {logging_mixin.py:154} INFO - [2023-12-04T07:37:54.215+0000] {dag.py:3722} INFO - Setting next_dagrun for rest-trigger to 2023-12-02T00:00:00+00:00, run_after=2023-12-03T00:00:00+00:00
[2023-12-04T07:37:54.665+0000] {processor.py:179} INFO - Processing /opt/airflow/dags/rest_trigger.py took 1.773 seconds
[2023-12-04T07:38:37.541+0000] {processor.py:157} INFO - Started process (PID=15878) to work on /opt/airflow/dags/rest_trigger.py
[2023-12-04T07:38:37.588+0000] {processor.py:829} INFO - Processing file /opt/airflow/dags/rest_trigger.py for tasks to queue
[2023-12-04T07:38:37.606+0000] {logging_mixin.py:154} INFO - [2023-12-04T07:38:37.605+0000] {dagbag.py:536} INFO - Filling up the DagBag from /opt/airflow/dags/rest_trigger.py
[2023-12-04T07:38:37.649+0000] {processor.py:839} INFO - DAG(s) dict_keys(['rest-trigger']) retrieved from /opt/airflow/dags/rest_trigger.py
[2023-12-04T07:38:38.449+0000] {logging_mixin.py:154} INFO - [2023-12-04T07:38:38.449+0000] {dag.py:2941} INFO - Sync 1 DAGs
[2023-12-04T07:38:38.749+0000] {logging_mixin.py:154} INFO - [2023-12-04T07:38:38.748+0000] {dag.py:3722} INFO - Setting next_dagrun for rest-trigger to 2023-12-02T00:00:00+00:00, run_after=2023-12-03T00:00:00+00:00
[2023-12-04T07:38:39.439+0000] {processor.py:179} INFO - Processing /opt/airflow/dags/rest_trigger.py took 1.916 seconds
[2023-12-04T07:39:12.962+0000] {processor.py:157} INFO - Started process (PID=15921) to work on /opt/airflow/dags/rest_trigger.py
[2023-12-04T07:39:12.969+0000] {processor.py:829} INFO - Processing file /opt/airflow/dags/rest_trigger.py for tasks to queue
[2023-12-04T07:39:12.970+0000] {logging_mixin.py:154} INFO - [2023-12-04T07:39:12.970+0000] {dagbag.py:536} INFO - Filling up the DagBag from /opt/airflow/dags/rest_trigger.py
[2023-12-04T07:39:12.996+0000] {processor.py:839} INFO - DAG(s) dict_keys(['rest-trigger']) retrieved from /opt/airflow/dags/rest_trigger.py
[2023-12-04T07:39:13.036+0000] {logging_mixin.py:154} INFO - [2023-12-04T07:39:13.036+0000] {dag.py:2941} INFO - Sync 1 DAGs
[2023-12-04T07:39:13.088+0000] {logging_mixin.py:154} INFO - [2023-12-04T07:39:13.088+0000] {dag.py:3722} INFO - Setting next_dagrun for rest-trigger to 2023-12-02T00:00:00+00:00, run_after=2023-12-03T00:00:00+00:00
[2023-12-04T07:39:13.334+0000] {processor.py:179} INFO - Processing /opt/airflow/dags/rest_trigger.py took 0.379 seconds
[2023-12-04T07:39:43.701+0000] {processor.py:157} INFO - Started process (PID=15983) to work on /opt/airflow/dags/rest_trigger.py
[2023-12-04T07:39:43.711+0000] {processor.py:829} INFO - Processing file /opt/airflow/dags/rest_trigger.py for tasks to queue
[2023-12-04T07:39:43.711+0000] {logging_mixin.py:154} INFO - [2023-12-04T07:39:43.711+0000] {dagbag.py:536} INFO - Filling up the DagBag from /opt/airflow/dags/rest_trigger.py
[2023-12-04T07:39:43.743+0000] {processor.py:839} INFO - DAG(s) dict_keys(['rest-trigger']) retrieved from /opt/airflow/dags/rest_trigger.py
[2023-12-04T07:39:43.890+0000] {logging_mixin.py:154} INFO - [2023-12-04T07:39:43.887+0000] {dag.py:2941} INFO - Sync 1 DAGs
[2023-12-04T07:39:43.948+0000] {logging_mixin.py:154} INFO - [2023-12-04T07:39:43.945+0000] {dag.py:3722} INFO - Setting next_dagrun for rest-trigger to 2023-12-02T00:00:00+00:00, run_after=2023-12-03T00:00:00+00:00
[2023-12-04T07:39:44.139+0000] {processor.py:179} INFO - Processing /opt/airflow/dags/rest_trigger.py took 0.455 seconds
[2023-12-04T07:40:17.509+0000] {processor.py:157} INFO - Started process (PID=16030) to work on /opt/airflow/dags/rest_trigger.py
[2023-12-04T07:40:17.537+0000] {processor.py:829} INFO - Processing file /opt/airflow/dags/rest_trigger.py for tasks to queue
[2023-12-04T07:40:17.559+0000] {logging_mixin.py:154} INFO - [2023-12-04T07:40:17.559+0000] {dagbag.py:536} INFO - Filling up the DagBag from /opt/airflow/dags/rest_trigger.py
[2023-12-04T07:40:17.621+0000] {processor.py:839} INFO - DAG(s) dict_keys(['rest-trigger']) retrieved from /opt/airflow/dags/rest_trigger.py
[2023-12-04T07:40:18.023+0000] {logging_mixin.py:154} INFO - [2023-12-04T07:40:18.023+0000] {dag.py:2941} INFO - Sync 1 DAGs
[2023-12-04T07:40:18.179+0000] {logging_mixin.py:154} INFO - [2023-12-04T07:40:18.179+0000] {dag.py:3722} INFO - Setting next_dagrun for rest-trigger to 2023-12-02T00:00:00+00:00, run_after=2023-12-03T00:00:00+00:00
[2023-12-04T07:40:18.722+0000] {processor.py:179} INFO - Processing /opt/airflow/dags/rest_trigger.py took 1.233 seconds
