[2023-11-29T13:11:45.909+0000] {taskinstance.py:1159} INFO - Dependencies all met for dep_context=non-requeueable deps ti=<TaskInstance: rest_api.upload_s3 scheduled__2023-11-28T00:00:00+00:00 [queued]>
[2023-11-29T13:11:46.080+0000] {taskinstance.py:1159} INFO - Dependencies all met for dep_context=requeueable deps ti=<TaskInstance: rest_api.upload_s3 scheduled__2023-11-28T00:00:00+00:00 [queued]>
[2023-11-29T13:11:46.081+0000] {taskinstance.py:1361} INFO - Starting attempt 2 of 2
[2023-11-29T13:11:46.624+0000] {taskinstance.py:1382} INFO - Executing <Task(PythonOperator): upload_s3> on 2023-11-28 00:00:00+00:00
[2023-11-29T13:11:46.661+0000] {standard_task_runner.py:57} INFO - Started process 1723 to run task
[2023-11-29T13:11:46.668+0000] {standard_task_runner.py:84} INFO - Running: ['***', 'tasks', 'run', 'rest_api', 'upload_s3', 'scheduled__2023-11-28T00:00:00+00:00', '--job-id', '62', '--raw', '--subdir', 'DAGS_FOLDER/rest_api.py', '--cfg-path', '/tmp/tmp8x1uzw_w']
[2023-11-29T13:11:46.684+0000] {standard_task_runner.py:85} INFO - Job 62: Subtask upload_s3
[2023-11-29T13:11:48.256+0000] {task_command.py:416} INFO - Running <TaskInstance: rest_api.upload_s3 scheduled__2023-11-28T00:00:00+00:00 [running]> on host a89a99bc45b2
[2023-11-29T13:11:50.481+0000] {taskinstance.py:1662} INFO - Exporting env vars: AIRFLOW_CTX_DAG_OWNER='Dashrath' AIRFLOW_CTX_DAG_ID='rest_api' AIRFLOW_CTX_TASK_ID='upload_s3' AIRFLOW_CTX_EXECUTION_DATE='2023-11-28T00:00:00+00:00' AIRFLOW_CTX_TRY_NUMBER='2' AIRFLOW_CTX_DAG_RUN_ID='scheduled__2023-11-28T00:00:00+00:00'
[2023-11-29T13:11:50.797+0000] {base.py:73} INFO - Using connection ID 'aws_conn' for task execution.
[2023-11-29T13:11:50.798+0000] {connection_wrapper.py:378} INFO - AWS Connection (conn_id='aws_conn', conn_type='aws') credentials retrieved from login and password.
[2023-11-29T13:12:34.283+0000] {taskinstance.py:1937} ERROR - Task failed with exception
Traceback (most recent call last):
  File "/home/airflow/.local/lib/python3.8/site-packages/airflow/operators/python.py", line 192, in execute
    return_value = self.execute_callable()
  File "/home/airflow/.local/lib/python3.8/site-packages/airflow/operators/python.py", line 209, in execute_callable
    return self.python_callable(*self.op_args, **self.op_kwargs)
  File "/opt/airflow/dags/rest_api.py", line 17, in upload
    hook.load_file(filename=filename, key = key, bucket_name=bucket_name)
  File "/home/airflow/.local/lib/python3.8/site-packages/airflow/providers/amazon/aws/hooks/s3.py", line 135, in wrapper
    return func(*bound_args.args, **bound_args.kwargs)
  File "/home/airflow/.local/lib/python3.8/site-packages/airflow/providers/amazon/aws/hooks/s3.py", line 89, in wrapper
    return func(*bound_args.args, **bound_args.kwargs)
  File "/home/airflow/.local/lib/python3.8/site-packages/airflow/providers/amazon/aws/hooks/s3.py", line 1082, in load_file
    client.upload_file(filename, bucket_name, key, ExtraArgs=extra_args, Config=self.transfer_config)
  File "/home/airflow/.local/lib/python3.8/site-packages/boto3/s3/inject.py", line 143, in upload_file
    return transfer.upload_file(
  File "/home/airflow/.local/lib/python3.8/site-packages/boto3/s3/transfer.py", line 292, in upload_file
    future.result()
  File "/home/airflow/.local/lib/python3.8/site-packages/s3transfer/futures.py", line 103, in result
    return self._coordinator.result()
  File "/home/airflow/.local/lib/python3.8/site-packages/s3transfer/futures.py", line 266, in result
    raise self._exception
  File "/home/airflow/.local/lib/python3.8/site-packages/s3transfer/tasks.py", line 269, in _main
    self._submit(transfer_future=transfer_future, **kwargs)
  File "/home/airflow/.local/lib/python3.8/site-packages/s3transfer/upload.py", line 591, in _submit
    upload_input_manager.provide_transfer_size(transfer_future)
  File "/home/airflow/.local/lib/python3.8/site-packages/s3transfer/upload.py", line 244, in provide_transfer_size
    self._osutil.get_file_size(transfer_future.meta.call_args.fileobj)
  File "/home/airflow/.local/lib/python3.8/site-packages/s3transfer/utils.py", line 247, in get_file_size
    return os.path.getsize(filename)
  File "/usr/local/lib/python3.8/genericpath.py", line 50, in getsize
    return os.stat(filename).st_size
FileNotFoundError: [Errno 2] No such file or directory: '/home/dashrath/Desktop/doc-air/dags/post_data.csv'
[2023-11-29T13:12:34.703+0000] {taskinstance.py:1400} INFO - Marking task as FAILED. dag_id=rest_api, task_id=upload_s3, execution_date=20231128T000000, start_date=20231129T131145, end_date=20231129T131234
[2023-11-29T13:12:34.884+0000] {standard_task_runner.py:104} ERROR - Failed to execute job 62 for task upload_s3 ([Errno 2] No such file or directory: '/home/dashrath/Desktop/doc-air/dags/post_data.csv'; 1723)
[2023-11-29T13:12:34.921+0000] {local_task_job_runner.py:228} INFO - Task exited with return code 1
[2023-11-29T13:12:35.132+0000] {taskinstance.py:2778} INFO - 0 downstream tasks scheduled from follow-on schedule check
