[2023-12-03T06:36:10.114+0000] {processor.py:157} INFO - Started process (PID=43) to work on /opt/airflow/dags/catchup.py
[2023-12-03T06:36:10.161+0000] {processor.py:829} INFO - Processing file /opt/airflow/dags/catchup.py for tasks to queue
[2023-12-03T06:36:10.358+0000] {logging_mixin.py:154} INFO - [2023-12-03T06:36:10.356+0000] {dagbag.py:536} INFO - Filling up the DagBag from /opt/airflow/dags/catchup.py
[2023-12-03T06:36:11.655+0000] {processor.py:839} INFO - DAG(s) dict_keys(['catchup']) retrieved from /opt/airflow/dags/catchup.py
[2023-12-03T06:36:13.819+0000] {logging_mixin.py:154} INFO - [2023-12-03T06:36:13.815+0000] {dag.py:2941} INFO - Sync 1 DAGs
[2023-12-03T06:36:13.975+0000] {logging_mixin.py:154} INFO - [2023-12-03T06:36:13.975+0000] {dag.py:3722} INFO - Setting next_dagrun for catchup to 2023-12-02T00:00:00+00:00, run_after=2023-12-03T00:00:00+00:00
[2023-12-03T06:36:14.458+0000] {processor.py:179} INFO - Processing /opt/airflow/dags/catchup.py took 4.543 seconds
[2023-12-03T06:38:12.031+0000] {processor.py:157} INFO - Started process (PID=140) to work on /opt/airflow/dags/catchup.py
[2023-12-03T06:38:12.061+0000] {processor.py:829} INFO - Processing file /opt/airflow/dags/catchup.py for tasks to queue
[2023-12-03T06:38:12.066+0000] {logging_mixin.py:154} INFO - [2023-12-03T06:38:12.065+0000] {dagbag.py:536} INFO - Filling up the DagBag from /opt/airflow/dags/catchup.py
[2023-12-03T06:38:12.343+0000] {processor.py:839} INFO - DAG(s) dict_keys(['catchup']) retrieved from /opt/airflow/dags/catchup.py
[2023-12-03T06:38:12.925+0000] {logging_mixin.py:154} INFO - [2023-12-03T06:38:12.925+0000] {dag.py:2941} INFO - Sync 1 DAGs
[2023-12-03T06:38:13.130+0000] {logging_mixin.py:154} INFO - [2023-12-03T06:38:13.122+0000] {dag.py:3722} INFO - Setting next_dagrun for catchup to 2023-12-03T00:00:00+00:00, run_after=2023-12-04T00:00:00+00:00
[2023-12-03T06:38:13.432+0000] {processor.py:179} INFO - Processing /opt/airflow/dags/catchup.py took 1.434 seconds
[2023-12-03T06:38:44.062+0000] {processor.py:157} INFO - Started process (PID=202) to work on /opt/airflow/dags/catchup.py
[2023-12-03T06:38:44.065+0000] {processor.py:829} INFO - Processing file /opt/airflow/dags/catchup.py for tasks to queue
[2023-12-03T06:38:44.068+0000] {logging_mixin.py:154} INFO - [2023-12-03T06:38:44.068+0000] {dagbag.py:536} INFO - Filling up the DagBag from /opt/airflow/dags/catchup.py
[2023-12-03T06:38:44.080+0000] {processor.py:839} INFO - DAG(s) dict_keys(['catchup']) retrieved from /opt/airflow/dags/catchup.py
[2023-12-03T06:38:44.112+0000] {logging_mixin.py:154} INFO - [2023-12-03T06:38:44.111+0000] {dag.py:2941} INFO - Sync 1 DAGs
[2023-12-03T06:38:44.142+0000] {logging_mixin.py:154} INFO - [2023-12-03T06:38:44.142+0000] {dag.py:3722} INFO - Setting next_dagrun for catchup to 2023-12-03T00:00:00+00:00, run_after=2023-12-04T00:00:00+00:00
[2023-12-03T06:38:44.171+0000] {processor.py:179} INFO - Processing /opt/airflow/dags/catchup.py took 0.118 seconds
[2023-12-03T06:39:15.729+0000] {processor.py:157} INFO - Started process (PID=243) to work on /opt/airflow/dags/catchup.py
[2023-12-03T06:39:15.742+0000] {processor.py:829} INFO - Processing file /opt/airflow/dags/catchup.py for tasks to queue
[2023-12-03T06:39:15.779+0000] {logging_mixin.py:154} INFO - [2023-12-03T06:39:15.775+0000] {dagbag.py:536} INFO - Filling up the DagBag from /opt/airflow/dags/catchup.py
[2023-12-03T06:39:15.821+0000] {processor.py:839} INFO - DAG(s) dict_keys(['catchup']) retrieved from /opt/airflow/dags/catchup.py
[2023-12-03T06:39:16.122+0000] {logging_mixin.py:154} INFO - [2023-12-03T06:39:16.121+0000] {dag.py:2941} INFO - Sync 1 DAGs
[2023-12-03T06:39:16.233+0000] {logging_mixin.py:154} INFO - [2023-12-03T06:39:16.233+0000] {dag.py:3722} INFO - Setting next_dagrun for catchup to 2023-12-03T00:00:00+00:00, run_after=2023-12-04T00:00:00+00:00
[2023-12-03T06:39:16.697+0000] {processor.py:179} INFO - Processing /opt/airflow/dags/catchup.py took 0.974 seconds
[2023-12-03T06:39:47.619+0000] {processor.py:157} INFO - Started process (PID=290) to work on /opt/airflow/dags/catchup.py
[2023-12-03T06:39:47.656+0000] {processor.py:829} INFO - Processing file /opt/airflow/dags/catchup.py for tasks to queue
[2023-12-03T06:39:47.659+0000] {logging_mixin.py:154} INFO - [2023-12-03T06:39:47.659+0000] {dagbag.py:536} INFO - Filling up the DagBag from /opt/airflow/dags/catchup.py
[2023-12-03T06:39:47.689+0000] {processor.py:839} INFO - DAG(s) dict_keys(['catchup']) retrieved from /opt/airflow/dags/catchup.py
[2023-12-03T06:39:48.050+0000] {logging_mixin.py:154} INFO - [2023-12-03T06:39:48.050+0000] {dag.py:2941} INFO - Sync 1 DAGs
[2023-12-03T06:39:48.112+0000] {logging_mixin.py:154} INFO - [2023-12-03T06:39:48.112+0000] {dag.py:3722} INFO - Setting next_dagrun for catchup to 2023-12-03T00:00:00+00:00, run_after=2023-12-04T00:00:00+00:00
[2023-12-03T06:39:48.605+0000] {processor.py:179} INFO - Processing /opt/airflow/dags/catchup.py took 1.005 seconds
[2023-12-03T06:40:28.349+0000] {processor.py:157} INFO - Started process (PID=352) to work on /opt/airflow/dags/catchup.py
[2023-12-03T06:40:28.379+0000] {processor.py:829} INFO - Processing file /opt/airflow/dags/catchup.py for tasks to queue
[2023-12-03T06:40:28.393+0000] {logging_mixin.py:154} INFO - [2023-12-03T06:40:28.392+0000] {dagbag.py:536} INFO - Filling up the DagBag from /opt/airflow/dags/catchup.py
[2023-12-03T06:40:28.427+0000] {processor.py:839} INFO - DAG(s) dict_keys(['catchup']) retrieved from /opt/airflow/dags/catchup.py
[2023-12-03T06:40:28.770+0000] {logging_mixin.py:154} INFO - [2023-12-03T06:40:28.769+0000] {dag.py:2941} INFO - Sync 1 DAGs
[2023-12-03T06:40:28.877+0000] {logging_mixin.py:154} INFO - [2023-12-03T06:40:28.874+0000] {dag.py:3722} INFO - Setting next_dagrun for catchup to 2023-12-03T00:00:00+00:00, run_after=2023-12-04T00:00:00+00:00
[2023-12-03T06:40:29.022+0000] {processor.py:179} INFO - Processing /opt/airflow/dags/catchup.py took 0.974 seconds
[2023-12-03T06:41:00.678+0000] {processor.py:157} INFO - Started process (PID=414) to work on /opt/airflow/dags/catchup.py
[2023-12-03T06:41:00.721+0000] {processor.py:829} INFO - Processing file /opt/airflow/dags/catchup.py for tasks to queue
[2023-12-03T06:41:00.733+0000] {logging_mixin.py:154} INFO - [2023-12-03T06:41:00.733+0000] {dagbag.py:536} INFO - Filling up the DagBag from /opt/airflow/dags/catchup.py
[2023-12-03T06:41:00.768+0000] {processor.py:839} INFO - DAG(s) dict_keys(['catchup']) retrieved from /opt/airflow/dags/catchup.py
[2023-12-03T06:41:01.215+0000] {logging_mixin.py:154} INFO - [2023-12-03T06:41:01.215+0000] {dag.py:2941} INFO - Sync 1 DAGs
[2023-12-03T06:41:01.376+0000] {logging_mixin.py:154} INFO - [2023-12-03T06:41:01.376+0000] {dag.py:3722} INFO - Setting next_dagrun for catchup to 2023-12-03T00:00:00+00:00, run_after=2023-12-04T00:00:00+00:00
[2023-12-03T06:41:01.863+0000] {processor.py:179} INFO - Processing /opt/airflow/dags/catchup.py took 1.236 seconds
[2023-12-03T06:41:32.643+0000] {processor.py:157} INFO - Started process (PID=476) to work on /opt/airflow/dags/catchup.py
[2023-12-03T06:41:32.662+0000] {processor.py:829} INFO - Processing file /opt/airflow/dags/catchup.py for tasks to queue
[2023-12-03T06:41:32.670+0000] {logging_mixin.py:154} INFO - [2023-12-03T06:41:32.669+0000] {dagbag.py:536} INFO - Filling up the DagBag from /opt/airflow/dags/catchup.py
[2023-12-03T06:41:32.686+0000] {processor.py:839} INFO - DAG(s) dict_keys(['catchup']) retrieved from /opt/airflow/dags/catchup.py
[2023-12-03T06:41:32.779+0000] {logging_mixin.py:154} INFO - [2023-12-03T06:41:32.779+0000] {dag.py:2941} INFO - Sync 1 DAGs
[2023-12-03T06:41:32.844+0000] {logging_mixin.py:154} INFO - [2023-12-03T06:41:32.844+0000] {dag.py:3722} INFO - Setting next_dagrun for catchup to 2023-12-03T00:00:00+00:00, run_after=2023-12-04T00:00:00+00:00
[2023-12-03T06:41:32.944+0000] {processor.py:179} INFO - Processing /opt/airflow/dags/catchup.py took 0.310 seconds
[2023-12-03T06:42:09.159+0000] {processor.py:157} INFO - Started process (PID=539) to work on /opt/airflow/dags/catchup.py
[2023-12-03T06:42:09.169+0000] {processor.py:829} INFO - Processing file /opt/airflow/dags/catchup.py for tasks to queue
[2023-12-03T06:42:09.175+0000] {logging_mixin.py:154} INFO - [2023-12-03T06:42:09.173+0000] {dagbag.py:536} INFO - Filling up the DagBag from /opt/airflow/dags/catchup.py
[2023-12-03T06:42:09.189+0000] {processor.py:839} INFO - DAG(s) dict_keys(['catchup']) retrieved from /opt/airflow/dags/catchup.py
[2023-12-03T06:42:09.236+0000] {logging_mixin.py:154} INFO - [2023-12-03T06:42:09.236+0000] {dag.py:2941} INFO - Sync 1 DAGs
[2023-12-03T06:42:09.283+0000] {logging_mixin.py:154} INFO - [2023-12-03T06:42:09.282+0000] {dag.py:3722} INFO - Setting next_dagrun for catchup to 2023-12-03T00:00:00+00:00, run_after=2023-12-04T00:00:00+00:00
[2023-12-03T06:42:09.360+0000] {processor.py:179} INFO - Processing /opt/airflow/dags/catchup.py took 0.218 seconds
[2023-12-03T06:42:41.191+0000] {processor.py:157} INFO - Started process (PID=591) to work on /opt/airflow/dags/catchup.py
[2023-12-03T06:42:41.313+0000] {processor.py:829} INFO - Processing file /opt/airflow/dags/catchup.py for tasks to queue
[2023-12-03T06:42:41.428+0000] {logging_mixin.py:154} INFO - [2023-12-03T06:42:41.428+0000] {dagbag.py:536} INFO - Filling up the DagBag from /opt/airflow/dags/catchup.py
[2023-12-03T06:42:41.663+0000] {processor.py:839} INFO - DAG(s) dict_keys(['catchup']) retrieved from /opt/airflow/dags/catchup.py
[2023-12-03T06:42:42.159+0000] {logging_mixin.py:154} INFO - [2023-12-03T06:42:42.159+0000] {dag.py:2941} INFO - Sync 1 DAGs
[2023-12-03T06:42:42.312+0000] {logging_mixin.py:154} INFO - [2023-12-03T06:42:42.312+0000] {dag.py:3722} INFO - Setting next_dagrun for catchup to 2023-12-03T00:00:00+00:00, run_after=2023-12-04T00:00:00+00:00
[2023-12-03T06:42:43.310+0000] {processor.py:179} INFO - Processing /opt/airflow/dags/catchup.py took 2.199 seconds
[2023-12-03T06:43:16.415+0000] {processor.py:157} INFO - Started process (PID=638) to work on /opt/airflow/dags/catchup.py
[2023-12-03T06:43:16.420+0000] {processor.py:829} INFO - Processing file /opt/airflow/dags/catchup.py for tasks to queue
[2023-12-03T06:43:16.424+0000] {logging_mixin.py:154} INFO - [2023-12-03T06:43:16.423+0000] {dagbag.py:536} INFO - Filling up the DagBag from /opt/airflow/dags/catchup.py
[2023-12-03T06:43:16.438+0000] {processor.py:839} INFO - DAG(s) dict_keys(['catchup']) retrieved from /opt/airflow/dags/catchup.py
[2023-12-03T06:43:16.478+0000] {logging_mixin.py:154} INFO - [2023-12-03T06:43:16.477+0000] {dag.py:2941} INFO - Sync 1 DAGs
[2023-12-03T06:43:16.514+0000] {logging_mixin.py:154} INFO - [2023-12-03T06:43:16.514+0000] {dag.py:3722} INFO - Setting next_dagrun for catchup to 2023-12-03T00:00:00+00:00, run_after=2023-12-04T00:00:00+00:00
[2023-12-03T06:43:16.699+0000] {processor.py:179} INFO - Processing /opt/airflow/dags/catchup.py took 0.292 seconds
[2023-12-03T06:43:50.128+0000] {processor.py:157} INFO - Started process (PID=685) to work on /opt/airflow/dags/catchup.py
[2023-12-03T06:43:50.142+0000] {processor.py:829} INFO - Processing file /opt/airflow/dags/catchup.py for tasks to queue
[2023-12-03T06:43:50.154+0000] {logging_mixin.py:154} INFO - [2023-12-03T06:43:50.154+0000] {dagbag.py:536} INFO - Filling up the DagBag from /opt/airflow/dags/catchup.py
[2023-12-03T06:43:50.309+0000] {processor.py:839} INFO - DAG(s) dict_keys(['catchup']) retrieved from /opt/airflow/dags/catchup.py
[2023-12-03T06:43:51.098+0000] {logging_mixin.py:154} INFO - [2023-12-03T06:43:51.098+0000] {dag.py:2941} INFO - Sync 1 DAGs
[2023-12-03T06:43:51.409+0000] {logging_mixin.py:154} INFO - [2023-12-03T06:43:51.406+0000] {dag.py:3722} INFO - Setting next_dagrun for catchup to 2023-12-03T00:00:00+00:00, run_after=2023-12-04T00:00:00+00:00
[2023-12-03T06:43:51.673+0000] {processor.py:179} INFO - Processing /opt/airflow/dags/catchup.py took 1.553 seconds
[2023-12-03T06:44:29.251+0000] {processor.py:157} INFO - Started process (PID=749) to work on /opt/airflow/dags/catchup.py
[2023-12-03T06:44:29.275+0000] {processor.py:829} INFO - Processing file /opt/airflow/dags/catchup.py for tasks to queue
[2023-12-03T06:44:29.290+0000] {logging_mixin.py:154} INFO - [2023-12-03T06:44:29.289+0000] {dagbag.py:536} INFO - Filling up the DagBag from /opt/airflow/dags/catchup.py
[2023-12-03T06:44:29.322+0000] {processor.py:839} INFO - DAG(s) dict_keys(['catchup']) retrieved from /opt/airflow/dags/catchup.py
[2023-12-03T06:44:29.491+0000] {logging_mixin.py:154} INFO - [2023-12-03T06:44:29.490+0000] {dag.py:2941} INFO - Sync 1 DAGs
[2023-12-03T06:44:29.617+0000] {logging_mixin.py:154} INFO - [2023-12-03T06:44:29.617+0000] {dag.py:3722} INFO - Setting next_dagrun for catchup to 2023-12-03T00:00:00+00:00, run_after=2023-12-04T00:00:00+00:00
[2023-12-03T06:44:29.846+0000] {processor.py:179} INFO - Processing /opt/airflow/dags/catchup.py took 0.596 seconds
[2023-12-03T06:45:12.395+0000] {processor.py:157} INFO - Started process (PID=821) to work on /opt/airflow/dags/catchup.py
[2023-12-03T06:45:12.436+0000] {processor.py:829} INFO - Processing file /opt/airflow/dags/catchup.py for tasks to queue
[2023-12-03T06:45:12.447+0000] {logging_mixin.py:154} INFO - [2023-12-03T06:45:12.446+0000] {dagbag.py:536} INFO - Filling up the DagBag from /opt/airflow/dags/catchup.py
[2023-12-03T06:45:12.507+0000] {processor.py:839} INFO - DAG(s) dict_keys(['catchup']) retrieved from /opt/airflow/dags/catchup.py
[2023-12-03T06:45:13.350+0000] {logging_mixin.py:154} INFO - [2023-12-03T06:45:13.350+0000] {dag.py:2941} INFO - Sync 1 DAGs
[2023-12-03T06:45:13.563+0000] {logging_mixin.py:154} INFO - [2023-12-03T06:45:13.563+0000] {dag.py:3722} INFO - Setting next_dagrun for catchup to 2023-12-03T00:00:00+00:00, run_after=2023-12-04T00:00:00+00:00
[2023-12-03T06:45:13.829+0000] {processor.py:179} INFO - Processing /opt/airflow/dags/catchup.py took 1.435 seconds
[2023-12-03T06:45:55.071+0000] {processor.py:157} INFO - Started process (PID=881) to work on /opt/airflow/dags/catchup.py
[2023-12-03T06:45:55.146+0000] {processor.py:829} INFO - Processing file /opt/airflow/dags/catchup.py for tasks to queue
[2023-12-03T06:45:55.151+0000] {logging_mixin.py:154} INFO - [2023-12-03T06:45:55.150+0000] {dagbag.py:536} INFO - Filling up the DagBag from /opt/airflow/dags/catchup.py
[2023-12-03T06:45:55.274+0000] {processor.py:839} INFO - DAG(s) dict_keys(['catchup']) retrieved from /opt/airflow/dags/catchup.py
[2023-12-03T06:45:55.498+0000] {logging_mixin.py:154} INFO - [2023-12-03T06:45:55.498+0000] {dag.py:2941} INFO - Sync 1 DAGs
[2023-12-03T06:45:55.815+0000] {logging_mixin.py:154} INFO - [2023-12-03T06:45:55.815+0000] {dag.py:3722} INFO - Setting next_dagrun for catchup to 2023-12-03T00:00:00+00:00, run_after=2023-12-04T00:00:00+00:00
[2023-12-03T06:45:56.371+0000] {processor.py:179} INFO - Processing /opt/airflow/dags/catchup.py took 1.321 seconds
[2023-12-03T06:46:30.785+0000] {processor.py:157} INFO - Started process (PID=933) to work on /opt/airflow/dags/catchup.py
[2023-12-03T06:46:30.806+0000] {processor.py:829} INFO - Processing file /opt/airflow/dags/catchup.py for tasks to queue
[2023-12-03T06:46:30.813+0000] {logging_mixin.py:154} INFO - [2023-12-03T06:46:30.812+0000] {dagbag.py:536} INFO - Filling up the DagBag from /opt/airflow/dags/catchup.py
[2023-12-03T06:46:30.877+0000] {processor.py:839} INFO - DAG(s) dict_keys(['catchup']) retrieved from /opt/airflow/dags/catchup.py
[2023-12-03T06:46:31.306+0000] {logging_mixin.py:154} INFO - [2023-12-03T06:46:31.306+0000] {dag.py:2941} INFO - Sync 1 DAGs
[2023-12-03T06:46:31.438+0000] {logging_mixin.py:154} INFO - [2023-12-03T06:46:31.437+0000] {dag.py:3722} INFO - Setting next_dagrun for catchup to 2023-12-03T00:00:00+00:00, run_after=2023-12-04T00:00:00+00:00
[2023-12-03T06:46:31.802+0000] {processor.py:179} INFO - Processing /opt/airflow/dags/catchup.py took 1.025 seconds
[2023-12-03T06:47:06.221+0000] {processor.py:157} INFO - Started process (PID=988) to work on /opt/airflow/dags/catchup.py
[2023-12-03T06:47:06.251+0000] {processor.py:829} INFO - Processing file /opt/airflow/dags/catchup.py for tasks to queue
[2023-12-03T06:47:06.285+0000] {logging_mixin.py:154} INFO - [2023-12-03T06:47:06.284+0000] {dagbag.py:536} INFO - Filling up the DagBag from /opt/airflow/dags/catchup.py
[2023-12-03T06:47:06.725+0000] {processor.py:839} INFO - DAG(s) dict_keys(['catchup']) retrieved from /opt/airflow/dags/catchup.py
[2023-12-03T06:47:07.200+0000] {logging_mixin.py:154} INFO - [2023-12-03T06:47:07.187+0000] {dag.py:2941} INFO - Sync 1 DAGs
[2023-12-03T06:47:07.520+0000] {logging_mixin.py:154} INFO - [2023-12-03T06:47:07.520+0000] {dag.py:3722} INFO - Setting next_dagrun for catchup to 2023-12-03T00:00:00+00:00, run_after=2023-12-04T00:00:00+00:00
[2023-12-03T06:47:08.021+0000] {processor.py:179} INFO - Processing /opt/airflow/dags/catchup.py took 1.806 seconds
[2023-12-03T06:47:45.173+0000] {processor.py:157} INFO - Started process (PID=1030) to work on /opt/airflow/dags/catchup.py
[2023-12-03T06:47:45.225+0000] {processor.py:829} INFO - Processing file /opt/airflow/dags/catchup.py for tasks to queue
[2023-12-03T06:47:45.234+0000] {logging_mixin.py:154} INFO - [2023-12-03T06:47:45.233+0000] {dagbag.py:536} INFO - Filling up the DagBag from /opt/airflow/dags/catchup.py
[2023-12-03T06:47:45.270+0000] {processor.py:839} INFO - DAG(s) dict_keys(['catchup']) retrieved from /opt/airflow/dags/catchup.py
[2023-12-03T06:47:45.660+0000] {logging_mixin.py:154} INFO - [2023-12-03T06:47:45.660+0000] {dag.py:2941} INFO - Sync 1 DAGs
[2023-12-03T06:47:45.918+0000] {logging_mixin.py:154} INFO - [2023-12-03T06:47:45.915+0000] {dag.py:3722} INFO - Setting next_dagrun for catchup to 2023-12-03T00:00:00+00:00, run_after=2023-12-04T00:00:00+00:00
[2023-12-03T06:47:46.485+0000] {processor.py:179} INFO - Processing /opt/airflow/dags/catchup.py took 1.334 seconds
[2023-12-03T06:48:32.806+0000] {processor.py:157} INFO - Started process (PID=1089) to work on /opt/airflow/dags/catchup.py
[2023-12-03T06:48:32.875+0000] {processor.py:829} INFO - Processing file /opt/airflow/dags/catchup.py for tasks to queue
[2023-12-03T06:48:32.878+0000] {logging_mixin.py:154} INFO - [2023-12-03T06:48:32.878+0000] {dagbag.py:536} INFO - Filling up the DagBag from /opt/airflow/dags/catchup.py
[2023-12-03T06:48:32.897+0000] {processor.py:839} INFO - DAG(s) dict_keys(['catchup']) retrieved from /opt/airflow/dags/catchup.py
[2023-12-03T06:48:33.283+0000] {logging_mixin.py:154} INFO - [2023-12-03T06:48:33.277+0000] {dag.py:2941} INFO - Sync 1 DAGs
[2023-12-03T06:48:33.456+0000] {logging_mixin.py:154} INFO - [2023-12-03T06:48:33.456+0000] {dag.py:3722} INFO - Setting next_dagrun for catchup to 2023-12-03T00:00:00+00:00, run_after=2023-12-04T00:00:00+00:00
[2023-12-03T06:48:33.944+0000] {processor.py:179} INFO - Processing /opt/airflow/dags/catchup.py took 1.154 seconds
[2023-12-03T06:49:04.440+0000] {processor.py:157} INFO - Started process (PID=1151) to work on /opt/airflow/dags/catchup.py
[2023-12-03T06:49:04.444+0000] {processor.py:829} INFO - Processing file /opt/airflow/dags/catchup.py for tasks to queue
[2023-12-03T06:49:04.448+0000] {logging_mixin.py:154} INFO - [2023-12-03T06:49:04.447+0000] {dagbag.py:536} INFO - Filling up the DagBag from /opt/airflow/dags/catchup.py
[2023-12-03T06:49:04.468+0000] {processor.py:839} INFO - DAG(s) dict_keys(['catchup']) retrieved from /opt/airflow/dags/catchup.py
[2023-12-03T06:49:04.631+0000] {logging_mixin.py:154} INFO - [2023-12-03T06:49:04.631+0000] {dag.py:2941} INFO - Sync 1 DAGs
[2023-12-03T06:49:04.715+0000] {logging_mixin.py:154} INFO - [2023-12-03T06:49:04.714+0000] {dag.py:3722} INFO - Setting next_dagrun for catchup to 2023-12-03T00:00:00+00:00, run_after=2023-12-04T00:00:00+00:00
[2023-12-03T06:49:04.802+0000] {processor.py:179} INFO - Processing /opt/airflow/dags/catchup.py took 0.369 seconds
[2023-12-03T06:49:35.194+0000] {processor.py:157} INFO - Started process (PID=1214) to work on /opt/airflow/dags/catchup.py
[2023-12-03T06:49:35.354+0000] {processor.py:829} INFO - Processing file /opt/airflow/dags/catchup.py for tasks to queue
[2023-12-03T06:49:35.536+0000] {logging_mixin.py:154} INFO - [2023-12-03T06:49:35.536+0000] {dagbag.py:536} INFO - Filling up the DagBag from /opt/airflow/dags/catchup.py
[2023-12-03T06:49:35.602+0000] {processor.py:839} INFO - DAG(s) dict_keys(['catchup']) retrieved from /opt/airflow/dags/catchup.py
[2023-12-03T06:49:35.629+0000] {logging_mixin.py:154} INFO - [2023-12-03T06:49:35.629+0000] {dag.py:2941} INFO - Sync 1 DAGs
[2023-12-03T06:49:35.654+0000] {logging_mixin.py:154} INFO - [2023-12-03T06:49:35.654+0000] {dag.py:3722} INFO - Setting next_dagrun for catchup to 2023-12-03T00:00:00+00:00, run_after=2023-12-04T00:00:00+00:00
[2023-12-03T06:49:35.677+0000] {processor.py:179} INFO - Processing /opt/airflow/dags/catchup.py took 0.527 seconds
[2023-12-03T06:50:07.067+0000] {processor.py:157} INFO - Started process (PID=1260) to work on /opt/airflow/dags/catchup.py
[2023-12-03T06:50:07.157+0000] {processor.py:829} INFO - Processing file /opt/airflow/dags/catchup.py for tasks to queue
[2023-12-03T06:50:07.170+0000] {logging_mixin.py:154} INFO - [2023-12-03T06:50:07.166+0000] {dagbag.py:536} INFO - Filling up the DagBag from /opt/airflow/dags/catchup.py
[2023-12-03T06:50:07.223+0000] {processor.py:839} INFO - DAG(s) dict_keys(['catchup']) retrieved from /opt/airflow/dags/catchup.py
[2023-12-03T06:50:07.655+0000] {logging_mixin.py:154} INFO - [2023-12-03T06:50:07.655+0000] {dag.py:2941} INFO - Sync 1 DAGs
[2023-12-03T06:50:07.861+0000] {logging_mixin.py:154} INFO - [2023-12-03T06:50:07.861+0000] {dag.py:3722} INFO - Setting next_dagrun for catchup to 2023-12-03T00:00:00+00:00, run_after=2023-12-04T00:00:00+00:00
[2023-12-03T06:50:08.248+0000] {processor.py:179} INFO - Processing /opt/airflow/dags/catchup.py took 1.207 seconds
[2023-12-03T06:50:42.675+0000] {processor.py:157} INFO - Started process (PID=1305) to work on /opt/airflow/dags/catchup.py
[2023-12-03T06:50:42.724+0000] {processor.py:829} INFO - Processing file /opt/airflow/dags/catchup.py for tasks to queue
[2023-12-03T06:50:42.751+0000] {logging_mixin.py:154} INFO - [2023-12-03T06:50:42.750+0000] {dagbag.py:536} INFO - Filling up the DagBag from /opt/airflow/dags/catchup.py
[2023-12-03T06:50:42.817+0000] {processor.py:839} INFO - DAG(s) dict_keys(['catchup']) retrieved from /opt/airflow/dags/catchup.py
[2023-12-03T06:50:43.510+0000] {logging_mixin.py:154} INFO - [2023-12-03T06:50:43.510+0000] {dag.py:2941} INFO - Sync 1 DAGs
[2023-12-03T06:50:43.739+0000] {logging_mixin.py:154} INFO - [2023-12-03T06:50:43.735+0000] {dag.py:3722} INFO - Setting next_dagrun for catchup to 2023-12-03T00:00:00+00:00, run_after=2023-12-04T00:00:00+00:00
[2023-12-03T06:50:44.086+0000] {processor.py:179} INFO - Processing /opt/airflow/dags/catchup.py took 1.424 seconds
[2023-12-03T06:51:14.695+0000] {processor.py:157} INFO - Started process (PID=1366) to work on /opt/airflow/dags/catchup.py
[2023-12-03T06:51:14.719+0000] {processor.py:829} INFO - Processing file /opt/airflow/dags/catchup.py for tasks to queue
[2023-12-03T06:51:14.722+0000] {logging_mixin.py:154} INFO - [2023-12-03T06:51:14.721+0000] {dagbag.py:536} INFO - Filling up the DagBag from /opt/airflow/dags/catchup.py
[2023-12-03T06:51:14.733+0000] {processor.py:839} INFO - DAG(s) dict_keys(['catchup']) retrieved from /opt/airflow/dags/catchup.py
[2023-12-03T06:51:14.753+0000] {logging_mixin.py:154} INFO - [2023-12-03T06:51:14.753+0000] {dag.py:2941} INFO - Sync 1 DAGs
[2023-12-03T06:51:14.774+0000] {logging_mixin.py:154} INFO - [2023-12-03T06:51:14.774+0000] {dag.py:3722} INFO - Setting next_dagrun for catchup to 2023-12-03T00:00:00+00:00, run_after=2023-12-04T00:00:00+00:00
[2023-12-03T06:51:14.795+0000] {processor.py:179} INFO - Processing /opt/airflow/dags/catchup.py took 0.104 seconds
[2023-12-03T06:51:44.931+0000] {processor.py:157} INFO - Started process (PID=1429) to work on /opt/airflow/dags/catchup.py
[2023-12-03T06:51:44.933+0000] {processor.py:829} INFO - Processing file /opt/airflow/dags/catchup.py for tasks to queue
[2023-12-03T06:51:44.935+0000] {logging_mixin.py:154} INFO - [2023-12-03T06:51:44.935+0000] {dagbag.py:536} INFO - Filling up the DagBag from /opt/airflow/dags/catchup.py
[2023-12-03T06:51:44.942+0000] {processor.py:839} INFO - DAG(s) dict_keys(['catchup']) retrieved from /opt/airflow/dags/catchup.py
[2023-12-03T06:51:44.966+0000] {logging_mixin.py:154} INFO - [2023-12-03T06:51:44.966+0000] {dag.py:2941} INFO - Sync 1 DAGs
[2023-12-03T06:51:44.985+0000] {logging_mixin.py:154} INFO - [2023-12-03T06:51:44.985+0000] {dag.py:3722} INFO - Setting next_dagrun for catchup to 2023-12-03T00:00:00+00:00, run_after=2023-12-04T00:00:00+00:00
[2023-12-03T06:51:45.007+0000] {processor.py:179} INFO - Processing /opt/airflow/dags/catchup.py took 0.079 seconds
[2023-12-03T06:52:15.562+0000] {processor.py:157} INFO - Started process (PID=1492) to work on /opt/airflow/dags/catchup.py
[2023-12-03T06:52:15.586+0000] {processor.py:829} INFO - Processing file /opt/airflow/dags/catchup.py for tasks to queue
[2023-12-03T06:52:15.589+0000] {logging_mixin.py:154} INFO - [2023-12-03T06:52:15.588+0000] {dagbag.py:536} INFO - Filling up the DagBag from /opt/airflow/dags/catchup.py
[2023-12-03T06:52:15.595+0000] {processor.py:839} INFO - DAG(s) dict_keys(['catchup']) retrieved from /opt/airflow/dags/catchup.py
[2023-12-03T06:52:15.616+0000] {logging_mixin.py:154} INFO - [2023-12-03T06:52:15.616+0000] {dag.py:2941} INFO - Sync 1 DAGs
[2023-12-03T06:52:15.632+0000] {logging_mixin.py:154} INFO - [2023-12-03T06:52:15.632+0000] {dag.py:3722} INFO - Setting next_dagrun for catchup to 2023-12-03T00:00:00+00:00, run_after=2023-12-04T00:00:00+00:00
[2023-12-03T06:52:15.648+0000] {processor.py:179} INFO - Processing /opt/airflow/dags/catchup.py took 0.089 seconds
[2023-12-03T06:52:46.068+0000] {processor.py:157} INFO - Started process (PID=1555) to work on /opt/airflow/dags/catchup.py
[2023-12-03T06:52:46.071+0000] {processor.py:829} INFO - Processing file /opt/airflow/dags/catchup.py for tasks to queue
[2023-12-03T06:52:46.074+0000] {logging_mixin.py:154} INFO - [2023-12-03T06:52:46.074+0000] {dagbag.py:536} INFO - Filling up the DagBag from /opt/airflow/dags/catchup.py
[2023-12-03T06:52:46.080+0000] {processor.py:839} INFO - DAG(s) dict_keys(['catchup']) retrieved from /opt/airflow/dags/catchup.py
[2023-12-03T06:52:46.101+0000] {logging_mixin.py:154} INFO - [2023-12-03T06:52:46.101+0000] {dag.py:2941} INFO - Sync 1 DAGs
[2023-12-03T06:52:46.124+0000] {logging_mixin.py:154} INFO - [2023-12-03T06:52:46.124+0000] {dag.py:3722} INFO - Setting next_dagrun for catchup to 2023-12-03T00:00:00+00:00, run_after=2023-12-04T00:00:00+00:00
[2023-12-03T06:52:46.147+0000] {processor.py:179} INFO - Processing /opt/airflow/dags/catchup.py took 0.088 seconds
[2023-12-03T06:53:16.809+0000] {processor.py:157} INFO - Started process (PID=1617) to work on /opt/airflow/dags/catchup.py
[2023-12-03T06:53:16.833+0000] {processor.py:829} INFO - Processing file /opt/airflow/dags/catchup.py for tasks to queue
[2023-12-03T06:53:16.836+0000] {logging_mixin.py:154} INFO - [2023-12-03T06:53:16.835+0000] {dagbag.py:536} INFO - Filling up the DagBag from /opt/airflow/dags/catchup.py
[2023-12-03T06:53:16.843+0000] {processor.py:839} INFO - DAG(s) dict_keys(['catchup']) retrieved from /opt/airflow/dags/catchup.py
[2023-12-03T06:53:16.864+0000] {logging_mixin.py:154} INFO - [2023-12-03T06:53:16.864+0000] {dag.py:2941} INFO - Sync 1 DAGs
[2023-12-03T06:53:16.885+0000] {logging_mixin.py:154} INFO - [2023-12-03T06:53:16.884+0000] {dag.py:3722} INFO - Setting next_dagrun for catchup to 2023-12-03T00:00:00+00:00, run_after=2023-12-04T00:00:00+00:00
[2023-12-03T06:53:16.901+0000] {processor.py:179} INFO - Processing /opt/airflow/dags/catchup.py took 0.095 seconds
[2023-12-03T06:53:47.297+0000] {processor.py:157} INFO - Started process (PID=1680) to work on /opt/airflow/dags/catchup.py
[2023-12-03T06:53:47.308+0000] {processor.py:829} INFO - Processing file /opt/airflow/dags/catchup.py for tasks to queue
[2023-12-03T06:53:47.311+0000] {logging_mixin.py:154} INFO - [2023-12-03T06:53:47.310+0000] {dagbag.py:536} INFO - Filling up the DagBag from /opt/airflow/dags/catchup.py
[2023-12-03T06:53:47.318+0000] {processor.py:839} INFO - DAG(s) dict_keys(['catchup']) retrieved from /opt/airflow/dags/catchup.py
[2023-12-03T06:53:47.339+0000] {logging_mixin.py:154} INFO - [2023-12-03T06:53:47.339+0000] {dag.py:2941} INFO - Sync 1 DAGs
[2023-12-03T06:53:47.381+0000] {logging_mixin.py:154} INFO - [2023-12-03T06:53:47.380+0000] {dag.py:3722} INFO - Setting next_dagrun for catchup to 2023-12-03T00:00:00+00:00, run_after=2023-12-04T00:00:00+00:00
[2023-12-03T06:53:47.410+0000] {processor.py:179} INFO - Processing /opt/airflow/dags/catchup.py took 0.117 seconds
[2023-12-03T06:54:17.493+0000] {processor.py:157} INFO - Started process (PID=1743) to work on /opt/airflow/dags/catchup.py
[2023-12-03T06:54:17.518+0000] {processor.py:829} INFO - Processing file /opt/airflow/dags/catchup.py for tasks to queue
[2023-12-03T06:54:17.523+0000] {logging_mixin.py:154} INFO - [2023-12-03T06:54:17.523+0000] {dagbag.py:536} INFO - Filling up the DagBag from /opt/airflow/dags/catchup.py
[2023-12-03T06:54:17.531+0000] {processor.py:839} INFO - DAG(s) dict_keys(['catchup']) retrieved from /opt/airflow/dags/catchup.py
[2023-12-03T06:54:17.556+0000] {logging_mixin.py:154} INFO - [2023-12-03T06:54:17.556+0000] {dag.py:2941} INFO - Sync 1 DAGs
[2023-12-03T06:54:17.578+0000] {logging_mixin.py:154} INFO - [2023-12-03T06:54:17.578+0000] {dag.py:3722} INFO - Setting next_dagrun for catchup to 2023-12-03T00:00:00+00:00, run_after=2023-12-04T00:00:00+00:00
[2023-12-03T06:54:17.600+0000] {processor.py:179} INFO - Processing /opt/airflow/dags/catchup.py took 0.110 seconds
[2023-12-03T06:54:48.586+0000] {processor.py:157} INFO - Started process (PID=1813) to work on /opt/airflow/dags/catchup.py
[2023-12-03T06:54:48.609+0000] {processor.py:829} INFO - Processing file /opt/airflow/dags/catchup.py for tasks to queue
[2023-12-03T06:54:48.613+0000] {logging_mixin.py:154} INFO - [2023-12-03T06:54:48.613+0000] {dagbag.py:536} INFO - Filling up the DagBag from /opt/airflow/dags/catchup.py
[2023-12-03T06:54:48.623+0000] {processor.py:839} INFO - DAG(s) dict_keys(['catchup']) retrieved from /opt/airflow/dags/catchup.py
[2023-12-03T06:54:48.645+0000] {logging_mixin.py:154} INFO - [2023-12-03T06:54:48.645+0000] {dag.py:2941} INFO - Sync 1 DAGs
[2023-12-03T06:54:48.667+0000] {logging_mixin.py:154} INFO - [2023-12-03T06:54:48.667+0000] {dag.py:3722} INFO - Setting next_dagrun for catchup to 2023-12-03T00:00:00+00:00, run_after=2023-12-04T00:00:00+00:00
[2023-12-03T06:54:48.687+0000] {processor.py:179} INFO - Processing /opt/airflow/dags/catchup.py took 0.105 seconds
[2023-12-03T06:55:19.549+0000] {processor.py:157} INFO - Started process (PID=1877) to work on /opt/airflow/dags/catchup.py
[2023-12-03T06:55:19.571+0000] {processor.py:829} INFO - Processing file /opt/airflow/dags/catchup.py for tasks to queue
[2023-12-03T06:55:19.578+0000] {logging_mixin.py:154} INFO - [2023-12-03T06:55:19.575+0000] {dagbag.py:536} INFO - Filling up the DagBag from /opt/airflow/dags/catchup.py
[2023-12-03T06:55:19.646+0000] {processor.py:839} INFO - DAG(s) dict_keys(['catchup']) retrieved from /opt/airflow/dags/catchup.py
[2023-12-03T06:55:19.894+0000] {logging_mixin.py:154} INFO - [2023-12-03T06:55:19.894+0000] {dag.py:2941} INFO - Sync 1 DAGs
[2023-12-03T06:55:19.940+0000] {logging_mixin.py:154} INFO - [2023-12-03T06:55:19.940+0000] {dag.py:3722} INFO - Setting next_dagrun for catchup to 2023-12-03T00:00:00+00:00, run_after=2023-12-04T00:00:00+00:00
[2023-12-03T06:55:20.299+0000] {processor.py:179} INFO - Processing /opt/airflow/dags/catchup.py took 0.783 seconds
[2023-12-03T06:55:55.365+0000] {processor.py:157} INFO - Started process (PID=1939) to work on /opt/airflow/dags/catchup.py
[2023-12-03T06:55:55.383+0000] {processor.py:829} INFO - Processing file /opt/airflow/dags/catchup.py for tasks to queue
[2023-12-03T06:55:55.398+0000] {logging_mixin.py:154} INFO - [2023-12-03T06:55:55.395+0000] {dagbag.py:536} INFO - Filling up the DagBag from /opt/airflow/dags/catchup.py
[2023-12-03T06:55:55.423+0000] {processor.py:839} INFO - DAG(s) dict_keys(['catchup']) retrieved from /opt/airflow/dags/catchup.py
[2023-12-03T06:55:55.479+0000] {logging_mixin.py:154} INFO - [2023-12-03T06:55:55.479+0000] {dag.py:2941} INFO - Sync 1 DAGs
[2023-12-03T06:55:55.511+0000] {logging_mixin.py:154} INFO - [2023-12-03T06:55:55.511+0000] {dag.py:3722} INFO - Setting next_dagrun for catchup to 2023-12-03T00:00:00+00:00, run_after=2023-12-04T00:00:00+00:00
[2023-12-03T06:55:55.577+0000] {processor.py:179} INFO - Processing /opt/airflow/dags/catchup.py took 0.237 seconds
[2023-12-03T06:56:25.691+0000] {processor.py:157} INFO - Started process (PID=2002) to work on /opt/airflow/dags/catchup.py
[2023-12-03T06:56:25.692+0000] {processor.py:829} INFO - Processing file /opt/airflow/dags/catchup.py for tasks to queue
[2023-12-03T06:56:25.694+0000] {logging_mixin.py:154} INFO - [2023-12-03T06:56:25.694+0000] {dagbag.py:536} INFO - Filling up the DagBag from /opt/airflow/dags/catchup.py
[2023-12-03T06:56:25.701+0000] {processor.py:839} INFO - DAG(s) dict_keys(['catchup']) retrieved from /opt/airflow/dags/catchup.py
[2023-12-03T06:56:25.720+0000] {logging_mixin.py:154} INFO - [2023-12-03T06:56:25.720+0000] {dag.py:2941} INFO - Sync 1 DAGs
[2023-12-03T06:56:25.740+0000] {logging_mixin.py:154} INFO - [2023-12-03T06:56:25.740+0000] {dag.py:3722} INFO - Setting next_dagrun for catchup to 2023-12-03T00:00:00+00:00, run_after=2023-12-04T00:00:00+00:00
[2023-12-03T06:56:25.759+0000] {processor.py:179} INFO - Processing /opt/airflow/dags/catchup.py took 0.072 seconds
[2023-12-03T06:56:58.576+0000] {processor.py:157} INFO - Started process (PID=2039) to work on /opt/airflow/dags/catchup.py
[2023-12-03T06:56:58.604+0000] {processor.py:829} INFO - Processing file /opt/airflow/dags/catchup.py for tasks to queue
[2023-12-03T06:56:58.614+0000] {logging_mixin.py:154} INFO - [2023-12-03T06:56:58.613+0000] {dagbag.py:536} INFO - Filling up the DagBag from /opt/airflow/dags/catchup.py
[2023-12-03T06:56:58.654+0000] {processor.py:839} INFO - DAG(s) dict_keys(['catchup']) retrieved from /opt/airflow/dags/catchup.py
[2023-12-03T06:56:58.910+0000] {logging_mixin.py:154} INFO - [2023-12-03T06:56:58.910+0000] {dag.py:2941} INFO - Sync 1 DAGs
[2023-12-03T06:56:59.082+0000] {logging_mixin.py:154} INFO - [2023-12-03T06:56:59.079+0000] {dag.py:3722} INFO - Setting next_dagrun for catchup to 2023-12-03T00:00:00+00:00, run_after=2023-12-04T00:00:00+00:00
[2023-12-03T06:56:59.459+0000] {processor.py:179} INFO - Processing /opt/airflow/dags/catchup.py took 0.891 seconds
[2023-12-03T06:57:30.056+0000] {processor.py:157} INFO - Started process (PID=2095) to work on /opt/airflow/dags/catchup.py
[2023-12-03T06:57:30.098+0000] {processor.py:829} INFO - Processing file /opt/airflow/dags/catchup.py for tasks to queue
[2023-12-03T06:57:30.163+0000] {logging_mixin.py:154} INFO - [2023-12-03T06:57:30.162+0000] {dagbag.py:536} INFO - Filling up the DagBag from /opt/airflow/dags/catchup.py
[2023-12-03T06:57:30.204+0000] {processor.py:839} INFO - DAG(s) dict_keys(['catchup']) retrieved from /opt/airflow/dags/catchup.py
[2023-12-03T06:57:31.029+0000] {logging_mixin.py:154} INFO - [2023-12-03T06:57:31.028+0000] {dag.py:2941} INFO - Sync 1 DAGs
[2023-12-03T06:57:31.332+0000] {logging_mixin.py:154} INFO - [2023-12-03T06:57:31.332+0000] {dag.py:3722} INFO - Setting next_dagrun for catchup to 2023-12-03T00:00:00+00:00, run_after=2023-12-04T00:00:00+00:00
[2023-12-03T06:57:31.619+0000] {processor.py:179} INFO - Processing /opt/airflow/dags/catchup.py took 1.599 seconds
[2023-12-03T06:58:02.581+0000] {processor.py:157} INFO - Started process (PID=2158) to work on /opt/airflow/dags/catchup.py
[2023-12-03T06:58:02.583+0000] {processor.py:829} INFO - Processing file /opt/airflow/dags/catchup.py for tasks to queue
[2023-12-03T06:58:02.585+0000] {logging_mixin.py:154} INFO - [2023-12-03T06:58:02.585+0000] {dagbag.py:536} INFO - Filling up the DagBag from /opt/airflow/dags/catchup.py
[2023-12-03T06:58:02.594+0000] {processor.py:839} INFO - DAG(s) dict_keys(['catchup']) retrieved from /opt/airflow/dags/catchup.py
[2023-12-03T06:58:02.628+0000] {logging_mixin.py:154} INFO - [2023-12-03T06:58:02.628+0000] {dag.py:2941} INFO - Sync 1 DAGs
[2023-12-03T06:58:02.650+0000] {logging_mixin.py:154} INFO - [2023-12-03T06:58:02.650+0000] {dag.py:3722} INFO - Setting next_dagrun for catchup to 2023-12-03T00:00:00+00:00, run_after=2023-12-04T00:00:00+00:00
[2023-12-03T06:58:02.696+0000] {processor.py:179} INFO - Processing /opt/airflow/dags/catchup.py took 0.118 seconds
[2023-12-03T06:58:32.938+0000] {processor.py:157} INFO - Started process (PID=2221) to work on /opt/airflow/dags/catchup.py
[2023-12-03T06:58:32.973+0000] {processor.py:829} INFO - Processing file /opt/airflow/dags/catchup.py for tasks to queue
[2023-12-03T06:58:32.988+0000] {logging_mixin.py:154} INFO - [2023-12-03T06:58:32.988+0000] {dagbag.py:536} INFO - Filling up the DagBag from /opt/airflow/dags/catchup.py
[2023-12-03T06:58:33.016+0000] {processor.py:839} INFO - DAG(s) dict_keys(['catchup']) retrieved from /opt/airflow/dags/catchup.py
[2023-12-03T06:58:33.632+0000] {logging_mixin.py:154} INFO - [2023-12-03T06:58:33.631+0000] {dag.py:2941} INFO - Sync 1 DAGs
[2023-12-03T06:58:33.866+0000] {logging_mixin.py:154} INFO - [2023-12-03T06:58:33.865+0000] {dag.py:3722} INFO - Setting next_dagrun for catchup to 2023-12-03T00:00:00+00:00, run_after=2023-12-04T00:00:00+00:00
[2023-12-03T06:58:34.701+0000] {processor.py:179} INFO - Processing /opt/airflow/dags/catchup.py took 1.781 seconds
[2023-12-03T06:59:10.653+0000] {processor.py:157} INFO - Started process (PID=2264) to work on /opt/airflow/dags/catchup.py
[2023-12-03T06:59:10.675+0000] {processor.py:829} INFO - Processing file /opt/airflow/dags/catchup.py for tasks to queue
[2023-12-03T06:59:10.687+0000] {logging_mixin.py:154} INFO - [2023-12-03T06:59:10.687+0000] {dagbag.py:536} INFO - Filling up the DagBag from /opt/airflow/dags/catchup.py
[2023-12-03T06:59:10.717+0000] {processor.py:839} INFO - DAG(s) dict_keys(['catchup']) retrieved from /opt/airflow/dags/catchup.py
[2023-12-03T06:59:11.292+0000] {logging_mixin.py:154} INFO - [2023-12-03T06:59:11.291+0000] {dag.py:2941} INFO - Sync 1 DAGs
[2023-12-03T06:59:11.562+0000] {logging_mixin.py:154} INFO - [2023-12-03T06:59:11.562+0000] {dag.py:3722} INFO - Setting next_dagrun for catchup to 2023-12-03T00:00:00+00:00, run_after=2023-12-04T00:00:00+00:00
[2023-12-03T06:59:11.699+0000] {processor.py:179} INFO - Processing /opt/airflow/dags/catchup.py took 1.117 seconds
[2023-12-03T06:59:54.503+0000] {processor.py:157} INFO - Started process (PID=2322) to work on /opt/airflow/dags/catchup.py
[2023-12-03T06:59:54.521+0000] {processor.py:829} INFO - Processing file /opt/airflow/dags/catchup.py for tasks to queue
[2023-12-03T06:59:54.529+0000] {logging_mixin.py:154} INFO - [2023-12-03T06:59:54.528+0000] {dagbag.py:536} INFO - Filling up the DagBag from /opt/airflow/dags/catchup.py
[2023-12-03T06:59:54.745+0000] {processor.py:839} INFO - DAG(s) dict_keys(['catchup']) retrieved from /opt/airflow/dags/catchup.py
[2023-12-03T06:59:55.155+0000] {logging_mixin.py:154} INFO - [2023-12-03T06:59:55.155+0000] {dag.py:2941} INFO - Sync 1 DAGs
[2023-12-03T06:59:55.410+0000] {logging_mixin.py:154} INFO - [2023-12-03T06:59:55.410+0000] {dag.py:3722} INFO - Setting next_dagrun for catchup to 2023-12-03T00:00:00+00:00, run_after=2023-12-04T00:00:00+00:00
[2023-12-03T06:59:56.586+0000] {processor.py:179} INFO - Processing /opt/airflow/dags/catchup.py took 2.092 seconds
[2023-12-03T07:00:31.251+0000] {processor.py:157} INFO - Started process (PID=2385) to work on /opt/airflow/dags/catchup.py
[2023-12-03T07:00:31.314+0000] {processor.py:829} INFO - Processing file /opt/airflow/dags/catchup.py for tasks to queue
[2023-12-03T07:00:31.327+0000] {logging_mixin.py:154} INFO - [2023-12-03T07:00:31.327+0000] {dagbag.py:536} INFO - Filling up the DagBag from /opt/airflow/dags/catchup.py
[2023-12-03T07:00:31.360+0000] {processor.py:839} INFO - DAG(s) dict_keys(['catchup']) retrieved from /opt/airflow/dags/catchup.py
[2023-12-03T07:00:31.766+0000] {logging_mixin.py:154} INFO - [2023-12-03T07:00:31.766+0000] {dag.py:2941} INFO - Sync 1 DAGs
[2023-12-03T07:00:31.916+0000] {logging_mixin.py:154} INFO - [2023-12-03T07:00:31.915+0000] {dag.py:3722} INFO - Setting next_dagrun for catchup to 2023-12-03T00:00:00+00:00, run_after=2023-12-04T00:00:00+00:00
[2023-12-03T07:00:32.023+0000] {processor.py:179} INFO - Processing /opt/airflow/dags/catchup.py took 0.791 seconds
[2023-12-03T07:01:02.518+0000] {processor.py:157} INFO - Started process (PID=2448) to work on /opt/airflow/dags/catchup.py
[2023-12-03T07:01:02.541+0000] {processor.py:829} INFO - Processing file /opt/airflow/dags/catchup.py for tasks to queue
[2023-12-03T07:01:02.545+0000] {logging_mixin.py:154} INFO - [2023-12-03T07:01:02.544+0000] {dagbag.py:536} INFO - Filling up the DagBag from /opt/airflow/dags/catchup.py
[2023-12-03T07:01:02.555+0000] {processor.py:839} INFO - DAG(s) dict_keys(['catchup']) retrieved from /opt/airflow/dags/catchup.py
[2023-12-03T07:01:02.587+0000] {logging_mixin.py:154} INFO - [2023-12-03T07:01:02.587+0000] {dag.py:2941} INFO - Sync 1 DAGs
[2023-12-03T07:01:02.617+0000] {logging_mixin.py:154} INFO - [2023-12-03T07:01:02.616+0000] {dag.py:3722} INFO - Setting next_dagrun for catchup to 2023-12-03T00:00:00+00:00, run_after=2023-12-04T00:00:00+00:00
[2023-12-03T07:01:02.643+0000] {processor.py:179} INFO - Processing /opt/airflow/dags/catchup.py took 0.129 seconds
[2023-12-03T07:01:33.195+0000] {processor.py:157} INFO - Started process (PID=2511) to work on /opt/airflow/dags/catchup.py
[2023-12-03T07:01:33.218+0000] {processor.py:829} INFO - Processing file /opt/airflow/dags/catchup.py for tasks to queue
[2023-12-03T07:01:33.221+0000] {logging_mixin.py:154} INFO - [2023-12-03T07:01:33.221+0000] {dagbag.py:536} INFO - Filling up the DagBag from /opt/airflow/dags/catchup.py
[2023-12-03T07:01:33.231+0000] {processor.py:839} INFO - DAG(s) dict_keys(['catchup']) retrieved from /opt/airflow/dags/catchup.py
[2023-12-03T07:01:33.294+0000] {logging_mixin.py:154} INFO - [2023-12-03T07:01:33.294+0000] {dag.py:2941} INFO - Sync 1 DAGs
[2023-12-03T07:01:33.316+0000] {logging_mixin.py:154} INFO - [2023-12-03T07:01:33.316+0000] {dag.py:3722} INFO - Setting next_dagrun for catchup to 2023-12-03T00:00:00+00:00, run_after=2023-12-04T00:00:00+00:00
[2023-12-03T07:01:33.347+0000] {processor.py:179} INFO - Processing /opt/airflow/dags/catchup.py took 0.156 seconds
[2023-12-03T07:02:03.940+0000] {processor.py:157} INFO - Started process (PID=2574) to work on /opt/airflow/dags/catchup.py
[2023-12-03T07:02:03.951+0000] {processor.py:829} INFO - Processing file /opt/airflow/dags/catchup.py for tasks to queue
[2023-12-03T07:02:03.954+0000] {logging_mixin.py:154} INFO - [2023-12-03T07:02:03.953+0000] {dagbag.py:536} INFO - Filling up the DagBag from /opt/airflow/dags/catchup.py
[2023-12-03T07:02:03.963+0000] {processor.py:839} INFO - DAG(s) dict_keys(['catchup']) retrieved from /opt/airflow/dags/catchup.py
[2023-12-03T07:02:03.997+0000] {logging_mixin.py:154} INFO - [2023-12-03T07:02:03.997+0000] {dag.py:2941} INFO - Sync 1 DAGs
[2023-12-03T07:02:04.018+0000] {logging_mixin.py:154} INFO - [2023-12-03T07:02:04.018+0000] {dag.py:3722} INFO - Setting next_dagrun for catchup to 2023-12-03T00:00:00+00:00, run_after=2023-12-04T00:00:00+00:00
[2023-12-03T07:02:04.040+0000] {processor.py:179} INFO - Processing /opt/airflow/dags/catchup.py took 0.104 seconds
[2023-12-03T07:02:34.161+0000] {processor.py:157} INFO - Started process (PID=2637) to work on /opt/airflow/dags/catchup.py
[2023-12-03T07:02:34.185+0000] {processor.py:829} INFO - Processing file /opt/airflow/dags/catchup.py for tasks to queue
[2023-12-03T07:02:34.188+0000] {logging_mixin.py:154} INFO - [2023-12-03T07:02:34.188+0000] {dagbag.py:536} INFO - Filling up the DagBag from /opt/airflow/dags/catchup.py
[2023-12-03T07:02:34.196+0000] {processor.py:839} INFO - DAG(s) dict_keys(['catchup']) retrieved from /opt/airflow/dags/catchup.py
[2023-12-03T07:02:34.253+0000] {logging_mixin.py:154} INFO - [2023-12-03T07:02:34.252+0000] {dag.py:2941} INFO - Sync 1 DAGs
[2023-12-03T07:02:34.284+0000] {logging_mixin.py:154} INFO - [2023-12-03T07:02:34.283+0000] {dag.py:3722} INFO - Setting next_dagrun for catchup to 2023-12-03T00:00:00+00:00, run_after=2023-12-04T00:00:00+00:00
[2023-12-03T07:02:34.308+0000] {processor.py:179} INFO - Processing /opt/airflow/dags/catchup.py took 0.150 seconds
[2023-12-03T07:03:04.758+0000] {processor.py:157} INFO - Started process (PID=2700) to work on /opt/airflow/dags/catchup.py
[2023-12-03T07:03:04.781+0000] {processor.py:829} INFO - Processing file /opt/airflow/dags/catchup.py for tasks to queue
[2023-12-03T07:03:04.784+0000] {logging_mixin.py:154} INFO - [2023-12-03T07:03:04.784+0000] {dagbag.py:536} INFO - Filling up the DagBag from /opt/airflow/dags/catchup.py
[2023-12-03T07:03:04.793+0000] {processor.py:839} INFO - DAG(s) dict_keys(['catchup']) retrieved from /opt/airflow/dags/catchup.py
[2023-12-03T07:03:04.814+0000] {logging_mixin.py:154} INFO - [2023-12-03T07:03:04.814+0000] {dag.py:2941} INFO - Sync 1 DAGs
[2023-12-03T07:03:04.837+0000] {logging_mixin.py:154} INFO - [2023-12-03T07:03:04.837+0000] {dag.py:3722} INFO - Setting next_dagrun for catchup to 2023-12-03T00:00:00+00:00, run_after=2023-12-04T00:00:00+00:00
[2023-12-03T07:03:04.859+0000] {processor.py:179} INFO - Processing /opt/airflow/dags/catchup.py took 0.104 seconds
[2023-12-03T07:03:35.609+0000] {processor.py:157} INFO - Started process (PID=2764) to work on /opt/airflow/dags/catchup.py
[2023-12-03T07:03:35.625+0000] {processor.py:829} INFO - Processing file /opt/airflow/dags/catchup.py for tasks to queue
[2023-12-03T07:03:35.627+0000] {logging_mixin.py:154} INFO - [2023-12-03T07:03:35.627+0000] {dagbag.py:536} INFO - Filling up the DagBag from /opt/airflow/dags/catchup.py
[2023-12-03T07:03:35.636+0000] {processor.py:839} INFO - DAG(s) dict_keys(['catchup']) retrieved from /opt/airflow/dags/catchup.py
[2023-12-03T07:03:35.663+0000] {logging_mixin.py:154} INFO - [2023-12-03T07:03:35.663+0000] {dag.py:2941} INFO - Sync 1 DAGs
[2023-12-03T07:03:35.685+0000] {logging_mixin.py:154} INFO - [2023-12-03T07:03:35.685+0000] {dag.py:3722} INFO - Setting next_dagrun for catchup to 2023-12-03T00:00:00+00:00, run_after=2023-12-04T00:00:00+00:00
[2023-12-03T07:03:35.707+0000] {processor.py:179} INFO - Processing /opt/airflow/dags/catchup.py took 0.116 seconds
[2023-12-03T07:04:06.340+0000] {processor.py:157} INFO - Started process (PID=2828) to work on /opt/airflow/dags/catchup.py
[2023-12-03T07:04:06.347+0000] {processor.py:829} INFO - Processing file /opt/airflow/dags/catchup.py for tasks to queue
[2023-12-03T07:04:06.350+0000] {logging_mixin.py:154} INFO - [2023-12-03T07:04:06.350+0000] {dagbag.py:536} INFO - Filling up the DagBag from /opt/airflow/dags/catchup.py
[2023-12-03T07:04:06.359+0000] {processor.py:839} INFO - DAG(s) dict_keys(['catchup']) retrieved from /opt/airflow/dags/catchup.py
[2023-12-03T07:04:06.420+0000] {logging_mixin.py:154} INFO - [2023-12-03T07:04:06.420+0000] {dag.py:2941} INFO - Sync 1 DAGs
[2023-12-03T07:04:06.451+0000] {logging_mixin.py:154} INFO - [2023-12-03T07:04:06.450+0000] {dag.py:3722} INFO - Setting next_dagrun for catchup to 2023-12-03T00:00:00+00:00, run_after=2023-12-04T00:00:00+00:00
[2023-12-03T07:04:06.478+0000] {processor.py:179} INFO - Processing /opt/airflow/dags/catchup.py took 0.142 seconds
[2023-12-03T07:04:36.754+0000] {processor.py:157} INFO - Started process (PID=2890) to work on /opt/airflow/dags/catchup.py
[2023-12-03T07:04:36.777+0000] {processor.py:829} INFO - Processing file /opt/airflow/dags/catchup.py for tasks to queue
[2023-12-03T07:04:36.780+0000] {logging_mixin.py:154} INFO - [2023-12-03T07:04:36.779+0000] {dagbag.py:536} INFO - Filling up the DagBag from /opt/airflow/dags/catchup.py
[2023-12-03T07:04:36.790+0000] {processor.py:839} INFO - DAG(s) dict_keys(['catchup']) retrieved from /opt/airflow/dags/catchup.py
[2023-12-03T07:04:36.821+0000] {logging_mixin.py:154} INFO - [2023-12-03T07:04:36.821+0000] {dag.py:2941} INFO - Sync 1 DAGs
[2023-12-03T07:04:36.842+0000] {logging_mixin.py:154} INFO - [2023-12-03T07:04:36.842+0000] {dag.py:3722} INFO - Setting next_dagrun for catchup to 2023-12-03T00:00:00+00:00, run_after=2023-12-04T00:00:00+00:00
[2023-12-03T07:04:36.864+0000] {processor.py:179} INFO - Processing /opt/airflow/dags/catchup.py took 0.114 seconds
[2023-12-03T07:05:07.448+0000] {processor.py:157} INFO - Started process (PID=2953) to work on /opt/airflow/dags/catchup.py
[2023-12-03T07:05:07.451+0000] {processor.py:829} INFO - Processing file /opt/airflow/dags/catchup.py for tasks to queue
[2023-12-03T07:05:07.454+0000] {logging_mixin.py:154} INFO - [2023-12-03T07:05:07.454+0000] {dagbag.py:536} INFO - Filling up the DagBag from /opt/airflow/dags/catchup.py
[2023-12-03T07:05:07.463+0000] {processor.py:839} INFO - DAG(s) dict_keys(['catchup']) retrieved from /opt/airflow/dags/catchup.py
[2023-12-03T07:05:07.490+0000] {logging_mixin.py:154} INFO - [2023-12-03T07:05:07.490+0000] {dag.py:2941} INFO - Sync 1 DAGs
[2023-12-03T07:05:07.513+0000] {logging_mixin.py:154} INFO - [2023-12-03T07:05:07.513+0000] {dag.py:3722} INFO - Setting next_dagrun for catchup to 2023-12-03T00:00:00+00:00, run_after=2023-12-04T00:00:00+00:00
[2023-12-03T07:05:07.534+0000] {processor.py:179} INFO - Processing /opt/airflow/dags/catchup.py took 0.089 seconds
[2023-12-03T07:05:37.852+0000] {processor.py:157} INFO - Started process (PID=3016) to work on /opt/airflow/dags/catchup.py
[2023-12-03T07:05:37.875+0000] {processor.py:829} INFO - Processing file /opt/airflow/dags/catchup.py for tasks to queue
[2023-12-03T07:05:37.878+0000] {logging_mixin.py:154} INFO - [2023-12-03T07:05:37.878+0000] {dagbag.py:536} INFO - Filling up the DagBag from /opt/airflow/dags/catchup.py
[2023-12-03T07:05:37.887+0000] {processor.py:839} INFO - DAG(s) dict_keys(['catchup']) retrieved from /opt/airflow/dags/catchup.py
[2023-12-03T07:05:37.913+0000] {logging_mixin.py:154} INFO - [2023-12-03T07:05:37.913+0000] {dag.py:2941} INFO - Sync 1 DAGs
[2023-12-03T07:05:37.940+0000] {logging_mixin.py:154} INFO - [2023-12-03T07:05:37.940+0000] {dag.py:3722} INFO - Setting next_dagrun for catchup to 2023-12-03T00:00:00+00:00, run_after=2023-12-04T00:00:00+00:00
[2023-12-03T07:05:37.964+0000] {processor.py:179} INFO - Processing /opt/airflow/dags/catchup.py took 0.115 seconds
[2023-12-03T07:06:08.787+0000] {processor.py:157} INFO - Started process (PID=3079) to work on /opt/airflow/dags/catchup.py
[2023-12-03T07:06:08.789+0000] {processor.py:829} INFO - Processing file /opt/airflow/dags/catchup.py for tasks to queue
[2023-12-03T07:06:08.792+0000] {logging_mixin.py:154} INFO - [2023-12-03T07:06:08.791+0000] {dagbag.py:536} INFO - Filling up the DagBag from /opt/airflow/dags/catchup.py
[2023-12-03T07:06:08.799+0000] {processor.py:839} INFO - DAG(s) dict_keys(['catchup']) retrieved from /opt/airflow/dags/catchup.py
[2023-12-03T07:06:08.822+0000] {logging_mixin.py:154} INFO - [2023-12-03T07:06:08.822+0000] {dag.py:2941} INFO - Sync 1 DAGs
[2023-12-03T07:06:08.841+0000] {logging_mixin.py:154} INFO - [2023-12-03T07:06:08.841+0000] {dag.py:3722} INFO - Setting next_dagrun for catchup to 2023-12-03T00:00:00+00:00, run_after=2023-12-04T00:00:00+00:00
[2023-12-03T07:06:08.862+0000] {processor.py:179} INFO - Processing /opt/airflow/dags/catchup.py took 0.080 seconds
[2023-12-03T07:06:39.518+0000] {processor.py:157} INFO - Started process (PID=3141) to work on /opt/airflow/dags/catchup.py
[2023-12-03T07:06:39.542+0000] {processor.py:829} INFO - Processing file /opt/airflow/dags/catchup.py for tasks to queue
[2023-12-03T07:06:39.545+0000] {logging_mixin.py:154} INFO - [2023-12-03T07:06:39.544+0000] {dagbag.py:536} INFO - Filling up the DagBag from /opt/airflow/dags/catchup.py
[2023-12-03T07:06:39.554+0000] {processor.py:839} INFO - DAG(s) dict_keys(['catchup']) retrieved from /opt/airflow/dags/catchup.py
[2023-12-03T07:06:39.583+0000] {logging_mixin.py:154} INFO - [2023-12-03T07:06:39.583+0000] {dag.py:2941} INFO - Sync 1 DAGs
[2023-12-03T07:06:39.608+0000] {logging_mixin.py:154} INFO - [2023-12-03T07:06:39.608+0000] {dag.py:3722} INFO - Setting next_dagrun for catchup to 2023-12-03T00:00:00+00:00, run_after=2023-12-04T00:00:00+00:00
[2023-12-03T07:06:39.632+0000] {processor.py:179} INFO - Processing /opt/airflow/dags/catchup.py took 0.117 seconds
[2023-12-03T07:07:09.915+0000] {processor.py:157} INFO - Started process (PID=3203) to work on /opt/airflow/dags/catchup.py
[2023-12-03T07:07:09.938+0000] {processor.py:829} INFO - Processing file /opt/airflow/dags/catchup.py for tasks to queue
[2023-12-03T07:07:09.940+0000] {logging_mixin.py:154} INFO - [2023-12-03T07:07:09.940+0000] {dagbag.py:536} INFO - Filling up the DagBag from /opt/airflow/dags/catchup.py
[2023-12-03T07:07:09.947+0000] {processor.py:839} INFO - DAG(s) dict_keys(['catchup']) retrieved from /opt/airflow/dags/catchup.py
[2023-12-03T07:07:09.965+0000] {logging_mixin.py:154} INFO - [2023-12-03T07:07:09.965+0000] {dag.py:2941} INFO - Sync 1 DAGs
[2023-12-03T07:07:09.982+0000] {logging_mixin.py:154} INFO - [2023-12-03T07:07:09.982+0000] {dag.py:3722} INFO - Setting next_dagrun for catchup to 2023-12-03T00:00:00+00:00, run_after=2023-12-04T00:00:00+00:00
[2023-12-03T07:07:10.011+0000] {processor.py:179} INFO - Processing /opt/airflow/dags/catchup.py took 0.099 seconds
[2023-12-03T07:07:40.218+0000] {processor.py:157} INFO - Started process (PID=3266) to work on /opt/airflow/dags/catchup.py
[2023-12-03T07:07:40.241+0000] {processor.py:829} INFO - Processing file /opt/airflow/dags/catchup.py for tasks to queue
[2023-12-03T07:07:40.244+0000] {logging_mixin.py:154} INFO - [2023-12-03T07:07:40.243+0000] {dagbag.py:536} INFO - Filling up the DagBag from /opt/airflow/dags/catchup.py
[2023-12-03T07:07:40.251+0000] {processor.py:839} INFO - DAG(s) dict_keys(['catchup']) retrieved from /opt/airflow/dags/catchup.py
[2023-12-03T07:07:40.273+0000] {logging_mixin.py:154} INFO - [2023-12-03T07:07:40.273+0000] {dag.py:2941} INFO - Sync 1 DAGs
[2023-12-03T07:07:40.292+0000] {logging_mixin.py:154} INFO - [2023-12-03T07:07:40.292+0000] {dag.py:3722} INFO - Setting next_dagrun for catchup to 2023-12-03T00:00:00+00:00, run_after=2023-12-04T00:00:00+00:00
[2023-12-03T07:07:40.313+0000] {processor.py:179} INFO - Processing /opt/airflow/dags/catchup.py took 0.099 seconds
[2023-12-03T07:08:10.682+0000] {processor.py:157} INFO - Started process (PID=3328) to work on /opt/airflow/dags/catchup.py
[2023-12-03T07:08:10.685+0000] {processor.py:829} INFO - Processing file /opt/airflow/dags/catchup.py for tasks to queue
[2023-12-03T07:08:10.687+0000] {logging_mixin.py:154} INFO - [2023-12-03T07:08:10.687+0000] {dagbag.py:536} INFO - Filling up the DagBag from /opt/airflow/dags/catchup.py
[2023-12-03T07:08:10.697+0000] {processor.py:839} INFO - DAG(s) dict_keys(['catchup']) retrieved from /opt/airflow/dags/catchup.py
[2023-12-03T07:08:10.722+0000] {logging_mixin.py:154} INFO - [2023-12-03T07:08:10.722+0000] {dag.py:2941} INFO - Sync 1 DAGs
[2023-12-03T07:08:10.754+0000] {logging_mixin.py:154} INFO - [2023-12-03T07:08:10.754+0000] {dag.py:3722} INFO - Setting next_dagrun for catchup to 2023-12-03T00:00:00+00:00, run_after=2023-12-04T00:00:00+00:00
[2023-12-03T07:08:10.776+0000] {processor.py:179} INFO - Processing /opt/airflow/dags/catchup.py took 0.097 seconds
[2023-12-03T07:08:40.845+0000] {processor.py:157} INFO - Started process (PID=3391) to work on /opt/airflow/dags/catchup.py
[2023-12-03T07:08:40.846+0000] {processor.py:829} INFO - Processing file /opt/airflow/dags/catchup.py for tasks to queue
[2023-12-03T07:08:40.849+0000] {logging_mixin.py:154} INFO - [2023-12-03T07:08:40.849+0000] {dagbag.py:536} INFO - Filling up the DagBag from /opt/airflow/dags/catchup.py
[2023-12-03T07:08:40.866+0000] {processor.py:839} INFO - DAG(s) dict_keys(['catchup']) retrieved from /opt/airflow/dags/catchup.py
[2023-12-03T07:08:40.892+0000] {logging_mixin.py:154} INFO - [2023-12-03T07:08:40.892+0000] {dag.py:2941} INFO - Sync 1 DAGs
[2023-12-03T07:08:40.916+0000] {logging_mixin.py:154} INFO - [2023-12-03T07:08:40.916+0000] {dag.py:3722} INFO - Setting next_dagrun for catchup to 2023-12-03T00:00:00+00:00, run_after=2023-12-04T00:00:00+00:00
[2023-12-03T07:08:40.934+0000] {processor.py:179} INFO - Processing /opt/airflow/dags/catchup.py took 0.093 seconds
[2023-12-03T07:09:11.155+0000] {processor.py:157} INFO - Started process (PID=3451) to work on /opt/airflow/dags/catchup.py
[2023-12-03T07:09:11.178+0000] {processor.py:829} INFO - Processing file /opt/airflow/dags/catchup.py for tasks to queue
[2023-12-03T07:09:11.180+0000] {logging_mixin.py:154} INFO - [2023-12-03T07:09:11.180+0000] {dagbag.py:536} INFO - Filling up the DagBag from /opt/airflow/dags/catchup.py
[2023-12-03T07:09:11.190+0000] {processor.py:839} INFO - DAG(s) dict_keys(['catchup']) retrieved from /opt/airflow/dags/catchup.py
[2023-12-03T07:09:11.212+0000] {logging_mixin.py:154} INFO - [2023-12-03T07:09:11.212+0000] {dag.py:2941} INFO - Sync 1 DAGs
[2023-12-03T07:09:11.237+0000] {logging_mixin.py:154} INFO - [2023-12-03T07:09:11.236+0000] {dag.py:3722} INFO - Setting next_dagrun for catchup to 2023-12-03T00:00:00+00:00, run_after=2023-12-04T00:00:00+00:00
[2023-12-03T07:09:11.259+0000] {processor.py:179} INFO - Processing /opt/airflow/dags/catchup.py took 0.107 seconds
[2023-12-03T07:09:41.713+0000] {processor.py:157} INFO - Started process (PID=3514) to work on /opt/airflow/dags/catchup.py
[2023-12-03T07:09:41.730+0000] {processor.py:829} INFO - Processing file /opt/airflow/dags/catchup.py for tasks to queue
[2023-12-03T07:09:41.733+0000] {logging_mixin.py:154} INFO - [2023-12-03T07:09:41.732+0000] {dagbag.py:536} INFO - Filling up the DagBag from /opt/airflow/dags/catchup.py
[2023-12-03T07:09:41.741+0000] {processor.py:839} INFO - DAG(s) dict_keys(['catchup']) retrieved from /opt/airflow/dags/catchup.py
[2023-12-03T07:09:41.768+0000] {logging_mixin.py:154} INFO - [2023-12-03T07:09:41.768+0000] {dag.py:2941} INFO - Sync 1 DAGs
[2023-12-03T07:09:41.799+0000] {logging_mixin.py:154} INFO - [2023-12-03T07:09:41.798+0000] {dag.py:3722} INFO - Setting next_dagrun for catchup to 2023-12-03T00:00:00+00:00, run_after=2023-12-04T00:00:00+00:00
[2023-12-03T07:09:41.838+0000] {processor.py:179} INFO - Processing /opt/airflow/dags/catchup.py took 0.128 seconds
[2023-12-03T07:10:11.925+0000] {processor.py:157} INFO - Started process (PID=3577) to work on /opt/airflow/dags/catchup.py
[2023-12-03T07:10:11.927+0000] {processor.py:829} INFO - Processing file /opt/airflow/dags/catchup.py for tasks to queue
[2023-12-03T07:10:11.930+0000] {logging_mixin.py:154} INFO - [2023-12-03T07:10:11.930+0000] {dagbag.py:536} INFO - Filling up the DagBag from /opt/airflow/dags/catchup.py
[2023-12-03T07:10:11.941+0000] {processor.py:839} INFO - DAG(s) dict_keys(['catchup']) retrieved from /opt/airflow/dags/catchup.py
[2023-12-03T07:10:11.971+0000] {logging_mixin.py:154} INFO - [2023-12-03T07:10:11.971+0000] {dag.py:2941} INFO - Sync 1 DAGs
[2023-12-03T07:10:11.996+0000] {logging_mixin.py:154} INFO - [2023-12-03T07:10:11.996+0000] {dag.py:3722} INFO - Setting next_dagrun for catchup to 2023-12-03T00:00:00+00:00, run_after=2023-12-04T00:00:00+00:00
[2023-12-03T07:10:12.023+0000] {processor.py:179} INFO - Processing /opt/airflow/dags/catchup.py took 0.101 seconds
[2023-12-03T07:10:42.703+0000] {processor.py:157} INFO - Started process (PID=3640) to work on /opt/airflow/dags/catchup.py
[2023-12-03T07:10:42.726+0000] {processor.py:829} INFO - Processing file /opt/airflow/dags/catchup.py for tasks to queue
[2023-12-03T07:10:42.729+0000] {logging_mixin.py:154} INFO - [2023-12-03T07:10:42.729+0000] {dagbag.py:536} INFO - Filling up the DagBag from /opt/airflow/dags/catchup.py
[2023-12-03T07:10:42.738+0000] {processor.py:839} INFO - DAG(s) dict_keys(['catchup']) retrieved from /opt/airflow/dags/catchup.py
[2023-12-03T07:10:42.774+0000] {logging_mixin.py:154} INFO - [2023-12-03T07:10:42.774+0000] {dag.py:2941} INFO - Sync 1 DAGs
[2023-12-03T07:10:42.798+0000] {logging_mixin.py:154} INFO - [2023-12-03T07:10:42.798+0000] {dag.py:3722} INFO - Setting next_dagrun for catchup to 2023-12-03T00:00:00+00:00, run_after=2023-12-04T00:00:00+00:00
[2023-12-03T07:10:42.821+0000] {processor.py:179} INFO - Processing /opt/airflow/dags/catchup.py took 0.121 seconds
[2023-12-03T07:11:13.346+0000] {processor.py:157} INFO - Started process (PID=3703) to work on /opt/airflow/dags/catchup.py
[2023-12-03T07:11:13.370+0000] {processor.py:829} INFO - Processing file /opt/airflow/dags/catchup.py for tasks to queue
[2023-12-03T07:11:13.372+0000] {logging_mixin.py:154} INFO - [2023-12-03T07:11:13.372+0000] {dagbag.py:536} INFO - Filling up the DagBag from /opt/airflow/dags/catchup.py
[2023-12-03T07:11:13.381+0000] {processor.py:839} INFO - DAG(s) dict_keys(['catchup']) retrieved from /opt/airflow/dags/catchup.py
[2023-12-03T07:11:13.426+0000] {logging_mixin.py:154} INFO - [2023-12-03T07:11:13.425+0000] {dag.py:2941} INFO - Sync 1 DAGs
[2023-12-03T07:11:13.452+0000] {logging_mixin.py:154} INFO - [2023-12-03T07:11:13.451+0000] {dag.py:3722} INFO - Setting next_dagrun for catchup to 2023-12-03T00:00:00+00:00, run_after=2023-12-04T00:00:00+00:00
[2023-12-03T07:11:13.474+0000] {processor.py:179} INFO - Processing /opt/airflow/dags/catchup.py took 0.131 seconds
[2023-12-03T07:11:44.051+0000] {processor.py:157} INFO - Started process (PID=3766) to work on /opt/airflow/dags/catchup.py
[2023-12-03T07:11:44.074+0000] {processor.py:829} INFO - Processing file /opt/airflow/dags/catchup.py for tasks to queue
[2023-12-03T07:11:44.077+0000] {logging_mixin.py:154} INFO - [2023-12-03T07:11:44.077+0000] {dagbag.py:536} INFO - Filling up the DagBag from /opt/airflow/dags/catchup.py
[2023-12-03T07:11:44.087+0000] {processor.py:839} INFO - DAG(s) dict_keys(['catchup']) retrieved from /opt/airflow/dags/catchup.py
[2023-12-03T07:11:44.195+0000] {logging_mixin.py:154} INFO - [2023-12-03T07:11:44.195+0000] {dag.py:2941} INFO - Sync 1 DAGs
[2023-12-03T07:11:44.222+0000] {logging_mixin.py:154} INFO - [2023-12-03T07:11:44.222+0000] {dag.py:3722} INFO - Setting next_dagrun for catchup to 2023-12-03T00:00:00+00:00, run_after=2023-12-04T00:00:00+00:00
[2023-12-03T07:11:44.243+0000] {processor.py:179} INFO - Processing /opt/airflow/dags/catchup.py took 0.195 seconds
[2023-12-03T07:12:14.976+0000] {processor.py:157} INFO - Started process (PID=3828) to work on /opt/airflow/dags/catchup.py
[2023-12-03T07:12:15.000+0000] {processor.py:829} INFO - Processing file /opt/airflow/dags/catchup.py for tasks to queue
[2023-12-03T07:12:15.003+0000] {logging_mixin.py:154} INFO - [2023-12-03T07:12:15.003+0000] {dagbag.py:536} INFO - Filling up the DagBag from /opt/airflow/dags/catchup.py
[2023-12-03T07:12:15.012+0000] {processor.py:839} INFO - DAG(s) dict_keys(['catchup']) retrieved from /opt/airflow/dags/catchup.py
[2023-12-03T07:12:15.033+0000] {logging_mixin.py:154} INFO - [2023-12-03T07:12:15.033+0000] {dag.py:2941} INFO - Sync 1 DAGs
[2023-12-03T07:12:15.057+0000] {logging_mixin.py:154} INFO - [2023-12-03T07:12:15.057+0000] {dag.py:3722} INFO - Setting next_dagrun for catchup to 2023-12-03T00:00:00+00:00, run_after=2023-12-04T00:00:00+00:00
[2023-12-03T07:12:15.078+0000] {processor.py:179} INFO - Processing /opt/airflow/dags/catchup.py took 0.106 seconds
[2023-12-03T07:12:45.391+0000] {processor.py:157} INFO - Started process (PID=3891) to work on /opt/airflow/dags/catchup.py
[2023-12-03T07:12:45.393+0000] {processor.py:829} INFO - Processing file /opt/airflow/dags/catchup.py for tasks to queue
[2023-12-03T07:12:45.397+0000] {logging_mixin.py:154} INFO - [2023-12-03T07:12:45.396+0000] {dagbag.py:536} INFO - Filling up the DagBag from /opt/airflow/dags/catchup.py
[2023-12-03T07:12:45.405+0000] {processor.py:839} INFO - DAG(s) dict_keys(['catchup']) retrieved from /opt/airflow/dags/catchup.py
[2023-12-03T07:12:45.431+0000] {logging_mixin.py:154} INFO - [2023-12-03T07:12:45.431+0000] {dag.py:2941} INFO - Sync 1 DAGs
[2023-12-03T07:12:45.459+0000] {logging_mixin.py:154} INFO - [2023-12-03T07:12:45.458+0000] {dag.py:3722} INFO - Setting next_dagrun for catchup to 2023-12-03T00:00:00+00:00, run_after=2023-12-04T00:00:00+00:00
[2023-12-03T07:12:45.488+0000] {processor.py:179} INFO - Processing /opt/airflow/dags/catchup.py took 0.101 seconds
[2023-12-03T07:13:15.601+0000] {processor.py:157} INFO - Started process (PID=3954) to work on /opt/airflow/dags/catchup.py
[2023-12-03T07:13:15.624+0000] {processor.py:829} INFO - Processing file /opt/airflow/dags/catchup.py for tasks to queue
[2023-12-03T07:13:15.627+0000] {logging_mixin.py:154} INFO - [2023-12-03T07:13:15.627+0000] {dagbag.py:536} INFO - Filling up the DagBag from /opt/airflow/dags/catchup.py
[2023-12-03T07:13:15.635+0000] {processor.py:839} INFO - DAG(s) dict_keys(['catchup']) retrieved from /opt/airflow/dags/catchup.py
[2023-12-03T07:13:15.658+0000] {logging_mixin.py:154} INFO - [2023-12-03T07:13:15.658+0000] {dag.py:2941} INFO - Sync 1 DAGs
[2023-12-03T07:13:15.676+0000] {logging_mixin.py:154} INFO - [2023-12-03T07:13:15.676+0000] {dag.py:3722} INFO - Setting next_dagrun for catchup to 2023-12-03T00:00:00+00:00, run_after=2023-12-04T00:00:00+00:00
[2023-12-03T07:13:15.695+0000] {processor.py:179} INFO - Processing /opt/airflow/dags/catchup.py took 0.097 seconds
[2023-12-03T07:13:46.136+0000] {processor.py:157} INFO - Started process (PID=4017) to work on /opt/airflow/dags/catchup.py
[2023-12-03T07:13:46.158+0000] {processor.py:829} INFO - Processing file /opt/airflow/dags/catchup.py for tasks to queue
[2023-12-03T07:13:46.161+0000] {logging_mixin.py:154} INFO - [2023-12-03T07:13:46.161+0000] {dagbag.py:536} INFO - Filling up the DagBag from /opt/airflow/dags/catchup.py
[2023-12-03T07:13:46.170+0000] {processor.py:839} INFO - DAG(s) dict_keys(['catchup']) retrieved from /opt/airflow/dags/catchup.py
[2023-12-03T07:13:46.198+0000] {logging_mixin.py:154} INFO - [2023-12-03T07:13:46.198+0000] {dag.py:2941} INFO - Sync 1 DAGs
[2023-12-03T07:13:46.246+0000] {logging_mixin.py:154} INFO - [2023-12-03T07:13:46.246+0000] {dag.py:3722} INFO - Setting next_dagrun for catchup to 2023-12-03T00:00:00+00:00, run_after=2023-12-04T00:00:00+00:00
[2023-12-03T07:13:46.265+0000] {processor.py:179} INFO - Processing /opt/airflow/dags/catchup.py took 0.133 seconds
[2023-12-03T07:14:16.504+0000] {processor.py:157} INFO - Started process (PID=4079) to work on /opt/airflow/dags/catchup.py
[2023-12-03T07:14:16.527+0000] {processor.py:829} INFO - Processing file /opt/airflow/dags/catchup.py for tasks to queue
[2023-12-03T07:14:16.531+0000] {logging_mixin.py:154} INFO - [2023-12-03T07:14:16.530+0000] {dagbag.py:536} INFO - Filling up the DagBag from /opt/airflow/dags/catchup.py
[2023-12-03T07:14:16.539+0000] {processor.py:839} INFO - DAG(s) dict_keys(['catchup']) retrieved from /opt/airflow/dags/catchup.py
[2023-12-03T07:14:16.562+0000] {logging_mixin.py:154} INFO - [2023-12-03T07:14:16.562+0000] {dag.py:2941} INFO - Sync 1 DAGs
[2023-12-03T07:14:16.586+0000] {logging_mixin.py:154} INFO - [2023-12-03T07:14:16.586+0000] {dag.py:3722} INFO - Setting next_dagrun for catchup to 2023-12-03T00:00:00+00:00, run_after=2023-12-04T00:00:00+00:00
[2023-12-03T07:14:16.606+0000] {processor.py:179} INFO - Processing /opt/airflow/dags/catchup.py took 0.106 seconds
[2023-12-03T07:14:47.044+0000] {processor.py:157} INFO - Started process (PID=4142) to work on /opt/airflow/dags/catchup.py
[2023-12-03T07:14:47.067+0000] {processor.py:829} INFO - Processing file /opt/airflow/dags/catchup.py for tasks to queue
[2023-12-03T07:14:47.070+0000] {logging_mixin.py:154} INFO - [2023-12-03T07:14:47.070+0000] {dagbag.py:536} INFO - Filling up the DagBag from /opt/airflow/dags/catchup.py
[2023-12-03T07:14:47.078+0000] {processor.py:839} INFO - DAG(s) dict_keys(['catchup']) retrieved from /opt/airflow/dags/catchup.py
[2023-12-03T07:14:47.105+0000] {logging_mixin.py:154} INFO - [2023-12-03T07:14:47.105+0000] {dag.py:2941} INFO - Sync 1 DAGs
[2023-12-03T07:14:47.126+0000] {logging_mixin.py:154} INFO - [2023-12-03T07:14:47.126+0000] {dag.py:3722} INFO - Setting next_dagrun for catchup to 2023-12-03T00:00:00+00:00, run_after=2023-12-04T00:00:00+00:00
[2023-12-03T07:14:47.150+0000] {processor.py:179} INFO - Processing /opt/airflow/dags/catchup.py took 0.109 seconds
[2023-12-03T07:15:17.208+0000] {processor.py:157} INFO - Started process (PID=4204) to work on /opt/airflow/dags/catchup.py
[2023-12-03T07:15:17.221+0000] {processor.py:829} INFO - Processing file /opt/airflow/dags/catchup.py for tasks to queue
[2023-12-03T07:15:17.232+0000] {logging_mixin.py:154} INFO - [2023-12-03T07:15:17.232+0000] {dagbag.py:536} INFO - Filling up the DagBag from /opt/airflow/dags/catchup.py
[2023-12-03T07:15:17.243+0000] {processor.py:839} INFO - DAG(s) dict_keys(['catchup']) retrieved from /opt/airflow/dags/catchup.py
[2023-12-03T07:15:17.307+0000] {logging_mixin.py:154} INFO - [2023-12-03T07:15:17.307+0000] {dag.py:2941} INFO - Sync 1 DAGs
[2023-12-03T07:15:17.342+0000] {logging_mixin.py:154} INFO - [2023-12-03T07:15:17.341+0000] {dag.py:3722} INFO - Setting next_dagrun for catchup to 2023-12-03T00:00:00+00:00, run_after=2023-12-04T00:00:00+00:00
[2023-12-03T07:15:17.365+0000] {processor.py:179} INFO - Processing /opt/airflow/dags/catchup.py took 0.162 seconds
[2023-12-03T07:15:47.541+0000] {processor.py:157} INFO - Started process (PID=4267) to work on /opt/airflow/dags/catchup.py
[2023-12-03T07:15:47.544+0000] {processor.py:829} INFO - Processing file /opt/airflow/dags/catchup.py for tasks to queue
[2023-12-03T07:15:47.549+0000] {logging_mixin.py:154} INFO - [2023-12-03T07:15:47.548+0000] {dagbag.py:536} INFO - Filling up the DagBag from /opt/airflow/dags/catchup.py
[2023-12-03T07:15:47.558+0000] {processor.py:839} INFO - DAG(s) dict_keys(['catchup']) retrieved from /opt/airflow/dags/catchup.py
[2023-12-03T07:15:47.581+0000] {logging_mixin.py:154} INFO - [2023-12-03T07:15:47.581+0000] {dag.py:2941} INFO - Sync 1 DAGs
[2023-12-03T07:15:47.605+0000] {logging_mixin.py:154} INFO - [2023-12-03T07:15:47.605+0000] {dag.py:3722} INFO - Setting next_dagrun for catchup to 2023-12-03T00:00:00+00:00, run_after=2023-12-04T00:00:00+00:00
[2023-12-03T07:15:47.629+0000] {processor.py:179} INFO - Processing /opt/airflow/dags/catchup.py took 0.098 seconds
[2023-12-03T07:16:17.844+0000] {processor.py:157} INFO - Started process (PID=4328) to work on /opt/airflow/dags/catchup.py
[2023-12-03T07:16:17.867+0000] {processor.py:829} INFO - Processing file /opt/airflow/dags/catchup.py for tasks to queue
[2023-12-03T07:16:17.871+0000] {logging_mixin.py:154} INFO - [2023-12-03T07:16:17.870+0000] {dagbag.py:536} INFO - Filling up the DagBag from /opt/airflow/dags/catchup.py
[2023-12-03T07:16:17.879+0000] {processor.py:839} INFO - DAG(s) dict_keys(['catchup']) retrieved from /opt/airflow/dags/catchup.py
[2023-12-03T07:16:17.908+0000] {logging_mixin.py:154} INFO - [2023-12-03T07:16:17.908+0000] {dag.py:2941} INFO - Sync 1 DAGs
[2023-12-03T07:16:17.934+0000] {logging_mixin.py:154} INFO - [2023-12-03T07:16:17.934+0000] {dag.py:3722} INFO - Setting next_dagrun for catchup to 2023-12-03T00:00:00+00:00, run_after=2023-12-04T00:00:00+00:00
[2023-12-03T07:16:17.954+0000] {processor.py:179} INFO - Processing /opt/airflow/dags/catchup.py took 0.113 seconds
[2023-12-03T07:16:48.690+0000] {processor.py:157} INFO - Started process (PID=4391) to work on /opt/airflow/dags/catchup.py
[2023-12-03T07:16:48.713+0000] {processor.py:829} INFO - Processing file /opt/airflow/dags/catchup.py for tasks to queue
[2023-12-03T07:16:48.717+0000] {logging_mixin.py:154} INFO - [2023-12-03T07:16:48.716+0000] {dagbag.py:536} INFO - Filling up the DagBag from /opt/airflow/dags/catchup.py
[2023-12-03T07:16:48.725+0000] {processor.py:839} INFO - DAG(s) dict_keys(['catchup']) retrieved from /opt/airflow/dags/catchup.py
[2023-12-03T07:16:48.755+0000] {logging_mixin.py:154} INFO - [2023-12-03T07:16:48.754+0000] {dag.py:2941} INFO - Sync 1 DAGs
[2023-12-03T07:16:48.782+0000] {logging_mixin.py:154} INFO - [2023-12-03T07:16:48.782+0000] {dag.py:3722} INFO - Setting next_dagrun for catchup to 2023-12-03T00:00:00+00:00, run_after=2023-12-04T00:00:00+00:00
[2023-12-03T07:16:48.804+0000] {processor.py:179} INFO - Processing /opt/airflow/dags/catchup.py took 0.118 seconds
[2023-12-03T07:17:19.294+0000] {processor.py:157} INFO - Started process (PID=4454) to work on /opt/airflow/dags/catchup.py
[2023-12-03T07:17:19.316+0000] {processor.py:829} INFO - Processing file /opt/airflow/dags/catchup.py for tasks to queue
[2023-12-03T07:17:19.320+0000] {logging_mixin.py:154} INFO - [2023-12-03T07:17:19.320+0000] {dagbag.py:536} INFO - Filling up the DagBag from /opt/airflow/dags/catchup.py
[2023-12-03T07:17:19.329+0000] {processor.py:839} INFO - DAG(s) dict_keys(['catchup']) retrieved from /opt/airflow/dags/catchup.py
[2023-12-03T07:17:19.356+0000] {logging_mixin.py:154} INFO - [2023-12-03T07:17:19.355+0000] {dag.py:2941} INFO - Sync 1 DAGs
[2023-12-03T07:17:19.379+0000] {logging_mixin.py:154} INFO - [2023-12-03T07:17:19.379+0000] {dag.py:3722} INFO - Setting next_dagrun for catchup to 2023-12-03T00:00:00+00:00, run_after=2023-12-04T00:00:00+00:00
[2023-12-03T07:17:19.400+0000] {processor.py:179} INFO - Processing /opt/airflow/dags/catchup.py took 0.112 seconds
[2023-12-03T07:17:49.794+0000] {processor.py:157} INFO - Started process (PID=4517) to work on /opt/airflow/dags/catchup.py
[2023-12-03T07:17:49.817+0000] {processor.py:829} INFO - Processing file /opt/airflow/dags/catchup.py for tasks to queue
[2023-12-03T07:17:49.821+0000] {logging_mixin.py:154} INFO - [2023-12-03T07:17:49.820+0000] {dagbag.py:536} INFO - Filling up the DagBag from /opt/airflow/dags/catchup.py
[2023-12-03T07:17:49.829+0000] {processor.py:839} INFO - DAG(s) dict_keys(['catchup']) retrieved from /opt/airflow/dags/catchup.py
[2023-12-03T07:17:49.854+0000] {logging_mixin.py:154} INFO - [2023-12-03T07:17:49.854+0000] {dag.py:2941} INFO - Sync 1 DAGs
[2023-12-03T07:17:49.880+0000] {logging_mixin.py:154} INFO - [2023-12-03T07:17:49.880+0000] {dag.py:3722} INFO - Setting next_dagrun for catchup to 2023-12-03T00:00:00+00:00, run_after=2023-12-04T00:00:00+00:00
[2023-12-03T07:17:49.902+0000] {processor.py:179} INFO - Processing /opt/airflow/dags/catchup.py took 0.111 seconds
[2023-12-03T07:18:20.288+0000] {processor.py:157} INFO - Started process (PID=4580) to work on /opt/airflow/dags/catchup.py
[2023-12-03T07:18:20.291+0000] {processor.py:829} INFO - Processing file /opt/airflow/dags/catchup.py for tasks to queue
[2023-12-03T07:18:20.294+0000] {logging_mixin.py:154} INFO - [2023-12-03T07:18:20.294+0000] {dagbag.py:536} INFO - Filling up the DagBag from /opt/airflow/dags/catchup.py
[2023-12-03T07:18:20.303+0000] {processor.py:839} INFO - DAG(s) dict_keys(['catchup']) retrieved from /opt/airflow/dags/catchup.py
[2023-12-03T07:18:20.331+0000] {logging_mixin.py:154} INFO - [2023-12-03T07:18:20.331+0000] {dag.py:2941} INFO - Sync 1 DAGs
[2023-12-03T07:18:20.360+0000] {logging_mixin.py:154} INFO - [2023-12-03T07:18:20.360+0000] {dag.py:3722} INFO - Setting next_dagrun for catchup to 2023-12-03T00:00:00+00:00, run_after=2023-12-04T00:00:00+00:00
[2023-12-03T07:18:20.380+0000] {processor.py:179} INFO - Processing /opt/airflow/dags/catchup.py took 0.096 seconds
[2023-12-03T07:18:50.929+0000] {processor.py:157} INFO - Started process (PID=4643) to work on /opt/airflow/dags/catchup.py
[2023-12-03T07:18:50.957+0000] {processor.py:829} INFO - Processing file /opt/airflow/dags/catchup.py for tasks to queue
[2023-12-03T07:18:50.959+0000] {logging_mixin.py:154} INFO - [2023-12-03T07:18:50.959+0000] {dagbag.py:536} INFO - Filling up the DagBag from /opt/airflow/dags/catchup.py
[2023-12-03T07:18:50.966+0000] {processor.py:839} INFO - DAG(s) dict_keys(['catchup']) retrieved from /opt/airflow/dags/catchup.py
[2023-12-03T07:18:50.999+0000] {logging_mixin.py:154} INFO - [2023-12-03T07:18:50.998+0000] {dag.py:2941} INFO - Sync 1 DAGs
[2023-12-03T07:18:51.027+0000] {logging_mixin.py:154} INFO - [2023-12-03T07:18:51.027+0000] {dag.py:3722} INFO - Setting next_dagrun for catchup to 2023-12-03T00:00:00+00:00, run_after=2023-12-04T00:00:00+00:00
[2023-12-03T07:18:51.051+0000] {processor.py:179} INFO - Processing /opt/airflow/dags/catchup.py took 0.125 seconds
[2023-12-03T07:19:21.096+0000] {processor.py:157} INFO - Started process (PID=4706) to work on /opt/airflow/dags/catchup.py
[2023-12-03T07:19:21.104+0000] {processor.py:829} INFO - Processing file /opt/airflow/dags/catchup.py for tasks to queue
[2023-12-03T07:19:21.107+0000] {logging_mixin.py:154} INFO - [2023-12-03T07:19:21.107+0000] {dagbag.py:536} INFO - Filling up the DagBag from /opt/airflow/dags/catchup.py
[2023-12-03T07:19:21.115+0000] {processor.py:839} INFO - DAG(s) dict_keys(['catchup']) retrieved from /opt/airflow/dags/catchup.py
[2023-12-03T07:19:21.146+0000] {logging_mixin.py:154} INFO - [2023-12-03T07:19:21.146+0000] {dag.py:2941} INFO - Sync 1 DAGs
[2023-12-03T07:19:21.168+0000] {logging_mixin.py:154} INFO - [2023-12-03T07:19:21.168+0000] {dag.py:3722} INFO - Setting next_dagrun for catchup to 2023-12-03T00:00:00+00:00, run_after=2023-12-04T00:00:00+00:00
[2023-12-03T07:19:21.191+0000] {processor.py:179} INFO - Processing /opt/airflow/dags/catchup.py took 0.098 seconds
[2023-12-03T07:19:51.761+0000] {processor.py:157} INFO - Started process (PID=4769) to work on /opt/airflow/dags/catchup.py
[2023-12-03T07:19:51.763+0000] {processor.py:829} INFO - Processing file /opt/airflow/dags/catchup.py for tasks to queue
[2023-12-03T07:19:51.767+0000] {logging_mixin.py:154} INFO - [2023-12-03T07:19:51.766+0000] {dagbag.py:536} INFO - Filling up the DagBag from /opt/airflow/dags/catchup.py
[2023-12-03T07:19:51.778+0000] {processor.py:839} INFO - DAG(s) dict_keys(['catchup']) retrieved from /opt/airflow/dags/catchup.py
[2023-12-03T07:19:51.803+0000] {logging_mixin.py:154} INFO - [2023-12-03T07:19:51.803+0000] {dag.py:2941} INFO - Sync 1 DAGs
[2023-12-03T07:19:51.823+0000] {logging_mixin.py:154} INFO - [2023-12-03T07:19:51.823+0000] {dag.py:3722} INFO - Setting next_dagrun for catchup to 2023-12-03T00:00:00+00:00, run_after=2023-12-04T00:00:00+00:00
[2023-12-03T07:19:51.847+0000] {processor.py:179} INFO - Processing /opt/airflow/dags/catchup.py took 0.090 seconds
[2023-12-03T07:20:21.983+0000] {processor.py:157} INFO - Started process (PID=4832) to work on /opt/airflow/dags/catchup.py
[2023-12-03T07:20:22.014+0000] {processor.py:829} INFO - Processing file /opt/airflow/dags/catchup.py for tasks to queue
[2023-12-03T07:20:22.018+0000] {logging_mixin.py:154} INFO - [2023-12-03T07:20:22.017+0000] {dagbag.py:536} INFO - Filling up the DagBag from /opt/airflow/dags/catchup.py
[2023-12-03T07:20:22.025+0000] {processor.py:839} INFO - DAG(s) dict_keys(['catchup']) retrieved from /opt/airflow/dags/catchup.py
[2023-12-03T07:20:22.045+0000] {logging_mixin.py:154} INFO - [2023-12-03T07:20:22.045+0000] {dag.py:2941} INFO - Sync 1 DAGs
[2023-12-03T07:20:22.065+0000] {logging_mixin.py:154} INFO - [2023-12-03T07:20:22.064+0000] {dag.py:3722} INFO - Setting next_dagrun for catchup to 2023-12-03T00:00:00+00:00, run_after=2023-12-04T00:00:00+00:00
[2023-12-03T07:20:22.081+0000] {processor.py:179} INFO - Processing /opt/airflow/dags/catchup.py took 0.100 seconds
[2023-12-03T07:20:52.614+0000] {processor.py:157} INFO - Started process (PID=4894) to work on /opt/airflow/dags/catchup.py
[2023-12-03T07:20:52.645+0000] {processor.py:829} INFO - Processing file /opt/airflow/dags/catchup.py for tasks to queue
[2023-12-03T07:20:52.648+0000] {logging_mixin.py:154} INFO - [2023-12-03T07:20:52.647+0000] {dagbag.py:536} INFO - Filling up the DagBag from /opt/airflow/dags/catchup.py
[2023-12-03T07:20:52.656+0000] {processor.py:839} INFO - DAG(s) dict_keys(['catchup']) retrieved from /opt/airflow/dags/catchup.py
[2023-12-03T07:20:52.683+0000] {logging_mixin.py:154} INFO - [2023-12-03T07:20:52.683+0000] {dag.py:2941} INFO - Sync 1 DAGs
[2023-12-03T07:20:52.707+0000] {logging_mixin.py:154} INFO - [2023-12-03T07:20:52.707+0000] {dag.py:3722} INFO - Setting next_dagrun for catchup to 2023-12-03T00:00:00+00:00, run_after=2023-12-04T00:00:00+00:00
[2023-12-03T07:20:52.729+0000] {processor.py:179} INFO - Processing /opt/airflow/dags/catchup.py took 0.119 seconds
[2023-12-03T07:21:22.985+0000] {processor.py:157} INFO - Started process (PID=4957) to work on /opt/airflow/dags/catchup.py
[2023-12-03T07:21:22.987+0000] {processor.py:829} INFO - Processing file /opt/airflow/dags/catchup.py for tasks to queue
[2023-12-03T07:21:22.991+0000] {logging_mixin.py:154} INFO - [2023-12-03T07:21:22.990+0000] {dagbag.py:536} INFO - Filling up the DagBag from /opt/airflow/dags/catchup.py
[2023-12-03T07:21:22.999+0000] {processor.py:839} INFO - DAG(s) dict_keys(['catchup']) retrieved from /opt/airflow/dags/catchup.py
[2023-12-03T07:21:23.031+0000] {logging_mixin.py:154} INFO - [2023-12-03T07:21:23.031+0000] {dag.py:2941} INFO - Sync 1 DAGs
[2023-12-03T07:21:23.051+0000] {logging_mixin.py:154} INFO - [2023-12-03T07:21:23.051+0000] {dag.py:3722} INFO - Setting next_dagrun for catchup to 2023-12-03T00:00:00+00:00, run_after=2023-12-04T00:00:00+00:00
[2023-12-03T07:21:23.116+0000] {processor.py:179} INFO - Processing /opt/airflow/dags/catchup.py took 0.135 seconds
[2023-12-03T07:21:53.505+0000] {processor.py:157} INFO - Started process (PID=5020) to work on /opt/airflow/dags/catchup.py
[2023-12-03T07:21:53.537+0000] {processor.py:829} INFO - Processing file /opt/airflow/dags/catchup.py for tasks to queue
[2023-12-03T07:21:53.540+0000] {logging_mixin.py:154} INFO - [2023-12-03T07:21:53.540+0000] {dagbag.py:536} INFO - Filling up the DagBag from /opt/airflow/dags/catchup.py
[2023-12-03T07:21:53.549+0000] {processor.py:839} INFO - DAG(s) dict_keys(['catchup']) retrieved from /opt/airflow/dags/catchup.py
[2023-12-03T07:21:53.575+0000] {logging_mixin.py:154} INFO - [2023-12-03T07:21:53.575+0000] {dag.py:2941} INFO - Sync 1 DAGs
[2023-12-03T07:21:53.596+0000] {logging_mixin.py:154} INFO - [2023-12-03T07:21:53.596+0000] {dag.py:3722} INFO - Setting next_dagrun for catchup to 2023-12-03T00:00:00+00:00, run_after=2023-12-04T00:00:00+00:00
[2023-12-03T07:21:53.617+0000] {processor.py:179} INFO - Processing /opt/airflow/dags/catchup.py took 0.116 seconds
[2023-12-03T07:22:23.845+0000] {processor.py:157} INFO - Started process (PID=5083) to work on /opt/airflow/dags/catchup.py
[2023-12-03T07:22:23.846+0000] {processor.py:829} INFO - Processing file /opt/airflow/dags/catchup.py for tasks to queue
[2023-12-03T07:22:23.849+0000] {logging_mixin.py:154} INFO - [2023-12-03T07:22:23.849+0000] {dagbag.py:536} INFO - Filling up the DagBag from /opt/airflow/dags/catchup.py
[2023-12-03T07:22:23.858+0000] {processor.py:839} INFO - DAG(s) dict_keys(['catchup']) retrieved from /opt/airflow/dags/catchup.py
[2023-12-03T07:22:23.888+0000] {logging_mixin.py:154} INFO - [2023-12-03T07:22:23.888+0000] {dag.py:2941} INFO - Sync 1 DAGs
[2023-12-03T07:22:23.915+0000] {logging_mixin.py:154} INFO - [2023-12-03T07:22:23.915+0000] {dag.py:3722} INFO - Setting next_dagrun for catchup to 2023-12-03T00:00:00+00:00, run_after=2023-12-04T00:00:00+00:00
[2023-12-03T07:22:23.939+0000] {processor.py:179} INFO - Processing /opt/airflow/dags/catchup.py took 0.097 seconds
[2023-12-03T07:22:54.292+0000] {processor.py:157} INFO - Started process (PID=5146) to work on /opt/airflow/dags/catchup.py
[2023-12-03T07:22:54.325+0000] {processor.py:829} INFO - Processing file /opt/airflow/dags/catchup.py for tasks to queue
[2023-12-03T07:22:54.329+0000] {logging_mixin.py:154} INFO - [2023-12-03T07:22:54.328+0000] {dagbag.py:536} INFO - Filling up the DagBag from /opt/airflow/dags/catchup.py
[2023-12-03T07:22:54.337+0000] {processor.py:839} INFO - DAG(s) dict_keys(['catchup']) retrieved from /opt/airflow/dags/catchup.py
[2023-12-03T07:22:54.364+0000] {logging_mixin.py:154} INFO - [2023-12-03T07:22:54.364+0000] {dag.py:2941} INFO - Sync 1 DAGs
[2023-12-03T07:22:54.386+0000] {logging_mixin.py:154} INFO - [2023-12-03T07:22:54.386+0000] {dag.py:3722} INFO - Setting next_dagrun for catchup to 2023-12-03T00:00:00+00:00, run_after=2023-12-04T00:00:00+00:00
[2023-12-03T07:22:54.410+0000] {processor.py:179} INFO - Processing /opt/airflow/dags/catchup.py took 0.121 seconds
[2023-12-03T07:23:24.565+0000] {processor.py:157} INFO - Started process (PID=5209) to work on /opt/airflow/dags/catchup.py
[2023-12-03T07:23:24.566+0000] {processor.py:829} INFO - Processing file /opt/airflow/dags/catchup.py for tasks to queue
[2023-12-03T07:23:24.569+0000] {logging_mixin.py:154} INFO - [2023-12-03T07:23:24.569+0000] {dagbag.py:536} INFO - Filling up the DagBag from /opt/airflow/dags/catchup.py
[2023-12-03T07:23:24.577+0000] {processor.py:839} INFO - DAG(s) dict_keys(['catchup']) retrieved from /opt/airflow/dags/catchup.py
[2023-12-03T07:23:24.598+0000] {logging_mixin.py:154} INFO - [2023-12-03T07:23:24.598+0000] {dag.py:2941} INFO - Sync 1 DAGs
[2023-12-03T07:23:24.618+0000] {logging_mixin.py:154} INFO - [2023-12-03T07:23:24.618+0000] {dag.py:3722} INFO - Setting next_dagrun for catchup to 2023-12-03T00:00:00+00:00, run_after=2023-12-04T00:00:00+00:00
[2023-12-03T07:23:24.639+0000] {processor.py:179} INFO - Processing /opt/airflow/dags/catchup.py took 0.078 seconds
[2023-12-03T07:23:54.786+0000] {processor.py:157} INFO - Started process (PID=5271) to work on /opt/airflow/dags/catchup.py
[2023-12-03T07:23:54.825+0000] {processor.py:829} INFO - Processing file /opt/airflow/dags/catchup.py for tasks to queue
[2023-12-03T07:23:54.828+0000] {logging_mixin.py:154} INFO - [2023-12-03T07:23:54.828+0000] {dagbag.py:536} INFO - Filling up the DagBag from /opt/airflow/dags/catchup.py
[2023-12-03T07:23:54.837+0000] {processor.py:839} INFO - DAG(s) dict_keys(['catchup']) retrieved from /opt/airflow/dags/catchup.py
[2023-12-03T07:23:54.871+0000] {logging_mixin.py:154} INFO - [2023-12-03T07:23:54.871+0000] {dag.py:2941} INFO - Sync 1 DAGs
[2023-12-03T07:23:54.895+0000] {logging_mixin.py:154} INFO - [2023-12-03T07:23:54.894+0000] {dag.py:3722} INFO - Setting next_dagrun for catchup to 2023-12-03T00:00:00+00:00, run_after=2023-12-04T00:00:00+00:00
[2023-12-03T07:23:54.917+0000] {processor.py:179} INFO - Processing /opt/airflow/dags/catchup.py took 0.135 seconds
[2023-12-03T07:24:25.225+0000] {processor.py:157} INFO - Started process (PID=5334) to work on /opt/airflow/dags/catchup.py
[2023-12-03T07:24:25.247+0000] {processor.py:829} INFO - Processing file /opt/airflow/dags/catchup.py for tasks to queue
[2023-12-03T07:24:25.251+0000] {logging_mixin.py:154} INFO - [2023-12-03T07:24:25.250+0000] {dagbag.py:536} INFO - Filling up the DagBag from /opt/airflow/dags/catchup.py
[2023-12-03T07:24:25.260+0000] {processor.py:839} INFO - DAG(s) dict_keys(['catchup']) retrieved from /opt/airflow/dags/catchup.py
[2023-12-03T07:24:25.288+0000] {logging_mixin.py:154} INFO - [2023-12-03T07:24:25.287+0000] {dag.py:2941} INFO - Sync 1 DAGs
[2023-12-03T07:24:25.312+0000] {logging_mixin.py:154} INFO - [2023-12-03T07:24:25.312+0000] {dag.py:3722} INFO - Setting next_dagrun for catchup to 2023-12-03T00:00:00+00:00, run_after=2023-12-04T00:00:00+00:00
[2023-12-03T07:24:25.335+0000] {processor.py:179} INFO - Processing /opt/airflow/dags/catchup.py took 0.113 seconds
[2023-12-03T07:24:55.454+0000] {processor.py:157} INFO - Started process (PID=5398) to work on /opt/airflow/dags/catchup.py
[2023-12-03T07:24:55.495+0000] {processor.py:829} INFO - Processing file /opt/airflow/dags/catchup.py for tasks to queue
[2023-12-03T07:24:55.500+0000] {logging_mixin.py:154} INFO - [2023-12-03T07:24:55.499+0000] {dagbag.py:536} INFO - Filling up the DagBag from /opt/airflow/dags/catchup.py
[2023-12-03T07:24:55.509+0000] {processor.py:839} INFO - DAG(s) dict_keys(['catchup']) retrieved from /opt/airflow/dags/catchup.py
[2023-12-03T07:24:55.538+0000] {logging_mixin.py:154} INFO - [2023-12-03T07:24:55.538+0000] {dag.py:2941} INFO - Sync 1 DAGs
[2023-12-03T07:24:55.563+0000] {logging_mixin.py:154} INFO - [2023-12-03T07:24:55.562+0000] {dag.py:3722} INFO - Setting next_dagrun for catchup to 2023-12-03T00:00:00+00:00, run_after=2023-12-04T00:00:00+00:00
[2023-12-03T07:24:55.586+0000] {processor.py:179} INFO - Processing /opt/airflow/dags/catchup.py took 0.135 seconds
[2023-12-03T07:25:26.049+0000] {processor.py:157} INFO - Started process (PID=5461) to work on /opt/airflow/dags/catchup.py
[2023-12-03T07:25:26.072+0000] {processor.py:829} INFO - Processing file /opt/airflow/dags/catchup.py for tasks to queue
[2023-12-03T07:25:26.074+0000] {logging_mixin.py:154} INFO - [2023-12-03T07:25:26.074+0000] {dagbag.py:536} INFO - Filling up the DagBag from /opt/airflow/dags/catchup.py
[2023-12-03T07:25:26.083+0000] {processor.py:839} INFO - DAG(s) dict_keys(['catchup']) retrieved from /opt/airflow/dags/catchup.py
[2023-12-03T07:25:26.133+0000] {logging_mixin.py:154} INFO - [2023-12-03T07:25:26.133+0000] {dag.py:2941} INFO - Sync 1 DAGs
[2023-12-03T07:25:26.155+0000] {logging_mixin.py:154} INFO - [2023-12-03T07:25:26.155+0000] {dag.py:3722} INFO - Setting next_dagrun for catchup to 2023-12-03T00:00:00+00:00, run_after=2023-12-04T00:00:00+00:00
[2023-12-03T07:25:26.178+0000] {processor.py:179} INFO - Processing /opt/airflow/dags/catchup.py took 0.132 seconds
[2023-12-03T07:25:56.271+0000] {processor.py:157} INFO - Started process (PID=5525) to work on /opt/airflow/dags/catchup.py
[2023-12-03T07:25:56.281+0000] {processor.py:829} INFO - Processing file /opt/airflow/dags/catchup.py for tasks to queue
[2023-12-03T07:25:56.284+0000] {logging_mixin.py:154} INFO - [2023-12-03T07:25:56.283+0000] {dagbag.py:536} INFO - Filling up the DagBag from /opt/airflow/dags/catchup.py
[2023-12-03T07:25:56.293+0000] {processor.py:839} INFO - DAG(s) dict_keys(['catchup']) retrieved from /opt/airflow/dags/catchup.py
[2023-12-03T07:25:56.319+0000] {logging_mixin.py:154} INFO - [2023-12-03T07:25:56.319+0000] {dag.py:2941} INFO - Sync 1 DAGs
[2023-12-03T07:25:56.341+0000] {logging_mixin.py:154} INFO - [2023-12-03T07:25:56.341+0000] {dag.py:3722} INFO - Setting next_dagrun for catchup to 2023-12-03T00:00:00+00:00, run_after=2023-12-04T00:00:00+00:00
[2023-12-03T07:25:56.366+0000] {processor.py:179} INFO - Processing /opt/airflow/dags/catchup.py took 0.099 seconds
[2023-12-03T07:40:53.673+0000] {processor.py:157} INFO - Started process (PID=5557) to work on /opt/airflow/dags/catchup.py
[2023-12-03T07:40:53.948+0000] {processor.py:829} INFO - Processing file /opt/airflow/dags/catchup.py for tasks to queue
[2023-12-03T07:40:53.954+0000] {logging_mixin.py:154} INFO - [2023-12-03T07:40:53.953+0000] {dagbag.py:536} INFO - Filling up the DagBag from /opt/airflow/dags/catchup.py
[2023-12-03T07:40:54.161+0000] {processor.py:839} INFO - DAG(s) dict_keys(['catchup']) retrieved from /opt/airflow/dags/catchup.py
[2023-12-03T07:40:55.612+0000] {logging_mixin.py:154} INFO - [2023-12-03T07:40:55.592+0000] {dag.py:2941} INFO - Sync 1 DAGs
[2023-12-03T07:40:56.799+0000] {logging_mixin.py:154} INFO - [2023-12-03T07:40:56.798+0000] {dag.py:3722} INFO - Setting next_dagrun for catchup to 2023-12-03T00:00:00+00:00, run_after=2023-12-04T00:00:00+00:00
[2023-12-03T07:40:58.083+0000] {processor.py:179} INFO - Processing /opt/airflow/dags/catchup.py took 4.428 seconds
[2023-12-03T07:41:28.485+0000] {processor.py:157} INFO - Started process (PID=5620) to work on /opt/airflow/dags/catchup.py
[2023-12-03T07:41:28.487+0000] {processor.py:829} INFO - Processing file /opt/airflow/dags/catchup.py for tasks to queue
[2023-12-03T07:41:28.495+0000] {logging_mixin.py:154} INFO - [2023-12-03T07:41:28.495+0000] {dagbag.py:536} INFO - Filling up the DagBag from /opt/airflow/dags/catchup.py
[2023-12-03T07:41:28.523+0000] {processor.py:839} INFO - DAG(s) dict_keys(['catchup']) retrieved from /opt/airflow/dags/catchup.py
[2023-12-03T07:41:28.569+0000] {logging_mixin.py:154} INFO - [2023-12-03T07:41:28.568+0000] {dag.py:2941} INFO - Sync 1 DAGs
[2023-12-03T07:41:28.595+0000] {logging_mixin.py:154} INFO - [2023-12-03T07:41:28.595+0000] {dag.py:3722} INFO - Setting next_dagrun for catchup to 2023-12-03T00:00:00+00:00, run_after=2023-12-04T00:00:00+00:00
[2023-12-03T07:41:28.612+0000] {processor.py:179} INFO - Processing /opt/airflow/dags/catchup.py took 0.134 seconds
[2023-12-03T07:41:58.858+0000] {processor.py:157} INFO - Started process (PID=5683) to work on /opt/airflow/dags/catchup.py
[2023-12-03T07:41:58.865+0000] {processor.py:829} INFO - Processing file /opt/airflow/dags/catchup.py for tasks to queue
[2023-12-03T07:41:58.873+0000] {logging_mixin.py:154} INFO - [2023-12-03T07:41:58.872+0000] {dagbag.py:536} INFO - Filling up the DagBag from /opt/airflow/dags/catchup.py
[2023-12-03T07:41:58.882+0000] {processor.py:839} INFO - DAG(s) dict_keys(['catchup']) retrieved from /opt/airflow/dags/catchup.py
[2023-12-03T07:41:58.943+0000] {logging_mixin.py:154} INFO - [2023-12-03T07:41:58.943+0000] {dag.py:2941} INFO - Sync 1 DAGs
[2023-12-03T07:41:58.978+0000] {logging_mixin.py:154} INFO - [2023-12-03T07:41:58.978+0000] {dag.py:3722} INFO - Setting next_dagrun for catchup to 2023-12-03T00:00:00+00:00, run_after=2023-12-04T00:00:00+00:00
[2023-12-03T07:41:59.009+0000] {processor.py:179} INFO - Processing /opt/airflow/dags/catchup.py took 0.163 seconds
[2023-12-03T07:42:30.137+0000] {processor.py:157} INFO - Started process (PID=5746) to work on /opt/airflow/dags/catchup.py
[2023-12-03T07:42:30.166+0000] {processor.py:829} INFO - Processing file /opt/airflow/dags/catchup.py for tasks to queue
[2023-12-03T07:42:30.261+0000] {logging_mixin.py:154} INFO - [2023-12-03T07:42:30.254+0000] {dagbag.py:536} INFO - Filling up the DagBag from /opt/airflow/dags/catchup.py
[2023-12-03T07:42:30.375+0000] {processor.py:839} INFO - DAG(s) dict_keys(['catchup']) retrieved from /opt/airflow/dags/catchup.py
[2023-12-03T07:42:30.836+0000] {logging_mixin.py:154} INFO - [2023-12-03T07:42:30.835+0000] {dag.py:2941} INFO - Sync 1 DAGs
[2023-12-03T07:42:32.032+0000] {logging_mixin.py:154} INFO - [2023-12-03T07:42:32.031+0000] {dag.py:3722} INFO - Setting next_dagrun for catchup to 2023-12-03T00:00:00+00:00, run_after=2023-12-04T00:00:00+00:00
[2023-12-03T07:42:33.841+0000] {processor.py:179} INFO - Processing /opt/airflow/dags/catchup.py took 3.730 seconds
