[2023-12-03T06:36:49.168+0000] {processor.py:157} INFO - Started process (PID=78) to work on /opt/airflow/dags/crone-exp.py
[2023-12-03T06:36:49.175+0000] {processor.py:829} INFO - Processing file /opt/airflow/dags/crone-exp.py for tasks to queue
[2023-12-03T06:36:49.624+0000] {logging_mixin.py:154} INFO - [2023-12-03T06:36:49.331+0000] {dagbag.py:536} INFO - Filling up the DagBag from /opt/airflow/dags/crone-exp.py
[2023-12-03T06:36:52.663+0000] {processor.py:839} INFO - DAG(s) dict_keys(['crone_exp']) retrieved from /opt/airflow/dags/crone-exp.py
[2023-12-03T06:37:01.189+0000] {logging_mixin.py:154} INFO - [2023-12-03T06:37:01.188+0000] {dag.py:2941} INFO - Sync 1 DAGs
[2023-12-03T06:37:01.268+0000] {logging_mixin.py:154} INFO - [2023-12-03T06:37:01.267+0000] {dag.py:3722} INFO - Setting next_dagrun for crone_exp to 2023-12-01T00:00:00+00:00, run_after=2023-12-04T00:00:00+00:00
[2023-12-03T06:37:01.472+0000] {processor.py:179} INFO - Processing /opt/airflow/dags/crone-exp.py took 12.329 seconds
[2023-12-03T06:38:25.290+0000] {processor.py:157} INFO - Started process (PID=154) to work on /opt/airflow/dags/crone-exp.py
[2023-12-03T06:38:25.329+0000] {processor.py:829} INFO - Processing file /opt/airflow/dags/crone-exp.py for tasks to queue
[2023-12-03T06:38:25.395+0000] {logging_mixin.py:154} INFO - [2023-12-03T06:38:25.394+0000] {dagbag.py:536} INFO - Filling up the DagBag from /opt/airflow/dags/crone-exp.py
[2023-12-03T06:38:25.450+0000] {processor.py:839} INFO - DAG(s) dict_keys(['crone_exp']) retrieved from /opt/airflow/dags/crone-exp.py
[2023-12-03T06:38:25.649+0000] {logging_mixin.py:154} INFO - [2023-12-03T06:38:25.649+0000] {dag.py:2941} INFO - Sync 1 DAGs
[2023-12-03T06:38:25.714+0000] {logging_mixin.py:154} INFO - [2023-12-03T06:38:25.714+0000] {dag.py:3722} INFO - Setting next_dagrun for crone_exp to 2023-12-01T00:00:00+00:00, run_after=2023-12-04T00:00:00+00:00
[2023-12-03T06:38:25.788+0000] {processor.py:179} INFO - Processing /opt/airflow/dags/crone-exp.py took 0.548 seconds
[2023-12-03T06:38:57.207+0000] {processor.py:157} INFO - Started process (PID=212) to work on /opt/airflow/dags/crone-exp.py
[2023-12-03T06:38:57.239+0000] {processor.py:829} INFO - Processing file /opt/airflow/dags/crone-exp.py for tasks to queue
[2023-12-03T06:38:57.297+0000] {logging_mixin.py:154} INFO - [2023-12-03T06:38:57.291+0000] {dagbag.py:536} INFO - Filling up the DagBag from /opt/airflow/dags/crone-exp.py
[2023-12-03T06:38:57.354+0000] {processor.py:839} INFO - DAG(s) dict_keys(['crone_exp']) retrieved from /opt/airflow/dags/crone-exp.py
[2023-12-03T06:38:59.800+0000] {logging_mixin.py:154} INFO - [2023-12-03T06:38:59.796+0000] {dag.py:2941} INFO - Sync 1 DAGs
[2023-12-03T06:39:00.021+0000] {logging_mixin.py:154} INFO - [2023-12-03T06:39:00.020+0000] {dag.py:3722} INFO - Setting next_dagrun for crone_exp to 2023-12-01T00:00:00+00:00, run_after=2023-12-04T00:00:00+00:00
[2023-12-03T06:39:00.576+0000] {processor.py:179} INFO - Processing /opt/airflow/dags/crone-exp.py took 3.398 seconds
[2023-12-03T06:39:36.883+0000] {processor.py:157} INFO - Started process (PID=282) to work on /opt/airflow/dags/crone-exp.py
[2023-12-03T06:39:36.897+0000] {processor.py:829} INFO - Processing file /opt/airflow/dags/crone-exp.py for tasks to queue
[2023-12-03T06:39:36.977+0000] {logging_mixin.py:154} INFO - [2023-12-03T06:39:36.977+0000] {dagbag.py:536} INFO - Filling up the DagBag from /opt/airflow/dags/crone-exp.py
[2023-12-03T06:39:37.162+0000] {processor.py:839} INFO - DAG(s) dict_keys(['crone_exp']) retrieved from /opt/airflow/dags/crone-exp.py
[2023-12-03T06:39:38.027+0000] {logging_mixin.py:154} INFO - [2023-12-03T06:39:38.026+0000] {dag.py:2941} INFO - Sync 1 DAGs
[2023-12-03T06:39:38.192+0000] {logging_mixin.py:154} INFO - [2023-12-03T06:39:38.192+0000] {dag.py:3722} INFO - Setting next_dagrun for crone_exp to 2023-12-01T00:00:00+00:00, run_after=2023-12-04T00:00:00+00:00
[2023-12-03T06:39:38.795+0000] {processor.py:179} INFO - Processing /opt/airflow/dags/crone-exp.py took 1.960 seconds
[2023-12-03T06:40:21.346+0000] {processor.py:157} INFO - Started process (PID=342) to work on /opt/airflow/dags/crone-exp.py
[2023-12-03T06:40:21.396+0000] {processor.py:829} INFO - Processing file /opt/airflow/dags/crone-exp.py for tasks to queue
[2023-12-03T06:40:21.428+0000] {logging_mixin.py:154} INFO - [2023-12-03T06:40:21.427+0000] {dagbag.py:536} INFO - Filling up the DagBag from /opt/airflow/dags/crone-exp.py
[2023-12-03T06:40:21.469+0000] {processor.py:839} INFO - DAG(s) dict_keys(['crone_exp']) retrieved from /opt/airflow/dags/crone-exp.py
[2023-12-03T06:40:22.427+0000] {logging_mixin.py:154} INFO - [2023-12-03T06:40:22.427+0000] {dag.py:2941} INFO - Sync 1 DAGs
[2023-12-03T06:40:22.816+0000] {logging_mixin.py:154} INFO - [2023-12-03T06:40:22.816+0000] {dag.py:3722} INFO - Setting next_dagrun for crone_exp to 2023-12-01T00:00:00+00:00, run_after=2023-12-04T00:00:00+00:00
[2023-12-03T06:40:23.232+0000] {processor.py:179} INFO - Processing /opt/airflow/dags/crone-exp.py took 1.906 seconds
[2023-12-03T06:40:53.598+0000] {processor.py:157} INFO - Started process (PID=405) to work on /opt/airflow/dags/crone-exp.py
[2023-12-03T06:40:53.611+0000] {processor.py:829} INFO - Processing file /opt/airflow/dags/crone-exp.py for tasks to queue
[2023-12-03T06:40:53.614+0000] {logging_mixin.py:154} INFO - [2023-12-03T06:40:53.614+0000] {dagbag.py:536} INFO - Filling up the DagBag from /opt/airflow/dags/crone-exp.py
[2023-12-03T06:40:53.650+0000] {processor.py:839} INFO - DAG(s) dict_keys(['crone_exp']) retrieved from /opt/airflow/dags/crone-exp.py
[2023-12-03T06:40:53.695+0000] {logging_mixin.py:154} INFO - [2023-12-03T06:40:53.695+0000] {dag.py:2941} INFO - Sync 1 DAGs
[2023-12-03T06:40:53.892+0000] {logging_mixin.py:154} INFO - [2023-12-03T06:40:53.892+0000] {dag.py:3722} INFO - Setting next_dagrun for crone_exp to 2023-12-01T00:00:00+00:00, run_after=2023-12-04T00:00:00+00:00
[2023-12-03T06:40:54.029+0000] {processor.py:179} INFO - Processing /opt/airflow/dags/crone-exp.py took 0.443 seconds
[2023-12-03T06:41:30.566+0000] {processor.py:157} INFO - Started process (PID=470) to work on /opt/airflow/dags/crone-exp.py
[2023-12-03T06:41:30.593+0000] {processor.py:829} INFO - Processing file /opt/airflow/dags/crone-exp.py for tasks to queue
[2023-12-03T06:41:30.625+0000] {logging_mixin.py:154} INFO - [2023-12-03T06:41:30.623+0000] {dagbag.py:536} INFO - Filling up the DagBag from /opt/airflow/dags/crone-exp.py
[2023-12-03T06:41:30.707+0000] {processor.py:839} INFO - DAG(s) dict_keys(['crone_exp']) retrieved from /opt/airflow/dags/crone-exp.py
[2023-12-03T06:41:30.902+0000] {logging_mixin.py:154} INFO - [2023-12-03T06:41:30.901+0000] {dag.py:2941} INFO - Sync 1 DAGs
[2023-12-03T06:41:31.334+0000] {logging_mixin.py:154} INFO - [2023-12-03T06:41:31.334+0000] {dag.py:3722} INFO - Setting next_dagrun for crone_exp to 2023-12-01T00:00:00+00:00, run_after=2023-12-04T00:00:00+00:00
[2023-12-03T06:41:31.450+0000] {processor.py:179} INFO - Processing /opt/airflow/dags/crone-exp.py took 0.900 seconds
[2023-12-03T06:42:07.164+0000] {processor.py:157} INFO - Started process (PID=531) to work on /opt/airflow/dags/crone-exp.py
[2023-12-03T06:42:07.168+0000] {processor.py:829} INFO - Processing file /opt/airflow/dags/crone-exp.py for tasks to queue
[2023-12-03T06:42:07.174+0000] {logging_mixin.py:154} INFO - [2023-12-03T06:42:07.173+0000] {dagbag.py:536} INFO - Filling up the DagBag from /opt/airflow/dags/crone-exp.py
[2023-12-03T06:42:07.193+0000] {processor.py:839} INFO - DAG(s) dict_keys(['crone_exp']) retrieved from /opt/airflow/dags/crone-exp.py
[2023-12-03T06:42:07.679+0000] {logging_mixin.py:154} INFO - [2023-12-03T06:42:07.675+0000] {dag.py:2941} INFO - Sync 1 DAGs
[2023-12-03T06:42:07.883+0000] {logging_mixin.py:154} INFO - [2023-12-03T06:42:07.882+0000] {dag.py:3722} INFO - Setting next_dagrun for crone_exp to 2023-12-01T00:00:00+00:00, run_after=2023-12-04T00:00:00+00:00
[2023-12-03T06:42:07.958+0000] {processor.py:179} INFO - Processing /opt/airflow/dags/crone-exp.py took 0.802 seconds
[2023-12-03T06:42:45.422+0000] {processor.py:157} INFO - Started process (PID=595) to work on /opt/airflow/dags/crone-exp.py
[2023-12-03T06:42:45.459+0000] {processor.py:829} INFO - Processing file /opt/airflow/dags/crone-exp.py for tasks to queue
[2023-12-03T06:42:45.465+0000] {logging_mixin.py:154} INFO - [2023-12-03T06:42:45.465+0000] {dagbag.py:536} INFO - Filling up the DagBag from /opt/airflow/dags/crone-exp.py
[2023-12-03T06:42:45.496+0000] {processor.py:839} INFO - DAG(s) dict_keys(['crone_exp']) retrieved from /opt/airflow/dags/crone-exp.py
[2023-12-03T06:42:45.656+0000] {logging_mixin.py:154} INFO - [2023-12-03T06:42:45.656+0000] {dag.py:2941} INFO - Sync 1 DAGs
[2023-12-03T06:42:45.803+0000] {logging_mixin.py:154} INFO - [2023-12-03T06:42:45.802+0000] {dag.py:3722} INFO - Setting next_dagrun for crone_exp to 2023-12-01T00:00:00+00:00, run_after=2023-12-04T00:00:00+00:00
[2023-12-03T06:42:46.115+0000] {processor.py:179} INFO - Processing /opt/airflow/dags/crone-exp.py took 0.708 seconds
[2023-12-03T06:43:35.258+0000] {processor.py:157} INFO - Started process (PID=665) to work on /opt/airflow/dags/crone-exp.py
[2023-12-03T06:43:35.313+0000] {processor.py:829} INFO - Processing file /opt/airflow/dags/crone-exp.py for tasks to queue
[2023-12-03T06:43:35.328+0000] {logging_mixin.py:154} INFO - [2023-12-03T06:43:35.328+0000] {dagbag.py:536} INFO - Filling up the DagBag from /opt/airflow/dags/crone-exp.py
[2023-12-03T06:43:35.378+0000] {processor.py:839} INFO - DAG(s) dict_keys(['crone_exp']) retrieved from /opt/airflow/dags/crone-exp.py
[2023-12-03T06:43:36.082+0000] {logging_mixin.py:154} INFO - [2023-12-03T06:43:36.081+0000] {dag.py:2941} INFO - Sync 1 DAGs
[2023-12-03T06:43:36.163+0000] {logging_mixin.py:154} INFO - [2023-12-03T06:43:36.163+0000] {dag.py:3722} INFO - Setting next_dagrun for crone_exp to 2023-12-01T00:00:00+00:00, run_after=2023-12-04T00:00:00+00:00
[2023-12-03T06:43:36.455+0000] {processor.py:179} INFO - Processing /opt/airflow/dags/crone-exp.py took 1.209 seconds
[2023-12-03T06:44:11.662+0000] {processor.py:157} INFO - Started process (PID=716) to work on /opt/airflow/dags/crone-exp.py
[2023-12-03T06:44:11.672+0000] {processor.py:829} INFO - Processing file /opt/airflow/dags/crone-exp.py for tasks to queue
[2023-12-03T06:44:11.690+0000] {logging_mixin.py:154} INFO - [2023-12-03T06:44:11.690+0000] {dagbag.py:536} INFO - Filling up the DagBag from /opt/airflow/dags/crone-exp.py
[2023-12-03T06:44:11.716+0000] {processor.py:839} INFO - DAG(s) dict_keys(['crone_exp']) retrieved from /opt/airflow/dags/crone-exp.py
[2023-12-03T06:44:12.011+0000] {logging_mixin.py:154} INFO - [2023-12-03T06:44:12.010+0000] {dag.py:2941} INFO - Sync 1 DAGs
[2023-12-03T06:44:12.160+0000] {logging_mixin.py:154} INFO - [2023-12-03T06:44:12.160+0000] {dag.py:3722} INFO - Setting next_dagrun for crone_exp to 2023-12-01T00:00:00+00:00, run_after=2023-12-04T00:00:00+00:00
[2023-12-03T06:44:12.603+0000] {processor.py:179} INFO - Processing /opt/airflow/dags/crone-exp.py took 0.961 seconds
[2023-12-03T06:44:48.297+0000] {processor.py:157} INFO - Started process (PID=780) to work on /opt/airflow/dags/crone-exp.py
[2023-12-03T06:44:48.328+0000] {processor.py:829} INFO - Processing file /opt/airflow/dags/crone-exp.py for tasks to queue
[2023-12-03T06:44:48.331+0000] {logging_mixin.py:154} INFO - [2023-12-03T06:44:48.331+0000] {dagbag.py:536} INFO - Filling up the DagBag from /opt/airflow/dags/crone-exp.py
[2023-12-03T06:44:48.356+0000] {processor.py:839} INFO - DAG(s) dict_keys(['crone_exp']) retrieved from /opt/airflow/dags/crone-exp.py
[2023-12-03T06:44:48.786+0000] {logging_mixin.py:154} INFO - [2023-12-03T06:44:48.786+0000] {dag.py:2941} INFO - Sync 1 DAGs
[2023-12-03T06:44:49.125+0000] {logging_mixin.py:154} INFO - [2023-12-03T06:44:49.125+0000] {dag.py:3722} INFO - Setting next_dagrun for crone_exp to 2023-12-01T00:00:00+00:00, run_after=2023-12-04T00:00:00+00:00
[2023-12-03T06:44:49.409+0000] {processor.py:179} INFO - Processing /opt/airflow/dags/crone-exp.py took 1.127 seconds
[2023-12-03T06:45:22.447+0000] {processor.py:157} INFO - Started process (PID=838) to work on /opt/airflow/dags/crone-exp.py
[2023-12-03T06:45:22.537+0000] {processor.py:829} INFO - Processing file /opt/airflow/dags/crone-exp.py for tasks to queue
[2023-12-03T06:45:22.543+0000] {logging_mixin.py:154} INFO - [2023-12-03T06:45:22.542+0000] {dagbag.py:536} INFO - Filling up the DagBag from /opt/airflow/dags/crone-exp.py
[2023-12-03T06:45:22.561+0000] {processor.py:839} INFO - DAG(s) dict_keys(['crone_exp']) retrieved from /opt/airflow/dags/crone-exp.py
[2023-12-03T06:45:23.439+0000] {logging_mixin.py:154} INFO - [2023-12-03T06:45:23.438+0000] {dag.py:2941} INFO - Sync 1 DAGs
[2023-12-03T06:45:23.799+0000] {logging_mixin.py:154} INFO - [2023-12-03T06:45:23.795+0000] {dag.py:3722} INFO - Setting next_dagrun for crone_exp to 2023-12-01T00:00:00+00:00, run_after=2023-12-04T00:00:00+00:00
[2023-12-03T06:45:24.028+0000] {processor.py:179} INFO - Processing /opt/airflow/dags/crone-exp.py took 1.614 seconds
[2023-12-03T06:46:14.510+0000] {processor.py:157} INFO - Started process (PID=909) to work on /opt/airflow/dags/crone-exp.py
[2023-12-03T06:46:14.530+0000] {processor.py:829} INFO - Processing file /opt/airflow/dags/crone-exp.py for tasks to queue
[2023-12-03T06:46:14.543+0000] {logging_mixin.py:154} INFO - [2023-12-03T06:46:14.543+0000] {dagbag.py:536} INFO - Filling up the DagBag from /opt/airflow/dags/crone-exp.py
[2023-12-03T06:46:14.561+0000] {processor.py:839} INFO - DAG(s) dict_keys(['crone_exp']) retrieved from /opt/airflow/dags/crone-exp.py
[2023-12-03T06:46:15.140+0000] {logging_mixin.py:154} INFO - [2023-12-03T06:46:15.139+0000] {dag.py:2941} INFO - Sync 1 DAGs
[2023-12-03T06:46:15.348+0000] {logging_mixin.py:154} INFO - [2023-12-03T06:46:15.348+0000] {dag.py:3722} INFO - Setting next_dagrun for crone_exp to 2023-12-01T00:00:00+00:00, run_after=2023-12-04T00:00:00+00:00
[2023-12-03T06:46:15.848+0000] {processor.py:179} INFO - Processing /opt/airflow/dags/crone-exp.py took 1.346 seconds
[2023-12-03T06:46:50.689+0000] {processor.py:157} INFO - Started process (PID=967) to work on /opt/airflow/dags/crone-exp.py
[2023-12-03T06:46:50.752+0000] {processor.py:829} INFO - Processing file /opt/airflow/dags/crone-exp.py for tasks to queue
[2023-12-03T06:46:50.755+0000] {logging_mixin.py:154} INFO - [2023-12-03T06:46:50.755+0000] {dagbag.py:536} INFO - Filling up the DagBag from /opt/airflow/dags/crone-exp.py
[2023-12-03T06:46:50.769+0000] {processor.py:839} INFO - DAG(s) dict_keys(['crone_exp']) retrieved from /opt/airflow/dags/crone-exp.py
[2023-12-03T06:46:51.679+0000] {logging_mixin.py:154} INFO - [2023-12-03T06:46:51.679+0000] {dag.py:2941} INFO - Sync 1 DAGs
[2023-12-03T06:46:51.731+0000] {logging_mixin.py:154} INFO - [2023-12-03T06:46:51.731+0000] {dag.py:3722} INFO - Setting next_dagrun for crone_exp to 2023-12-01T00:00:00+00:00, run_after=2023-12-04T00:00:00+00:00
[2023-12-03T06:46:52.558+0000] {processor.py:179} INFO - Processing /opt/airflow/dags/crone-exp.py took 1.892 seconds
[2023-12-03T06:47:53.231+0000] {processor.py:157} INFO - Started process (PID=1035) to work on /opt/airflow/dags/crone-exp.py
[2023-12-03T06:47:53.260+0000] {processor.py:829} INFO - Processing file /opt/airflow/dags/crone-exp.py for tasks to queue
[2023-12-03T06:47:53.263+0000] {logging_mixin.py:154} INFO - [2023-12-03T06:47:53.263+0000] {dagbag.py:536} INFO - Filling up the DagBag from /opt/airflow/dags/crone-exp.py
[2023-12-03T06:47:53.413+0000] {processor.py:839} INFO - DAG(s) dict_keys(['crone_exp']) retrieved from /opt/airflow/dags/crone-exp.py
[2023-12-03T06:47:54.219+0000] {logging_mixin.py:154} INFO - [2023-12-03T06:47:54.218+0000] {dag.py:2941} INFO - Sync 1 DAGs
[2023-12-03T06:47:54.406+0000] {logging_mixin.py:154} INFO - [2023-12-03T06:47:54.402+0000] {dag.py:3722} INFO - Setting next_dagrun for crone_exp to 2023-12-01T00:00:00+00:00, run_after=2023-12-04T00:00:00+00:00
[2023-12-03T06:47:54.694+0000] {processor.py:179} INFO - Processing /opt/airflow/dags/crone-exp.py took 1.486 seconds
[2023-12-03T06:48:37.928+0000] {processor.py:157} INFO - Started process (PID=1102) to work on /opt/airflow/dags/crone-exp.py
[2023-12-03T06:48:37.974+0000] {processor.py:829} INFO - Processing file /opt/airflow/dags/crone-exp.py for tasks to queue
[2023-12-03T06:48:37.994+0000] {logging_mixin.py:154} INFO - [2023-12-03T06:48:37.990+0000] {dagbag.py:536} INFO - Filling up the DagBag from /opt/airflow/dags/crone-exp.py
[2023-12-03T06:48:38.030+0000] {processor.py:839} INFO - DAG(s) dict_keys(['crone_exp']) retrieved from /opt/airflow/dags/crone-exp.py
[2023-12-03T06:48:38.965+0000] {logging_mixin.py:154} INFO - [2023-12-03T06:48:38.964+0000] {dag.py:2941} INFO - Sync 1 DAGs
[2023-12-03T06:48:39.053+0000] {logging_mixin.py:154} INFO - [2023-12-03T06:48:39.053+0000] {dag.py:3722} INFO - Setting next_dagrun for crone_exp to 2023-12-01T00:00:00+00:00, run_after=2023-12-04T00:00:00+00:00
[2023-12-03T06:48:39.353+0000] {processor.py:179} INFO - Processing /opt/airflow/dags/crone-exp.py took 1.471 seconds
[2023-12-03T06:49:13.097+0000] {processor.py:157} INFO - Started process (PID=1165) to work on /opt/airflow/dags/crone-exp.py
[2023-12-03T06:49:13.319+0000] {processor.py:829} INFO - Processing file /opt/airflow/dags/crone-exp.py for tasks to queue
[2023-12-03T06:49:13.549+0000] {logging_mixin.py:154} INFO - [2023-12-03T06:49:13.323+0000] {dagbag.py:536} INFO - Filling up the DagBag from /opt/airflow/dags/crone-exp.py
[2023-12-03T06:49:14.114+0000] {processor.py:839} INFO - DAG(s) dict_keys(['crone_exp']) retrieved from /opt/airflow/dags/crone-exp.py
[2023-12-03T06:49:14.701+0000] {logging_mixin.py:154} INFO - [2023-12-03T06:49:14.700+0000] {dag.py:2941} INFO - Sync 1 DAGs
[2023-12-03T06:49:14.885+0000] {logging_mixin.py:154} INFO - [2023-12-03T06:49:14.884+0000] {dag.py:3722} INFO - Setting next_dagrun for crone_exp to 2023-12-01T00:00:00+00:00, run_after=2023-12-04T00:00:00+00:00
[2023-12-03T06:49:16.110+0000] {processor.py:179} INFO - Processing /opt/airflow/dags/crone-exp.py took 3.040 seconds
[2023-12-03T06:49:46.486+0000] {processor.py:157} INFO - Started process (PID=1226) to work on /opt/airflow/dags/crone-exp.py
[2023-12-03T06:49:46.540+0000] {processor.py:829} INFO - Processing file /opt/airflow/dags/crone-exp.py for tasks to queue
[2023-12-03T06:49:46.543+0000] {logging_mixin.py:154} INFO - [2023-12-03T06:49:46.543+0000] {dagbag.py:536} INFO - Filling up the DagBag from /opt/airflow/dags/crone-exp.py
[2023-12-03T06:49:46.571+0000] {processor.py:839} INFO - DAG(s) dict_keys(['crone_exp']) retrieved from /opt/airflow/dags/crone-exp.py
[2023-12-03T06:49:46.588+0000] {logging_mixin.py:154} INFO - [2023-12-03T06:49:46.588+0000] {dag.py:2941} INFO - Sync 1 DAGs
[2023-12-03T06:49:46.610+0000] {logging_mixin.py:154} INFO - [2023-12-03T06:49:46.610+0000] {dag.py:3722} INFO - Setting next_dagrun for crone_exp to 2023-12-01T00:00:00+00:00, run_after=2023-12-04T00:00:00+00:00
[2023-12-03T06:49:46.631+0000] {processor.py:179} INFO - Processing /opt/airflow/dags/crone-exp.py took 0.148 seconds
[2023-12-03T06:50:29.670+0000] {processor.py:157} INFO - Started process (PID=1292) to work on /opt/airflow/dags/crone-exp.py
[2023-12-03T06:50:29.763+0000] {processor.py:829} INFO - Processing file /opt/airflow/dags/crone-exp.py for tasks to queue
[2023-12-03T06:50:29.770+0000] {logging_mixin.py:154} INFO - [2023-12-03T06:50:29.770+0000] {dagbag.py:536} INFO - Filling up the DagBag from /opt/airflow/dags/crone-exp.py
[2023-12-03T06:50:29.816+0000] {processor.py:839} INFO - DAG(s) dict_keys(['crone_exp']) retrieved from /opt/airflow/dags/crone-exp.py
[2023-12-03T06:50:30.749+0000] {logging_mixin.py:154} INFO - [2023-12-03T06:50:30.748+0000] {dag.py:2941} INFO - Sync 1 DAGs
[2023-12-03T06:50:30.971+0000] {logging_mixin.py:154} INFO - [2023-12-03T06:50:30.971+0000] {dag.py:3722} INFO - Setting next_dagrun for crone_exp to 2023-12-01T00:00:00+00:00, run_after=2023-12-04T00:00:00+00:00
[2023-12-03T06:50:32.034+0000] {processor.py:179} INFO - Processing /opt/airflow/dags/crone-exp.py took 2.485 seconds
[2023-12-03T06:51:02.733+0000] {processor.py:157} INFO - Started process (PID=1355) to work on /opt/airflow/dags/crone-exp.py
[2023-12-03T06:51:02.757+0000] {processor.py:829} INFO - Processing file /opt/airflow/dags/crone-exp.py for tasks to queue
[2023-12-03T06:51:02.762+0000] {logging_mixin.py:154} INFO - [2023-12-03T06:51:02.762+0000] {dagbag.py:536} INFO - Filling up the DagBag from /opt/airflow/dags/crone-exp.py
[2023-12-03T06:51:02.774+0000] {processor.py:839} INFO - DAG(s) dict_keys(['crone_exp']) retrieved from /opt/airflow/dags/crone-exp.py
[2023-12-03T06:51:02.864+0000] {logging_mixin.py:154} INFO - [2023-12-03T06:51:02.864+0000] {dag.py:2941} INFO - Sync 1 DAGs
[2023-12-03T06:51:02.953+0000] {logging_mixin.py:154} INFO - [2023-12-03T06:51:02.953+0000] {dag.py:3722} INFO - Setting next_dagrun for crone_exp to 2023-12-01T00:00:00+00:00, run_after=2023-12-04T00:00:00+00:00
[2023-12-03T06:51:03.168+0000] {processor.py:179} INFO - Processing /opt/airflow/dags/crone-exp.py took 0.435 seconds
[2023-12-03T06:51:34.134+0000] {processor.py:157} INFO - Started process (PID=1418) to work on /opt/airflow/dags/crone-exp.py
[2023-12-03T06:51:34.136+0000] {processor.py:829} INFO - Processing file /opt/airflow/dags/crone-exp.py for tasks to queue
[2023-12-03T06:51:34.139+0000] {logging_mixin.py:154} INFO - [2023-12-03T06:51:34.139+0000] {dagbag.py:536} INFO - Filling up the DagBag from /opt/airflow/dags/crone-exp.py
[2023-12-03T06:51:34.157+0000] {processor.py:839} INFO - DAG(s) dict_keys(['crone_exp']) retrieved from /opt/airflow/dags/crone-exp.py
[2023-12-03T06:51:34.182+0000] {logging_mixin.py:154} INFO - [2023-12-03T06:51:34.181+0000] {dag.py:2941} INFO - Sync 1 DAGs
[2023-12-03T06:51:34.210+0000] {logging_mixin.py:154} INFO - [2023-12-03T06:51:34.210+0000] {dag.py:3722} INFO - Setting next_dagrun for crone_exp to 2023-12-01T00:00:00+00:00, run_after=2023-12-04T00:00:00+00:00
[2023-12-03T06:51:34.236+0000] {processor.py:179} INFO - Processing /opt/airflow/dags/crone-exp.py took 0.105 seconds
[2023-12-03T06:52:04.846+0000] {processor.py:157} INFO - Started process (PID=1481) to work on /opt/airflow/dags/crone-exp.py
[2023-12-03T06:52:04.848+0000] {processor.py:829} INFO - Processing file /opt/airflow/dags/crone-exp.py for tasks to queue
[2023-12-03T06:52:04.851+0000] {logging_mixin.py:154} INFO - [2023-12-03T06:52:04.851+0000] {dagbag.py:536} INFO - Filling up the DagBag from /opt/airflow/dags/crone-exp.py
[2023-12-03T06:52:04.859+0000] {processor.py:839} INFO - DAG(s) dict_keys(['crone_exp']) retrieved from /opt/airflow/dags/crone-exp.py
[2023-12-03T06:52:04.951+0000] {logging_mixin.py:154} INFO - [2023-12-03T06:52:04.951+0000] {dag.py:2941} INFO - Sync 1 DAGs
[2023-12-03T06:52:04.972+0000] {logging_mixin.py:154} INFO - [2023-12-03T06:52:04.972+0000] {dag.py:3722} INFO - Setting next_dagrun for crone_exp to 2023-12-01T00:00:00+00:00, run_after=2023-12-04T00:00:00+00:00
[2023-12-03T06:52:04.991+0000] {processor.py:179} INFO - Processing /opt/airflow/dags/crone-exp.py took 0.149 seconds
[2023-12-03T06:52:35.250+0000] {processor.py:157} INFO - Started process (PID=1544) to work on /opt/airflow/dags/crone-exp.py
[2023-12-03T06:52:35.252+0000] {processor.py:829} INFO - Processing file /opt/airflow/dags/crone-exp.py for tasks to queue
[2023-12-03T06:52:35.254+0000] {logging_mixin.py:154} INFO - [2023-12-03T06:52:35.254+0000] {dagbag.py:536} INFO - Filling up the DagBag from /opt/airflow/dags/crone-exp.py
[2023-12-03T06:52:35.266+0000] {processor.py:839} INFO - DAG(s) dict_keys(['crone_exp']) retrieved from /opt/airflow/dags/crone-exp.py
[2023-12-03T06:52:35.295+0000] {logging_mixin.py:154} INFO - [2023-12-03T06:52:35.294+0000] {dag.py:2941} INFO - Sync 1 DAGs
[2023-12-03T06:52:35.321+0000] {logging_mixin.py:154} INFO - [2023-12-03T06:52:35.321+0000] {dag.py:3722} INFO - Setting next_dagrun for crone_exp to 2023-12-01T00:00:00+00:00, run_after=2023-12-04T00:00:00+00:00
[2023-12-03T06:52:35.353+0000] {processor.py:179} INFO - Processing /opt/airflow/dags/crone-exp.py took 0.106 seconds
[2023-12-03T06:53:05.981+0000] {processor.py:157} INFO - Started process (PID=1606) to work on /opt/airflow/dags/crone-exp.py
[2023-12-03T06:53:05.983+0000] {processor.py:829} INFO - Processing file /opt/airflow/dags/crone-exp.py for tasks to queue
[2023-12-03T06:53:05.985+0000] {logging_mixin.py:154} INFO - [2023-12-03T06:53:05.985+0000] {dagbag.py:536} INFO - Filling up the DagBag from /opt/airflow/dags/crone-exp.py
[2023-12-03T06:53:05.993+0000] {processor.py:839} INFO - DAG(s) dict_keys(['crone_exp']) retrieved from /opt/airflow/dags/crone-exp.py
[2023-12-03T06:53:06.010+0000] {logging_mixin.py:154} INFO - [2023-12-03T06:53:06.010+0000] {dag.py:2941} INFO - Sync 1 DAGs
[2023-12-03T06:53:06.040+0000] {logging_mixin.py:154} INFO - [2023-12-03T06:53:06.039+0000] {dag.py:3722} INFO - Setting next_dagrun for crone_exp to 2023-12-01T00:00:00+00:00, run_after=2023-12-04T00:00:00+00:00
[2023-12-03T06:53:06.069+0000] {processor.py:179} INFO - Processing /opt/airflow/dags/crone-exp.py took 0.091 seconds
[2023-12-03T06:53:36.794+0000] {processor.py:157} INFO - Started process (PID=1668) to work on /opt/airflow/dags/crone-exp.py
[2023-12-03T06:53:36.796+0000] {processor.py:829} INFO - Processing file /opt/airflow/dags/crone-exp.py for tasks to queue
[2023-12-03T06:53:36.799+0000] {logging_mixin.py:154} INFO - [2023-12-03T06:53:36.798+0000] {dagbag.py:536} INFO - Filling up the DagBag from /opt/airflow/dags/crone-exp.py
[2023-12-03T06:53:36.806+0000] {processor.py:839} INFO - DAG(s) dict_keys(['crone_exp']) retrieved from /opt/airflow/dags/crone-exp.py
[2023-12-03T06:53:36.890+0000] {logging_mixin.py:154} INFO - [2023-12-03T06:53:36.890+0000] {dag.py:2941} INFO - Sync 1 DAGs
[2023-12-03T06:53:36.907+0000] {logging_mixin.py:154} INFO - [2023-12-03T06:53:36.907+0000] {dag.py:3722} INFO - Setting next_dagrun for crone_exp to 2023-12-01T00:00:00+00:00, run_after=2023-12-04T00:00:00+00:00
[2023-12-03T06:53:36.954+0000] {processor.py:179} INFO - Processing /opt/airflow/dags/crone-exp.py took 0.164 seconds
[2023-12-03T06:54:07.315+0000] {processor.py:157} INFO - Started process (PID=1729) to work on /opt/airflow/dags/crone-exp.py
[2023-12-03T06:54:07.316+0000] {processor.py:829} INFO - Processing file /opt/airflow/dags/crone-exp.py for tasks to queue
[2023-12-03T06:54:07.319+0000] {logging_mixin.py:154} INFO - [2023-12-03T06:54:07.319+0000] {dagbag.py:536} INFO - Filling up the DagBag from /opt/airflow/dags/crone-exp.py
[2023-12-03T06:54:07.328+0000] {processor.py:839} INFO - DAG(s) dict_keys(['crone_exp']) retrieved from /opt/airflow/dags/crone-exp.py
[2023-12-03T06:54:07.350+0000] {logging_mixin.py:154} INFO - [2023-12-03T06:54:07.350+0000] {dag.py:2941} INFO - Sync 1 DAGs
[2023-12-03T06:54:07.370+0000] {logging_mixin.py:154} INFO - [2023-12-03T06:54:07.370+0000] {dag.py:3722} INFO - Setting next_dagrun for crone_exp to 2023-12-01T00:00:00+00:00, run_after=2023-12-04T00:00:00+00:00
[2023-12-03T06:54:07.389+0000] {processor.py:179} INFO - Processing /opt/airflow/dags/crone-exp.py took 0.077 seconds
[2023-12-03T06:54:37.511+0000] {processor.py:157} INFO - Started process (PID=1792) to work on /opt/airflow/dags/crone-exp.py
[2023-12-03T06:54:37.513+0000] {processor.py:829} INFO - Processing file /opt/airflow/dags/crone-exp.py for tasks to queue
[2023-12-03T06:54:37.516+0000] {logging_mixin.py:154} INFO - [2023-12-03T06:54:37.516+0000] {dagbag.py:536} INFO - Filling up the DagBag from /opt/airflow/dags/crone-exp.py
[2023-12-03T06:54:37.524+0000] {processor.py:839} INFO - DAG(s) dict_keys(['crone_exp']) retrieved from /opt/airflow/dags/crone-exp.py
[2023-12-03T06:54:37.553+0000] {logging_mixin.py:154} INFO - [2023-12-03T06:54:37.553+0000] {dag.py:2941} INFO - Sync 1 DAGs
[2023-12-03T06:54:37.588+0000] {logging_mixin.py:154} INFO - [2023-12-03T06:54:37.588+0000] {dag.py:3722} INFO - Setting next_dagrun for crone_exp to 2023-12-01T00:00:00+00:00, run_after=2023-12-04T00:00:00+00:00
[2023-12-03T06:54:37.662+0000] {processor.py:179} INFO - Processing /opt/airflow/dags/crone-exp.py took 0.154 seconds
[2023-12-03T06:55:08.763+0000] {processor.py:157} INFO - Started process (PID=1855) to work on /opt/airflow/dags/crone-exp.py
[2023-12-03T06:55:08.765+0000] {processor.py:829} INFO - Processing file /opt/airflow/dags/crone-exp.py for tasks to queue
[2023-12-03T06:55:08.768+0000] {logging_mixin.py:154} INFO - [2023-12-03T06:55:08.768+0000] {dagbag.py:536} INFO - Filling up the DagBag from /opt/airflow/dags/crone-exp.py
[2023-12-03T06:55:08.776+0000] {processor.py:839} INFO - DAG(s) dict_keys(['crone_exp']) retrieved from /opt/airflow/dags/crone-exp.py
[2023-12-03T06:55:08.887+0000] {logging_mixin.py:154} INFO - [2023-12-03T06:55:08.886+0000] {dag.py:2941} INFO - Sync 1 DAGs
[2023-12-03T06:55:08.907+0000] {logging_mixin.py:154} INFO - [2023-12-03T06:55:08.907+0000] {dag.py:3722} INFO - Setting next_dagrun for crone_exp to 2023-12-01T00:00:00+00:00, run_after=2023-12-04T00:00:00+00:00
[2023-12-03T06:55:08.933+0000] {processor.py:179} INFO - Processing /opt/airflow/dags/crone-exp.py took 0.173 seconds
[2023-12-03T06:55:50.432+0000] {processor.py:157} INFO - Started process (PID=1905) to work on /opt/airflow/dags/crone-exp.py
[2023-12-03T06:55:50.479+0000] {processor.py:829} INFO - Processing file /opt/airflow/dags/crone-exp.py for tasks to queue
[2023-12-03T06:55:50.497+0000] {logging_mixin.py:154} INFO - [2023-12-03T06:55:50.496+0000] {dagbag.py:536} INFO - Filling up the DagBag from /opt/airflow/dags/crone-exp.py
[2023-12-03T06:55:50.541+0000] {processor.py:839} INFO - DAG(s) dict_keys(['crone_exp']) retrieved from /opt/airflow/dags/crone-exp.py
[2023-12-03T06:55:51.365+0000] {logging_mixin.py:154} INFO - [2023-12-03T06:55:51.364+0000] {dag.py:2941} INFO - Sync 1 DAGs
[2023-12-03T06:55:51.616+0000] {logging_mixin.py:154} INFO - [2023-12-03T06:55:51.616+0000] {dag.py:3722} INFO - Setting next_dagrun for crone_exp to 2023-12-01T00:00:00+00:00, run_after=2023-12-04T00:00:00+00:00
[2023-12-03T06:55:52.264+0000] {processor.py:179} INFO - Processing /opt/airflow/dags/crone-exp.py took 1.865 seconds
[2023-12-03T06:56:22.995+0000] {processor.py:157} INFO - Started process (PID=1975) to work on /opt/airflow/dags/crone-exp.py
[2023-12-03T06:56:23.017+0000] {processor.py:829} INFO - Processing file /opt/airflow/dags/crone-exp.py for tasks to queue
[2023-12-03T06:56:23.020+0000] {logging_mixin.py:154} INFO - [2023-12-03T06:56:23.020+0000] {dagbag.py:536} INFO - Filling up the DagBag from /opt/airflow/dags/crone-exp.py
[2023-12-03T06:56:23.031+0000] {processor.py:839} INFO - DAG(s) dict_keys(['crone_exp']) retrieved from /opt/airflow/dags/crone-exp.py
[2023-12-03T06:56:23.148+0000] {logging_mixin.py:154} INFO - [2023-12-03T06:56:23.147+0000] {dag.py:2941} INFO - Sync 1 DAGs
[2023-12-03T06:56:23.170+0000] {logging_mixin.py:154} INFO - [2023-12-03T06:56:23.170+0000] {dag.py:3722} INFO - Setting next_dagrun for crone_exp to 2023-12-01T00:00:00+00:00, run_after=2023-12-04T00:00:00+00:00
[2023-12-03T06:56:23.191+0000] {processor.py:179} INFO - Processing /opt/airflow/dags/crone-exp.py took 0.208 seconds
[2023-12-03T06:56:59.646+0000] {processor.py:157} INFO - Started process (PID=2040) to work on /opt/airflow/dags/crone-exp.py
[2023-12-03T06:56:59.659+0000] {processor.py:829} INFO - Processing file /opt/airflow/dags/crone-exp.py for tasks to queue
[2023-12-03T06:56:59.665+0000] {logging_mixin.py:154} INFO - [2023-12-03T06:56:59.664+0000] {dagbag.py:536} INFO - Filling up the DagBag from /opt/airflow/dags/crone-exp.py
[2023-12-03T06:56:59.719+0000] {processor.py:839} INFO - DAG(s) dict_keys(['crone_exp']) retrieved from /opt/airflow/dags/crone-exp.py
[2023-12-03T06:57:00.366+0000] {logging_mixin.py:154} INFO - [2023-12-03T06:57:00.365+0000] {dag.py:2941} INFO - Sync 1 DAGs
[2023-12-03T06:57:00.635+0000] {logging_mixin.py:154} INFO - [2023-12-03T06:57:00.634+0000] {dag.py:3722} INFO - Setting next_dagrun for crone_exp to 2023-12-01T00:00:00+00:00, run_after=2023-12-04T00:00:00+00:00
[2023-12-03T06:57:01.073+0000] {processor.py:179} INFO - Processing /opt/airflow/dags/crone-exp.py took 1.449 seconds
[2023-12-03T06:57:35.430+0000] {processor.py:157} INFO - Started process (PID=2102) to work on /opt/airflow/dags/crone-exp.py
[2023-12-03T06:57:35.484+0000] {processor.py:829} INFO - Processing file /opt/airflow/dags/crone-exp.py for tasks to queue
[2023-12-03T06:57:35.532+0000] {logging_mixin.py:154} INFO - [2023-12-03T06:57:35.531+0000] {dagbag.py:536} INFO - Filling up the DagBag from /opt/airflow/dags/crone-exp.py
[2023-12-03T06:57:35.774+0000] {processor.py:839} INFO - DAG(s) dict_keys(['crone_exp']) retrieved from /opt/airflow/dags/crone-exp.py
[2023-12-03T06:57:35.930+0000] {logging_mixin.py:154} INFO - [2023-12-03T06:57:35.927+0000] {dag.py:2941} INFO - Sync 1 DAGs
[2023-12-03T06:57:36.009+0000] {logging_mixin.py:154} INFO - [2023-12-03T06:57:36.009+0000] {dag.py:3722} INFO - Setting next_dagrun for crone_exp to 2023-12-01T00:00:00+00:00, run_after=2023-12-04T00:00:00+00:00
[2023-12-03T06:57:36.119+0000] {processor.py:179} INFO - Processing /opt/airflow/dags/crone-exp.py took 0.740 seconds
[2023-12-03T06:58:06.287+0000] {processor.py:157} INFO - Started process (PID=2165) to work on /opt/airflow/dags/crone-exp.py
[2023-12-03T06:58:06.289+0000] {processor.py:829} INFO - Processing file /opt/airflow/dags/crone-exp.py for tasks to queue
[2023-12-03T06:58:06.290+0000] {logging_mixin.py:154} INFO - [2023-12-03T06:58:06.290+0000] {dagbag.py:536} INFO - Filling up the DagBag from /opt/airflow/dags/crone-exp.py
[2023-12-03T06:58:06.296+0000] {processor.py:839} INFO - DAG(s) dict_keys(['crone_exp']) retrieved from /opt/airflow/dags/crone-exp.py
[2023-12-03T06:58:06.374+0000] {logging_mixin.py:154} INFO - [2023-12-03T06:58:06.374+0000] {dag.py:2941} INFO - Sync 1 DAGs
[2023-12-03T06:58:06.389+0000] {logging_mixin.py:154} INFO - [2023-12-03T06:58:06.389+0000] {dag.py:3722} INFO - Setting next_dagrun for crone_exp to 2023-12-01T00:00:00+00:00, run_after=2023-12-04T00:00:00+00:00
[2023-12-03T06:58:06.436+0000] {processor.py:179} INFO - Processing /opt/airflow/dags/crone-exp.py took 0.152 seconds
[2023-12-03T06:58:37.333+0000] {processor.py:157} INFO - Started process (PID=2227) to work on /opt/airflow/dags/crone-exp.py
[2023-12-03T06:58:37.344+0000] {processor.py:829} INFO - Processing file /opt/airflow/dags/crone-exp.py for tasks to queue
[2023-12-03T06:58:37.349+0000] {logging_mixin.py:154} INFO - [2023-12-03T06:58:37.349+0000] {dagbag.py:536} INFO - Filling up the DagBag from /opt/airflow/dags/crone-exp.py
[2023-12-03T06:58:37.364+0000] {processor.py:839} INFO - DAG(s) dict_keys(['crone_exp']) retrieved from /opt/airflow/dags/crone-exp.py
[2023-12-03T06:58:37.587+0000] {logging_mixin.py:154} INFO - [2023-12-03T06:58:37.587+0000] {dag.py:2941} INFO - Sync 1 DAGs
[2023-12-03T06:58:37.742+0000] {logging_mixin.py:154} INFO - [2023-12-03T06:58:37.742+0000] {dag.py:3722} INFO - Setting next_dagrun for crone_exp to 2023-12-01T00:00:00+00:00, run_after=2023-12-04T00:00:00+00:00
[2023-12-03T06:58:38.199+0000] {processor.py:179} INFO - Processing /opt/airflow/dags/crone-exp.py took 0.876 seconds
[2023-12-03T06:59:17.999+0000] {processor.py:157} INFO - Started process (PID=2271) to work on /opt/airflow/dags/crone-exp.py
[2023-12-03T06:59:18.018+0000] {processor.py:829} INFO - Processing file /opt/airflow/dags/crone-exp.py for tasks to queue
[2023-12-03T06:59:18.028+0000] {logging_mixin.py:154} INFO - [2023-12-03T06:59:18.028+0000] {dagbag.py:536} INFO - Filling up the DagBag from /opt/airflow/dags/crone-exp.py
[2023-12-03T06:59:18.103+0000] {processor.py:839} INFO - DAG(s) dict_keys(['crone_exp']) retrieved from /opt/airflow/dags/crone-exp.py
[2023-12-03T06:59:18.328+0000] {logging_mixin.py:154} INFO - [2023-12-03T06:59:18.328+0000] {dag.py:2941} INFO - Sync 1 DAGs
[2023-12-03T06:59:18.593+0000] {logging_mixin.py:154} INFO - [2023-12-03T06:59:18.592+0000] {dag.py:3722} INFO - Setting next_dagrun for crone_exp to 2023-12-01T00:00:00+00:00, run_after=2023-12-04T00:00:00+00:00
[2023-12-03T06:59:18.966+0000] {processor.py:179} INFO - Processing /opt/airflow/dags/crone-exp.py took 0.979 seconds
[2023-12-03T07:00:01.628+0000] {processor.py:157} INFO - Started process (PID=2329) to work on /opt/airflow/dags/crone-exp.py
[2023-12-03T07:00:01.681+0000] {processor.py:829} INFO - Processing file /opt/airflow/dags/crone-exp.py for tasks to queue
[2023-12-03T07:00:01.768+0000] {logging_mixin.py:154} INFO - [2023-12-03T07:00:01.768+0000] {dagbag.py:536} INFO - Filling up the DagBag from /opt/airflow/dags/crone-exp.py
[2023-12-03T07:00:01.806+0000] {processor.py:839} INFO - DAG(s) dict_keys(['crone_exp']) retrieved from /opt/airflow/dags/crone-exp.py
[2023-12-03T07:00:03.606+0000] {logging_mixin.py:154} INFO - [2023-12-03T07:00:03.606+0000] {dag.py:2941} INFO - Sync 1 DAGs
[2023-12-03T07:00:03.650+0000] {logging_mixin.py:154} INFO - [2023-12-03T07:00:03.650+0000] {dag.py:3722} INFO - Setting next_dagrun for crone_exp to 2023-12-01T00:00:00+00:00, run_after=2023-12-04T00:00:00+00:00
[2023-12-03T07:00:03.819+0000] {processor.py:179} INFO - Processing /opt/airflow/dags/crone-exp.py took 2.195 seconds
[2023-12-03T07:00:34.425+0000] {processor.py:157} INFO - Started process (PID=2392) to work on /opt/airflow/dags/crone-exp.py
[2023-12-03T07:00:34.449+0000] {processor.py:829} INFO - Processing file /opt/airflow/dags/crone-exp.py for tasks to queue
[2023-12-03T07:00:34.452+0000] {logging_mixin.py:154} INFO - [2023-12-03T07:00:34.451+0000] {dagbag.py:536} INFO - Filling up the DagBag from /opt/airflow/dags/crone-exp.py
[2023-12-03T07:00:34.473+0000] {processor.py:839} INFO - DAG(s) dict_keys(['crone_exp']) retrieved from /opt/airflow/dags/crone-exp.py
[2023-12-03T07:00:34.500+0000] {logging_mixin.py:154} INFO - [2023-12-03T07:00:34.500+0000] {dag.py:2941} INFO - Sync 1 DAGs
[2023-12-03T07:00:34.557+0000] {logging_mixin.py:154} INFO - [2023-12-03T07:00:34.556+0000] {dag.py:3722} INFO - Setting next_dagrun for crone_exp to 2023-12-01T00:00:00+00:00, run_after=2023-12-04T00:00:00+00:00
[2023-12-03T07:00:34.757+0000] {processor.py:179} INFO - Processing /opt/airflow/dags/crone-exp.py took 0.338 seconds
[2023-12-03T07:01:05.052+0000] {processor.py:157} INFO - Started process (PID=2455) to work on /opt/airflow/dags/crone-exp.py
[2023-12-03T07:01:05.054+0000] {processor.py:829} INFO - Processing file /opt/airflow/dags/crone-exp.py for tasks to queue
[2023-12-03T07:01:05.056+0000] {logging_mixin.py:154} INFO - [2023-12-03T07:01:05.056+0000] {dagbag.py:536} INFO - Filling up the DagBag from /opt/airflow/dags/crone-exp.py
[2023-12-03T07:01:05.064+0000] {processor.py:839} INFO - DAG(s) dict_keys(['crone_exp']) retrieved from /opt/airflow/dags/crone-exp.py
[2023-12-03T07:01:05.077+0000] {logging_mixin.py:154} INFO - [2023-12-03T07:01:05.077+0000] {dag.py:2941} INFO - Sync 1 DAGs
[2023-12-03T07:01:05.097+0000] {logging_mixin.py:154} INFO - [2023-12-03T07:01:05.097+0000] {dag.py:3722} INFO - Setting next_dagrun for crone_exp to 2023-12-01T00:00:00+00:00, run_after=2023-12-04T00:00:00+00:00
[2023-12-03T07:01:05.121+0000] {processor.py:179} INFO - Processing /opt/airflow/dags/crone-exp.py took 0.072 seconds
[2023-12-03T07:01:35.576+0000] {processor.py:157} INFO - Started process (PID=2518) to work on /opt/airflow/dags/crone-exp.py
[2023-12-03T07:01:35.579+0000] {processor.py:829} INFO - Processing file /opt/airflow/dags/crone-exp.py for tasks to queue
[2023-12-03T07:01:35.581+0000] {logging_mixin.py:154} INFO - [2023-12-03T07:01:35.581+0000] {dagbag.py:536} INFO - Filling up the DagBag from /opt/airflow/dags/crone-exp.py
[2023-12-03T07:01:35.591+0000] {processor.py:839} INFO - DAG(s) dict_keys(['crone_exp']) retrieved from /opt/airflow/dags/crone-exp.py
[2023-12-03T07:01:35.692+0000] {logging_mixin.py:154} INFO - [2023-12-03T07:01:35.692+0000] {dag.py:2941} INFO - Sync 1 DAGs
[2023-12-03T07:01:35.708+0000] {logging_mixin.py:154} INFO - [2023-12-03T07:01:35.708+0000] {dag.py:3722} INFO - Setting next_dagrun for crone_exp to 2023-12-01T00:00:00+00:00, run_after=2023-12-04T00:00:00+00:00
[2023-12-03T07:01:35.728+0000] {processor.py:179} INFO - Processing /opt/airflow/dags/crone-exp.py took 0.156 seconds
[2023-12-03T07:02:06.279+0000] {processor.py:157} INFO - Started process (PID=2581) to work on /opt/airflow/dags/crone-exp.py
[2023-12-03T07:02:06.302+0000] {processor.py:829} INFO - Processing file /opt/airflow/dags/crone-exp.py for tasks to queue
[2023-12-03T07:02:06.304+0000] {logging_mixin.py:154} INFO - [2023-12-03T07:02:06.304+0000] {dagbag.py:536} INFO - Filling up the DagBag from /opt/airflow/dags/crone-exp.py
[2023-12-03T07:02:06.311+0000] {processor.py:839} INFO - DAG(s) dict_keys(['crone_exp']) retrieved from /opt/airflow/dags/crone-exp.py
[2023-12-03T07:02:06.348+0000] {logging_mixin.py:154} INFO - [2023-12-03T07:02:06.347+0000] {dag.py:2941} INFO - Sync 1 DAGs
[2023-12-03T07:02:06.374+0000] {logging_mixin.py:154} INFO - [2023-12-03T07:02:06.374+0000] {dag.py:3722} INFO - Setting next_dagrun for crone_exp to 2023-12-01T00:00:00+00:00, run_after=2023-12-04T00:00:00+00:00
[2023-12-03T07:02:06.398+0000] {processor.py:179} INFO - Processing /opt/airflow/dags/crone-exp.py took 0.122 seconds
[2023-12-03T07:02:36.608+0000] {processor.py:157} INFO - Started process (PID=2644) to work on /opt/airflow/dags/crone-exp.py
[2023-12-03T07:02:36.631+0000] {processor.py:829} INFO - Processing file /opt/airflow/dags/crone-exp.py for tasks to queue
[2023-12-03T07:02:36.633+0000] {logging_mixin.py:154} INFO - [2023-12-03T07:02:36.633+0000] {dagbag.py:536} INFO - Filling up the DagBag from /opt/airflow/dags/crone-exp.py
[2023-12-03T07:02:36.641+0000] {processor.py:839} INFO - DAG(s) dict_keys(['crone_exp']) retrieved from /opt/airflow/dags/crone-exp.py
[2023-12-03T07:02:36.667+0000] {logging_mixin.py:154} INFO - [2023-12-03T07:02:36.667+0000] {dag.py:2941} INFO - Sync 1 DAGs
[2023-12-03T07:02:36.694+0000] {logging_mixin.py:154} INFO - [2023-12-03T07:02:36.694+0000] {dag.py:3722} INFO - Setting next_dagrun for crone_exp to 2023-12-01T00:00:00+00:00, run_after=2023-12-04T00:00:00+00:00
[2023-12-03T07:02:36.718+0000] {processor.py:179} INFO - Processing /opt/airflow/dags/crone-exp.py took 0.114 seconds
[2023-12-03T07:03:07.149+0000] {processor.py:157} INFO - Started process (PID=2707) to work on /opt/airflow/dags/crone-exp.py
[2023-12-03T07:03:07.155+0000] {processor.py:829} INFO - Processing file /opt/airflow/dags/crone-exp.py for tasks to queue
[2023-12-03T07:03:07.157+0000] {logging_mixin.py:154} INFO - [2023-12-03T07:03:07.157+0000] {dagbag.py:536} INFO - Filling up the DagBag from /opt/airflow/dags/crone-exp.py
[2023-12-03T07:03:07.170+0000] {processor.py:839} INFO - DAG(s) dict_keys(['crone_exp']) retrieved from /opt/airflow/dags/crone-exp.py
[2023-12-03T07:03:07.275+0000] {logging_mixin.py:154} INFO - [2023-12-03T07:03:07.274+0000] {dag.py:2941} INFO - Sync 1 DAGs
[2023-12-03T07:03:07.292+0000] {logging_mixin.py:154} INFO - [2023-12-03T07:03:07.292+0000] {dag.py:3722} INFO - Setting next_dagrun for crone_exp to 2023-12-01T00:00:00+00:00, run_after=2023-12-04T00:00:00+00:00
[2023-12-03T07:03:07.311+0000] {processor.py:179} INFO - Processing /opt/airflow/dags/crone-exp.py took 0.165 seconds
[2023-12-03T07:03:38.125+0000] {processor.py:157} INFO - Started process (PID=2771) to work on /opt/airflow/dags/crone-exp.py
[2023-12-03T07:03:38.148+0000] {processor.py:829} INFO - Processing file /opt/airflow/dags/crone-exp.py for tasks to queue
[2023-12-03T07:03:38.151+0000] {logging_mixin.py:154} INFO - [2023-12-03T07:03:38.150+0000] {dagbag.py:536} INFO - Filling up the DagBag from /opt/airflow/dags/crone-exp.py
[2023-12-03T07:03:38.159+0000] {processor.py:839} INFO - DAG(s) dict_keys(['crone_exp']) retrieved from /opt/airflow/dags/crone-exp.py
[2023-12-03T07:03:38.205+0000] {logging_mixin.py:154} INFO - [2023-12-03T07:03:38.205+0000] {dag.py:2941} INFO - Sync 1 DAGs
[2023-12-03T07:03:38.229+0000] {logging_mixin.py:154} INFO - [2023-12-03T07:03:38.228+0000] {dag.py:3722} INFO - Setting next_dagrun for crone_exp to 2023-12-01T00:00:00+00:00, run_after=2023-12-04T00:00:00+00:00
[2023-12-03T07:03:38.248+0000] {processor.py:179} INFO - Processing /opt/airflow/dags/crone-exp.py took 0.128 seconds
[2023-12-03T07:04:08.420+0000] {processor.py:157} INFO - Started process (PID=2835) to work on /opt/airflow/dags/crone-exp.py
[2023-12-03T07:04:08.423+0000] {processor.py:829} INFO - Processing file /opt/airflow/dags/crone-exp.py for tasks to queue
[2023-12-03T07:04:08.425+0000] {logging_mixin.py:154} INFO - [2023-12-03T07:04:08.425+0000] {dagbag.py:536} INFO - Filling up the DagBag from /opt/airflow/dags/crone-exp.py
[2023-12-03T07:04:08.436+0000] {processor.py:839} INFO - DAG(s) dict_keys(['crone_exp']) retrieved from /opt/airflow/dags/crone-exp.py
[2023-12-03T07:04:08.615+0000] {logging_mixin.py:154} INFO - [2023-12-03T07:04:08.614+0000] {dag.py:2941} INFO - Sync 1 DAGs
[2023-12-03T07:04:08.788+0000] {logging_mixin.py:154} INFO - [2023-12-03T07:04:08.788+0000] {dag.py:3722} INFO - Setting next_dagrun for crone_exp to 2023-12-01T00:00:00+00:00, run_after=2023-12-04T00:00:00+00:00
[2023-12-03T07:04:08.984+0000] {processor.py:179} INFO - Processing /opt/airflow/dags/crone-exp.py took 0.568 seconds
[2023-12-03T07:04:39.207+0000] {processor.py:157} INFO - Started process (PID=2897) to work on /opt/airflow/dags/crone-exp.py
[2023-12-03T07:04:39.208+0000] {processor.py:829} INFO - Processing file /opt/airflow/dags/crone-exp.py for tasks to queue
[2023-12-03T07:04:39.211+0000] {logging_mixin.py:154} INFO - [2023-12-03T07:04:39.210+0000] {dagbag.py:536} INFO - Filling up the DagBag from /opt/airflow/dags/crone-exp.py
[2023-12-03T07:04:39.219+0000] {processor.py:839} INFO - DAG(s) dict_keys(['crone_exp']) retrieved from /opt/airflow/dags/crone-exp.py
[2023-12-03T07:04:44.311+0000] {logging_mixin.py:154} INFO - [2023-12-03T07:04:44.311+0000] {dag.py:2941} INFO - Sync 1 DAGs
[2023-12-03T07:04:44.329+0000] {logging_mixin.py:154} INFO - [2023-12-03T07:04:44.328+0000] {dag.py:3722} INFO - Setting next_dagrun for crone_exp to 2023-12-01T00:00:00+00:00, run_after=2023-12-04T00:00:00+00:00
[2023-12-03T07:04:44.370+0000] {processor.py:179} INFO - Processing /opt/airflow/dags/crone-exp.py took 5.167 seconds
[2023-12-03T07:05:15.343+0000] {processor.py:157} INFO - Started process (PID=2969) to work on /opt/airflow/dags/crone-exp.py
[2023-12-03T07:05:15.344+0000] {processor.py:829} INFO - Processing file /opt/airflow/dags/crone-exp.py for tasks to queue
[2023-12-03T07:05:15.346+0000] {logging_mixin.py:154} INFO - [2023-12-03T07:05:15.346+0000] {dagbag.py:536} INFO - Filling up the DagBag from /opt/airflow/dags/crone-exp.py
[2023-12-03T07:05:15.353+0000] {processor.py:839} INFO - DAG(s) dict_keys(['crone_exp']) retrieved from /opt/airflow/dags/crone-exp.py
[2023-12-03T07:05:15.372+0000] {logging_mixin.py:154} INFO - [2023-12-03T07:05:15.372+0000] {dag.py:2941} INFO - Sync 1 DAGs
[2023-12-03T07:05:15.390+0000] {logging_mixin.py:154} INFO - [2023-12-03T07:05:15.390+0000] {dag.py:3722} INFO - Setting next_dagrun for crone_exp to 2023-12-01T00:00:00+00:00, run_after=2023-12-04T00:00:00+00:00
[2023-12-03T07:05:15.408+0000] {processor.py:179} INFO - Processing /opt/airflow/dags/crone-exp.py took 0.068 seconds
[2023-12-03T07:05:45.526+0000] {processor.py:157} INFO - Started process (PID=3027) to work on /opt/airflow/dags/crone-exp.py
[2023-12-03T07:05:45.528+0000] {processor.py:829} INFO - Processing file /opt/airflow/dags/crone-exp.py for tasks to queue
[2023-12-03T07:05:45.531+0000] {logging_mixin.py:154} INFO - [2023-12-03T07:05:45.530+0000] {dagbag.py:536} INFO - Filling up the DagBag from /opt/airflow/dags/crone-exp.py
[2023-12-03T07:05:45.549+0000] {processor.py:839} INFO - DAG(s) dict_keys(['crone_exp']) retrieved from /opt/airflow/dags/crone-exp.py
[2023-12-03T07:05:45.612+0000] {logging_mixin.py:154} INFO - [2023-12-03T07:05:45.612+0000] {dag.py:2941} INFO - Sync 1 DAGs
[2023-12-03T07:05:45.649+0000] {logging_mixin.py:154} INFO - [2023-12-03T07:05:45.648+0000] {dag.py:3722} INFO - Setting next_dagrun for crone_exp to 2023-12-01T00:00:00+00:00, run_after=2023-12-04T00:00:00+00:00
[2023-12-03T07:05:45.690+0000] {processor.py:179} INFO - Processing /opt/airflow/dags/crone-exp.py took 0.168 seconds
[2023-12-03T07:06:16.456+0000] {processor.py:157} INFO - Started process (PID=3090) to work on /opt/airflow/dags/crone-exp.py
[2023-12-03T07:06:16.457+0000] {processor.py:829} INFO - Processing file /opt/airflow/dags/crone-exp.py for tasks to queue
[2023-12-03T07:06:16.459+0000] {logging_mixin.py:154} INFO - [2023-12-03T07:06:16.459+0000] {dagbag.py:536} INFO - Filling up the DagBag from /opt/airflow/dags/crone-exp.py
[2023-12-03T07:06:16.469+0000] {processor.py:839} INFO - DAG(s) dict_keys(['crone_exp']) retrieved from /opt/airflow/dags/crone-exp.py
[2023-12-03T07:06:16.595+0000] {logging_mixin.py:154} INFO - [2023-12-03T07:06:16.595+0000] {dag.py:2941} INFO - Sync 1 DAGs
[2023-12-03T07:06:16.624+0000] {logging_mixin.py:154} INFO - [2023-12-03T07:06:16.623+0000] {dag.py:3722} INFO - Setting next_dagrun for crone_exp to 2023-12-01T00:00:00+00:00, run_after=2023-12-04T00:00:00+00:00
[2023-12-03T07:06:16.650+0000] {processor.py:179} INFO - Processing /opt/airflow/dags/crone-exp.py took 0.197 seconds
[2023-12-03T07:06:46.980+0000] {processor.py:157} INFO - Started process (PID=3153) to work on /opt/airflow/dags/crone-exp.py
[2023-12-03T07:06:46.982+0000] {processor.py:829} INFO - Processing file /opt/airflow/dags/crone-exp.py for tasks to queue
[2023-12-03T07:06:46.985+0000] {logging_mixin.py:154} INFO - [2023-12-03T07:06:46.985+0000] {dagbag.py:536} INFO - Filling up the DagBag from /opt/airflow/dags/crone-exp.py
[2023-12-03T07:06:46.993+0000] {processor.py:839} INFO - DAG(s) dict_keys(['crone_exp']) retrieved from /opt/airflow/dags/crone-exp.py
[2023-12-03T07:06:47.016+0000] {logging_mixin.py:154} INFO - [2023-12-03T07:06:47.016+0000] {dag.py:2941} INFO - Sync 1 DAGs
[2023-12-03T07:06:47.040+0000] {logging_mixin.py:154} INFO - [2023-12-03T07:06:47.039+0000] {dag.py:3722} INFO - Setting next_dagrun for crone_exp to 2023-12-01T00:00:00+00:00, run_after=2023-12-04T00:00:00+00:00
[2023-12-03T07:06:47.064+0000] {processor.py:179} INFO - Processing /opt/airflow/dags/crone-exp.py took 0.087 seconds
[2023-12-03T07:07:17.776+0000] {processor.py:157} INFO - Started process (PID=3215) to work on /opt/airflow/dags/crone-exp.py
[2023-12-03T07:07:17.785+0000] {processor.py:829} INFO - Processing file /opt/airflow/dags/crone-exp.py for tasks to queue
[2023-12-03T07:07:17.787+0000] {logging_mixin.py:154} INFO - [2023-12-03T07:07:17.787+0000] {dagbag.py:536} INFO - Filling up the DagBag from /opt/airflow/dags/crone-exp.py
[2023-12-03T07:07:17.805+0000] {processor.py:839} INFO - DAG(s) dict_keys(['crone_exp']) retrieved from /opt/airflow/dags/crone-exp.py
[2023-12-03T07:07:17.821+0000] {logging_mixin.py:154} INFO - [2023-12-03T07:07:17.821+0000] {dag.py:2941} INFO - Sync 1 DAGs
[2023-12-03T07:07:17.843+0000] {logging_mixin.py:154} INFO - [2023-12-03T07:07:17.843+0000] {dag.py:3722} INFO - Setting next_dagrun for crone_exp to 2023-12-01T00:00:00+00:00, run_after=2023-12-04T00:00:00+00:00
[2023-12-03T07:07:17.868+0000] {processor.py:179} INFO - Processing /opt/airflow/dags/crone-exp.py took 0.095 seconds
[2023-12-03T07:07:47.936+0000] {processor.py:157} INFO - Started process (PID=3278) to work on /opt/airflow/dags/crone-exp.py
[2023-12-03T07:07:47.939+0000] {processor.py:829} INFO - Processing file /opt/airflow/dags/crone-exp.py for tasks to queue
[2023-12-03T07:07:47.942+0000] {logging_mixin.py:154} INFO - [2023-12-03T07:07:47.941+0000] {dagbag.py:536} INFO - Filling up the DagBag from /opt/airflow/dags/crone-exp.py
[2023-12-03T07:07:47.951+0000] {processor.py:839} INFO - DAG(s) dict_keys(['crone_exp']) retrieved from /opt/airflow/dags/crone-exp.py
[2023-12-03T07:07:48.050+0000] {logging_mixin.py:154} INFO - [2023-12-03T07:07:48.050+0000] {dag.py:2941} INFO - Sync 1 DAGs
[2023-12-03T07:07:48.073+0000] {logging_mixin.py:154} INFO - [2023-12-03T07:07:48.073+0000] {dag.py:3722} INFO - Setting next_dagrun for crone_exp to 2023-12-01T00:00:00+00:00, run_after=2023-12-04T00:00:00+00:00
[2023-12-03T07:07:48.098+0000] {processor.py:179} INFO - Processing /opt/airflow/dags/crone-exp.py took 0.164 seconds
[2023-12-03T07:08:18.452+0000] {processor.py:157} INFO - Started process (PID=3340) to work on /opt/airflow/dags/crone-exp.py
[2023-12-03T07:08:18.460+0000] {processor.py:829} INFO - Processing file /opt/airflow/dags/crone-exp.py for tasks to queue
[2023-12-03T07:08:18.463+0000] {logging_mixin.py:154} INFO - [2023-12-03T07:08:18.462+0000] {dagbag.py:536} INFO - Filling up the DagBag from /opt/airflow/dags/crone-exp.py
[2023-12-03T07:08:18.471+0000] {processor.py:839} INFO - DAG(s) dict_keys(['crone_exp']) retrieved from /opt/airflow/dags/crone-exp.py
[2023-12-03T07:08:18.500+0000] {logging_mixin.py:154} INFO - [2023-12-03T07:08:18.499+0000] {dag.py:2941} INFO - Sync 1 DAGs
[2023-12-03T07:08:18.526+0000] {logging_mixin.py:154} INFO - [2023-12-03T07:08:18.526+0000] {dag.py:3722} INFO - Setting next_dagrun for crone_exp to 2023-12-01T00:00:00+00:00, run_after=2023-12-04T00:00:00+00:00
[2023-12-03T07:08:18.550+0000] {processor.py:179} INFO - Processing /opt/airflow/dags/crone-exp.py took 0.101 seconds
[2023-12-03T07:08:48.631+0000] {processor.py:157} INFO - Started process (PID=3403) to work on /opt/airflow/dags/crone-exp.py
[2023-12-03T07:08:48.639+0000] {processor.py:829} INFO - Processing file /opt/airflow/dags/crone-exp.py for tasks to queue
[2023-12-03T07:08:48.642+0000] {logging_mixin.py:154} INFO - [2023-12-03T07:08:48.641+0000] {dagbag.py:536} INFO - Filling up the DagBag from /opt/airflow/dags/crone-exp.py
[2023-12-03T07:08:48.651+0000] {processor.py:839} INFO - DAG(s) dict_keys(['crone_exp']) retrieved from /opt/airflow/dags/crone-exp.py
[2023-12-03T07:08:48.668+0000] {logging_mixin.py:154} INFO - [2023-12-03T07:08:48.668+0000] {dag.py:2941} INFO - Sync 1 DAGs
[2023-12-03T07:08:48.693+0000] {logging_mixin.py:154} INFO - [2023-12-03T07:08:48.693+0000] {dag.py:3722} INFO - Setting next_dagrun for crone_exp to 2023-12-01T00:00:00+00:00, run_after=2023-12-04T00:00:00+00:00
[2023-12-03T07:08:48.716+0000] {processor.py:179} INFO - Processing /opt/airflow/dags/crone-exp.py took 0.088 seconds
[2023-12-03T07:09:18.895+0000] {processor.py:157} INFO - Started process (PID=3466) to work on /opt/airflow/dags/crone-exp.py
[2023-12-03T07:09:18.904+0000] {processor.py:829} INFO - Processing file /opt/airflow/dags/crone-exp.py for tasks to queue
[2023-12-03T07:09:18.906+0000] {logging_mixin.py:154} INFO - [2023-12-03T07:09:18.906+0000] {dagbag.py:536} INFO - Filling up the DagBag from /opt/airflow/dags/crone-exp.py
[2023-12-03T07:09:18.915+0000] {processor.py:839} INFO - DAG(s) dict_keys(['crone_exp']) retrieved from /opt/airflow/dags/crone-exp.py
[2023-12-03T07:09:19.022+0000] {logging_mixin.py:154} INFO - [2023-12-03T07:09:19.022+0000] {dag.py:2941} INFO - Sync 1 DAGs
[2023-12-03T07:09:19.039+0000] {logging_mixin.py:154} INFO - [2023-12-03T07:09:19.039+0000] {dag.py:3722} INFO - Setting next_dagrun for crone_exp to 2023-12-01T00:00:00+00:00, run_after=2023-12-04T00:00:00+00:00
[2023-12-03T07:09:19.063+0000] {processor.py:179} INFO - Processing /opt/airflow/dags/crone-exp.py took 0.171 seconds
[2023-12-03T07:09:49.738+0000] {processor.py:157} INFO - Started process (PID=3529) to work on /opt/airflow/dags/crone-exp.py
[2023-12-03T07:09:49.745+0000] {processor.py:829} INFO - Processing file /opt/airflow/dags/crone-exp.py for tasks to queue
[2023-12-03T07:09:49.747+0000] {logging_mixin.py:154} INFO - [2023-12-03T07:09:49.747+0000] {dagbag.py:536} INFO - Filling up the DagBag from /opt/airflow/dags/crone-exp.py
[2023-12-03T07:09:49.754+0000] {processor.py:839} INFO - DAG(s) dict_keys(['crone_exp']) retrieved from /opt/airflow/dags/crone-exp.py
[2023-12-03T07:09:49.780+0000] {logging_mixin.py:154} INFO - [2023-12-03T07:09:49.780+0000] {dag.py:2941} INFO - Sync 1 DAGs
[2023-12-03T07:09:49.818+0000] {logging_mixin.py:154} INFO - [2023-12-03T07:09:49.817+0000] {dag.py:3722} INFO - Setting next_dagrun for crone_exp to 2023-12-01T00:00:00+00:00, run_after=2023-12-04T00:00:00+00:00
[2023-12-03T07:09:49.841+0000] {processor.py:179} INFO - Processing /opt/airflow/dags/crone-exp.py took 0.107 seconds
[2023-12-03T07:10:20.007+0000] {processor.py:157} INFO - Started process (PID=3592) to work on /opt/airflow/dags/crone-exp.py
[2023-12-03T07:10:20.021+0000] {processor.py:829} INFO - Processing file /opt/airflow/dags/crone-exp.py for tasks to queue
[2023-12-03T07:10:20.023+0000] {logging_mixin.py:154} INFO - [2023-12-03T07:10:20.023+0000] {dagbag.py:536} INFO - Filling up the DagBag from /opt/airflow/dags/crone-exp.py
[2023-12-03T07:10:20.032+0000] {processor.py:839} INFO - DAG(s) dict_keys(['crone_exp']) retrieved from /opt/airflow/dags/crone-exp.py
[2023-12-03T07:10:20.051+0000] {logging_mixin.py:154} INFO - [2023-12-03T07:10:20.051+0000] {dag.py:2941} INFO - Sync 1 DAGs
[2023-12-03T07:10:20.076+0000] {logging_mixin.py:154} INFO - [2023-12-03T07:10:20.075+0000] {dag.py:3722} INFO - Setting next_dagrun for crone_exp to 2023-12-01T00:00:00+00:00, run_after=2023-12-04T00:00:00+00:00
[2023-12-03T07:10:20.096+0000] {processor.py:179} INFO - Processing /opt/airflow/dags/crone-exp.py took 0.100 seconds
[2023-12-03T07:10:50.489+0000] {processor.py:157} INFO - Started process (PID=3654) to work on /opt/airflow/dags/crone-exp.py
[2023-12-03T07:10:50.497+0000] {processor.py:829} INFO - Processing file /opt/airflow/dags/crone-exp.py for tasks to queue
[2023-12-03T07:10:50.500+0000] {logging_mixin.py:154} INFO - [2023-12-03T07:10:50.499+0000] {dagbag.py:536} INFO - Filling up the DagBag from /opt/airflow/dags/crone-exp.py
[2023-12-03T07:10:50.508+0000] {processor.py:839} INFO - DAG(s) dict_keys(['crone_exp']) retrieved from /opt/airflow/dags/crone-exp.py
[2023-12-03T07:10:50.615+0000] {logging_mixin.py:154} INFO - [2023-12-03T07:10:50.614+0000] {dag.py:2941} INFO - Sync 1 DAGs
[2023-12-03T07:10:50.635+0000] {logging_mixin.py:154} INFO - [2023-12-03T07:10:50.635+0000] {dag.py:3722} INFO - Setting next_dagrun for crone_exp to 2023-12-01T00:00:00+00:00, run_after=2023-12-04T00:00:00+00:00
[2023-12-03T07:10:50.659+0000] {processor.py:179} INFO - Processing /opt/airflow/dags/crone-exp.py took 0.174 seconds
[2023-12-03T07:11:21.178+0000] {processor.py:157} INFO - Started process (PID=3717) to work on /opt/airflow/dags/crone-exp.py
[2023-12-03T07:11:21.186+0000] {processor.py:829} INFO - Processing file /opt/airflow/dags/crone-exp.py for tasks to queue
[2023-12-03T07:11:21.188+0000] {logging_mixin.py:154} INFO - [2023-12-03T07:11:21.188+0000] {dagbag.py:536} INFO - Filling up the DagBag from /opt/airflow/dags/crone-exp.py
[2023-12-03T07:11:21.197+0000] {processor.py:839} INFO - DAG(s) dict_keys(['crone_exp']) retrieved from /opt/airflow/dags/crone-exp.py
[2023-12-03T07:11:21.222+0000] {logging_mixin.py:154} INFO - [2023-12-03T07:11:21.222+0000] {dag.py:2941} INFO - Sync 1 DAGs
[2023-12-03T07:11:21.247+0000] {logging_mixin.py:154} INFO - [2023-12-03T07:11:21.247+0000] {dag.py:3722} INFO - Setting next_dagrun for crone_exp to 2023-12-01T00:00:00+00:00, run_after=2023-12-04T00:00:00+00:00
[2023-12-03T07:11:21.271+0000] {processor.py:179} INFO - Processing /opt/airflow/dags/crone-exp.py took 0.096 seconds
[2023-12-03T07:11:51.877+0000] {processor.py:157} INFO - Started process (PID=3780) to work on /opt/airflow/dags/crone-exp.py
[2023-12-03T07:11:51.884+0000] {processor.py:829} INFO - Processing file /opt/airflow/dags/crone-exp.py for tasks to queue
[2023-12-03T07:11:51.887+0000] {logging_mixin.py:154} INFO - [2023-12-03T07:11:51.887+0000] {dagbag.py:536} INFO - Filling up the DagBag from /opt/airflow/dags/crone-exp.py
[2023-12-03T07:11:51.896+0000] {processor.py:839} INFO - DAG(s) dict_keys(['crone_exp']) retrieved from /opt/airflow/dags/crone-exp.py
[2023-12-03T07:11:51.911+0000] {logging_mixin.py:154} INFO - [2023-12-03T07:11:51.911+0000] {dag.py:2941} INFO - Sync 1 DAGs
[2023-12-03T07:11:51.937+0000] {logging_mixin.py:154} INFO - [2023-12-03T07:11:51.937+0000] {dag.py:3722} INFO - Setting next_dagrun for crone_exp to 2023-12-01T00:00:00+00:00, run_after=2023-12-04T00:00:00+00:00
[2023-12-03T07:11:51.964+0000] {processor.py:179} INFO - Processing /opt/airflow/dags/crone-exp.py took 0.090 seconds
[2023-12-03T07:12:22.718+0000] {processor.py:157} INFO - Started process (PID=3842) to work on /opt/airflow/dags/crone-exp.py
[2023-12-03T07:12:22.727+0000] {processor.py:829} INFO - Processing file /opt/airflow/dags/crone-exp.py for tasks to queue
[2023-12-03T07:12:22.729+0000] {logging_mixin.py:154} INFO - [2023-12-03T07:12:22.729+0000] {dagbag.py:536} INFO - Filling up the DagBag from /opt/airflow/dags/crone-exp.py
[2023-12-03T07:12:22.737+0000] {processor.py:839} INFO - DAG(s) dict_keys(['crone_exp']) retrieved from /opt/airflow/dags/crone-exp.py
[2023-12-03T07:12:22.873+0000] {logging_mixin.py:154} INFO - [2023-12-03T07:12:22.873+0000] {dag.py:2941} INFO - Sync 1 DAGs
[2023-12-03T07:12:22.893+0000] {logging_mixin.py:154} INFO - [2023-12-03T07:12:22.892+0000] {dag.py:3722} INFO - Setting next_dagrun for crone_exp to 2023-12-01T00:00:00+00:00, run_after=2023-12-04T00:00:00+00:00
[2023-12-03T07:12:22.916+0000] {processor.py:179} INFO - Processing /opt/airflow/dags/crone-exp.py took 0.201 seconds
[2023-12-03T07:12:53.189+0000] {processor.py:157} INFO - Started process (PID=3905) to work on /opt/airflow/dags/crone-exp.py
[2023-12-03T07:12:53.197+0000] {processor.py:829} INFO - Processing file /opt/airflow/dags/crone-exp.py for tasks to queue
[2023-12-03T07:12:53.200+0000] {logging_mixin.py:154} INFO - [2023-12-03T07:12:53.200+0000] {dagbag.py:536} INFO - Filling up the DagBag from /opt/airflow/dags/crone-exp.py
[2023-12-03T07:12:53.209+0000] {processor.py:839} INFO - DAG(s) dict_keys(['crone_exp']) retrieved from /opt/airflow/dags/crone-exp.py
[2023-12-03T07:12:53.243+0000] {logging_mixin.py:154} INFO - [2023-12-03T07:12:53.243+0000] {dag.py:2941} INFO - Sync 1 DAGs
[2023-12-03T07:12:53.271+0000] {logging_mixin.py:154} INFO - [2023-12-03T07:12:53.271+0000] {dag.py:3722} INFO - Setting next_dagrun for crone_exp to 2023-12-01T00:00:00+00:00, run_after=2023-12-04T00:00:00+00:00
[2023-12-03T07:12:53.335+0000] {processor.py:179} INFO - Processing /opt/airflow/dags/crone-exp.py took 0.148 seconds
[2023-12-03T07:13:23.914+0000] {processor.py:157} INFO - Started process (PID=3975) to work on /opt/airflow/dags/crone-exp.py
[2023-12-03T07:13:23.922+0000] {processor.py:829} INFO - Processing file /opt/airflow/dags/crone-exp.py for tasks to queue
[2023-12-03T07:13:23.924+0000] {logging_mixin.py:154} INFO - [2023-12-03T07:13:23.924+0000] {dagbag.py:536} INFO - Filling up the DagBag from /opt/airflow/dags/crone-exp.py
[2023-12-03T07:13:23.932+0000] {processor.py:839} INFO - DAG(s) dict_keys(['crone_exp']) retrieved from /opt/airflow/dags/crone-exp.py
[2023-12-03T07:13:23.955+0000] {logging_mixin.py:154} INFO - [2023-12-03T07:13:23.954+0000] {dag.py:2941} INFO - Sync 1 DAGs
[2023-12-03T07:13:23.983+0000] {logging_mixin.py:154} INFO - [2023-12-03T07:13:23.983+0000] {dag.py:3722} INFO - Setting next_dagrun for crone_exp to 2023-12-01T00:00:00+00:00, run_after=2023-12-04T00:00:00+00:00
[2023-12-03T07:13:24.008+0000] {processor.py:179} INFO - Processing /opt/airflow/dags/crone-exp.py took 0.098 seconds
[2023-12-03T07:13:54.058+0000] {processor.py:157} INFO - Started process (PID=4037) to work on /opt/airflow/dags/crone-exp.py
[2023-12-03T07:13:54.059+0000] {processor.py:829} INFO - Processing file /opt/airflow/dags/crone-exp.py for tasks to queue
[2023-12-03T07:13:54.062+0000] {logging_mixin.py:154} INFO - [2023-12-03T07:13:54.062+0000] {dagbag.py:536} INFO - Filling up the DagBag from /opt/airflow/dags/crone-exp.py
[2023-12-03T07:13:54.069+0000] {processor.py:839} INFO - DAG(s) dict_keys(['crone_exp']) retrieved from /opt/airflow/dags/crone-exp.py
[2023-12-03T07:13:54.176+0000] {logging_mixin.py:154} INFO - [2023-12-03T07:13:54.175+0000] {dag.py:2941} INFO - Sync 1 DAGs
[2023-12-03T07:13:54.195+0000] {logging_mixin.py:154} INFO - [2023-12-03T07:13:54.195+0000] {dag.py:3722} INFO - Setting next_dagrun for crone_exp to 2023-12-01T00:00:00+00:00, run_after=2023-12-04T00:00:00+00:00
[2023-12-03T07:13:54.218+0000] {processor.py:179} INFO - Processing /opt/airflow/dags/crone-exp.py took 0.163 seconds
[2023-12-03T07:14:24.259+0000] {processor.py:157} INFO - Started process (PID=4100) to work on /opt/airflow/dags/crone-exp.py
[2023-12-03T07:14:24.263+0000] {processor.py:829} INFO - Processing file /opt/airflow/dags/crone-exp.py for tasks to queue
[2023-12-03T07:14:24.266+0000] {logging_mixin.py:154} INFO - [2023-12-03T07:14:24.265+0000] {dagbag.py:536} INFO - Filling up the DagBag from /opt/airflow/dags/crone-exp.py
[2023-12-03T07:14:24.275+0000] {processor.py:839} INFO - DAG(s) dict_keys(['crone_exp']) retrieved from /opt/airflow/dags/crone-exp.py
[2023-12-03T07:14:24.300+0000] {logging_mixin.py:154} INFO - [2023-12-03T07:14:24.300+0000] {dag.py:2941} INFO - Sync 1 DAGs
[2023-12-03T07:14:24.323+0000] {logging_mixin.py:154} INFO - [2023-12-03T07:14:24.323+0000] {dag.py:3722} INFO - Setting next_dagrun for crone_exp to 2023-12-01T00:00:00+00:00, run_after=2023-12-04T00:00:00+00:00
[2023-12-03T07:14:24.344+0000] {processor.py:179} INFO - Processing /opt/airflow/dags/crone-exp.py took 0.088 seconds
[2023-12-03T07:14:54.885+0000] {processor.py:157} INFO - Started process (PID=4162) to work on /opt/airflow/dags/crone-exp.py
[2023-12-03T07:14:54.893+0000] {processor.py:829} INFO - Processing file /opt/airflow/dags/crone-exp.py for tasks to queue
[2023-12-03T07:14:54.895+0000] {logging_mixin.py:154} INFO - [2023-12-03T07:14:54.895+0000] {dagbag.py:536} INFO - Filling up the DagBag from /opt/airflow/dags/crone-exp.py
[2023-12-03T07:14:54.904+0000] {processor.py:839} INFO - DAG(s) dict_keys(['crone_exp']) retrieved from /opt/airflow/dags/crone-exp.py
[2023-12-03T07:14:54.925+0000] {logging_mixin.py:154} INFO - [2023-12-03T07:14:54.925+0000] {dag.py:2941} INFO - Sync 1 DAGs
[2023-12-03T07:14:54.971+0000] {logging_mixin.py:154} INFO - [2023-12-03T07:14:54.971+0000] {dag.py:3722} INFO - Setting next_dagrun for crone_exp to 2023-12-01T00:00:00+00:00, run_after=2023-12-04T00:00:00+00:00
[2023-12-03T07:14:55.007+0000] {processor.py:179} INFO - Processing /opt/airflow/dags/crone-exp.py took 0.126 seconds
[2023-12-03T07:15:25.085+0000] {processor.py:157} INFO - Started process (PID=4224) to work on /opt/airflow/dags/crone-exp.py
[2023-12-03T07:15:25.093+0000] {processor.py:829} INFO - Processing file /opt/airflow/dags/crone-exp.py for tasks to queue
[2023-12-03T07:15:25.095+0000] {logging_mixin.py:154} INFO - [2023-12-03T07:15:25.095+0000] {dagbag.py:536} INFO - Filling up the DagBag from /opt/airflow/dags/crone-exp.py
[2023-12-03T07:15:25.105+0000] {processor.py:839} INFO - DAG(s) dict_keys(['crone_exp']) retrieved from /opt/airflow/dags/crone-exp.py
[2023-12-03T07:15:25.208+0000] {logging_mixin.py:154} INFO - [2023-12-03T07:15:25.207+0000] {dag.py:2941} INFO - Sync 1 DAGs
[2023-12-03T07:15:25.238+0000] {logging_mixin.py:154} INFO - [2023-12-03T07:15:25.238+0000] {dag.py:3722} INFO - Setting next_dagrun for crone_exp to 2023-12-01T00:00:00+00:00, run_after=2023-12-04T00:00:00+00:00
[2023-12-03T07:15:25.271+0000] {processor.py:179} INFO - Processing /opt/airflow/dags/crone-exp.py took 0.190 seconds
[2023-12-03T07:15:55.308+0000] {processor.py:157} INFO - Started process (PID=4286) to work on /opt/airflow/dags/crone-exp.py
[2023-12-03T07:15:55.310+0000] {processor.py:829} INFO - Processing file /opt/airflow/dags/crone-exp.py for tasks to queue
[2023-12-03T07:15:55.312+0000] {logging_mixin.py:154} INFO - [2023-12-03T07:15:55.312+0000] {dagbag.py:536} INFO - Filling up the DagBag from /opt/airflow/dags/crone-exp.py
[2023-12-03T07:15:55.320+0000] {processor.py:839} INFO - DAG(s) dict_keys(['crone_exp']) retrieved from /opt/airflow/dags/crone-exp.py
[2023-12-03T07:15:55.342+0000] {logging_mixin.py:154} INFO - [2023-12-03T07:15:55.342+0000] {dag.py:2941} INFO - Sync 1 DAGs
[2023-12-03T07:15:55.360+0000] {logging_mixin.py:154} INFO - [2023-12-03T07:15:55.360+0000] {dag.py:3722} INFO - Setting next_dagrun for crone_exp to 2023-12-01T00:00:00+00:00, run_after=2023-12-04T00:00:00+00:00
[2023-12-03T07:15:55.375+0000] {processor.py:179} INFO - Processing /opt/airflow/dags/crone-exp.py took 0.071 seconds
[2023-12-03T07:16:25.857+0000] {processor.py:157} INFO - Started process (PID=4349) to work on /opt/airflow/dags/crone-exp.py
[2023-12-03T07:16:25.865+0000] {processor.py:829} INFO - Processing file /opt/airflow/dags/crone-exp.py for tasks to queue
[2023-12-03T07:16:25.868+0000] {logging_mixin.py:154} INFO - [2023-12-03T07:16:25.867+0000] {dagbag.py:536} INFO - Filling up the DagBag from /opt/airflow/dags/crone-exp.py
[2023-12-03T07:16:25.879+0000] {processor.py:839} INFO - DAG(s) dict_keys(['crone_exp']) retrieved from /opt/airflow/dags/crone-exp.py
[2023-12-03T07:16:25.900+0000] {logging_mixin.py:154} INFO - [2023-12-03T07:16:25.900+0000] {dag.py:2941} INFO - Sync 1 DAGs
[2023-12-03T07:16:25.928+0000] {logging_mixin.py:154} INFO - [2023-12-03T07:16:25.928+0000] {dag.py:3722} INFO - Setting next_dagrun for crone_exp to 2023-12-01T00:00:00+00:00, run_after=2023-12-04T00:00:00+00:00
[2023-12-03T07:16:25.953+0000] {processor.py:179} INFO - Processing /opt/airflow/dags/crone-exp.py took 0.099 seconds
[2023-12-03T07:16:56.485+0000] {processor.py:157} INFO - Started process (PID=4412) to work on /opt/airflow/dags/crone-exp.py
[2023-12-03T07:16:56.487+0000] {processor.py:829} INFO - Processing file /opt/airflow/dags/crone-exp.py for tasks to queue
[2023-12-03T07:16:56.489+0000] {logging_mixin.py:154} INFO - [2023-12-03T07:16:56.489+0000] {dagbag.py:536} INFO - Filling up the DagBag from /opt/airflow/dags/crone-exp.py
[2023-12-03T07:16:56.497+0000] {processor.py:839} INFO - DAG(s) dict_keys(['crone_exp']) retrieved from /opt/airflow/dags/crone-exp.py
[2023-12-03T07:17:01.625+0000] {logging_mixin.py:154} INFO - [2023-12-03T07:17:01.625+0000] {dag.py:2941} INFO - Sync 1 DAGs
[2023-12-03T07:17:01.646+0000] {logging_mixin.py:154} INFO - [2023-12-03T07:17:01.646+0000] {dag.py:3722} INFO - Setting next_dagrun for crone_exp to 2023-12-01T00:00:00+00:00, run_after=2023-12-04T00:00:00+00:00
[2023-12-03T07:17:01.673+0000] {processor.py:179} INFO - Processing /opt/airflow/dags/crone-exp.py took 5.192 seconds
[2023-12-03T07:17:32.431+0000] {processor.py:157} INFO - Started process (PID=4481) to work on /opt/airflow/dags/crone-exp.py
[2023-12-03T07:17:32.434+0000] {processor.py:829} INFO - Processing file /opt/airflow/dags/crone-exp.py for tasks to queue
[2023-12-03T07:17:32.436+0000] {logging_mixin.py:154} INFO - [2023-12-03T07:17:32.436+0000] {dagbag.py:536} INFO - Filling up the DagBag from /opt/airflow/dags/crone-exp.py
[2023-12-03T07:17:32.444+0000] {processor.py:839} INFO - DAG(s) dict_keys(['crone_exp']) retrieved from /opt/airflow/dags/crone-exp.py
[2023-12-03T07:17:32.566+0000] {logging_mixin.py:154} INFO - [2023-12-03T07:17:32.561+0000] {dag.py:2941} INFO - Sync 1 DAGs
[2023-12-03T07:17:32.669+0000] {logging_mixin.py:154} INFO - [2023-12-03T07:17:32.669+0000] {dag.py:3722} INFO - Setting next_dagrun for crone_exp to 2023-12-01T00:00:00+00:00, run_after=2023-12-04T00:00:00+00:00
[2023-12-03T07:17:32.711+0000] {processor.py:179} INFO - Processing /opt/airflow/dags/crone-exp.py took 0.285 seconds
[2023-12-03T07:18:03.687+0000] {processor.py:157} INFO - Started process (PID=4544) to work on /opt/airflow/dags/crone-exp.py
[2023-12-03T07:18:03.689+0000] {processor.py:829} INFO - Processing file /opt/airflow/dags/crone-exp.py for tasks to queue
[2023-12-03T07:18:03.691+0000] {logging_mixin.py:154} INFO - [2023-12-03T07:18:03.691+0000] {dagbag.py:536} INFO - Filling up the DagBag from /opt/airflow/dags/crone-exp.py
[2023-12-03T07:18:03.707+0000] {processor.py:839} INFO - DAG(s) dict_keys(['crone_exp']) retrieved from /opt/airflow/dags/crone-exp.py
[2023-12-03T07:18:03.725+0000] {logging_mixin.py:154} INFO - [2023-12-03T07:18:03.725+0000] {dag.py:2941} INFO - Sync 1 DAGs
[2023-12-03T07:18:03.751+0000] {logging_mixin.py:154} INFO - [2023-12-03T07:18:03.751+0000] {dag.py:3722} INFO - Setting next_dagrun for crone_exp to 2023-12-01T00:00:00+00:00, run_after=2023-12-04T00:00:00+00:00
[2023-12-03T07:18:03.772+0000] {processor.py:179} INFO - Processing /opt/airflow/dags/crone-exp.py took 0.088 seconds
[2023-12-03T07:18:34.721+0000] {processor.py:157} INFO - Started process (PID=4607) to work on /opt/airflow/dags/crone-exp.py
[2023-12-03T07:18:34.741+0000] {processor.py:829} INFO - Processing file /opt/airflow/dags/crone-exp.py for tasks to queue
[2023-12-03T07:18:34.743+0000] {logging_mixin.py:154} INFO - [2023-12-03T07:18:34.743+0000] {dagbag.py:536} INFO - Filling up the DagBag from /opt/airflow/dags/crone-exp.py
[2023-12-03T07:18:34.749+0000] {processor.py:839} INFO - DAG(s) dict_keys(['crone_exp']) retrieved from /opt/airflow/dags/crone-exp.py
[2023-12-03T07:18:34.856+0000] {logging_mixin.py:154} INFO - [2023-12-03T07:18:34.856+0000] {dag.py:2941} INFO - Sync 1 DAGs
[2023-12-03T07:18:34.877+0000] {logging_mixin.py:154} INFO - [2023-12-03T07:18:34.877+0000] {dag.py:3722} INFO - Setting next_dagrun for crone_exp to 2023-12-01T00:00:00+00:00, run_after=2023-12-04T00:00:00+00:00
[2023-12-03T07:18:34.901+0000] {processor.py:179} INFO - Processing /opt/airflow/dags/crone-exp.py took 0.185 seconds
[2023-12-03T07:19:05.019+0000] {processor.py:157} INFO - Started process (PID=4671) to work on /opt/airflow/dags/crone-exp.py
[2023-12-03T07:19:05.022+0000] {processor.py:829} INFO - Processing file /opt/airflow/dags/crone-exp.py for tasks to queue
[2023-12-03T07:19:05.025+0000] {logging_mixin.py:154} INFO - [2023-12-03T07:19:05.025+0000] {dagbag.py:536} INFO - Filling up the DagBag from /opt/airflow/dags/crone-exp.py
[2023-12-03T07:19:05.033+0000] {processor.py:839} INFO - DAG(s) dict_keys(['crone_exp']) retrieved from /opt/airflow/dags/crone-exp.py
[2023-12-03T07:19:05.065+0000] {logging_mixin.py:154} INFO - [2023-12-03T07:19:05.065+0000] {dag.py:2941} INFO - Sync 1 DAGs
[2023-12-03T07:19:05.086+0000] {logging_mixin.py:154} INFO - [2023-12-03T07:19:05.086+0000] {dag.py:3722} INFO - Setting next_dagrun for crone_exp to 2023-12-01T00:00:00+00:00, run_after=2023-12-04T00:00:00+00:00
[2023-12-03T07:19:05.111+0000] {processor.py:179} INFO - Processing /opt/airflow/dags/crone-exp.py took 0.095 seconds
[2023-12-03T07:19:35.252+0000] {processor.py:157} INFO - Started process (PID=4733) to work on /opt/airflow/dags/crone-exp.py
[2023-12-03T07:19:35.281+0000] {processor.py:829} INFO - Processing file /opt/airflow/dags/crone-exp.py for tasks to queue
[2023-12-03T07:19:35.284+0000] {logging_mixin.py:154} INFO - [2023-12-03T07:19:35.283+0000] {dagbag.py:536} INFO - Filling up the DagBag from /opt/airflow/dags/crone-exp.py
[2023-12-03T07:19:35.292+0000] {processor.py:839} INFO - DAG(s) dict_keys(['crone_exp']) retrieved from /opt/airflow/dags/crone-exp.py
[2023-12-03T07:19:35.333+0000] {logging_mixin.py:154} INFO - [2023-12-03T07:19:35.332+0000] {dag.py:2941} INFO - Sync 1 DAGs
[2023-12-03T07:19:35.356+0000] {logging_mixin.py:154} INFO - [2023-12-03T07:19:35.356+0000] {dag.py:3722} INFO - Setting next_dagrun for crone_exp to 2023-12-01T00:00:00+00:00, run_after=2023-12-04T00:00:00+00:00
[2023-12-03T07:19:35.376+0000] {processor.py:179} INFO - Processing /opt/airflow/dags/crone-exp.py took 0.128 seconds
[2023-12-03T07:20:05.906+0000] {processor.py:157} INFO - Started process (PID=4796) to work on /opt/airflow/dags/crone-exp.py
[2023-12-03T07:20:05.908+0000] {processor.py:829} INFO - Processing file /opt/airflow/dags/crone-exp.py for tasks to queue
[2023-12-03T07:20:05.911+0000] {logging_mixin.py:154} INFO - [2023-12-03T07:20:05.911+0000] {dagbag.py:536} INFO - Filling up the DagBag from /opt/airflow/dags/crone-exp.py
[2023-12-03T07:20:05.920+0000] {processor.py:839} INFO - DAG(s) dict_keys(['crone_exp']) retrieved from /opt/airflow/dags/crone-exp.py
[2023-12-03T07:20:06.079+0000] {logging_mixin.py:154} INFO - [2023-12-03T07:20:06.079+0000] {dag.py:2941} INFO - Sync 1 DAGs
[2023-12-03T07:20:06.096+0000] {logging_mixin.py:154} INFO - [2023-12-03T07:20:06.096+0000] {dag.py:3722} INFO - Setting next_dagrun for crone_exp to 2023-12-01T00:00:00+00:00, run_after=2023-12-04T00:00:00+00:00
[2023-12-03T07:20:06.113+0000] {processor.py:179} INFO - Processing /opt/airflow/dags/crone-exp.py took 0.211 seconds
[2023-12-03T07:20:36.399+0000] {processor.py:157} INFO - Started process (PID=4859) to work on /opt/airflow/dags/crone-exp.py
[2023-12-03T07:20:36.430+0000] {processor.py:829} INFO - Processing file /opt/airflow/dags/crone-exp.py for tasks to queue
[2023-12-03T07:20:36.432+0000] {logging_mixin.py:154} INFO - [2023-12-03T07:20:36.432+0000] {dagbag.py:536} INFO - Filling up the DagBag from /opt/airflow/dags/crone-exp.py
[2023-12-03T07:20:36.440+0000] {processor.py:839} INFO - DAG(s) dict_keys(['crone_exp']) retrieved from /opt/airflow/dags/crone-exp.py
[2023-12-03T07:20:36.472+0000] {logging_mixin.py:154} INFO - [2023-12-03T07:20:36.472+0000] {dag.py:2941} INFO - Sync 1 DAGs
[2023-12-03T07:20:36.498+0000] {logging_mixin.py:154} INFO - [2023-12-03T07:20:36.498+0000] {dag.py:3722} INFO - Setting next_dagrun for crone_exp to 2023-12-01T00:00:00+00:00, run_after=2023-12-04T00:00:00+00:00
[2023-12-03T07:20:36.548+0000] {processor.py:179} INFO - Processing /opt/airflow/dags/crone-exp.py took 0.153 seconds
[2023-12-03T07:21:06.694+0000] {processor.py:157} INFO - Started process (PID=4922) to work on /opt/airflow/dags/crone-exp.py
[2023-12-03T07:21:06.695+0000] {processor.py:829} INFO - Processing file /opt/airflow/dags/crone-exp.py for tasks to queue
[2023-12-03T07:21:06.698+0000] {logging_mixin.py:154} INFO - [2023-12-03T07:21:06.698+0000] {dagbag.py:536} INFO - Filling up the DagBag from /opt/airflow/dags/crone-exp.py
[2023-12-03T07:21:06.707+0000] {processor.py:839} INFO - DAG(s) dict_keys(['crone_exp']) retrieved from /opt/airflow/dags/crone-exp.py
[2023-12-03T07:21:06.731+0000] {logging_mixin.py:154} INFO - [2023-12-03T07:21:06.731+0000] {dag.py:2941} INFO - Sync 1 DAGs
[2023-12-03T07:21:06.759+0000] {logging_mixin.py:154} INFO - [2023-12-03T07:21:06.759+0000] {dag.py:3722} INFO - Setting next_dagrun for crone_exp to 2023-12-01T00:00:00+00:00, run_after=2023-12-04T00:00:00+00:00
[2023-12-03T07:21:06.778+0000] {processor.py:179} INFO - Processing /opt/airflow/dags/crone-exp.py took 0.087 seconds
[2023-12-03T07:21:37.177+0000] {processor.py:157} INFO - Started process (PID=4985) to work on /opt/airflow/dags/crone-exp.py
[2023-12-03T07:21:37.178+0000] {processor.py:829} INFO - Processing file /opt/airflow/dags/crone-exp.py for tasks to queue
[2023-12-03T07:21:37.181+0000] {logging_mixin.py:154} INFO - [2023-12-03T07:21:37.180+0000] {dagbag.py:536} INFO - Filling up the DagBag from /opt/airflow/dags/crone-exp.py
[2023-12-03T07:21:37.187+0000] {processor.py:839} INFO - DAG(s) dict_keys(['crone_exp']) retrieved from /opt/airflow/dags/crone-exp.py
[2023-12-03T07:21:37.332+0000] {logging_mixin.py:154} INFO - [2023-12-03T07:21:37.332+0000] {dag.py:2941} INFO - Sync 1 DAGs
[2023-12-03T07:21:37.349+0000] {logging_mixin.py:154} INFO - [2023-12-03T07:21:37.349+0000] {dag.py:3722} INFO - Setting next_dagrun for crone_exp to 2023-12-01T00:00:00+00:00, run_after=2023-12-04T00:00:00+00:00
[2023-12-03T07:21:37.370+0000] {processor.py:179} INFO - Processing /opt/airflow/dags/crone-exp.py took 0.195 seconds
[2023-12-03T07:22:07.796+0000] {processor.py:157} INFO - Started process (PID=5048) to work on /opt/airflow/dags/crone-exp.py
[2023-12-03T07:22:07.797+0000] {processor.py:829} INFO - Processing file /opt/airflow/dags/crone-exp.py for tasks to queue
[2023-12-03T07:22:07.799+0000] {logging_mixin.py:154} INFO - [2023-12-03T07:22:07.799+0000] {dagbag.py:536} INFO - Filling up the DagBag from /opt/airflow/dags/crone-exp.py
[2023-12-03T07:22:07.808+0000] {processor.py:839} INFO - DAG(s) dict_keys(['crone_exp']) retrieved from /opt/airflow/dags/crone-exp.py
[2023-12-03T07:22:07.880+0000] {logging_mixin.py:154} INFO - [2023-12-03T07:22:07.880+0000] {dag.py:2941} INFO - Sync 1 DAGs
[2023-12-03T07:22:07.904+0000] {logging_mixin.py:154} INFO - [2023-12-03T07:22:07.903+0000] {dag.py:3722} INFO - Setting next_dagrun for crone_exp to 2023-12-01T00:00:00+00:00, run_after=2023-12-04T00:00:00+00:00
[2023-12-03T07:22:07.927+0000] {processor.py:179} INFO - Processing /opt/airflow/dags/crone-exp.py took 0.136 seconds
[2023-12-03T07:22:38.095+0000] {processor.py:157} INFO - Started process (PID=5111) to work on /opt/airflow/dags/crone-exp.py
[2023-12-03T07:22:38.097+0000] {processor.py:829} INFO - Processing file /opt/airflow/dags/crone-exp.py for tasks to queue
[2023-12-03T07:22:38.100+0000] {logging_mixin.py:154} INFO - [2023-12-03T07:22:38.099+0000] {dagbag.py:536} INFO - Filling up the DagBag from /opt/airflow/dags/crone-exp.py
[2023-12-03T07:22:38.107+0000] {processor.py:839} INFO - DAG(s) dict_keys(['crone_exp']) retrieved from /opt/airflow/dags/crone-exp.py
[2023-12-03T07:22:38.136+0000] {logging_mixin.py:154} INFO - [2023-12-03T07:22:38.136+0000] {dag.py:2941} INFO - Sync 1 DAGs
[2023-12-03T07:22:38.161+0000] {logging_mixin.py:154} INFO - [2023-12-03T07:22:38.161+0000] {dag.py:3722} INFO - Setting next_dagrun for crone_exp to 2023-12-01T00:00:00+00:00, run_after=2023-12-04T00:00:00+00:00
[2023-12-03T07:22:38.220+0000] {processor.py:179} INFO - Processing /opt/airflow/dags/crone-exp.py took 0.128 seconds
[2023-12-03T07:23:08.385+0000] {processor.py:157} INFO - Started process (PID=5174) to work on /opt/airflow/dags/crone-exp.py
[2023-12-03T07:23:08.419+0000] {processor.py:829} INFO - Processing file /opt/airflow/dags/crone-exp.py for tasks to queue
[2023-12-03T07:23:08.421+0000] {logging_mixin.py:154} INFO - [2023-12-03T07:23:08.421+0000] {dagbag.py:536} INFO - Filling up the DagBag from /opt/airflow/dags/crone-exp.py
[2023-12-03T07:23:08.429+0000] {processor.py:839} INFO - DAG(s) dict_keys(['crone_exp']) retrieved from /opt/airflow/dags/crone-exp.py
[2023-12-03T07:23:08.516+0000] {logging_mixin.py:154} INFO - [2023-12-03T07:23:08.516+0000] {dag.py:2941} INFO - Sync 1 DAGs
[2023-12-03T07:23:08.533+0000] {logging_mixin.py:154} INFO - [2023-12-03T07:23:08.533+0000] {dag.py:3722} INFO - Setting next_dagrun for crone_exp to 2023-12-01T00:00:00+00:00, run_after=2023-12-04T00:00:00+00:00
[2023-12-03T07:23:08.552+0000] {processor.py:179} INFO - Processing /opt/airflow/dags/crone-exp.py took 0.173 seconds
[2023-12-03T07:23:39.417+0000] {processor.py:157} INFO - Started process (PID=5237) to work on /opt/airflow/dags/crone-exp.py
[2023-12-03T07:23:39.455+0000] {processor.py:829} INFO - Processing file /opt/airflow/dags/crone-exp.py for tasks to queue
[2023-12-03T07:23:39.460+0000] {logging_mixin.py:154} INFO - [2023-12-03T07:23:39.457+0000] {dagbag.py:536} INFO - Filling up the DagBag from /opt/airflow/dags/crone-exp.py
[2023-12-03T07:23:39.473+0000] {processor.py:839} INFO - DAG(s) dict_keys(['crone_exp']) retrieved from /opt/airflow/dags/crone-exp.py
[2023-12-03T07:23:39.541+0000] {logging_mixin.py:154} INFO - [2023-12-03T07:23:39.540+0000] {dag.py:2941} INFO - Sync 1 DAGs
[2023-12-03T07:23:39.561+0000] {logging_mixin.py:154} INFO - [2023-12-03T07:23:39.561+0000] {dag.py:3722} INFO - Setting next_dagrun for crone_exp to 2023-12-01T00:00:00+00:00, run_after=2023-12-04T00:00:00+00:00
[2023-12-03T07:23:39.578+0000] {processor.py:179} INFO - Processing /opt/airflow/dags/crone-exp.py took 0.165 seconds
[2023-12-03T07:24:10.204+0000] {processor.py:157} INFO - Started process (PID=5300) to work on /opt/airflow/dags/crone-exp.py
[2023-12-03T07:24:10.249+0000] {processor.py:829} INFO - Processing file /opt/airflow/dags/crone-exp.py for tasks to queue
[2023-12-03T07:24:10.253+0000] {logging_mixin.py:154} INFO - [2023-12-03T07:24:10.253+0000] {dagbag.py:536} INFO - Filling up the DagBag from /opt/airflow/dags/crone-exp.py
[2023-12-03T07:24:10.269+0000] {processor.py:839} INFO - DAG(s) dict_keys(['crone_exp']) retrieved from /opt/airflow/dags/crone-exp.py
[2023-12-03T07:24:10.360+0000] {logging_mixin.py:154} INFO - [2023-12-03T07:24:10.360+0000] {dag.py:2941} INFO - Sync 1 DAGs
[2023-12-03T07:24:10.381+0000] {logging_mixin.py:154} INFO - [2023-12-03T07:24:10.381+0000] {dag.py:3722} INFO - Setting next_dagrun for crone_exp to 2023-12-01T00:00:00+00:00, run_after=2023-12-04T00:00:00+00:00
[2023-12-03T07:24:10.400+0000] {processor.py:179} INFO - Processing /opt/airflow/dags/crone-exp.py took 0.200 seconds
[2023-12-03T07:24:41.054+0000] {processor.py:157} INFO - Started process (PID=5364) to work on /opt/airflow/dags/crone-exp.py
[2023-12-03T07:24:41.064+0000] {processor.py:829} INFO - Processing file /opt/airflow/dags/crone-exp.py for tasks to queue
[2023-12-03T07:24:41.067+0000] {logging_mixin.py:154} INFO - [2023-12-03T07:24:41.066+0000] {dagbag.py:536} INFO - Filling up the DagBag from /opt/airflow/dags/crone-exp.py
[2023-12-03T07:24:41.074+0000] {processor.py:839} INFO - DAG(s) dict_keys(['crone_exp']) retrieved from /opt/airflow/dags/crone-exp.py
[2023-12-03T07:24:41.256+0000] {logging_mixin.py:154} INFO - [2023-12-03T07:24:41.256+0000] {dag.py:2941} INFO - Sync 1 DAGs
[2023-12-03T07:24:41.273+0000] {logging_mixin.py:154} INFO - [2023-12-03T07:24:41.273+0000] {dag.py:3722} INFO - Setting next_dagrun for crone_exp to 2023-12-01T00:00:00+00:00, run_after=2023-12-04T00:00:00+00:00
[2023-12-03T07:24:41.291+0000] {processor.py:179} INFO - Processing /opt/airflow/dags/crone-exp.py took 0.240 seconds
[2023-12-03T07:25:11.884+0000] {processor.py:157} INFO - Started process (PID=5427) to work on /opt/airflow/dags/crone-exp.py
[2023-12-03T07:25:11.895+0000] {processor.py:829} INFO - Processing file /opt/airflow/dags/crone-exp.py for tasks to queue
[2023-12-03T07:25:11.897+0000] {logging_mixin.py:154} INFO - [2023-12-03T07:25:11.897+0000] {dagbag.py:536} INFO - Filling up the DagBag from /opt/airflow/dags/crone-exp.py
[2023-12-03T07:25:11.905+0000] {processor.py:839} INFO - DAG(s) dict_keys(['crone_exp']) retrieved from /opt/airflow/dags/crone-exp.py
[2023-12-03T07:25:11.944+0000] {logging_mixin.py:154} INFO - [2023-12-03T07:25:11.943+0000] {dag.py:2941} INFO - Sync 1 DAGs
[2023-12-03T07:25:11.971+0000] {logging_mixin.py:154} INFO - [2023-12-03T07:25:11.970+0000] {dag.py:3722} INFO - Setting next_dagrun for crone_exp to 2023-12-01T00:00:00+00:00, run_after=2023-12-04T00:00:00+00:00
[2023-12-03T07:25:11.995+0000] {processor.py:179} INFO - Processing /opt/airflow/dags/crone-exp.py took 0.115 seconds
[2023-12-03T07:25:42.659+0000] {processor.py:157} INFO - Started process (PID=5490) to work on /opt/airflow/dags/crone-exp.py
[2023-12-03T07:25:42.682+0000] {processor.py:829} INFO - Processing file /opt/airflow/dags/crone-exp.py for tasks to queue
[2023-12-03T07:25:42.685+0000] {logging_mixin.py:154} INFO - [2023-12-03T07:25:42.684+0000] {dagbag.py:536} INFO - Filling up the DagBag from /opt/airflow/dags/crone-exp.py
[2023-12-03T07:25:42.693+0000] {processor.py:839} INFO - DAG(s) dict_keys(['crone_exp']) retrieved from /opt/airflow/dags/crone-exp.py
[2023-12-03T07:25:42.716+0000] {logging_mixin.py:154} INFO - [2023-12-03T07:25:42.715+0000] {dag.py:2941} INFO - Sync 1 DAGs
[2023-12-03T07:25:42.741+0000] {logging_mixin.py:154} INFO - [2023-12-03T07:25:42.741+0000] {dag.py:3722} INFO - Setting next_dagrun for crone_exp to 2023-12-01T00:00:00+00:00, run_after=2023-12-04T00:00:00+00:00
[2023-12-03T07:25:42.763+0000] {processor.py:179} INFO - Processing /opt/airflow/dags/crone-exp.py took 0.108 seconds
[2023-12-03T07:26:13.406+0000] {processor.py:157} INFO - Started process (PID=5552) to work on /opt/airflow/dags/crone-exp.py
[2023-12-03T07:26:13.429+0000] {processor.py:829} INFO - Processing file /opt/airflow/dags/crone-exp.py for tasks to queue
[2023-12-03T07:26:13.432+0000] {logging_mixin.py:154} INFO - [2023-12-03T07:26:13.431+0000] {dagbag.py:536} INFO - Filling up the DagBag from /opt/airflow/dags/crone-exp.py
[2023-12-03T07:26:13.439+0000] {processor.py:839} INFO - DAG(s) dict_keys(['crone_exp']) retrieved from /opt/airflow/dags/crone-exp.py
[2023-12-03T07:26:13.530+0000] {logging_mixin.py:154} INFO - [2023-12-03T07:26:13.530+0000] {dag.py:2941} INFO - Sync 1 DAGs
[2023-12-03T07:26:13.546+0000] {logging_mixin.py:154} INFO - [2023-12-03T07:26:13.546+0000] {dag.py:3722} INFO - Setting next_dagrun for crone_exp to 2023-12-01T00:00:00+00:00, run_after=2023-12-04T00:00:00+00:00
[2023-12-03T07:26:13.566+0000] {processor.py:179} INFO - Processing /opt/airflow/dags/crone-exp.py took 0.163 seconds
[2023-12-03T07:40:59.781+0000] {processor.py:157} INFO - Started process (PID=5571) to work on /opt/airflow/dags/crone-exp.py
[2023-12-03T07:40:59.783+0000] {processor.py:829} INFO - Processing file /opt/airflow/dags/crone-exp.py for tasks to queue
[2023-12-03T07:40:59.788+0000] {logging_mixin.py:154} INFO - [2023-12-03T07:40:59.787+0000] {dagbag.py:536} INFO - Filling up the DagBag from /opt/airflow/dags/crone-exp.py
[2023-12-03T07:40:59.799+0000] {processor.py:839} INFO - DAG(s) dict_keys(['crone_exp']) retrieved from /opt/airflow/dags/crone-exp.py
[2023-12-03T07:40:59.843+0000] {logging_mixin.py:154} INFO - [2023-12-03T07:40:59.843+0000] {dag.py:2941} INFO - Sync 1 DAGs
[2023-12-03T07:40:59.889+0000] {logging_mixin.py:154} INFO - [2023-12-03T07:40:59.889+0000] {dag.py:3722} INFO - Setting next_dagrun for crone_exp to 2023-12-01T00:00:00+00:00, run_after=2023-12-04T00:00:00+00:00
[2023-12-03T07:40:59.932+0000] {processor.py:179} INFO - Processing /opt/airflow/dags/crone-exp.py took 0.155 seconds
[2023-12-03T07:41:30.369+0000] {processor.py:157} INFO - Started process (PID=5634) to work on /opt/airflow/dags/crone-exp.py
[2023-12-03T07:41:30.372+0000] {processor.py:829} INFO - Processing file /opt/airflow/dags/crone-exp.py for tasks to queue
[2023-12-03T07:41:30.375+0000] {logging_mixin.py:154} INFO - [2023-12-03T07:41:30.375+0000] {dagbag.py:536} INFO - Filling up the DagBag from /opt/airflow/dags/crone-exp.py
[2023-12-03T07:41:30.399+0000] {processor.py:839} INFO - DAG(s) dict_keys(['crone_exp']) retrieved from /opt/airflow/dags/crone-exp.py
[2023-12-03T07:41:30.575+0000] {logging_mixin.py:154} INFO - [2023-12-03T07:41:30.574+0000] {dag.py:2941} INFO - Sync 1 DAGs
[2023-12-03T07:41:30.596+0000] {logging_mixin.py:154} INFO - [2023-12-03T07:41:30.596+0000] {dag.py:3722} INFO - Setting next_dagrun for crone_exp to 2023-12-01T00:00:00+00:00, run_after=2023-12-04T00:00:00+00:00
[2023-12-03T07:41:30.652+0000] {processor.py:179} INFO - Processing /opt/airflow/dags/crone-exp.py took 0.287 seconds
[2023-12-03T07:42:01.226+0000] {processor.py:157} INFO - Started process (PID=5697) to work on /opt/airflow/dags/crone-exp.py
[2023-12-03T07:42:01.228+0000] {processor.py:829} INFO - Processing file /opt/airflow/dags/crone-exp.py for tasks to queue
[2023-12-03T07:42:01.230+0000] {logging_mixin.py:154} INFO - [2023-12-03T07:42:01.229+0000] {dagbag.py:536} INFO - Filling up the DagBag from /opt/airflow/dags/crone-exp.py
[2023-12-03T07:42:01.237+0000] {processor.py:839} INFO - DAG(s) dict_keys(['crone_exp']) retrieved from /opt/airflow/dags/crone-exp.py
[2023-12-03T07:42:01.262+0000] {logging_mixin.py:154} INFO - [2023-12-03T07:42:01.262+0000] {dag.py:2941} INFO - Sync 1 DAGs
[2023-12-03T07:42:01.286+0000] {logging_mixin.py:154} INFO - [2023-12-03T07:42:01.286+0000] {dag.py:3722} INFO - Setting next_dagrun for crone_exp to 2023-12-01T00:00:00+00:00, run_after=2023-12-04T00:00:00+00:00
[2023-12-03T07:42:01.308+0000] {processor.py:179} INFO - Processing /opt/airflow/dags/crone-exp.py took 0.085 seconds
