[2023-12-03T06:36:09.851+0000] {processor.py:157} INFO - Started process (PID=42) to work on /opt/airflow/dags/hook.py
[2023-12-03T06:36:09.892+0000] {processor.py:829} INFO - Processing file /opt/airflow/dags/hook.py for tasks to queue
[2023-12-03T06:36:09.952+0000] {logging_mixin.py:154} INFO - [2023-12-03T06:36:09.944+0000] {dagbag.py:536} INFO - Filling up the DagBag from /opt/airflow/dags/hook.py
[2023-12-03T06:36:10.304+0000] {processor.py:839} INFO - DAG(s) dict_keys(['s3_upload_csv']) retrieved from /opt/airflow/dags/hook.py
[2023-12-03T06:36:14.006+0000] {logging_mixin.py:154} INFO - [2023-12-03T06:36:14.006+0000] {dag.py:2941} INFO - Sync 1 DAGs
[2023-12-03T06:36:14.063+0000] {logging_mixin.py:154} INFO - [2023-12-03T06:36:14.063+0000] {dag.py:3722} INFO - Setting next_dagrun for s3_upload_csv to None, run_after=None
[2023-12-03T06:36:14.313+0000] {processor.py:179} INFO - Processing /opt/airflow/dags/hook.py took 4.754 seconds
[2023-12-03T06:38:10.593+0000] {processor.py:157} INFO - Started process (PID=139) to work on /opt/airflow/dags/hook.py
[2023-12-03T06:38:10.716+0000] {processor.py:829} INFO - Processing file /opt/airflow/dags/hook.py for tasks to queue
[2023-12-03T06:38:10.719+0000] {logging_mixin.py:154} INFO - [2023-12-03T06:38:10.718+0000] {dagbag.py:536} INFO - Filling up the DagBag from /opt/airflow/dags/hook.py
[2023-12-03T06:38:10.866+0000] {processor.py:839} INFO - DAG(s) dict_keys(['s3_upload_csv']) retrieved from /opt/airflow/dags/hook.py
[2023-12-03T06:38:11.197+0000] {logging_mixin.py:154} INFO - [2023-12-03T06:38:11.196+0000] {dag.py:2941} INFO - Sync 1 DAGs
[2023-12-03T06:38:11.306+0000] {logging_mixin.py:154} INFO - [2023-12-03T06:38:11.306+0000] {dag.py:3722} INFO - Setting next_dagrun for s3_upload_csv to None, run_after=None
[2023-12-03T06:38:11.689+0000] {processor.py:179} INFO - Processing /opt/airflow/dags/hook.py took 1.134 seconds
[2023-12-03T06:38:41.969+0000] {processor.py:157} INFO - Started process (PID=201) to work on /opt/airflow/dags/hook.py
[2023-12-03T06:38:41.974+0000] {processor.py:829} INFO - Processing file /opt/airflow/dags/hook.py for tasks to queue
[2023-12-03T06:38:41.979+0000] {logging_mixin.py:154} INFO - [2023-12-03T06:38:41.979+0000] {dagbag.py:536} INFO - Filling up the DagBag from /opt/airflow/dags/hook.py
[2023-12-03T06:38:41.989+0000] {processor.py:839} INFO - DAG(s) dict_keys(['s3_upload_csv']) retrieved from /opt/airflow/dags/hook.py
[2023-12-03T06:38:42.036+0000] {logging_mixin.py:154} INFO - [2023-12-03T06:38:42.035+0000] {dag.py:2941} INFO - Sync 1 DAGs
[2023-12-03T06:38:42.064+0000] {logging_mixin.py:154} INFO - [2023-12-03T06:38:42.064+0000] {dag.py:3722} INFO - Setting next_dagrun for s3_upload_csv to None, run_after=None
[2023-12-03T06:38:42.097+0000] {processor.py:179} INFO - Processing /opt/airflow/dags/hook.py took 0.132 seconds
[2023-12-03T06:39:15.688+0000] {processor.py:157} INFO - Started process (PID=242) to work on /opt/airflow/dags/hook.py
[2023-12-03T06:39:15.702+0000] {processor.py:829} INFO - Processing file /opt/airflow/dags/hook.py for tasks to queue
[2023-12-03T06:39:15.716+0000] {logging_mixin.py:154} INFO - [2023-12-03T06:39:15.715+0000] {dagbag.py:536} INFO - Filling up the DagBag from /opt/airflow/dags/hook.py
[2023-12-03T06:39:15.728+0000] {processor.py:839} INFO - DAG(s) dict_keys(['s3_upload_csv']) retrieved from /opt/airflow/dags/hook.py
[2023-12-03T06:39:16.148+0000] {logging_mixin.py:154} INFO - [2023-12-03T06:39:16.148+0000] {dag.py:2941} INFO - Sync 1 DAGs
[2023-12-03T06:39:16.214+0000] {logging_mixin.py:154} INFO - [2023-12-03T06:39:16.214+0000] {dag.py:3722} INFO - Setting next_dagrun for s3_upload_csv to None, run_after=None
[2023-12-03T06:39:16.766+0000] {processor.py:179} INFO - Processing /opt/airflow/dags/hook.py took 1.083 seconds
[2023-12-03T06:39:47.310+0000] {processor.py:157} INFO - Started process (PID=289) to work on /opt/airflow/dags/hook.py
[2023-12-03T06:39:47.332+0000] {processor.py:829} INFO - Processing file /opt/airflow/dags/hook.py for tasks to queue
[2023-12-03T06:39:47.335+0000] {logging_mixin.py:154} INFO - [2023-12-03T06:39:47.334+0000] {dagbag.py:536} INFO - Filling up the DagBag from /opt/airflow/dags/hook.py
[2023-12-03T06:39:47.401+0000] {processor.py:839} INFO - DAG(s) dict_keys(['s3_upload_csv']) retrieved from /opt/airflow/dags/hook.py
[2023-12-03T06:39:48.075+0000] {logging_mixin.py:154} INFO - [2023-12-03T06:39:48.075+0000] {dag.py:2941} INFO - Sync 1 DAGs
[2023-12-03T06:39:48.102+0000] {logging_mixin.py:154} INFO - [2023-12-03T06:39:48.102+0000] {dag.py:3722} INFO - Setting next_dagrun for s3_upload_csv to None, run_after=None
[2023-12-03T06:39:48.555+0000] {processor.py:179} INFO - Processing /opt/airflow/dags/hook.py took 1.262 seconds
[2023-12-03T06:40:26.709+0000] {processor.py:157} INFO - Started process (PID=351) to work on /opt/airflow/dags/hook.py
[2023-12-03T06:40:26.724+0000] {processor.py:829} INFO - Processing file /opt/airflow/dags/hook.py for tasks to queue
[2023-12-03T06:40:26.730+0000] {logging_mixin.py:154} INFO - [2023-12-03T06:40:26.730+0000] {dagbag.py:536} INFO - Filling up the DagBag from /opt/airflow/dags/hook.py
[2023-12-03T06:40:26.749+0000] {processor.py:839} INFO - DAG(s) dict_keys(['s3_upload_csv']) retrieved from /opt/airflow/dags/hook.py
[2023-12-03T06:40:26.811+0000] {logging_mixin.py:154} INFO - [2023-12-03T06:40:26.811+0000] {dag.py:2941} INFO - Sync 1 DAGs
[2023-12-03T06:40:26.830+0000] {logging_mixin.py:154} INFO - [2023-12-03T06:40:26.830+0000] {dag.py:3722} INFO - Setting next_dagrun for s3_upload_csv to None, run_after=None
[2023-12-03T06:40:27.254+0000] {processor.py:179} INFO - Processing /opt/airflow/dags/hook.py took 0.550 seconds
[2023-12-03T06:40:58.393+0000] {processor.py:157} INFO - Started process (PID=411) to work on /opt/airflow/dags/hook.py
[2023-12-03T06:40:58.431+0000] {processor.py:829} INFO - Processing file /opt/airflow/dags/hook.py for tasks to queue
[2023-12-03T06:40:58.441+0000] {logging_mixin.py:154} INFO - [2023-12-03T06:40:58.441+0000] {dagbag.py:536} INFO - Filling up the DagBag from /opt/airflow/dags/hook.py
[2023-12-03T06:40:58.467+0000] {processor.py:839} INFO - DAG(s) dict_keys(['s3_upload_csv']) retrieved from /opt/airflow/dags/hook.py
[2023-12-03T06:40:58.714+0000] {logging_mixin.py:154} INFO - [2023-12-03T06:40:58.714+0000] {dag.py:2941} INFO - Sync 1 DAGs
[2023-12-03T06:40:58.807+0000] {logging_mixin.py:154} INFO - [2023-12-03T06:40:58.807+0000] {dag.py:3722} INFO - Setting next_dagrun for s3_upload_csv to None, run_after=None
[2023-12-03T06:40:59.767+0000] {processor.py:179} INFO - Processing /opt/airflow/dags/hook.py took 1.425 seconds
[2023-12-03T06:41:30.150+0000] {processor.py:157} INFO - Started process (PID=469) to work on /opt/airflow/dags/hook.py
[2023-12-03T06:41:30.153+0000] {processor.py:829} INFO - Processing file /opt/airflow/dags/hook.py for tasks to queue
[2023-12-03T06:41:30.157+0000] {logging_mixin.py:154} INFO - [2023-12-03T06:41:30.157+0000] {dagbag.py:536} INFO - Filling up the DagBag from /opt/airflow/dags/hook.py
[2023-12-03T06:41:30.189+0000] {processor.py:839} INFO - DAG(s) dict_keys(['s3_upload_csv']) retrieved from /opt/airflow/dags/hook.py
[2023-12-03T06:41:30.502+0000] {logging_mixin.py:154} INFO - [2023-12-03T06:41:30.498+0000] {dag.py:2941} INFO - Sync 1 DAGs
[2023-12-03T06:41:30.540+0000] {logging_mixin.py:154} INFO - [2023-12-03T06:41:30.540+0000] {dag.py:3722} INFO - Setting next_dagrun for s3_upload_csv to None, run_after=None
[2023-12-03T06:41:30.621+0000] {processor.py:179} INFO - Processing /opt/airflow/dags/hook.py took 0.477 seconds
[2023-12-03T06:42:02.991+0000] {processor.py:157} INFO - Started process (PID=524) to work on /opt/airflow/dags/hook.py
[2023-12-03T06:42:03.014+0000] {processor.py:829} INFO - Processing file /opt/airflow/dags/hook.py for tasks to queue
[2023-12-03T06:42:03.051+0000] {logging_mixin.py:154} INFO - [2023-12-03T06:42:03.050+0000] {dagbag.py:536} INFO - Filling up the DagBag from /opt/airflow/dags/hook.py
[2023-12-03T06:42:03.068+0000] {processor.py:839} INFO - DAG(s) dict_keys(['s3_upload_csv']) retrieved from /opt/airflow/dags/hook.py
[2023-12-03T06:42:03.623+0000] {logging_mixin.py:154} INFO - [2023-12-03T06:42:03.622+0000] {dag.py:2941} INFO - Sync 1 DAGs
[2023-12-03T06:42:03.641+0000] {logging_mixin.py:154} INFO - [2023-12-03T06:42:03.641+0000] {dag.py:3722} INFO - Setting next_dagrun for s3_upload_csv to None, run_after=None
[2023-12-03T06:42:04.004+0000] {processor.py:179} INFO - Processing /opt/airflow/dags/hook.py took 1.055 seconds
[2023-12-03T06:42:35.962+0000] {processor.py:157} INFO - Started process (PID=585) to work on /opt/airflow/dags/hook.py
[2023-12-03T06:42:35.986+0000] {processor.py:829} INFO - Processing file /opt/airflow/dags/hook.py for tasks to queue
[2023-12-03T06:42:36.003+0000] {logging_mixin.py:154} INFO - [2023-12-03T06:42:36.002+0000] {dagbag.py:536} INFO - Filling up the DagBag from /opt/airflow/dags/hook.py
[2023-12-03T06:42:36.013+0000] {processor.py:839} INFO - DAG(s) dict_keys(['s3_upload_csv']) retrieved from /opt/airflow/dags/hook.py
[2023-12-03T06:42:36.590+0000] {logging_mixin.py:154} INFO - [2023-12-03T06:42:36.590+0000] {dag.py:2941} INFO - Sync 1 DAGs
[2023-12-03T06:42:36.677+0000] {logging_mixin.py:154} INFO - [2023-12-03T06:42:36.677+0000] {dag.py:3722} INFO - Setting next_dagrun for s3_upload_csv to None, run_after=None
[2023-12-03T06:42:37.058+0000] {processor.py:179} INFO - Processing /opt/airflow/dags/hook.py took 1.124 seconds
[2023-12-03T06:43:15.835+0000] {processor.py:157} INFO - Started process (PID=637) to work on /opt/airflow/dags/hook.py
[2023-12-03T06:43:15.880+0000] {processor.py:829} INFO - Processing file /opt/airflow/dags/hook.py for tasks to queue
[2023-12-03T06:43:15.883+0000] {logging_mixin.py:154} INFO - [2023-12-03T06:43:15.883+0000] {dagbag.py:536} INFO - Filling up the DagBag from /opt/airflow/dags/hook.py
[2023-12-03T06:43:15.916+0000] {processor.py:839} INFO - DAG(s) dict_keys(['s3_upload_csv']) retrieved from /opt/airflow/dags/hook.py
[2023-12-03T06:43:16.202+0000] {logging_mixin.py:154} INFO - [2023-12-03T06:43:16.202+0000] {dag.py:2941} INFO - Sync 1 DAGs
[2023-12-03T06:43:16.251+0000] {logging_mixin.py:154} INFO - [2023-12-03T06:43:16.250+0000] {dag.py:3722} INFO - Setting next_dagrun for s3_upload_csv to None, run_after=None
[2023-12-03T06:43:16.377+0000] {processor.py:179} INFO - Processing /opt/airflow/dags/hook.py took 0.590 seconds
[2023-12-03T06:43:49.616+0000] {processor.py:157} INFO - Started process (PID=684) to work on /opt/airflow/dags/hook.py
[2023-12-03T06:43:49.648+0000] {processor.py:829} INFO - Processing file /opt/airflow/dags/hook.py for tasks to queue
[2023-12-03T06:43:49.675+0000] {logging_mixin.py:154} INFO - [2023-12-03T06:43:49.675+0000] {dagbag.py:536} INFO - Filling up the DagBag from /opt/airflow/dags/hook.py
[2023-12-03T06:43:49.752+0000] {processor.py:839} INFO - DAG(s) dict_keys(['s3_upload_csv']) retrieved from /opt/airflow/dags/hook.py
[2023-12-03T06:43:50.028+0000] {logging_mixin.py:154} INFO - [2023-12-03T06:43:50.024+0000] {dag.py:2941} INFO - Sync 1 DAGs
[2023-12-03T06:43:50.116+0000] {logging_mixin.py:154} INFO - [2023-12-03T06:43:50.116+0000] {dag.py:3722} INFO - Setting next_dagrun for s3_upload_csv to None, run_after=None
[2023-12-03T06:43:50.309+0000] {processor.py:179} INFO - Processing /opt/airflow/dags/hook.py took 0.709 seconds
[2023-12-03T06:44:28.460+0000] {processor.py:157} INFO - Started process (PID=748) to work on /opt/airflow/dags/hook.py
[2023-12-03T06:44:28.463+0000] {processor.py:829} INFO - Processing file /opt/airflow/dags/hook.py for tasks to queue
[2023-12-03T06:44:28.466+0000] {logging_mixin.py:154} INFO - [2023-12-03T06:44:28.466+0000] {dagbag.py:536} INFO - Filling up the DagBag from /opt/airflow/dags/hook.py
[2023-12-03T06:44:28.475+0000] {processor.py:839} INFO - DAG(s) dict_keys(['s3_upload_csv']) retrieved from /opt/airflow/dags/hook.py
[2023-12-03T06:44:28.589+0000] {logging_mixin.py:154} INFO - [2023-12-03T06:44:28.589+0000] {dag.py:2941} INFO - Sync 1 DAGs
[2023-12-03T06:44:28.660+0000] {logging_mixin.py:154} INFO - [2023-12-03T06:44:28.659+0000] {dag.py:3722} INFO - Setting next_dagrun for s3_upload_csv to None, run_after=None
[2023-12-03T06:44:29.091+0000] {processor.py:179} INFO - Processing /opt/airflow/dags/hook.py took 0.636 seconds
[2023-12-03T06:45:12.247+0000] {processor.py:157} INFO - Started process (PID=820) to work on /opt/airflow/dags/hook.py
[2023-12-03T06:45:12.265+0000] {processor.py:829} INFO - Processing file /opt/airflow/dags/hook.py for tasks to queue
[2023-12-03T06:45:12.284+0000] {logging_mixin.py:154} INFO - [2023-12-03T06:45:12.284+0000] {dagbag.py:536} INFO - Filling up the DagBag from /opt/airflow/dags/hook.py
[2023-12-03T06:45:12.314+0000] {processor.py:839} INFO - DAG(s) dict_keys(['s3_upload_csv']) retrieved from /opt/airflow/dags/hook.py
[2023-12-03T06:45:12.869+0000] {logging_mixin.py:154} INFO - [2023-12-03T06:45:12.868+0000] {dag.py:2941} INFO - Sync 1 DAGs
[2023-12-03T06:45:12.965+0000] {logging_mixin.py:154} INFO - [2023-12-03T06:45:12.964+0000] {dag.py:3722} INFO - Setting next_dagrun for s3_upload_csv to None, run_after=None
[2023-12-03T06:45:13.600+0000] {processor.py:179} INFO - Processing /opt/airflow/dags/hook.py took 1.379 seconds
[2023-12-03T06:45:52.594+0000] {processor.py:157} INFO - Started process (PID=880) to work on /opt/airflow/dags/hook.py
[2023-12-03T06:45:52.642+0000] {processor.py:829} INFO - Processing file /opt/airflow/dags/hook.py for tasks to queue
[2023-12-03T06:45:52.647+0000] {logging_mixin.py:154} INFO - [2023-12-03T06:45:52.644+0000] {dagbag.py:536} INFO - Filling up the DagBag from /opt/airflow/dags/hook.py
[2023-12-03T06:45:52.678+0000] {processor.py:839} INFO - DAG(s) dict_keys(['s3_upload_csv']) retrieved from /opt/airflow/dags/hook.py
[2023-12-03T06:45:52.742+0000] {logging_mixin.py:154} INFO - [2023-12-03T06:45:52.742+0000] {dag.py:2941} INFO - Sync 1 DAGs
[2023-12-03T06:45:52.823+0000] {logging_mixin.py:154} INFO - [2023-12-03T06:45:52.822+0000] {dag.py:3722} INFO - Setting next_dagrun for s3_upload_csv to None, run_after=None
[2023-12-03T06:45:54.673+0000] {processor.py:179} INFO - Processing /opt/airflow/dags/hook.py took 2.084 seconds
[2023-12-03T06:46:29.942+0000] {processor.py:157} INFO - Started process (PID=932) to work on /opt/airflow/dags/hook.py
[2023-12-03T06:46:29.978+0000] {processor.py:829} INFO - Processing file /opt/airflow/dags/hook.py for tasks to queue
[2023-12-03T06:46:30.003+0000] {logging_mixin.py:154} INFO - [2023-12-03T06:46:30.002+0000] {dagbag.py:536} INFO - Filling up the DagBag from /opt/airflow/dags/hook.py
[2023-12-03T06:46:30.042+0000] {processor.py:839} INFO - DAG(s) dict_keys(['s3_upload_csv']) retrieved from /opt/airflow/dags/hook.py
[2023-12-03T06:46:30.194+0000] {logging_mixin.py:154} INFO - [2023-12-03T06:46:30.193+0000] {dag.py:2941} INFO - Sync 1 DAGs
[2023-12-03T06:46:30.407+0000] {logging_mixin.py:154} INFO - [2023-12-03T06:46:30.407+0000] {dag.py:3722} INFO - Setting next_dagrun for s3_upload_csv to None, run_after=None
[2023-12-03T06:46:30.678+0000] {processor.py:179} INFO - Processing /opt/airflow/dags/hook.py took 0.778 seconds
[2023-12-03T06:47:06.202+0000] {processor.py:157} INFO - Started process (PID=987) to work on /opt/airflow/dags/hook.py
[2023-12-03T06:47:06.250+0000] {processor.py:829} INFO - Processing file /opt/airflow/dags/hook.py for tasks to queue
[2023-12-03T06:47:06.257+0000] {logging_mixin.py:154} INFO - [2023-12-03T06:47:06.256+0000] {dagbag.py:536} INFO - Filling up the DagBag from /opt/airflow/dags/hook.py
[2023-12-03T06:47:06.271+0000] {processor.py:839} INFO - DAG(s) dict_keys(['s3_upload_csv']) retrieved from /opt/airflow/dags/hook.py
[2023-12-03T06:47:06.491+0000] {logging_mixin.py:154} INFO - [2023-12-03T06:47:06.491+0000] {dag.py:2941} INFO - Sync 1 DAGs
[2023-12-03T06:47:06.566+0000] {logging_mixin.py:154} INFO - [2023-12-03T06:47:06.566+0000] {dag.py:3722} INFO - Setting next_dagrun for s3_upload_csv to None, run_after=None
[2023-12-03T06:47:06.979+0000] {processor.py:179} INFO - Processing /opt/airflow/dags/hook.py took 0.790 seconds
[2023-12-03T06:47:44.207+0000] {processor.py:157} INFO - Started process (PID=1029) to work on /opt/airflow/dags/hook.py
[2023-12-03T06:47:44.228+0000] {processor.py:829} INFO - Processing file /opt/airflow/dags/hook.py for tasks to queue
[2023-12-03T06:47:44.236+0000] {logging_mixin.py:154} INFO - [2023-12-03T06:47:44.234+0000] {dagbag.py:536} INFO - Filling up the DagBag from /opt/airflow/dags/hook.py
[2023-12-03T06:47:44.247+0000] {processor.py:839} INFO - DAG(s) dict_keys(['s3_upload_csv']) retrieved from /opt/airflow/dags/hook.py
[2023-12-03T06:47:44.870+0000] {logging_mixin.py:154} INFO - [2023-12-03T06:47:44.870+0000] {dag.py:2941} INFO - Sync 1 DAGs
[2023-12-03T06:47:44.969+0000] {logging_mixin.py:154} INFO - [2023-12-03T06:47:44.969+0000] {dag.py:3722} INFO - Setting next_dagrun for s3_upload_csv to None, run_after=None
[2023-12-03T06:47:45.302+0000] {processor.py:179} INFO - Processing /opt/airflow/dags/hook.py took 1.101 seconds
[2023-12-03T06:48:32.067+0000] {processor.py:157} INFO - Started process (PID=1088) to work on /opt/airflow/dags/hook.py
[2023-12-03T06:48:32.121+0000] {processor.py:829} INFO - Processing file /opt/airflow/dags/hook.py for tasks to queue
[2023-12-03T06:48:32.127+0000] {logging_mixin.py:154} INFO - [2023-12-03T06:48:32.127+0000] {dagbag.py:536} INFO - Filling up the DagBag from /opt/airflow/dags/hook.py
[2023-12-03T06:48:32.185+0000] {processor.py:839} INFO - DAG(s) dict_keys(['s3_upload_csv']) retrieved from /opt/airflow/dags/hook.py
[2023-12-03T06:48:32.402+0000] {logging_mixin.py:154} INFO - [2023-12-03T06:48:32.402+0000] {dag.py:2941} INFO - Sync 1 DAGs
[2023-12-03T06:48:32.418+0000] {logging_mixin.py:154} INFO - [2023-12-03T06:48:32.418+0000] {dag.py:3722} INFO - Setting next_dagrun for s3_upload_csv to None, run_after=None
[2023-12-03T06:48:32.570+0000] {processor.py:179} INFO - Processing /opt/airflow/dags/hook.py took 0.523 seconds
[2023-12-03T06:49:03.781+0000] {processor.py:157} INFO - Started process (PID=1150) to work on /opt/airflow/dags/hook.py
[2023-12-03T06:49:03.829+0000] {processor.py:829} INFO - Processing file /opt/airflow/dags/hook.py for tasks to queue
[2023-12-03T06:49:03.843+0000] {logging_mixin.py:154} INFO - [2023-12-03T06:49:03.832+0000] {dagbag.py:536} INFO - Filling up the DagBag from /opt/airflow/dags/hook.py
[2023-12-03T06:49:03.886+0000] {processor.py:839} INFO - DAG(s) dict_keys(['s3_upload_csv']) retrieved from /opt/airflow/dags/hook.py
[2023-12-03T06:49:04.129+0000] {logging_mixin.py:154} INFO - [2023-12-03T06:49:04.129+0000] {dag.py:2941} INFO - Sync 1 DAGs
[2023-12-03T06:49:04.180+0000] {logging_mixin.py:154} INFO - [2023-12-03T06:49:04.179+0000] {dag.py:3722} INFO - Setting next_dagrun for s3_upload_csv to None, run_after=None
[2023-12-03T06:49:04.338+0000] {processor.py:179} INFO - Processing /opt/airflow/dags/hook.py took 0.562 seconds
[2023-12-03T06:49:35.130+0000] {processor.py:157} INFO - Started process (PID=1213) to work on /opt/airflow/dags/hook.py
[2023-12-03T06:49:35.154+0000] {processor.py:829} INFO - Processing file /opt/airflow/dags/hook.py for tasks to queue
[2023-12-03T06:49:35.159+0000] {logging_mixin.py:154} INFO - [2023-12-03T06:49:35.158+0000] {dagbag.py:536} INFO - Filling up the DagBag from /opt/airflow/dags/hook.py
[2023-12-03T06:49:35.168+0000] {processor.py:839} INFO - DAG(s) dict_keys(['s3_upload_csv']) retrieved from /opt/airflow/dags/hook.py
[2023-12-03T06:49:35.446+0000] {logging_mixin.py:154} INFO - [2023-12-03T06:49:35.441+0000] {dag.py:2941} INFO - Sync 1 DAGs
[2023-12-03T06:49:35.510+0000] {logging_mixin.py:154} INFO - [2023-12-03T06:49:35.509+0000] {dag.py:3722} INFO - Setting next_dagrun for s3_upload_csv to None, run_after=None
[2023-12-03T06:49:35.609+0000] {processor.py:179} INFO - Processing /opt/airflow/dags/hook.py took 0.484 seconds
[2023-12-03T06:50:06.349+0000] {processor.py:157} INFO - Started process (PID=1259) to work on /opt/airflow/dags/hook.py
[2023-12-03T06:50:06.425+0000] {processor.py:829} INFO - Processing file /opt/airflow/dags/hook.py for tasks to queue
[2023-12-03T06:50:06.428+0000] {logging_mixin.py:154} INFO - [2023-12-03T06:50:06.428+0000] {dagbag.py:536} INFO - Filling up the DagBag from /opt/airflow/dags/hook.py
[2023-12-03T06:50:06.459+0000] {processor.py:839} INFO - DAG(s) dict_keys(['s3_upload_csv']) retrieved from /opt/airflow/dags/hook.py
[2023-12-03T06:50:06.846+0000] {logging_mixin.py:154} INFO - [2023-12-03T06:50:06.846+0000] {dag.py:2941} INFO - Sync 1 DAGs
[2023-12-03T06:50:06.914+0000] {logging_mixin.py:154} INFO - [2023-12-03T06:50:06.913+0000] {dag.py:3722} INFO - Setting next_dagrun for s3_upload_csv to None, run_after=None
[2023-12-03T06:50:07.560+0000] {processor.py:179} INFO - Processing /opt/airflow/dags/hook.py took 1.221 seconds
[2023-12-03T06:50:40.872+0000] {processor.py:157} INFO - Started process (PID=1303) to work on /opt/airflow/dags/hook.py
[2023-12-03T06:50:40.926+0000] {processor.py:829} INFO - Processing file /opt/airflow/dags/hook.py for tasks to queue
[2023-12-03T06:50:40.934+0000] {logging_mixin.py:154} INFO - [2023-12-03T06:50:40.933+0000] {dagbag.py:536} INFO - Filling up the DagBag from /opt/airflow/dags/hook.py
[2023-12-03T06:50:40.946+0000] {processor.py:839} INFO - DAG(s) dict_keys(['s3_upload_csv']) retrieved from /opt/airflow/dags/hook.py
[2023-12-03T06:50:41.168+0000] {logging_mixin.py:154} INFO - [2023-12-03T06:50:41.167+0000] {dag.py:2941} INFO - Sync 1 DAGs
[2023-12-03T06:50:41.283+0000] {logging_mixin.py:154} INFO - [2023-12-03T06:50:41.283+0000] {dag.py:3722} INFO - Setting next_dagrun for s3_upload_csv to None, run_after=None
[2023-12-03T06:50:41.831+0000] {processor.py:179} INFO - Processing /opt/airflow/dags/hook.py took 0.964 seconds
[2023-12-03T06:51:12.277+0000] {processor.py:157} INFO - Started process (PID=1365) to work on /opt/airflow/dags/hook.py
[2023-12-03T06:51:12.279+0000] {processor.py:829} INFO - Processing file /opt/airflow/dags/hook.py for tasks to queue
[2023-12-03T06:51:12.281+0000] {logging_mixin.py:154} INFO - [2023-12-03T06:51:12.281+0000] {dagbag.py:536} INFO - Filling up the DagBag from /opt/airflow/dags/hook.py
[2023-12-03T06:51:12.286+0000] {processor.py:839} INFO - DAG(s) dict_keys(['s3_upload_csv']) retrieved from /opt/airflow/dags/hook.py
[2023-12-03T06:51:12.305+0000] {logging_mixin.py:154} INFO - [2023-12-03T06:51:12.305+0000] {dag.py:2941} INFO - Sync 1 DAGs
[2023-12-03T06:51:12.315+0000] {logging_mixin.py:154} INFO - [2023-12-03T06:51:12.315+0000] {dag.py:3722} INFO - Setting next_dagrun for s3_upload_csv to None, run_after=None
[2023-12-03T06:51:12.333+0000] {processor.py:179} INFO - Processing /opt/airflow/dags/hook.py took 0.060 seconds
[2023-12-03T06:51:42.909+0000] {processor.py:157} INFO - Started process (PID=1428) to work on /opt/airflow/dags/hook.py
[2023-12-03T06:51:42.911+0000] {processor.py:829} INFO - Processing file /opt/airflow/dags/hook.py for tasks to queue
[2023-12-03T06:51:42.913+0000] {logging_mixin.py:154} INFO - [2023-12-03T06:51:42.913+0000] {dagbag.py:536} INFO - Filling up the DagBag from /opt/airflow/dags/hook.py
[2023-12-03T06:51:42.918+0000] {processor.py:839} INFO - DAG(s) dict_keys(['s3_upload_csv']) retrieved from /opt/airflow/dags/hook.py
[2023-12-03T06:51:42.939+0000] {logging_mixin.py:154} INFO - [2023-12-03T06:51:42.938+0000] {dag.py:2941} INFO - Sync 1 DAGs
[2023-12-03T06:51:42.948+0000] {logging_mixin.py:154} INFO - [2023-12-03T06:51:42.948+0000] {dag.py:3722} INFO - Setting next_dagrun for s3_upload_csv to None, run_after=None
[2023-12-03T06:51:42.968+0000] {processor.py:179} INFO - Processing /opt/airflow/dags/hook.py took 0.062 seconds
[2023-12-03T06:52:13.486+0000] {processor.py:157} INFO - Started process (PID=1491) to work on /opt/airflow/dags/hook.py
[2023-12-03T06:52:13.510+0000] {processor.py:829} INFO - Processing file /opt/airflow/dags/hook.py for tasks to queue
[2023-12-03T06:52:13.513+0000] {logging_mixin.py:154} INFO - [2023-12-03T06:52:13.512+0000] {dagbag.py:536} INFO - Filling up the DagBag from /opt/airflow/dags/hook.py
[2023-12-03T06:52:13.517+0000] {processor.py:839} INFO - DAG(s) dict_keys(['s3_upload_csv']) retrieved from /opt/airflow/dags/hook.py
[2023-12-03T06:52:13.560+0000] {logging_mixin.py:154} INFO - [2023-12-03T06:52:13.559+0000] {dag.py:2941} INFO - Sync 1 DAGs
[2023-12-03T06:52:13.577+0000] {logging_mixin.py:154} INFO - [2023-12-03T06:52:13.577+0000] {dag.py:3722} INFO - Setting next_dagrun for s3_upload_csv to None, run_after=None
[2023-12-03T06:52:13.650+0000] {processor.py:179} INFO - Processing /opt/airflow/dags/hook.py took 0.166 seconds
[2023-12-03T06:52:43.944+0000] {processor.py:157} INFO - Started process (PID=1554) to work on /opt/airflow/dags/hook.py
[2023-12-03T06:52:43.949+0000] {processor.py:829} INFO - Processing file /opt/airflow/dags/hook.py for tasks to queue
[2023-12-03T06:52:43.951+0000] {logging_mixin.py:154} INFO - [2023-12-03T06:52:43.951+0000] {dagbag.py:536} INFO - Filling up the DagBag from /opt/airflow/dags/hook.py
[2023-12-03T06:52:43.957+0000] {processor.py:839} INFO - DAG(s) dict_keys(['s3_upload_csv']) retrieved from /opt/airflow/dags/hook.py
[2023-12-03T06:52:43.986+0000] {logging_mixin.py:154} INFO - [2023-12-03T06:52:43.985+0000] {dag.py:2941} INFO - Sync 1 DAGs
[2023-12-03T06:52:43.999+0000] {logging_mixin.py:154} INFO - [2023-12-03T06:52:43.998+0000] {dag.py:3722} INFO - Setting next_dagrun for s3_upload_csv to None, run_after=None
[2023-12-03T06:52:44.040+0000] {processor.py:179} INFO - Processing /opt/airflow/dags/hook.py took 0.099 seconds
[2023-12-03T06:53:14.758+0000] {processor.py:157} INFO - Started process (PID=1616) to work on /opt/airflow/dags/hook.py
[2023-12-03T06:53:14.782+0000] {processor.py:829} INFO - Processing file /opt/airflow/dags/hook.py for tasks to queue
[2023-12-03T06:53:14.784+0000] {logging_mixin.py:154} INFO - [2023-12-03T06:53:14.784+0000] {dagbag.py:536} INFO - Filling up the DagBag from /opt/airflow/dags/hook.py
[2023-12-03T06:53:14.789+0000] {processor.py:839} INFO - DAG(s) dict_keys(['s3_upload_csv']) retrieved from /opt/airflow/dags/hook.py
[2023-12-03T06:53:14.808+0000] {logging_mixin.py:154} INFO - [2023-12-03T06:53:14.808+0000] {dag.py:2941} INFO - Sync 1 DAGs
[2023-12-03T06:53:14.819+0000] {logging_mixin.py:154} INFO - [2023-12-03T06:53:14.819+0000] {dag.py:3722} INFO - Setting next_dagrun for s3_upload_csv to None, run_after=None
[2023-12-03T06:53:14.836+0000] {processor.py:179} INFO - Processing /opt/airflow/dags/hook.py took 0.081 seconds
[2023-12-03T06:53:45.262+0000] {processor.py:157} INFO - Started process (PID=1679) to work on /opt/airflow/dags/hook.py
[2023-12-03T06:53:45.285+0000] {processor.py:829} INFO - Processing file /opt/airflow/dags/hook.py for tasks to queue
[2023-12-03T06:53:45.287+0000] {logging_mixin.py:154} INFO - [2023-12-03T06:53:45.287+0000] {dagbag.py:536} INFO - Filling up the DagBag from /opt/airflow/dags/hook.py
[2023-12-03T06:53:45.292+0000] {processor.py:839} INFO - DAG(s) dict_keys(['s3_upload_csv']) retrieved from /opt/airflow/dags/hook.py
[2023-12-03T06:53:45.311+0000] {logging_mixin.py:154} INFO - [2023-12-03T06:53:45.311+0000] {dag.py:2941} INFO - Sync 1 DAGs
[2023-12-03T06:53:45.321+0000] {logging_mixin.py:154} INFO - [2023-12-03T06:53:45.321+0000] {dag.py:3722} INFO - Setting next_dagrun for s3_upload_csv to None, run_after=None
[2023-12-03T06:53:45.337+0000] {processor.py:179} INFO - Processing /opt/airflow/dags/hook.py took 0.078 seconds
[2023-12-03T06:54:15.373+0000] {processor.py:157} INFO - Started process (PID=1742) to work on /opt/airflow/dags/hook.py
[2023-12-03T06:54:15.376+0000] {processor.py:829} INFO - Processing file /opt/airflow/dags/hook.py for tasks to queue
[2023-12-03T06:54:15.380+0000] {logging_mixin.py:154} INFO - [2023-12-03T06:54:15.380+0000] {dagbag.py:536} INFO - Filling up the DagBag from /opt/airflow/dags/hook.py
[2023-12-03T06:54:15.385+0000] {processor.py:839} INFO - DAG(s) dict_keys(['s3_upload_csv']) retrieved from /opt/airflow/dags/hook.py
[2023-12-03T06:54:15.416+0000] {logging_mixin.py:154} INFO - [2023-12-03T06:54:15.416+0000] {dag.py:2941} INFO - Sync 1 DAGs
[2023-12-03T06:54:15.429+0000] {logging_mixin.py:154} INFO - [2023-12-03T06:54:15.429+0000] {dag.py:3722} INFO - Setting next_dagrun for s3_upload_csv to None, run_after=None
[2023-12-03T06:54:15.450+0000] {processor.py:179} INFO - Processing /opt/airflow/dags/hook.py took 0.080 seconds
[2023-12-03T06:54:45.517+0000] {processor.py:157} INFO - Started process (PID=1805) to work on /opt/airflow/dags/hook.py
[2023-12-03T06:54:45.519+0000] {processor.py:829} INFO - Processing file /opt/airflow/dags/hook.py for tasks to queue
[2023-12-03T06:54:45.521+0000] {logging_mixin.py:154} INFO - [2023-12-03T06:54:45.520+0000] {dagbag.py:536} INFO - Filling up the DagBag from /opt/airflow/dags/hook.py
[2023-12-03T06:54:45.525+0000] {processor.py:839} INFO - DAG(s) dict_keys(['s3_upload_csv']) retrieved from /opt/airflow/dags/hook.py
[2023-12-03T06:54:45.545+0000] {logging_mixin.py:154} INFO - [2023-12-03T06:54:45.545+0000] {dag.py:2941} INFO - Sync 1 DAGs
[2023-12-03T06:54:45.556+0000] {logging_mixin.py:154} INFO - [2023-12-03T06:54:45.556+0000] {dag.py:3722} INFO - Setting next_dagrun for s3_upload_csv to None, run_after=None
[2023-12-03T06:54:45.576+0000] {processor.py:179} INFO - Processing /opt/airflow/dags/hook.py took 0.061 seconds
[2023-12-03T06:55:16.299+0000] {processor.py:157} INFO - Started process (PID=1867) to work on /opt/airflow/dags/hook.py
[2023-12-03T06:55:16.330+0000] {processor.py:829} INFO - Processing file /opt/airflow/dags/hook.py for tasks to queue
[2023-12-03T06:55:16.336+0000] {logging_mixin.py:154} INFO - [2023-12-03T06:55:16.336+0000] {dagbag.py:536} INFO - Filling up the DagBag from /opt/airflow/dags/hook.py
[2023-12-03T06:55:16.351+0000] {processor.py:839} INFO - DAG(s) dict_keys(['s3_upload_csv']) retrieved from /opt/airflow/dags/hook.py
[2023-12-03T06:55:16.733+0000] {logging_mixin.py:154} INFO - [2023-12-03T06:55:16.732+0000] {dag.py:2941} INFO - Sync 1 DAGs
[2023-12-03T06:55:16.775+0000] {logging_mixin.py:154} INFO - [2023-12-03T06:55:16.775+0000] {dag.py:3722} INFO - Setting next_dagrun for s3_upload_csv to None, run_after=None
[2023-12-03T06:55:17.271+0000] {processor.py:179} INFO - Processing /opt/airflow/dags/hook.py took 0.996 seconds
[2023-12-03T06:55:55.277+0000] {processor.py:157} INFO - Started process (PID=1938) to work on /opt/airflow/dags/hook.py
[2023-12-03T06:55:55.278+0000] {processor.py:829} INFO - Processing file /opt/airflow/dags/hook.py for tasks to queue
[2023-12-03T06:55:55.282+0000] {logging_mixin.py:154} INFO - [2023-12-03T06:55:55.281+0000] {dagbag.py:536} INFO - Filling up the DagBag from /opt/airflow/dags/hook.py
[2023-12-03T06:55:55.291+0000] {processor.py:839} INFO - DAG(s) dict_keys(['s3_upload_csv']) retrieved from /opt/airflow/dags/hook.py
[2023-12-03T06:55:55.446+0000] {logging_mixin.py:154} INFO - [2023-12-03T06:55:55.446+0000] {dag.py:2941} INFO - Sync 1 DAGs
[2023-12-03T06:55:55.465+0000] {logging_mixin.py:154} INFO - [2023-12-03T06:55:55.465+0000] {dag.py:3722} INFO - Setting next_dagrun for s3_upload_csv to None, run_after=None
[2023-12-03T06:55:55.492+0000] {processor.py:179} INFO - Processing /opt/airflow/dags/hook.py took 0.221 seconds
[2023-12-03T06:56:25.622+0000] {processor.py:157} INFO - Started process (PID=2001) to work on /opt/airflow/dags/hook.py
[2023-12-03T06:56:25.623+0000] {processor.py:829} INFO - Processing file /opt/airflow/dags/hook.py for tasks to queue
[2023-12-03T06:56:25.626+0000] {logging_mixin.py:154} INFO - [2023-12-03T06:56:25.626+0000] {dagbag.py:536} INFO - Filling up the DagBag from /opt/airflow/dags/hook.py
[2023-12-03T06:56:25.631+0000] {processor.py:839} INFO - DAG(s) dict_keys(['s3_upload_csv']) retrieved from /opt/airflow/dags/hook.py
[2023-12-03T06:56:25.650+0000] {logging_mixin.py:154} INFO - [2023-12-03T06:56:25.649+0000] {dag.py:2941} INFO - Sync 1 DAGs
[2023-12-03T06:56:25.660+0000] {logging_mixin.py:154} INFO - [2023-12-03T06:56:25.660+0000] {dag.py:3722} INFO - Setting next_dagrun for s3_upload_csv to None, run_after=None
[2023-12-03T06:56:25.675+0000] {processor.py:179} INFO - Processing /opt/airflow/dags/hook.py took 0.056 seconds
[2023-12-03T06:56:58.649+0000] {processor.py:157} INFO - Started process (PID=2038) to work on /opt/airflow/dags/hook.py
[2023-12-03T06:56:58.677+0000] {processor.py:829} INFO - Processing file /opt/airflow/dags/hook.py for tasks to queue
[2023-12-03T06:56:58.711+0000] {logging_mixin.py:154} INFO - [2023-12-03T06:56:58.710+0000] {dagbag.py:536} INFO - Filling up the DagBag from /opt/airflow/dags/hook.py
[2023-12-03T06:56:59.053+0000] {processor.py:839} INFO - DAG(s) dict_keys(['s3_upload_csv']) retrieved from /opt/airflow/dags/hook.py
[2023-12-03T06:56:59.823+0000] {logging_mixin.py:154} INFO - [2023-12-03T06:56:59.822+0000] {dag.py:2941} INFO - Sync 1 DAGs
[2023-12-03T06:56:59.899+0000] {logging_mixin.py:154} INFO - [2023-12-03T06:56:59.899+0000] {dag.py:3722} INFO - Setting next_dagrun for s3_upload_csv to None, run_after=None
[2023-12-03T06:57:00.108+0000] {processor.py:179} INFO - Processing /opt/airflow/dags/hook.py took 1.528 seconds
[2023-12-03T06:57:34.233+0000] {processor.py:157} INFO - Started process (PID=2101) to work on /opt/airflow/dags/hook.py
[2023-12-03T06:57:34.268+0000] {processor.py:829} INFO - Processing file /opt/airflow/dags/hook.py for tasks to queue
[2023-12-03T06:57:34.271+0000] {logging_mixin.py:154} INFO - [2023-12-03T06:57:34.271+0000] {dagbag.py:536} INFO - Filling up the DagBag from /opt/airflow/dags/hook.py
[2023-12-03T06:57:34.291+0000] {processor.py:839} INFO - DAG(s) dict_keys(['s3_upload_csv']) retrieved from /opt/airflow/dags/hook.py
[2023-12-03T06:57:35.137+0000] {logging_mixin.py:154} INFO - [2023-12-03T06:57:35.137+0000] {dag.py:2941} INFO - Sync 1 DAGs
[2023-12-03T06:57:35.302+0000] {logging_mixin.py:154} INFO - [2023-12-03T06:57:35.295+0000] {dag.py:3722} INFO - Setting next_dagrun for s3_upload_csv to None, run_after=None
[2023-12-03T06:57:35.812+0000] {processor.py:179} INFO - Processing /opt/airflow/dags/hook.py took 1.625 seconds
[2023-12-03T06:58:05.972+0000] {processor.py:157} INFO - Started process (PID=2164) to work on /opt/airflow/dags/hook.py
[2023-12-03T06:58:05.975+0000] {processor.py:829} INFO - Processing file /opt/airflow/dags/hook.py for tasks to queue
[2023-12-03T06:58:05.978+0000] {logging_mixin.py:154} INFO - [2023-12-03T06:58:05.978+0000] {dagbag.py:536} INFO - Filling up the DagBag from /opt/airflow/dags/hook.py
[2023-12-03T06:58:05.985+0000] {processor.py:839} INFO - DAG(s) dict_keys(['s3_upload_csv']) retrieved from /opt/airflow/dags/hook.py
[2023-12-03T06:58:06.110+0000] {logging_mixin.py:154} INFO - [2023-12-03T06:58:06.110+0000] {dag.py:2941} INFO - Sync 1 DAGs
[2023-12-03T06:58:06.150+0000] {logging_mixin.py:154} INFO - [2023-12-03T06:58:06.149+0000] {dag.py:3722} INFO - Setting next_dagrun for s3_upload_csv to None, run_after=None
[2023-12-03T06:58:06.264+0000] {processor.py:179} INFO - Processing /opt/airflow/dags/hook.py took 0.296 seconds
[2023-12-03T06:58:36.886+0000] {processor.py:157} INFO - Started process (PID=2226) to work on /opt/airflow/dags/hook.py
[2023-12-03T06:58:36.938+0000] {processor.py:829} INFO - Processing file /opt/airflow/dags/hook.py for tasks to queue
[2023-12-03T06:58:36.950+0000] {logging_mixin.py:154} INFO - [2023-12-03T06:58:36.950+0000] {dagbag.py:536} INFO - Filling up the DagBag from /opt/airflow/dags/hook.py
[2023-12-03T06:58:37.005+0000] {processor.py:839} INFO - DAG(s) dict_keys(['s3_upload_csv']) retrieved from /opt/airflow/dags/hook.py
[2023-12-03T06:58:37.299+0000] {logging_mixin.py:154} INFO - [2023-12-03T06:58:37.299+0000] {dag.py:2941} INFO - Sync 1 DAGs
[2023-12-03T06:58:37.351+0000] {logging_mixin.py:154} INFO - [2023-12-03T06:58:37.350+0000] {dag.py:3722} INFO - Setting next_dagrun for s3_upload_csv to None, run_after=None
[2023-12-03T06:58:38.112+0000] {processor.py:179} INFO - Processing /opt/airflow/dags/hook.py took 1.241 seconds
[2023-12-03T06:59:09.535+0000] {processor.py:157} INFO - Started process (PID=2263) to work on /opt/airflow/dags/hook.py
[2023-12-03T06:59:09.575+0000] {processor.py:829} INFO - Processing file /opt/airflow/dags/hook.py for tasks to queue
[2023-12-03T06:59:09.599+0000] {logging_mixin.py:154} INFO - [2023-12-03T06:59:09.599+0000] {dagbag.py:536} INFO - Filling up the DagBag from /opt/airflow/dags/hook.py
[2023-12-03T06:59:09.623+0000] {processor.py:839} INFO - DAG(s) dict_keys(['s3_upload_csv']) retrieved from /opt/airflow/dags/hook.py
[2023-12-03T06:59:10.180+0000] {logging_mixin.py:154} INFO - [2023-12-03T06:59:10.180+0000] {dag.py:2941} INFO - Sync 1 DAGs
[2023-12-03T06:59:10.283+0000] {logging_mixin.py:154} INFO - [2023-12-03T06:59:10.282+0000] {dag.py:3722} INFO - Setting next_dagrun for s3_upload_csv to None, run_after=None
[2023-12-03T06:59:10.882+0000] {processor.py:179} INFO - Processing /opt/airflow/dags/hook.py took 1.377 seconds
[2023-12-03T06:59:53.251+0000] {processor.py:157} INFO - Started process (PID=2321) to work on /opt/airflow/dags/hook.py
[2023-12-03T06:59:53.362+0000] {processor.py:829} INFO - Processing file /opt/airflow/dags/hook.py for tasks to queue
[2023-12-03T06:59:53.569+0000] {logging_mixin.py:154} INFO - [2023-12-03T06:59:53.522+0000] {dagbag.py:536} INFO - Filling up the DagBag from /opt/airflow/dags/hook.py
[2023-12-03T06:59:53.725+0000] {processor.py:839} INFO - DAG(s) dict_keys(['s3_upload_csv']) retrieved from /opt/airflow/dags/hook.py
[2023-12-03T06:59:54.429+0000] {logging_mixin.py:154} INFO - [2023-12-03T06:59:54.429+0000] {dag.py:2941} INFO - Sync 1 DAGs
[2023-12-03T06:59:54.486+0000] {logging_mixin.py:154} INFO - [2023-12-03T06:59:54.486+0000] {dag.py:3722} INFO - Setting next_dagrun for s3_upload_csv to None, run_after=None
[2023-12-03T06:59:54.819+0000] {processor.py:179} INFO - Processing /opt/airflow/dags/hook.py took 1.589 seconds
[2023-12-03T07:00:25.589+0000] {processor.py:157} INFO - Started process (PID=2378) to work on /opt/airflow/dags/hook.py
[2023-12-03T07:00:25.644+0000] {processor.py:829} INFO - Processing file /opt/airflow/dags/hook.py for tasks to queue
[2023-12-03T07:00:25.650+0000] {logging_mixin.py:154} INFO - [2023-12-03T07:00:25.650+0000] {dagbag.py:536} INFO - Filling up the DagBag from /opt/airflow/dags/hook.py
[2023-12-03T07:00:25.680+0000] {processor.py:839} INFO - DAG(s) dict_keys(['s3_upload_csv']) retrieved from /opt/airflow/dags/hook.py
[2023-12-03T07:00:26.112+0000] {logging_mixin.py:154} INFO - [2023-12-03T07:00:26.111+0000] {dag.py:2941} INFO - Sync 1 DAGs
[2023-12-03T07:00:26.211+0000] {logging_mixin.py:154} INFO - [2023-12-03T07:00:26.207+0000] {dag.py:3722} INFO - Setting next_dagrun for s3_upload_csv to None, run_after=None
[2023-12-03T07:00:26.905+0000] {processor.py:179} INFO - Processing /opt/airflow/dags/hook.py took 1.323 seconds
[2023-12-03T07:00:57.148+0000] {processor.py:157} INFO - Started process (PID=2441) to work on /opt/airflow/dags/hook.py
[2023-12-03T07:00:57.150+0000] {processor.py:829} INFO - Processing file /opt/airflow/dags/hook.py for tasks to queue
[2023-12-03T07:00:57.152+0000] {logging_mixin.py:154} INFO - [2023-12-03T07:00:57.152+0000] {dagbag.py:536} INFO - Filling up the DagBag from /opt/airflow/dags/hook.py
[2023-12-03T07:00:57.157+0000] {processor.py:839} INFO - DAG(s) dict_keys(['s3_upload_csv']) retrieved from /opt/airflow/dags/hook.py
[2023-12-03T07:00:57.177+0000] {logging_mixin.py:154} INFO - [2023-12-03T07:00:57.177+0000] {dag.py:2941} INFO - Sync 1 DAGs
[2023-12-03T07:00:57.189+0000] {logging_mixin.py:154} INFO - [2023-12-03T07:00:57.189+0000] {dag.py:3722} INFO - Setting next_dagrun for s3_upload_csv to None, run_after=None
[2023-12-03T07:00:57.209+0000] {processor.py:179} INFO - Processing /opt/airflow/dags/hook.py took 0.064 seconds
[2023-12-03T07:01:27.793+0000] {processor.py:157} INFO - Started process (PID=2503) to work on /opt/airflow/dags/hook.py
[2023-12-03T07:01:27.796+0000] {processor.py:829} INFO - Processing file /opt/airflow/dags/hook.py for tasks to queue
[2023-12-03T07:01:27.798+0000] {logging_mixin.py:154} INFO - [2023-12-03T07:01:27.798+0000] {dagbag.py:536} INFO - Filling up the DagBag from /opt/airflow/dags/hook.py
[2023-12-03T07:01:27.804+0000] {processor.py:839} INFO - DAG(s) dict_keys(['s3_upload_csv']) retrieved from /opt/airflow/dags/hook.py
[2023-12-03T07:01:27.841+0000] {logging_mixin.py:154} INFO - [2023-12-03T07:01:27.840+0000] {dag.py:2941} INFO - Sync 1 DAGs
[2023-12-03T07:01:27.857+0000] {logging_mixin.py:154} INFO - [2023-12-03T07:01:27.857+0000] {dag.py:3722} INFO - Setting next_dagrun for s3_upload_csv to None, run_after=None
[2023-12-03T07:01:27.880+0000] {processor.py:179} INFO - Processing /opt/airflow/dags/hook.py took 0.091 seconds
[2023-12-03T07:01:58.426+0000] {processor.py:157} INFO - Started process (PID=2566) to work on /opt/airflow/dags/hook.py
[2023-12-03T07:01:58.429+0000] {processor.py:829} INFO - Processing file /opt/airflow/dags/hook.py for tasks to queue
[2023-12-03T07:01:58.432+0000] {logging_mixin.py:154} INFO - [2023-12-03T07:01:58.431+0000] {dagbag.py:536} INFO - Filling up the DagBag from /opt/airflow/dags/hook.py
[2023-12-03T07:01:58.437+0000] {processor.py:839} INFO - DAG(s) dict_keys(['s3_upload_csv']) retrieved from /opt/airflow/dags/hook.py
[2023-12-03T07:01:58.469+0000] {logging_mixin.py:154} INFO - [2023-12-03T07:01:58.469+0000] {dag.py:2941} INFO - Sync 1 DAGs
[2023-12-03T07:01:58.481+0000] {logging_mixin.py:154} INFO - [2023-12-03T07:01:58.481+0000] {dag.py:3722} INFO - Setting next_dagrun for s3_upload_csv to None, run_after=None
[2023-12-03T07:01:58.503+0000] {processor.py:179} INFO - Processing /opt/airflow/dags/hook.py took 0.080 seconds
[2023-12-03T07:02:28.736+0000] {processor.py:157} INFO - Started process (PID=2629) to work on /opt/airflow/dags/hook.py
[2023-12-03T07:02:28.740+0000] {processor.py:829} INFO - Processing file /opt/airflow/dags/hook.py for tasks to queue
[2023-12-03T07:02:28.743+0000] {logging_mixin.py:154} INFO - [2023-12-03T07:02:28.742+0000] {dagbag.py:536} INFO - Filling up the DagBag from /opt/airflow/dags/hook.py
[2023-12-03T07:02:28.748+0000] {processor.py:839} INFO - DAG(s) dict_keys(['s3_upload_csv']) retrieved from /opt/airflow/dags/hook.py
[2023-12-03T07:02:28.781+0000] {logging_mixin.py:154} INFO - [2023-12-03T07:02:28.781+0000] {dag.py:2941} INFO - Sync 1 DAGs
[2023-12-03T07:02:28.797+0000] {logging_mixin.py:154} INFO - [2023-12-03T07:02:28.796+0000] {dag.py:3722} INFO - Setting next_dagrun for s3_upload_csv to None, run_after=None
[2023-12-03T07:02:28.821+0000] {processor.py:179} INFO - Processing /opt/airflow/dags/hook.py took 0.088 seconds
[2023-12-03T07:02:59.154+0000] {processor.py:157} INFO - Started process (PID=2692) to work on /opt/airflow/dags/hook.py
[2023-12-03T07:02:59.162+0000] {processor.py:829} INFO - Processing file /opt/airflow/dags/hook.py for tasks to queue
[2023-12-03T07:02:59.165+0000] {logging_mixin.py:154} INFO - [2023-12-03T07:02:59.165+0000] {dagbag.py:536} INFO - Filling up the DagBag from /opt/airflow/dags/hook.py
[2023-12-03T07:02:59.171+0000] {processor.py:839} INFO - DAG(s) dict_keys(['s3_upload_csv']) retrieved from /opt/airflow/dags/hook.py
[2023-12-03T07:02:59.199+0000] {logging_mixin.py:154} INFO - [2023-12-03T07:02:59.199+0000] {dag.py:2941} INFO - Sync 1 DAGs
[2023-12-03T07:02:59.213+0000] {logging_mixin.py:154} INFO - [2023-12-03T07:02:59.213+0000] {dag.py:3722} INFO - Setting next_dagrun for s3_upload_csv to None, run_after=None
[2023-12-03T07:02:59.236+0000] {processor.py:179} INFO - Processing /opt/airflow/dags/hook.py took 0.085 seconds
[2023-12-03T07:03:29.473+0000] {processor.py:157} INFO - Started process (PID=2756) to work on /opt/airflow/dags/hook.py
[2023-12-03T07:03:29.505+0000] {processor.py:829} INFO - Processing file /opt/airflow/dags/hook.py for tasks to queue
[2023-12-03T07:03:29.508+0000] {logging_mixin.py:154} INFO - [2023-12-03T07:03:29.508+0000] {dagbag.py:536} INFO - Filling up the DagBag from /opt/airflow/dags/hook.py
[2023-12-03T07:03:29.513+0000] {processor.py:839} INFO - DAG(s) dict_keys(['s3_upload_csv']) retrieved from /opt/airflow/dags/hook.py
[2023-12-03T07:03:29.614+0000] {logging_mixin.py:154} INFO - [2023-12-03T07:03:29.614+0000] {dag.py:2941} INFO - Sync 1 DAGs
[2023-12-03T07:03:29.639+0000] {logging_mixin.py:154} INFO - [2023-12-03T07:03:29.639+0000] {dag.py:3722} INFO - Setting next_dagrun for s3_upload_csv to None, run_after=None
[2023-12-03T07:03:29.690+0000] {processor.py:179} INFO - Processing /opt/airflow/dags/hook.py took 0.222 seconds
[2023-12-03T07:04:00.304+0000] {processor.py:157} INFO - Started process (PID=2820) to work on /opt/airflow/dags/hook.py
[2023-12-03T07:04:00.327+0000] {processor.py:829} INFO - Processing file /opt/airflow/dags/hook.py for tasks to queue
[2023-12-03T07:04:00.330+0000] {logging_mixin.py:154} INFO - [2023-12-03T07:04:00.329+0000] {dagbag.py:536} INFO - Filling up the DagBag from /opt/airflow/dags/hook.py
[2023-12-03T07:04:00.335+0000] {processor.py:839} INFO - DAG(s) dict_keys(['s3_upload_csv']) retrieved from /opt/airflow/dags/hook.py
[2023-12-03T07:04:00.353+0000] {logging_mixin.py:154} INFO - [2023-12-03T07:04:00.353+0000] {dag.py:2941} INFO - Sync 1 DAGs
[2023-12-03T07:04:00.364+0000] {logging_mixin.py:154} INFO - [2023-12-03T07:04:00.364+0000] {dag.py:3722} INFO - Setting next_dagrun for s3_upload_csv to None, run_after=None
[2023-12-03T07:04:00.380+0000] {processor.py:179} INFO - Processing /opt/airflow/dags/hook.py took 0.080 seconds
[2023-12-03T07:04:31.190+0000] {processor.py:157} INFO - Started process (PID=2881) to work on /opt/airflow/dags/hook.py
[2023-12-03T07:04:31.214+0000] {processor.py:829} INFO - Processing file /opt/airflow/dags/hook.py for tasks to queue
[2023-12-03T07:04:31.216+0000] {logging_mixin.py:154} INFO - [2023-12-03T07:04:31.216+0000] {dagbag.py:536} INFO - Filling up the DagBag from /opt/airflow/dags/hook.py
[2023-12-03T07:04:31.222+0000] {processor.py:839} INFO - DAG(s) dict_keys(['s3_upload_csv']) retrieved from /opt/airflow/dags/hook.py
[2023-12-03T07:04:31.256+0000] {logging_mixin.py:154} INFO - [2023-12-03T07:04:31.256+0000] {dag.py:2941} INFO - Sync 1 DAGs
[2023-12-03T07:04:31.271+0000] {logging_mixin.py:154} INFO - [2023-12-03T07:04:31.271+0000] {dag.py:3722} INFO - Setting next_dagrun for s3_upload_csv to None, run_after=None
[2023-12-03T07:04:31.296+0000] {processor.py:179} INFO - Processing /opt/airflow/dags/hook.py took 0.109 seconds
[2023-12-03T07:05:01.924+0000] {processor.py:157} INFO - Started process (PID=2944) to work on /opt/airflow/dags/hook.py
[2023-12-03T07:05:01.948+0000] {processor.py:829} INFO - Processing file /opt/airflow/dags/hook.py for tasks to queue
[2023-12-03T07:05:01.950+0000] {logging_mixin.py:154} INFO - [2023-12-03T07:05:01.950+0000] {dagbag.py:536} INFO - Filling up the DagBag from /opt/airflow/dags/hook.py
[2023-12-03T07:05:01.956+0000] {processor.py:839} INFO - DAG(s) dict_keys(['s3_upload_csv']) retrieved from /opt/airflow/dags/hook.py
[2023-12-03T07:05:01.985+0000] {logging_mixin.py:154} INFO - [2023-12-03T07:05:01.984+0000] {dag.py:2941} INFO - Sync 1 DAGs
[2023-12-03T07:05:01.996+0000] {logging_mixin.py:154} INFO - [2023-12-03T07:05:01.996+0000] {dag.py:3722} INFO - Setting next_dagrun for s3_upload_csv to None, run_after=None
[2023-12-03T07:05:02.019+0000] {processor.py:179} INFO - Processing /opt/airflow/dags/hook.py took 0.097 seconds
[2023-12-03T07:05:32.121+0000] {processor.py:157} INFO - Started process (PID=3007) to work on /opt/airflow/dags/hook.py
[2023-12-03T07:05:32.145+0000] {processor.py:829} INFO - Processing file /opt/airflow/dags/hook.py for tasks to queue
[2023-12-03T07:05:32.147+0000] {logging_mixin.py:154} INFO - [2023-12-03T07:05:32.147+0000] {dagbag.py:536} INFO - Filling up the DagBag from /opt/airflow/dags/hook.py
[2023-12-03T07:05:32.153+0000] {processor.py:839} INFO - DAG(s) dict_keys(['s3_upload_csv']) retrieved from /opt/airflow/dags/hook.py
[2023-12-03T07:05:32.178+0000] {logging_mixin.py:154} INFO - [2023-12-03T07:05:32.177+0000] {dag.py:2941} INFO - Sync 1 DAGs
[2023-12-03T07:05:32.189+0000] {logging_mixin.py:154} INFO - [2023-12-03T07:05:32.189+0000] {dag.py:3722} INFO - Setting next_dagrun for s3_upload_csv to None, run_after=None
[2023-12-03T07:05:32.211+0000] {processor.py:179} INFO - Processing /opt/airflow/dags/hook.py took 0.093 seconds
[2023-12-03T07:06:02.680+0000] {processor.py:157} INFO - Started process (PID=3067) to work on /opt/airflow/dags/hook.py
[2023-12-03T07:06:02.682+0000] {processor.py:829} INFO - Processing file /opt/airflow/dags/hook.py for tasks to queue
[2023-12-03T07:06:02.685+0000] {logging_mixin.py:154} INFO - [2023-12-03T07:06:02.685+0000] {dagbag.py:536} INFO - Filling up the DagBag from /opt/airflow/dags/hook.py
[2023-12-03T07:06:02.691+0000] {processor.py:839} INFO - DAG(s) dict_keys(['s3_upload_csv']) retrieved from /opt/airflow/dags/hook.py
[2023-12-03T07:06:02.715+0000] {logging_mixin.py:154} INFO - [2023-12-03T07:06:02.715+0000] {dag.py:2941} INFO - Sync 1 DAGs
[2023-12-03T07:06:02.728+0000] {logging_mixin.py:154} INFO - [2023-12-03T07:06:02.727+0000] {dag.py:3722} INFO - Setting next_dagrun for s3_upload_csv to None, run_after=None
[2023-12-03T07:06:02.753+0000] {processor.py:179} INFO - Processing /opt/airflow/dags/hook.py took 0.077 seconds
[2023-12-03T07:06:32.878+0000] {processor.py:157} INFO - Started process (PID=3129) to work on /opt/airflow/dags/hook.py
[2023-12-03T07:06:32.881+0000] {processor.py:829} INFO - Processing file /opt/airflow/dags/hook.py for tasks to queue
[2023-12-03T07:06:32.883+0000] {logging_mixin.py:154} INFO - [2023-12-03T07:06:32.883+0000] {dagbag.py:536} INFO - Filling up the DagBag from /opt/airflow/dags/hook.py
[2023-12-03T07:06:32.888+0000] {processor.py:839} INFO - DAG(s) dict_keys(['s3_upload_csv']) retrieved from /opt/airflow/dags/hook.py
[2023-12-03T07:06:32.913+0000] {logging_mixin.py:154} INFO - [2023-12-03T07:06:32.913+0000] {dag.py:2941} INFO - Sync 1 DAGs
[2023-12-03T07:06:32.929+0000] {logging_mixin.py:154} INFO - [2023-12-03T07:06:32.929+0000] {dag.py:3722} INFO - Setting next_dagrun for s3_upload_csv to None, run_after=None
[2023-12-03T07:06:32.961+0000] {processor.py:179} INFO - Processing /opt/airflow/dags/hook.py took 0.085 seconds
[2023-12-03T07:07:03.001+0000] {processor.py:157} INFO - Started process (PID=3187) to work on /opt/airflow/dags/hook.py
[2023-12-03T07:07:03.024+0000] {processor.py:829} INFO - Processing file /opt/airflow/dags/hook.py for tasks to queue
[2023-12-03T07:07:03.026+0000] {logging_mixin.py:154} INFO - [2023-12-03T07:07:03.026+0000] {dagbag.py:536} INFO - Filling up the DagBag from /opt/airflow/dags/hook.py
[2023-12-03T07:07:03.032+0000] {processor.py:839} INFO - DAG(s) dict_keys(['s3_upload_csv']) retrieved from /opt/airflow/dags/hook.py
[2023-12-03T07:07:03.060+0000] {logging_mixin.py:154} INFO - [2023-12-03T07:07:03.060+0000] {dag.py:2941} INFO - Sync 1 DAGs
[2023-12-03T07:07:03.074+0000] {logging_mixin.py:154} INFO - [2023-12-03T07:07:03.074+0000] {dag.py:3722} INFO - Setting next_dagrun for s3_upload_csv to None, run_after=None
[2023-12-03T07:07:03.097+0000] {processor.py:179} INFO - Processing /opt/airflow/dags/hook.py took 0.100 seconds
[2023-12-03T07:07:33.134+0000] {processor.py:157} INFO - Started process (PID=3250) to work on /opt/airflow/dags/hook.py
[2023-12-03T07:07:33.156+0000] {processor.py:829} INFO - Processing file /opt/airflow/dags/hook.py for tasks to queue
[2023-12-03T07:07:33.159+0000] {logging_mixin.py:154} INFO - [2023-12-03T07:07:33.158+0000] {dagbag.py:536} INFO - Filling up the DagBag from /opt/airflow/dags/hook.py
[2023-12-03T07:07:33.164+0000] {processor.py:839} INFO - DAG(s) dict_keys(['s3_upload_csv']) retrieved from /opt/airflow/dags/hook.py
[2023-12-03T07:07:33.184+0000] {logging_mixin.py:154} INFO - [2023-12-03T07:07:33.183+0000] {dag.py:2941} INFO - Sync 1 DAGs
[2023-12-03T07:07:33.193+0000] {logging_mixin.py:154} INFO - [2023-12-03T07:07:33.192+0000] {dag.py:3722} INFO - Setting next_dagrun for s3_upload_csv to None, run_after=None
[2023-12-03T07:07:33.211+0000] {processor.py:179} INFO - Processing /opt/airflow/dags/hook.py took 0.081 seconds
[2023-12-03T07:08:03.431+0000] {processor.py:157} INFO - Started process (PID=3312) to work on /opt/airflow/dags/hook.py
[2023-12-03T07:08:03.455+0000] {processor.py:829} INFO - Processing file /opt/airflow/dags/hook.py for tasks to queue
[2023-12-03T07:08:03.457+0000] {logging_mixin.py:154} INFO - [2023-12-03T07:08:03.457+0000] {dagbag.py:536} INFO - Filling up the DagBag from /opt/airflow/dags/hook.py
[2023-12-03T07:08:03.462+0000] {processor.py:839} INFO - DAG(s) dict_keys(['s3_upload_csv']) retrieved from /opt/airflow/dags/hook.py
[2023-12-03T07:08:03.489+0000] {logging_mixin.py:154} INFO - [2023-12-03T07:08:03.488+0000] {dag.py:2941} INFO - Sync 1 DAGs
[2023-12-03T07:08:03.501+0000] {logging_mixin.py:154} INFO - [2023-12-03T07:08:03.501+0000] {dag.py:3722} INFO - Setting next_dagrun for s3_upload_csv to None, run_after=None
[2023-12-03T07:08:03.522+0000] {processor.py:179} INFO - Processing /opt/airflow/dags/hook.py took 0.096 seconds
[2023-12-03T07:08:33.583+0000] {processor.py:157} INFO - Started process (PID=3375) to work on /opt/airflow/dags/hook.py
[2023-12-03T07:08:33.606+0000] {processor.py:829} INFO - Processing file /opt/airflow/dags/hook.py for tasks to queue
[2023-12-03T07:08:33.609+0000] {logging_mixin.py:154} INFO - [2023-12-03T07:08:33.608+0000] {dagbag.py:536} INFO - Filling up the DagBag from /opt/airflow/dags/hook.py
[2023-12-03T07:08:33.614+0000] {processor.py:839} INFO - DAG(s) dict_keys(['s3_upload_csv']) retrieved from /opt/airflow/dags/hook.py
[2023-12-03T07:08:33.643+0000] {logging_mixin.py:154} INFO - [2023-12-03T07:08:33.643+0000] {dag.py:2941} INFO - Sync 1 DAGs
[2023-12-03T07:08:33.660+0000] {logging_mixin.py:154} INFO - [2023-12-03T07:08:33.659+0000] {dag.py:3722} INFO - Setting next_dagrun for s3_upload_csv to None, run_after=None
[2023-12-03T07:08:33.684+0000] {processor.py:179} INFO - Processing /opt/airflow/dags/hook.py took 0.105 seconds
[2023-12-03T07:09:04.426+0000] {processor.py:157} INFO - Started process (PID=3438) to work on /opt/airflow/dags/hook.py
[2023-12-03T07:09:04.429+0000] {processor.py:829} INFO - Processing file /opt/airflow/dags/hook.py for tasks to queue
[2023-12-03T07:09:04.432+0000] {logging_mixin.py:154} INFO - [2023-12-03T07:09:04.431+0000] {dagbag.py:536} INFO - Filling up the DagBag from /opt/airflow/dags/hook.py
[2023-12-03T07:09:04.437+0000] {processor.py:839} INFO - DAG(s) dict_keys(['s3_upload_csv']) retrieved from /opt/airflow/dags/hook.py
[2023-12-03T07:09:04.465+0000] {logging_mixin.py:154} INFO - [2023-12-03T07:09:04.464+0000] {dag.py:2941} INFO - Sync 1 DAGs
[2023-12-03T07:09:04.477+0000] {logging_mixin.py:154} INFO - [2023-12-03T07:09:04.477+0000] {dag.py:3722} INFO - Setting next_dagrun for s3_upload_csv to None, run_after=None
[2023-12-03T07:09:04.503+0000] {processor.py:179} INFO - Processing /opt/airflow/dags/hook.py took 0.079 seconds
[2023-12-03T07:09:34.812+0000] {processor.py:157} INFO - Started process (PID=3501) to work on /opt/airflow/dags/hook.py
[2023-12-03T07:09:34.835+0000] {processor.py:829} INFO - Processing file /opt/airflow/dags/hook.py for tasks to queue
[2023-12-03T07:09:34.838+0000] {logging_mixin.py:154} INFO - [2023-12-03T07:09:34.837+0000] {dagbag.py:536} INFO - Filling up the DagBag from /opt/airflow/dags/hook.py
[2023-12-03T07:09:34.844+0000] {processor.py:839} INFO - DAG(s) dict_keys(['s3_upload_csv']) retrieved from /opt/airflow/dags/hook.py
[2023-12-03T07:09:34.871+0000] {logging_mixin.py:154} INFO - [2023-12-03T07:09:34.871+0000] {dag.py:2941} INFO - Sync 1 DAGs
[2023-12-03T07:09:34.882+0000] {logging_mixin.py:154} INFO - [2023-12-03T07:09:34.882+0000] {dag.py:3722} INFO - Setting next_dagrun for s3_upload_csv to None, run_after=None
[2023-12-03T07:09:34.906+0000] {processor.py:179} INFO - Processing /opt/airflow/dags/hook.py took 0.098 seconds
[2023-12-03T07:10:05.144+0000] {processor.py:157} INFO - Started process (PID=3564) to work on /opt/airflow/dags/hook.py
[2023-12-03T07:10:05.168+0000] {processor.py:829} INFO - Processing file /opt/airflow/dags/hook.py for tasks to queue
[2023-12-03T07:10:05.170+0000] {logging_mixin.py:154} INFO - [2023-12-03T07:10:05.170+0000] {dagbag.py:536} INFO - Filling up the DagBag from /opt/airflow/dags/hook.py
[2023-12-03T07:10:05.176+0000] {processor.py:839} INFO - DAG(s) dict_keys(['s3_upload_csv']) retrieved from /opt/airflow/dags/hook.py
[2023-12-03T07:10:05.207+0000] {logging_mixin.py:154} INFO - [2023-12-03T07:10:05.207+0000] {dag.py:2941} INFO - Sync 1 DAGs
[2023-12-03T07:10:05.221+0000] {logging_mixin.py:154} INFO - [2023-12-03T07:10:05.221+0000] {dag.py:3722} INFO - Setting next_dagrun for s3_upload_csv to None, run_after=None
[2023-12-03T07:10:05.246+0000] {processor.py:179} INFO - Processing /opt/airflow/dags/hook.py took 0.104 seconds
[2023-12-03T07:10:35.862+0000] {processor.py:157} INFO - Started process (PID=3627) to work on /opt/airflow/dags/hook.py
[2023-12-03T07:10:35.885+0000] {processor.py:829} INFO - Processing file /opt/airflow/dags/hook.py for tasks to queue
[2023-12-03T07:10:35.888+0000] {logging_mixin.py:154} INFO - [2023-12-03T07:10:35.888+0000] {dagbag.py:536} INFO - Filling up the DagBag from /opt/airflow/dags/hook.py
[2023-12-03T07:10:35.894+0000] {processor.py:839} INFO - DAG(s) dict_keys(['s3_upload_csv']) retrieved from /opt/airflow/dags/hook.py
[2023-12-03T07:10:35.928+0000] {logging_mixin.py:154} INFO - [2023-12-03T07:10:35.928+0000] {dag.py:2941} INFO - Sync 1 DAGs
[2023-12-03T07:10:35.942+0000] {logging_mixin.py:154} INFO - [2023-12-03T07:10:35.941+0000] {dag.py:3722} INFO - Setting next_dagrun for s3_upload_csv to None, run_after=None
[2023-12-03T07:10:35.967+0000] {processor.py:179} INFO - Processing /opt/airflow/dags/hook.py took 0.112 seconds
[2023-12-03T07:11:06.569+0000] {processor.py:157} INFO - Started process (PID=3690) to work on /opt/airflow/dags/hook.py
[2023-12-03T07:11:06.571+0000] {processor.py:829} INFO - Processing file /opt/airflow/dags/hook.py for tasks to queue
[2023-12-03T07:11:06.573+0000] {logging_mixin.py:154} INFO - [2023-12-03T07:11:06.573+0000] {dagbag.py:536} INFO - Filling up the DagBag from /opt/airflow/dags/hook.py
[2023-12-03T07:11:06.579+0000] {processor.py:839} INFO - DAG(s) dict_keys(['s3_upload_csv']) retrieved from /opt/airflow/dags/hook.py
[2023-12-03T07:11:06.612+0000] {logging_mixin.py:154} INFO - [2023-12-03T07:11:06.612+0000] {dag.py:2941} INFO - Sync 1 DAGs
[2023-12-03T07:11:06.624+0000] {logging_mixin.py:154} INFO - [2023-12-03T07:11:06.624+0000] {dag.py:3722} INFO - Setting next_dagrun for s3_upload_csv to None, run_after=None
[2023-12-03T07:11:06.645+0000] {processor.py:179} INFO - Processing /opt/airflow/dags/hook.py took 0.081 seconds
[2023-12-03T07:11:37.386+0000] {processor.py:157} INFO - Started process (PID=3753) to work on /opt/airflow/dags/hook.py
[2023-12-03T07:11:37.409+0000] {processor.py:829} INFO - Processing file /opt/airflow/dags/hook.py for tasks to queue
[2023-12-03T07:11:37.411+0000] {logging_mixin.py:154} INFO - [2023-12-03T07:11:37.411+0000] {dagbag.py:536} INFO - Filling up the DagBag from /opt/airflow/dags/hook.py
[2023-12-03T07:11:37.417+0000] {processor.py:839} INFO - DAG(s) dict_keys(['s3_upload_csv']) retrieved from /opt/airflow/dags/hook.py
[2023-12-03T07:11:37.446+0000] {logging_mixin.py:154} INFO - [2023-12-03T07:11:37.445+0000] {dag.py:2941} INFO - Sync 1 DAGs
[2023-12-03T07:11:37.459+0000] {logging_mixin.py:154} INFO - [2023-12-03T07:11:37.459+0000] {dag.py:3722} INFO - Setting next_dagrun for s3_upload_csv to None, run_after=None
[2023-12-03T07:11:37.687+0000] {processor.py:179} INFO - Processing /opt/airflow/dags/hook.py took 0.305 seconds
[2023-12-03T07:12:07.844+0000] {processor.py:157} INFO - Started process (PID=3815) to work on /opt/airflow/dags/hook.py
[2023-12-03T07:12:07.869+0000] {processor.py:829} INFO - Processing file /opt/airflow/dags/hook.py for tasks to queue
[2023-12-03T07:12:07.871+0000] {logging_mixin.py:154} INFO - [2023-12-03T07:12:07.871+0000] {dagbag.py:536} INFO - Filling up the DagBag from /opt/airflow/dags/hook.py
[2023-12-03T07:12:07.878+0000] {processor.py:839} INFO - DAG(s) dict_keys(['s3_upload_csv']) retrieved from /opt/airflow/dags/hook.py
[2023-12-03T07:12:07.935+0000] {logging_mixin.py:154} INFO - [2023-12-03T07:12:07.935+0000] {dag.py:2941} INFO - Sync 1 DAGs
[2023-12-03T07:12:07.948+0000] {logging_mixin.py:154} INFO - [2023-12-03T07:12:07.948+0000] {dag.py:3722} INFO - Setting next_dagrun for s3_upload_csv to None, run_after=None
[2023-12-03T07:12:07.967+0000] {processor.py:179} INFO - Processing /opt/airflow/dags/hook.py took 0.127 seconds
[2023-12-03T07:12:38.489+0000] {processor.py:157} INFO - Started process (PID=3878) to work on /opt/airflow/dags/hook.py
[2023-12-03T07:12:38.512+0000] {processor.py:829} INFO - Processing file /opt/airflow/dags/hook.py for tasks to queue
[2023-12-03T07:12:38.515+0000] {logging_mixin.py:154} INFO - [2023-12-03T07:12:38.514+0000] {dagbag.py:536} INFO - Filling up the DagBag from /opt/airflow/dags/hook.py
[2023-12-03T07:12:38.520+0000] {processor.py:839} INFO - DAG(s) dict_keys(['s3_upload_csv']) retrieved from /opt/airflow/dags/hook.py
[2023-12-03T07:12:38.554+0000] {logging_mixin.py:154} INFO - [2023-12-03T07:12:38.553+0000] {dag.py:2941} INFO - Sync 1 DAGs
[2023-12-03T07:12:38.568+0000] {logging_mixin.py:154} INFO - [2023-12-03T07:12:38.567+0000] {dag.py:3722} INFO - Setting next_dagrun for s3_upload_csv to None, run_after=None
[2023-12-03T07:12:38.590+0000] {processor.py:179} INFO - Processing /opt/airflow/dags/hook.py took 0.104 seconds
[2023-12-03T07:13:09.009+0000] {processor.py:157} INFO - Started process (PID=3941) to work on /opt/airflow/dags/hook.py
[2023-12-03T07:13:09.032+0000] {processor.py:829} INFO - Processing file /opt/airflow/dags/hook.py for tasks to queue
[2023-12-03T07:13:09.034+0000] {logging_mixin.py:154} INFO - [2023-12-03T07:13:09.034+0000] {dagbag.py:536} INFO - Filling up the DagBag from /opt/airflow/dags/hook.py
[2023-12-03T07:13:09.040+0000] {processor.py:839} INFO - DAG(s) dict_keys(['s3_upload_csv']) retrieved from /opt/airflow/dags/hook.py
[2023-12-03T07:13:09.069+0000] {logging_mixin.py:154} INFO - [2023-12-03T07:13:09.069+0000] {dag.py:2941} INFO - Sync 1 DAGs
[2023-12-03T07:13:09.082+0000] {logging_mixin.py:154} INFO - [2023-12-03T07:13:09.082+0000] {dag.py:3722} INFO - Setting next_dagrun for s3_upload_csv to None, run_after=None
[2023-12-03T07:13:09.104+0000] {processor.py:179} INFO - Processing /opt/airflow/dags/hook.py took 0.099 seconds
[2023-12-03T07:13:39.298+0000] {processor.py:157} INFO - Started process (PID=4004) to work on /opt/airflow/dags/hook.py
[2023-12-03T07:13:39.323+0000] {processor.py:829} INFO - Processing file /opt/airflow/dags/hook.py for tasks to queue
[2023-12-03T07:13:39.331+0000] {logging_mixin.py:154} INFO - [2023-12-03T07:13:39.330+0000] {dagbag.py:536} INFO - Filling up the DagBag from /opt/airflow/dags/hook.py
[2023-12-03T07:13:39.337+0000] {processor.py:839} INFO - DAG(s) dict_keys(['s3_upload_csv']) retrieved from /opt/airflow/dags/hook.py
[2023-12-03T07:13:39.381+0000] {logging_mixin.py:154} INFO - [2023-12-03T07:13:39.381+0000] {dag.py:2941} INFO - Sync 1 DAGs
[2023-12-03T07:13:39.394+0000] {logging_mixin.py:154} INFO - [2023-12-03T07:13:39.394+0000] {dag.py:3722} INFO - Setting next_dagrun for s3_upload_csv to None, run_after=None
[2023-12-03T07:13:39.418+0000] {processor.py:179} INFO - Processing /opt/airflow/dags/hook.py took 0.123 seconds
[2023-12-03T07:14:09.831+0000] {processor.py:157} INFO - Started process (PID=4066) to work on /opt/airflow/dags/hook.py
[2023-12-03T07:14:09.854+0000] {processor.py:829} INFO - Processing file /opt/airflow/dags/hook.py for tasks to queue
[2023-12-03T07:14:09.857+0000] {logging_mixin.py:154} INFO - [2023-12-03T07:14:09.856+0000] {dagbag.py:536} INFO - Filling up the DagBag from /opt/airflow/dags/hook.py
[2023-12-03T07:14:09.863+0000] {processor.py:839} INFO - DAG(s) dict_keys(['s3_upload_csv']) retrieved from /opt/airflow/dags/hook.py
[2023-12-03T07:14:09.890+0000] {logging_mixin.py:154} INFO - [2023-12-03T07:14:09.890+0000] {dag.py:2941} INFO - Sync 1 DAGs
[2023-12-03T07:14:09.903+0000] {logging_mixin.py:154} INFO - [2023-12-03T07:14:09.903+0000] {dag.py:3722} INFO - Setting next_dagrun for s3_upload_csv to None, run_after=None
[2023-12-03T07:14:09.928+0000] {processor.py:179} INFO - Processing /opt/airflow/dags/hook.py took 0.101 seconds
[2023-12-03T07:14:40.246+0000] {processor.py:157} INFO - Started process (PID=4129) to work on /opt/airflow/dags/hook.py
[2023-12-03T07:14:40.270+0000] {processor.py:829} INFO - Processing file /opt/airflow/dags/hook.py for tasks to queue
[2023-12-03T07:14:40.272+0000] {logging_mixin.py:154} INFO - [2023-12-03T07:14:40.272+0000] {dagbag.py:536} INFO - Filling up the DagBag from /opt/airflow/dags/hook.py
[2023-12-03T07:14:40.278+0000] {processor.py:839} INFO - DAG(s) dict_keys(['s3_upload_csv']) retrieved from /opt/airflow/dags/hook.py
[2023-12-03T07:14:40.336+0000] {logging_mixin.py:154} INFO - [2023-12-03T07:14:40.335+0000] {dag.py:2941} INFO - Sync 1 DAGs
[2023-12-03T07:14:40.348+0000] {logging_mixin.py:154} INFO - [2023-12-03T07:14:40.348+0000] {dag.py:3722} INFO - Setting next_dagrun for s3_upload_csv to None, run_after=None
[2023-12-03T07:14:40.370+0000] {processor.py:179} INFO - Processing /opt/airflow/dags/hook.py took 0.126 seconds
[2023-12-03T07:15:10.484+0000] {processor.py:157} INFO - Started process (PID=4191) to work on /opt/airflow/dags/hook.py
[2023-12-03T07:15:10.507+0000] {processor.py:829} INFO - Processing file /opt/airflow/dags/hook.py for tasks to queue
[2023-12-03T07:15:10.509+0000] {logging_mixin.py:154} INFO - [2023-12-03T07:15:10.509+0000] {dagbag.py:536} INFO - Filling up the DagBag from /opt/airflow/dags/hook.py
[2023-12-03T07:15:10.524+0000] {processor.py:839} INFO - DAG(s) dict_keys(['s3_upload_csv']) retrieved from /opt/airflow/dags/hook.py
[2023-12-03T07:15:10.576+0000] {logging_mixin.py:154} INFO - [2023-12-03T07:15:10.575+0000] {dag.py:2941} INFO - Sync 1 DAGs
[2023-12-03T07:15:10.589+0000] {logging_mixin.py:154} INFO - [2023-12-03T07:15:10.589+0000] {dag.py:3722} INFO - Setting next_dagrun for s3_upload_csv to None, run_after=None
[2023-12-03T07:15:10.610+0000] {processor.py:179} INFO - Processing /opt/airflow/dags/hook.py took 0.129 seconds
[2023-12-03T07:15:41.614+0000] {processor.py:157} INFO - Started process (PID=4253) to work on /opt/airflow/dags/hook.py
[2023-12-03T07:15:41.620+0000] {processor.py:829} INFO - Processing file /opt/airflow/dags/hook.py for tasks to queue
[2023-12-03T07:15:41.623+0000] {logging_mixin.py:154} INFO - [2023-12-03T07:15:41.622+0000] {dagbag.py:536} INFO - Filling up the DagBag from /opt/airflow/dags/hook.py
[2023-12-03T07:15:41.628+0000] {processor.py:839} INFO - DAG(s) dict_keys(['s3_upload_csv']) retrieved from /opt/airflow/dags/hook.py
[2023-12-03T07:15:41.659+0000] {logging_mixin.py:154} INFO - [2023-12-03T07:15:41.659+0000] {dag.py:2941} INFO - Sync 1 DAGs
[2023-12-03T07:15:41.671+0000] {logging_mixin.py:154} INFO - [2023-12-03T07:15:41.671+0000] {dag.py:3722} INFO - Setting next_dagrun for s3_upload_csv to None, run_after=None
[2023-12-03T07:15:41.693+0000] {processor.py:179} INFO - Processing /opt/airflow/dags/hook.py took 0.083 seconds
[2023-12-03T07:16:12.055+0000] {processor.py:157} INFO - Started process (PID=4315) to work on /opt/airflow/dags/hook.py
[2023-12-03T07:16:12.057+0000] {processor.py:829} INFO - Processing file /opt/airflow/dags/hook.py for tasks to queue
[2023-12-03T07:16:12.060+0000] {logging_mixin.py:154} INFO - [2023-12-03T07:16:12.060+0000] {dagbag.py:536} INFO - Filling up the DagBag from /opt/airflow/dags/hook.py
[2023-12-03T07:16:12.066+0000] {processor.py:839} INFO - DAG(s) dict_keys(['s3_upload_csv']) retrieved from /opt/airflow/dags/hook.py
[2023-12-03T07:16:12.097+0000] {logging_mixin.py:154} INFO - [2023-12-03T07:16:12.097+0000] {dag.py:2941} INFO - Sync 1 DAGs
[2023-12-03T07:16:12.112+0000] {logging_mixin.py:154} INFO - [2023-12-03T07:16:12.112+0000] {dag.py:3722} INFO - Setting next_dagrun for s3_upload_csv to None, run_after=None
[2023-12-03T07:16:12.136+0000] {processor.py:179} INFO - Processing /opt/airflow/dags/hook.py took 0.084 seconds
[2023-12-03T07:16:42.847+0000] {processor.py:157} INFO - Started process (PID=4378) to work on /opt/airflow/dags/hook.py
[2023-12-03T07:16:42.870+0000] {processor.py:829} INFO - Processing file /opt/airflow/dags/hook.py for tasks to queue
[2023-12-03T07:16:42.872+0000] {logging_mixin.py:154} INFO - [2023-12-03T07:16:42.872+0000] {dagbag.py:536} INFO - Filling up the DagBag from /opt/airflow/dags/hook.py
[2023-12-03T07:16:42.878+0000] {processor.py:839} INFO - DAG(s) dict_keys(['s3_upload_csv']) retrieved from /opt/airflow/dags/hook.py
[2023-12-03T07:16:42.913+0000] {logging_mixin.py:154} INFO - [2023-12-03T07:16:42.912+0000] {dag.py:2941} INFO - Sync 1 DAGs
[2023-12-03T07:16:42.925+0000] {logging_mixin.py:154} INFO - [2023-12-03T07:16:42.925+0000] {dag.py:3722} INFO - Setting next_dagrun for s3_upload_csv to None, run_after=None
[2023-12-03T07:16:42.948+0000] {processor.py:179} INFO - Processing /opt/airflow/dags/hook.py took 0.104 seconds
[2023-12-03T07:17:13.537+0000] {processor.py:157} INFO - Started process (PID=4441) to work on /opt/airflow/dags/hook.py
[2023-12-03T07:17:13.560+0000] {processor.py:829} INFO - Processing file /opt/airflow/dags/hook.py for tasks to queue
[2023-12-03T07:17:13.562+0000] {logging_mixin.py:154} INFO - [2023-12-03T07:17:13.562+0000] {dagbag.py:536} INFO - Filling up the DagBag from /opt/airflow/dags/hook.py
[2023-12-03T07:17:13.568+0000] {processor.py:839} INFO - DAG(s) dict_keys(['s3_upload_csv']) retrieved from /opt/airflow/dags/hook.py
[2023-12-03T07:17:13.597+0000] {logging_mixin.py:154} INFO - [2023-12-03T07:17:13.597+0000] {dag.py:2941} INFO - Sync 1 DAGs
[2023-12-03T07:17:13.608+0000] {logging_mixin.py:154} INFO - [2023-12-03T07:17:13.608+0000] {dag.py:3722} INFO - Setting next_dagrun for s3_upload_csv to None, run_after=None
[2023-12-03T07:17:13.631+0000] {processor.py:179} INFO - Processing /opt/airflow/dags/hook.py took 0.097 seconds
[2023-12-03T07:17:43.943+0000] {processor.py:157} INFO - Started process (PID=4504) to work on /opt/airflow/dags/hook.py
[2023-12-03T07:17:43.966+0000] {processor.py:829} INFO - Processing file /opt/airflow/dags/hook.py for tasks to queue
[2023-12-03T07:17:43.968+0000] {logging_mixin.py:154} INFO - [2023-12-03T07:17:43.968+0000] {dagbag.py:536} INFO - Filling up the DagBag from /opt/airflow/dags/hook.py
[2023-12-03T07:17:43.974+0000] {processor.py:839} INFO - DAG(s) dict_keys(['s3_upload_csv']) retrieved from /opt/airflow/dags/hook.py
[2023-12-03T07:17:44.004+0000] {logging_mixin.py:154} INFO - [2023-12-03T07:17:44.004+0000] {dag.py:2941} INFO - Sync 1 DAGs
[2023-12-03T07:17:44.018+0000] {logging_mixin.py:154} INFO - [2023-12-03T07:17:44.018+0000] {dag.py:3722} INFO - Setting next_dagrun for s3_upload_csv to None, run_after=None
[2023-12-03T07:17:44.040+0000] {processor.py:179} INFO - Processing /opt/airflow/dags/hook.py took 0.100 seconds
[2023-12-03T07:18:14.760+0000] {processor.py:157} INFO - Started process (PID=4567) to work on /opt/airflow/dags/hook.py
[2023-12-03T07:18:14.789+0000] {processor.py:829} INFO - Processing file /opt/airflow/dags/hook.py for tasks to queue
[2023-12-03T07:18:14.791+0000] {logging_mixin.py:154} INFO - [2023-12-03T07:18:14.791+0000] {dagbag.py:536} INFO - Filling up the DagBag from /opt/airflow/dags/hook.py
[2023-12-03T07:18:14.796+0000] {processor.py:839} INFO - DAG(s) dict_keys(['s3_upload_csv']) retrieved from /opt/airflow/dags/hook.py
[2023-12-03T07:18:14.813+0000] {logging_mixin.py:154} INFO - [2023-12-03T07:18:14.813+0000] {dag.py:2941} INFO - Sync 1 DAGs
[2023-12-03T07:18:14.824+0000] {logging_mixin.py:154} INFO - [2023-12-03T07:18:14.823+0000] {dag.py:3722} INFO - Setting next_dagrun for s3_upload_csv to None, run_after=None
[2023-12-03T07:18:14.841+0000] {processor.py:179} INFO - Processing /opt/airflow/dags/hook.py took 0.085 seconds
[2023-12-03T07:18:44.959+0000] {processor.py:157} INFO - Started process (PID=4629) to work on /opt/airflow/dags/hook.py
[2023-12-03T07:18:44.987+0000] {processor.py:829} INFO - Processing file /opt/airflow/dags/hook.py for tasks to queue
[2023-12-03T07:18:44.990+0000] {logging_mixin.py:154} INFO - [2023-12-03T07:18:44.990+0000] {dagbag.py:536} INFO - Filling up the DagBag from /opt/airflow/dags/hook.py
[2023-12-03T07:18:44.997+0000] {processor.py:839} INFO - DAG(s) dict_keys(['s3_upload_csv']) retrieved from /opt/airflow/dags/hook.py
[2023-12-03T07:18:45.028+0000] {logging_mixin.py:154} INFO - [2023-12-03T07:18:45.028+0000] {dag.py:2941} INFO - Sync 1 DAGs
[2023-12-03T07:18:45.042+0000] {logging_mixin.py:154} INFO - [2023-12-03T07:18:45.042+0000] {dag.py:3722} INFO - Setting next_dagrun for s3_upload_csv to None, run_after=None
[2023-12-03T07:18:45.064+0000] {processor.py:179} INFO - Processing /opt/airflow/dags/hook.py took 0.108 seconds
[2023-12-03T07:19:15.193+0000] {processor.py:157} INFO - Started process (PID=4692) to work on /opt/airflow/dags/hook.py
[2023-12-03T07:19:15.221+0000] {processor.py:829} INFO - Processing file /opt/airflow/dags/hook.py for tasks to queue
[2023-12-03T07:19:15.223+0000] {logging_mixin.py:154} INFO - [2023-12-03T07:19:15.223+0000] {dagbag.py:536} INFO - Filling up the DagBag from /opt/airflow/dags/hook.py
[2023-12-03T07:19:15.229+0000] {processor.py:839} INFO - DAG(s) dict_keys(['s3_upload_csv']) retrieved from /opt/airflow/dags/hook.py
[2023-12-03T07:19:15.278+0000] {logging_mixin.py:154} INFO - [2023-12-03T07:19:15.277+0000] {dag.py:2941} INFO - Sync 1 DAGs
[2023-12-03T07:19:15.289+0000] {logging_mixin.py:154} INFO - [2023-12-03T07:19:15.289+0000] {dag.py:3722} INFO - Setting next_dagrun for s3_upload_csv to None, run_after=None
[2023-12-03T07:19:15.317+0000] {processor.py:179} INFO - Processing /opt/airflow/dags/hook.py took 0.128 seconds
[2023-12-03T07:19:45.800+0000] {processor.py:157} INFO - Started process (PID=4755) to work on /opt/airflow/dags/hook.py
[2023-12-03T07:19:45.833+0000] {processor.py:829} INFO - Processing file /opt/airflow/dags/hook.py for tasks to queue
[2023-12-03T07:19:45.837+0000] {logging_mixin.py:154} INFO - [2023-12-03T07:19:45.836+0000] {dagbag.py:536} INFO - Filling up the DagBag from /opt/airflow/dags/hook.py
[2023-12-03T07:19:45.842+0000] {processor.py:839} INFO - DAG(s) dict_keys(['s3_upload_csv']) retrieved from /opt/airflow/dags/hook.py
[2023-12-03T07:19:45.865+0000] {logging_mixin.py:154} INFO - [2023-12-03T07:19:45.864+0000] {dag.py:2941} INFO - Sync 1 DAGs
[2023-12-03T07:19:45.877+0000] {logging_mixin.py:154} INFO - [2023-12-03T07:19:45.876+0000] {dag.py:3722} INFO - Setting next_dagrun for s3_upload_csv to None, run_after=None
[2023-12-03T07:19:45.899+0000] {processor.py:179} INFO - Processing /opt/airflow/dags/hook.py took 0.106 seconds
[2023-12-03T07:20:16.217+0000] {processor.py:157} INFO - Started process (PID=4818) to work on /opt/airflow/dags/hook.py
[2023-12-03T07:20:16.235+0000] {processor.py:829} INFO - Processing file /opt/airflow/dags/hook.py for tasks to queue
[2023-12-03T07:20:16.238+0000] {logging_mixin.py:154} INFO - [2023-12-03T07:20:16.237+0000] {dagbag.py:536} INFO - Filling up the DagBag from /opt/airflow/dags/hook.py
[2023-12-03T07:20:16.245+0000] {processor.py:839} INFO - DAG(s) dict_keys(['s3_upload_csv']) retrieved from /opt/airflow/dags/hook.py
[2023-12-03T07:20:16.301+0000] {logging_mixin.py:154} INFO - [2023-12-03T07:20:16.300+0000] {dag.py:2941} INFO - Sync 1 DAGs
[2023-12-03T07:20:16.314+0000] {logging_mixin.py:154} INFO - [2023-12-03T07:20:16.314+0000] {dag.py:3722} INFO - Setting next_dagrun for s3_upload_csv to None, run_after=None
[2023-12-03T07:20:16.331+0000] {processor.py:179} INFO - Processing /opt/airflow/dags/hook.py took 0.118 seconds
[2023-12-03T07:20:46.842+0000] {processor.py:157} INFO - Started process (PID=4881) to work on /opt/airflow/dags/hook.py
[2023-12-03T07:20:46.846+0000] {processor.py:829} INFO - Processing file /opt/airflow/dags/hook.py for tasks to queue
[2023-12-03T07:20:46.851+0000] {logging_mixin.py:154} INFO - [2023-12-03T07:20:46.849+0000] {dagbag.py:536} INFO - Filling up the DagBag from /opt/airflow/dags/hook.py
[2023-12-03T07:20:46.860+0000] {processor.py:839} INFO - DAG(s) dict_keys(['s3_upload_csv']) retrieved from /opt/airflow/dags/hook.py
[2023-12-03T07:20:46.899+0000] {logging_mixin.py:154} INFO - [2023-12-03T07:20:46.899+0000] {dag.py:2941} INFO - Sync 1 DAGs
[2023-12-03T07:20:46.920+0000] {logging_mixin.py:154} INFO - [2023-12-03T07:20:46.920+0000] {dag.py:3722} INFO - Setting next_dagrun for s3_upload_csv to None, run_after=None
[2023-12-03T07:20:46.941+0000] {processor.py:179} INFO - Processing /opt/airflow/dags/hook.py took 0.102 seconds
[2023-12-03T07:21:17.213+0000] {processor.py:157} INFO - Started process (PID=4944) to work on /opt/airflow/dags/hook.py
[2023-12-03T07:21:17.213+0000] {processor.py:829} INFO - Processing file /opt/airflow/dags/hook.py for tasks to queue
[2023-12-03T07:21:17.216+0000] {logging_mixin.py:154} INFO - [2023-12-03T07:21:17.216+0000] {dagbag.py:536} INFO - Filling up the DagBag from /opt/airflow/dags/hook.py
[2023-12-03T07:21:17.222+0000] {processor.py:839} INFO - DAG(s) dict_keys(['s3_upload_csv']) retrieved from /opt/airflow/dags/hook.py
[2023-12-03T07:21:17.249+0000] {logging_mixin.py:154} INFO - [2023-12-03T07:21:17.248+0000] {dag.py:2941} INFO - Sync 1 DAGs
[2023-12-03T07:21:17.261+0000] {logging_mixin.py:154} INFO - [2023-12-03T07:21:17.261+0000] {dag.py:3722} INFO - Setting next_dagrun for s3_upload_csv to None, run_after=None
[2023-12-03T07:21:17.317+0000] {processor.py:179} INFO - Processing /opt/airflow/dags/hook.py took 0.108 seconds
[2023-12-03T07:21:47.496+0000] {processor.py:157} INFO - Started process (PID=5007) to work on /opt/airflow/dags/hook.py
[2023-12-03T07:21:47.499+0000] {processor.py:829} INFO - Processing file /opt/airflow/dags/hook.py for tasks to queue
[2023-12-03T07:21:47.501+0000] {logging_mixin.py:154} INFO - [2023-12-03T07:21:47.501+0000] {dagbag.py:536} INFO - Filling up the DagBag from /opt/airflow/dags/hook.py
[2023-12-03T07:21:47.507+0000] {processor.py:839} INFO - DAG(s) dict_keys(['s3_upload_csv']) retrieved from /opt/airflow/dags/hook.py
[2023-12-03T07:21:47.534+0000] {logging_mixin.py:154} INFO - [2023-12-03T07:21:47.533+0000] {dag.py:2941} INFO - Sync 1 DAGs
[2023-12-03T07:21:47.546+0000] {logging_mixin.py:154} INFO - [2023-12-03T07:21:47.545+0000] {dag.py:3722} INFO - Setting next_dagrun for s3_upload_csv to None, run_after=None
[2023-12-03T07:21:47.566+0000] {processor.py:179} INFO - Processing /opt/airflow/dags/hook.py took 0.073 seconds
[2023-12-03T07:22:18.095+0000] {processor.py:157} INFO - Started process (PID=5070) to work on /opt/airflow/dags/hook.py
[2023-12-03T07:22:18.096+0000] {processor.py:829} INFO - Processing file /opt/airflow/dags/hook.py for tasks to queue
[2023-12-03T07:22:18.098+0000] {logging_mixin.py:154} INFO - [2023-12-03T07:22:18.098+0000] {dagbag.py:536} INFO - Filling up the DagBag from /opt/airflow/dags/hook.py
[2023-12-03T07:22:18.103+0000] {processor.py:839} INFO - DAG(s) dict_keys(['s3_upload_csv']) retrieved from /opt/airflow/dags/hook.py
[2023-12-03T07:22:18.120+0000] {logging_mixin.py:154} INFO - [2023-12-03T07:22:18.120+0000] {dag.py:2941} INFO - Sync 1 DAGs
[2023-12-03T07:22:18.131+0000] {logging_mixin.py:154} INFO - [2023-12-03T07:22:18.131+0000] {dag.py:3722} INFO - Setting next_dagrun for s3_upload_csv to None, run_after=None
[2023-12-03T07:22:18.148+0000] {processor.py:179} INFO - Processing /opt/airflow/dags/hook.py took 0.055 seconds
[2023-12-03T07:22:48.319+0000] {processor.py:157} INFO - Started process (PID=5130) to work on /opt/airflow/dags/hook.py
[2023-12-03T07:22:48.320+0000] {processor.py:829} INFO - Processing file /opt/airflow/dags/hook.py for tasks to queue
[2023-12-03T07:22:48.323+0000] {logging_mixin.py:154} INFO - [2023-12-03T07:22:48.323+0000] {dagbag.py:536} INFO - Filling up the DagBag from /opt/airflow/dags/hook.py
[2023-12-03T07:22:48.327+0000] {processor.py:839} INFO - DAG(s) dict_keys(['s3_upload_csv']) retrieved from /opt/airflow/dags/hook.py
[2023-12-03T07:22:48.359+0000] {logging_mixin.py:154} INFO - [2023-12-03T07:22:48.359+0000] {dag.py:2941} INFO - Sync 1 DAGs
[2023-12-03T07:22:48.370+0000] {logging_mixin.py:154} INFO - [2023-12-03T07:22:48.370+0000] {dag.py:3722} INFO - Setting next_dagrun for s3_upload_csv to None, run_after=None
[2023-12-03T07:22:48.398+0000] {processor.py:179} INFO - Processing /opt/airflow/dags/hook.py took 0.083 seconds
[2023-12-03T07:23:18.486+0000] {processor.py:157} INFO - Started process (PID=5193) to work on /opt/airflow/dags/hook.py
[2023-12-03T07:23:18.487+0000] {processor.py:829} INFO - Processing file /opt/airflow/dags/hook.py for tasks to queue
[2023-12-03T07:23:18.489+0000] {logging_mixin.py:154} INFO - [2023-12-03T07:23:18.488+0000] {dagbag.py:536} INFO - Filling up the DagBag from /opt/airflow/dags/hook.py
[2023-12-03T07:23:18.494+0000] {processor.py:839} INFO - DAG(s) dict_keys(['s3_upload_csv']) retrieved from /opt/airflow/dags/hook.py
[2023-12-03T07:23:18.511+0000] {logging_mixin.py:154} INFO - [2023-12-03T07:23:18.511+0000] {dag.py:2941} INFO - Sync 1 DAGs
[2023-12-03T07:23:18.522+0000] {logging_mixin.py:154} INFO - [2023-12-03T07:23:18.522+0000] {dag.py:3722} INFO - Setting next_dagrun for s3_upload_csv to None, run_after=None
[2023-12-03T07:23:18.584+0000] {processor.py:179} INFO - Processing /opt/airflow/dags/hook.py took 0.101 seconds
[2023-12-03T07:23:48.792+0000] {processor.py:157} INFO - Started process (PID=5255) to work on /opt/airflow/dags/hook.py
[2023-12-03T07:23:48.830+0000] {processor.py:829} INFO - Processing file /opt/airflow/dags/hook.py for tasks to queue
[2023-12-03T07:23:48.832+0000] {logging_mixin.py:154} INFO - [2023-12-03T07:23:48.832+0000] {dagbag.py:536} INFO - Filling up the DagBag from /opt/airflow/dags/hook.py
[2023-12-03T07:23:48.838+0000] {processor.py:839} INFO - DAG(s) dict_keys(['s3_upload_csv']) retrieved from /opt/airflow/dags/hook.py
[2023-12-03T07:23:48.873+0000] {logging_mixin.py:154} INFO - [2023-12-03T07:23:48.873+0000] {dag.py:2941} INFO - Sync 1 DAGs
[2023-12-03T07:23:48.891+0000] {logging_mixin.py:154} INFO - [2023-12-03T07:23:48.891+0000] {dag.py:3722} INFO - Setting next_dagrun for s3_upload_csv to None, run_after=None
[2023-12-03T07:23:48.914+0000] {processor.py:179} INFO - Processing /opt/airflow/dags/hook.py took 0.125 seconds
[2023-12-03T07:24:19.396+0000] {processor.py:157} INFO - Started process (PID=5318) to work on /opt/airflow/dags/hook.py
[2023-12-03T07:24:19.436+0000] {processor.py:829} INFO - Processing file /opt/airflow/dags/hook.py for tasks to queue
[2023-12-03T07:24:19.439+0000] {logging_mixin.py:154} INFO - [2023-12-03T07:24:19.439+0000] {dagbag.py:536} INFO - Filling up the DagBag from /opt/airflow/dags/hook.py
[2023-12-03T07:24:19.446+0000] {processor.py:839} INFO - DAG(s) dict_keys(['s3_upload_csv']) retrieved from /opt/airflow/dags/hook.py
[2023-12-03T07:24:19.472+0000] {logging_mixin.py:154} INFO - [2023-12-03T07:24:19.472+0000] {dag.py:2941} INFO - Sync 1 DAGs
[2023-12-03T07:24:19.487+0000] {logging_mixin.py:154} INFO - [2023-12-03T07:24:19.486+0000] {dag.py:3722} INFO - Setting next_dagrun for s3_upload_csv to None, run_after=None
[2023-12-03T07:24:19.511+0000] {processor.py:179} INFO - Processing /opt/airflow/dags/hook.py took 0.119 seconds
[2023-12-03T07:24:50.346+0000] {processor.py:157} INFO - Started process (PID=5382) to work on /opt/airflow/dags/hook.py
[2023-12-03T07:24:50.354+0000] {processor.py:829} INFO - Processing file /opt/airflow/dags/hook.py for tasks to queue
[2023-12-03T07:24:50.357+0000] {logging_mixin.py:154} INFO - [2023-12-03T07:24:50.357+0000] {dagbag.py:536} INFO - Filling up the DagBag from /opt/airflow/dags/hook.py
[2023-12-03T07:24:50.363+0000] {processor.py:839} INFO - DAG(s) dict_keys(['s3_upload_csv']) retrieved from /opt/airflow/dags/hook.py
[2023-12-03T07:24:50.394+0000] {logging_mixin.py:154} INFO - [2023-12-03T07:24:50.393+0000] {dag.py:2941} INFO - Sync 1 DAGs
[2023-12-03T07:24:50.409+0000] {logging_mixin.py:154} INFO - [2023-12-03T07:24:50.408+0000] {dag.py:3722} INFO - Setting next_dagrun for s3_upload_csv to None, run_after=None
[2023-12-03T07:24:50.430+0000] {processor.py:179} INFO - Processing /opt/airflow/dags/hook.py took 0.087 seconds
[2023-12-03T07:25:21.040+0000] {processor.py:157} INFO - Started process (PID=5445) to work on /opt/airflow/dags/hook.py
[2023-12-03T07:25:21.048+0000] {processor.py:829} INFO - Processing file /opt/airflow/dags/hook.py for tasks to queue
[2023-12-03T07:25:21.050+0000] {logging_mixin.py:154} INFO - [2023-12-03T07:25:21.050+0000] {dagbag.py:536} INFO - Filling up the DagBag from /opt/airflow/dags/hook.py
[2023-12-03T07:25:21.056+0000] {processor.py:839} INFO - DAG(s) dict_keys(['s3_upload_csv']) retrieved from /opt/airflow/dags/hook.py
[2023-12-03T07:25:21.099+0000] {logging_mixin.py:154} INFO - [2023-12-03T07:25:21.099+0000] {dag.py:2941} INFO - Sync 1 DAGs
[2023-12-03T07:25:21.109+0000] {logging_mixin.py:154} INFO - [2023-12-03T07:25:21.109+0000] {dag.py:3722} INFO - Setting next_dagrun for s3_upload_csv to None, run_after=None
[2023-12-03T07:25:21.130+0000] {processor.py:179} INFO - Processing /opt/airflow/dags/hook.py took 0.094 seconds
[2023-12-03T07:25:51.865+0000] {processor.py:157} INFO - Started process (PID=5508) to work on /opt/airflow/dags/hook.py
[2023-12-03T07:25:51.889+0000] {processor.py:829} INFO - Processing file /opt/airflow/dags/hook.py for tasks to queue
[2023-12-03T07:25:51.891+0000] {logging_mixin.py:154} INFO - [2023-12-03T07:25:51.891+0000] {dagbag.py:536} INFO - Filling up the DagBag from /opt/airflow/dags/hook.py
[2023-12-03T07:25:51.897+0000] {processor.py:839} INFO - DAG(s) dict_keys(['s3_upload_csv']) retrieved from /opt/airflow/dags/hook.py
[2023-12-03T07:25:51.937+0000] {logging_mixin.py:154} INFO - [2023-12-03T07:25:51.937+0000] {dag.py:2941} INFO - Sync 1 DAGs
[2023-12-03T07:25:51.952+0000] {logging_mixin.py:154} INFO - [2023-12-03T07:25:51.952+0000] {dag.py:3722} INFO - Setting next_dagrun for s3_upload_csv to None, run_after=None
[2023-12-03T07:25:51.978+0000] {processor.py:179} INFO - Processing /opt/airflow/dags/hook.py took 0.116 seconds
[2023-12-03T07:40:53.688+0000] {processor.py:157} INFO - Started process (PID=5556) to work on /opt/airflow/dags/hook.py
[2023-12-03T07:40:53.917+0000] {processor.py:829} INFO - Processing file /opt/airflow/dags/hook.py for tasks to queue
[2023-12-03T07:40:53.946+0000] {logging_mixin.py:154} INFO - [2023-12-03T07:40:53.945+0000] {dagbag.py:536} INFO - Filling up the DagBag from /opt/airflow/dags/hook.py
[2023-12-03T07:40:54.145+0000] {processor.py:839} INFO - DAG(s) dict_keys(['s3_upload_csv']) retrieved from /opt/airflow/dags/hook.py
[2023-12-03T07:40:56.807+0000] {logging_mixin.py:154} INFO - [2023-12-03T07:40:56.806+0000] {dag.py:2941} INFO - Sync 1 DAGs
[2023-12-03T07:40:57.187+0000] {logging_mixin.py:154} INFO - [2023-12-03T07:40:57.186+0000] {dag.py:3722} INFO - Setting next_dagrun for s3_upload_csv to None, run_after=None
[2023-12-03T07:40:57.737+0000] {processor.py:179} INFO - Processing /opt/airflow/dags/hook.py took 4.106 seconds
[2023-12-03T07:41:28.476+0000] {processor.py:157} INFO - Started process (PID=5619) to work on /opt/airflow/dags/hook.py
[2023-12-03T07:41:28.479+0000] {processor.py:829} INFO - Processing file /opt/airflow/dags/hook.py for tasks to queue
[2023-12-03T07:41:28.484+0000] {logging_mixin.py:154} INFO - [2023-12-03T07:41:28.483+0000] {dagbag.py:536} INFO - Filling up the DagBag from /opt/airflow/dags/hook.py
[2023-12-03T07:41:28.491+0000] {processor.py:839} INFO - DAG(s) dict_keys(['s3_upload_csv']) retrieved from /opt/airflow/dags/hook.py
[2023-12-03T07:41:28.537+0000] {logging_mixin.py:154} INFO - [2023-12-03T07:41:28.537+0000] {dag.py:2941} INFO - Sync 1 DAGs
[2023-12-03T07:41:28.554+0000] {logging_mixin.py:154} INFO - [2023-12-03T07:41:28.553+0000] {dag.py:3722} INFO - Setting next_dagrun for s3_upload_csv to None, run_after=None
[2023-12-03T07:41:28.577+0000] {processor.py:179} INFO - Processing /opt/airflow/dags/hook.py took 0.108 seconds
[2023-12-03T07:41:58.830+0000] {processor.py:157} INFO - Started process (PID=5682) to work on /opt/airflow/dags/hook.py
[2023-12-03T07:41:58.872+0000] {processor.py:829} INFO - Processing file /opt/airflow/dags/hook.py for tasks to queue
[2023-12-03T07:41:58.874+0000] {logging_mixin.py:154} INFO - [2023-12-03T07:41:58.874+0000] {dagbag.py:536} INFO - Filling up the DagBag from /opt/airflow/dags/hook.py
[2023-12-03T07:41:58.879+0000] {processor.py:839} INFO - DAG(s) dict_keys(['s3_upload_csv']) retrieved from /opt/airflow/dags/hook.py
[2023-12-03T07:41:58.939+0000] {logging_mixin.py:154} INFO - [2023-12-03T07:41:58.938+0000] {dag.py:2941} INFO - Sync 1 DAGs
[2023-12-03T07:41:58.953+0000] {logging_mixin.py:154} INFO - [2023-12-03T07:41:58.953+0000] {dag.py:3722} INFO - Setting next_dagrun for s3_upload_csv to None, run_after=None
[2023-12-03T07:41:58.996+0000] {processor.py:179} INFO - Processing /opt/airflow/dags/hook.py took 0.168 seconds
[2023-12-03T07:42:29.153+0000] {processor.py:157} INFO - Started process (PID=5745) to work on /opt/airflow/dags/hook.py
[2023-12-03T07:42:29.219+0000] {processor.py:829} INFO - Processing file /opt/airflow/dags/hook.py for tasks to queue
[2023-12-03T07:42:29.495+0000] {logging_mixin.py:154} INFO - [2023-12-03T07:42:29.482+0000] {dagbag.py:536} INFO - Filling up the DagBag from /opt/airflow/dags/hook.py
[2023-12-03T07:42:30.019+0000] {processor.py:839} INFO - DAG(s) dict_keys(['s3_upload_csv']) retrieved from /opt/airflow/dags/hook.py
[2023-12-03T07:42:30.367+0000] {logging_mixin.py:154} INFO - [2023-12-03T07:42:30.367+0000] {dag.py:2941} INFO - Sync 1 DAGs
[2023-12-03T07:42:30.674+0000] {logging_mixin.py:154} INFO - [2023-12-03T07:42:30.674+0000] {dag.py:3722} INFO - Setting next_dagrun for s3_upload_csv to None, run_after=None
[2023-12-03T07:42:31.280+0000] {processor.py:179} INFO - Processing /opt/airflow/dags/hook.py took 2.146 seconds
