[2023-12-03T06:36:14.778+0000] {processor.py:157} INFO - Started process (PID=44) to work on /opt/airflow/dags/multiple.py
[2023-12-03T06:36:14.780+0000] {processor.py:829} INFO - Processing file /opt/airflow/dags/multiple.py for tasks to queue
[2023-12-03T06:36:14.810+0000] {logging_mixin.py:154} INFO - [2023-12-03T06:36:14.806+0000] {dagbag.py:536} INFO - Filling up the DagBag from /opt/airflow/dags/multiple.py
[2023-12-03T06:36:14.910+0000] {processor.py:839} INFO - DAG(s) dict_keys(['api_dag1']) retrieved from /opt/airflow/dags/multiple.py
[2023-12-03T06:36:17.857+0000] {logging_mixin.py:154} INFO - [2023-12-03T06:36:17.857+0000] {dag.py:2941} INFO - Sync 1 DAGs
[2023-12-03T06:36:18.087+0000] {logging_mixin.py:154} INFO - [2023-12-03T06:36:18.086+0000] {dag.py:3722} INFO - Setting next_dagrun for api_dag1 to 2023-12-02T00:00:00+00:00, run_after=2023-12-03T00:00:00+00:00
[2023-12-03T06:36:18.329+0000] {processor.py:179} INFO - Processing /opt/airflow/dags/multiple.py took 3.582 seconds
[2023-12-03T06:38:13.566+0000] {processor.py:157} INFO - Started process (PID=142) to work on /opt/airflow/dags/multiple.py
[2023-12-03T06:38:13.593+0000] {processor.py:829} INFO - Processing file /opt/airflow/dags/multiple.py for tasks to queue
[2023-12-03T06:38:13.610+0000] {logging_mixin.py:154} INFO - [2023-12-03T06:38:13.609+0000] {dagbag.py:536} INFO - Filling up the DagBag from /opt/airflow/dags/multiple.py
[2023-12-03T06:38:13.717+0000] {processor.py:839} INFO - DAG(s) dict_keys(['api_dag1']) retrieved from /opt/airflow/dags/multiple.py
[2023-12-03T06:38:14.183+0000] {logging_mixin.py:154} INFO - [2023-12-03T06:38:14.179+0000] {dag.py:2941} INFO - Sync 1 DAGs
[2023-12-03T06:38:16.060+0000] {logging_mixin.py:154} INFO - [2023-12-03T06:38:16.056+0000] {dag.py:3722} INFO - Setting next_dagrun for api_dag1 to 2023-12-03T00:00:00+00:00, run_after=2023-12-04T00:00:00+00:00
[2023-12-03T06:38:16.497+0000] {processor.py:179} INFO - Processing /opt/airflow/dags/multiple.py took 2.961 seconds
[2023-12-03T06:38:47.375+0000] {processor.py:157} INFO - Started process (PID=203) to work on /opt/airflow/dags/multiple.py
[2023-12-03T06:38:47.385+0000] {processor.py:829} INFO - Processing file /opt/airflow/dags/multiple.py for tasks to queue
[2023-12-03T06:38:47.407+0000] {logging_mixin.py:154} INFO - [2023-12-03T06:38:47.403+0000] {dagbag.py:536} INFO - Filling up the DagBag from /opt/airflow/dags/multiple.py
[2023-12-03T06:38:47.466+0000] {processor.py:839} INFO - DAG(s) dict_keys(['api_dag1']) retrieved from /opt/airflow/dags/multiple.py
[2023-12-03T06:38:47.922+0000] {logging_mixin.py:154} INFO - [2023-12-03T06:38:47.922+0000] {dag.py:2941} INFO - Sync 1 DAGs
[2023-12-03T06:38:48.094+0000] {logging_mixin.py:154} INFO - [2023-12-03T06:38:48.093+0000] {dag.py:3722} INFO - Setting next_dagrun for api_dag1 to 2023-12-03T00:00:00+00:00, run_after=2023-12-04T00:00:00+00:00
[2023-12-03T06:38:48.335+0000] {processor.py:179} INFO - Processing /opt/airflow/dags/multiple.py took 0.976 seconds
[2023-12-03T06:39:29.991+0000] {processor.py:157} INFO - Started process (PID=269) to work on /opt/airflow/dags/multiple.py
[2023-12-03T06:39:30.026+0000] {processor.py:829} INFO - Processing file /opt/airflow/dags/multiple.py for tasks to queue
[2023-12-03T06:39:30.057+0000] {logging_mixin.py:154} INFO - [2023-12-03T06:39:30.038+0000] {dagbag.py:536} INFO - Filling up the DagBag from /opt/airflow/dags/multiple.py
[2023-12-03T06:39:30.077+0000] {processor.py:839} INFO - DAG(s) dict_keys(['api_dag1']) retrieved from /opt/airflow/dags/multiple.py
[2023-12-03T06:39:31.014+0000] {logging_mixin.py:154} INFO - [2023-12-03T06:39:31.005+0000] {dag.py:2941} INFO - Sync 1 DAGs
[2023-12-03T06:39:31.330+0000] {logging_mixin.py:154} INFO - [2023-12-03T06:39:31.330+0000] {dag.py:3722} INFO - Setting next_dagrun for api_dag1 to 2023-12-03T00:00:00+00:00, run_after=2023-12-04T00:00:00+00:00
[2023-12-03T06:39:32.025+0000] {processor.py:179} INFO - Processing /opt/airflow/dags/multiple.py took 2.049 seconds
[2023-12-03T06:40:17.844+0000] {processor.py:157} INFO - Started process (PID=336) to work on /opt/airflow/dags/multiple.py
[2023-12-03T06:40:17.847+0000] {processor.py:829} INFO - Processing file /opt/airflow/dags/multiple.py for tasks to queue
[2023-12-03T06:40:17.851+0000] {logging_mixin.py:154} INFO - [2023-12-03T06:40:17.850+0000] {dagbag.py:536} INFO - Filling up the DagBag from /opt/airflow/dags/multiple.py
[2023-12-03T06:40:17.875+0000] {processor.py:839} INFO - DAG(s) dict_keys(['api_dag1']) retrieved from /opt/airflow/dags/multiple.py
[2023-12-03T06:40:18.135+0000] {logging_mixin.py:154} INFO - [2023-12-03T06:40:18.134+0000] {dag.py:2941} INFO - Sync 1 DAGs
[2023-12-03T06:40:18.245+0000] {logging_mixin.py:154} INFO - [2023-12-03T06:40:18.245+0000] {dag.py:3722} INFO - Setting next_dagrun for api_dag1 to 2023-12-03T00:00:00+00:00, run_after=2023-12-04T00:00:00+00:00
[2023-12-03T06:40:18.368+0000] {processor.py:179} INFO - Processing /opt/airflow/dags/multiple.py took 0.537 seconds
[2023-12-03T06:40:49.656+0000] {processor.py:157} INFO - Started process (PID=399) to work on /opt/airflow/dags/multiple.py
[2023-12-03T06:40:49.693+0000] {processor.py:829} INFO - Processing file /opt/airflow/dags/multiple.py for tasks to queue
[2023-12-03T06:40:49.735+0000] {logging_mixin.py:154} INFO - [2023-12-03T06:40:49.735+0000] {dagbag.py:536} INFO - Filling up the DagBag from /opt/airflow/dags/multiple.py
[2023-12-03T06:40:49.799+0000] {processor.py:839} INFO - DAG(s) dict_keys(['api_dag1']) retrieved from /opt/airflow/dags/multiple.py
[2023-12-03T06:40:50.119+0000] {logging_mixin.py:154} INFO - [2023-12-03T06:40:50.118+0000] {dag.py:2941} INFO - Sync 1 DAGs
[2023-12-03T06:40:50.313+0000] {logging_mixin.py:154} INFO - [2023-12-03T06:40:50.313+0000] {dag.py:3722} INFO - Setting next_dagrun for api_dag1 to 2023-12-03T00:00:00+00:00, run_after=2023-12-04T00:00:00+00:00
[2023-12-03T06:40:50.422+0000] {processor.py:179} INFO - Processing /opt/airflow/dags/multiple.py took 0.784 seconds
[2023-12-03T06:41:23.971+0000] {processor.py:157} INFO - Started process (PID=461) to work on /opt/airflow/dags/multiple.py
[2023-12-03T06:41:24.003+0000] {processor.py:829} INFO - Processing file /opt/airflow/dags/multiple.py for tasks to queue
[2023-12-03T06:41:24.007+0000] {logging_mixin.py:154} INFO - [2023-12-03T06:41:24.006+0000] {dagbag.py:536} INFO - Filling up the DagBag from /opt/airflow/dags/multiple.py
[2023-12-03T06:41:24.022+0000] {processor.py:839} INFO - DAG(s) dict_keys(['api_dag1']) retrieved from /opt/airflow/dags/multiple.py
[2023-12-03T06:41:24.212+0000] {logging_mixin.py:154} INFO - [2023-12-03T06:41:24.212+0000] {dag.py:2941} INFO - Sync 1 DAGs
[2023-12-03T06:41:24.349+0000] {logging_mixin.py:154} INFO - [2023-12-03T06:41:24.349+0000] {dag.py:3722} INFO - Setting next_dagrun for api_dag1 to 2023-12-03T00:00:00+00:00, run_after=2023-12-04T00:00:00+00:00
[2023-12-03T06:41:24.678+0000] {processor.py:179} INFO - Processing /opt/airflow/dags/multiple.py took 0.730 seconds
[2023-12-03T06:42:03.217+0000] {processor.py:157} INFO - Started process (PID=525) to work on /opt/airflow/dags/multiple.py
[2023-12-03T06:42:03.310+0000] {processor.py:829} INFO - Processing file /opt/airflow/dags/multiple.py for tasks to queue
[2023-12-03T06:42:03.355+0000] {logging_mixin.py:154} INFO - [2023-12-03T06:42:03.354+0000] {dagbag.py:536} INFO - Filling up the DagBag from /opt/airflow/dags/multiple.py
[2023-12-03T06:42:03.529+0000] {processor.py:839} INFO - DAG(s) dict_keys(['api_dag1']) retrieved from /opt/airflow/dags/multiple.py
[2023-12-03T06:42:03.747+0000] {logging_mixin.py:154} INFO - [2023-12-03T06:42:03.747+0000] {dag.py:2941} INFO - Sync 1 DAGs
[2023-12-03T06:42:03.783+0000] {logging_mixin.py:154} INFO - [2023-12-03T06:42:03.783+0000] {dag.py:3722} INFO - Setting next_dagrun for api_dag1 to 2023-12-03T00:00:00+00:00, run_after=2023-12-04T00:00:00+00:00
[2023-12-03T06:42:04.040+0000] {processor.py:179} INFO - Processing /opt/airflow/dags/multiple.py took 0.831 seconds
[2023-12-03T06:42:36.370+0000] {processor.py:157} INFO - Started process (PID=586) to work on /opt/airflow/dags/multiple.py
[2023-12-03T06:42:36.399+0000] {processor.py:829} INFO - Processing file /opt/airflow/dags/multiple.py for tasks to queue
[2023-12-03T06:42:36.406+0000] {logging_mixin.py:154} INFO - [2023-12-03T06:42:36.405+0000] {dagbag.py:536} INFO - Filling up the DagBag from /opt/airflow/dags/multiple.py
[2023-12-03T06:42:36.454+0000] {processor.py:839} INFO - DAG(s) dict_keys(['api_dag1']) retrieved from /opt/airflow/dags/multiple.py
[2023-12-03T06:42:36.859+0000] {logging_mixin.py:154} INFO - [2023-12-03T06:42:36.858+0000] {dag.py:2941} INFO - Sync 1 DAGs
[2023-12-03T06:42:37.122+0000] {logging_mixin.py:154} INFO - [2023-12-03T06:42:37.122+0000] {dag.py:3722} INFO - Setting next_dagrun for api_dag1 to 2023-12-03T00:00:00+00:00, run_after=2023-12-04T00:00:00+00:00
[2023-12-03T06:42:38.070+0000] {processor.py:179} INFO - Processing /opt/airflow/dags/multiple.py took 1.713 seconds
[2023-12-03T06:43:16.872+0000] {processor.py:157} INFO - Started process (PID=639) to work on /opt/airflow/dags/multiple.py
[2023-12-03T06:43:16.901+0000] {processor.py:829} INFO - Processing file /opt/airflow/dags/multiple.py for tasks to queue
[2023-12-03T06:43:16.954+0000] {logging_mixin.py:154} INFO - [2023-12-03T06:43:16.953+0000] {dagbag.py:536} INFO - Filling up the DagBag from /opt/airflow/dags/multiple.py
[2023-12-03T06:43:17.012+0000] {processor.py:839} INFO - DAG(s) dict_keys(['api_dag1']) retrieved from /opt/airflow/dags/multiple.py
[2023-12-03T06:43:17.481+0000] {logging_mixin.py:154} INFO - [2023-12-03T06:43:17.481+0000] {dag.py:2941} INFO - Sync 1 DAGs
[2023-12-03T06:43:17.628+0000] {logging_mixin.py:154} INFO - [2023-12-03T06:43:17.627+0000] {dag.py:3722} INFO - Setting next_dagrun for api_dag1 to 2023-12-03T00:00:00+00:00, run_after=2023-12-04T00:00:00+00:00
[2023-12-03T06:43:17.965+0000] {processor.py:179} INFO - Processing /opt/airflow/dags/multiple.py took 1.127 seconds
[2023-12-03T06:43:50.923+0000] {processor.py:157} INFO - Started process (PID=686) to work on /opt/airflow/dags/multiple.py
[2023-12-03T06:43:50.975+0000] {processor.py:829} INFO - Processing file /opt/airflow/dags/multiple.py for tasks to queue
[2023-12-03T06:43:50.981+0000] {logging_mixin.py:154} INFO - [2023-12-03T06:43:50.981+0000] {dagbag.py:536} INFO - Filling up the DagBag from /opt/airflow/dags/multiple.py
[2023-12-03T06:43:51.041+0000] {processor.py:839} INFO - DAG(s) dict_keys(['api_dag1']) retrieved from /opt/airflow/dags/multiple.py
[2023-12-03T06:43:51.540+0000] {logging_mixin.py:154} INFO - [2023-12-03T06:43:51.536+0000] {dag.py:2941} INFO - Sync 1 DAGs
[2023-12-03T06:43:51.649+0000] {logging_mixin.py:154} INFO - [2023-12-03T06:43:51.649+0000] {dag.py:3722} INFO - Setting next_dagrun for api_dag1 to 2023-12-03T00:00:00+00:00, run_after=2023-12-04T00:00:00+00:00
[2023-12-03T06:43:52.300+0000] {processor.py:179} INFO - Processing /opt/airflow/dags/multiple.py took 1.381 seconds
[2023-12-03T06:44:29.295+0000] {processor.py:157} INFO - Started process (PID=750) to work on /opt/airflow/dags/multiple.py
[2023-12-03T06:44:29.319+0000] {processor.py:829} INFO - Processing file /opt/airflow/dags/multiple.py for tasks to queue
[2023-12-03T06:44:29.326+0000] {logging_mixin.py:154} INFO - [2023-12-03T06:44:29.325+0000] {dagbag.py:536} INFO - Filling up the DagBag from /opt/airflow/dags/multiple.py
[2023-12-03T06:44:29.353+0000] {processor.py:839} INFO - DAG(s) dict_keys(['api_dag1']) retrieved from /opt/airflow/dags/multiple.py
[2023-12-03T06:44:29.503+0000] {logging_mixin.py:154} INFO - [2023-12-03T06:44:29.503+0000] {dag.py:2941} INFO - Sync 1 DAGs
[2023-12-03T06:44:29.615+0000] {logging_mixin.py:154} INFO - [2023-12-03T06:44:29.615+0000] {dag.py:3722} INFO - Setting next_dagrun for api_dag1 to 2023-12-03T00:00:00+00:00, run_after=2023-12-04T00:00:00+00:00
[2023-12-03T06:44:30.083+0000] {processor.py:179} INFO - Processing /opt/airflow/dags/multiple.py took 0.803 seconds
[2023-12-03T06:45:13.759+0000] {processor.py:157} INFO - Started process (PID=822) to work on /opt/airflow/dags/multiple.py
[2023-12-03T06:45:13.840+0000] {processor.py:829} INFO - Processing file /opt/airflow/dags/multiple.py for tasks to queue
[2023-12-03T06:45:13.849+0000] {logging_mixin.py:154} INFO - [2023-12-03T06:45:13.846+0000] {dagbag.py:536} INFO - Filling up the DagBag from /opt/airflow/dags/multiple.py
[2023-12-03T06:45:13.890+0000] {processor.py:839} INFO - DAG(s) dict_keys(['api_dag1']) retrieved from /opt/airflow/dags/multiple.py
[2023-12-03T06:45:14.725+0000] {logging_mixin.py:154} INFO - [2023-12-03T06:45:14.719+0000] {dag.py:2941} INFO - Sync 1 DAGs
[2023-12-03T06:45:14.852+0000] {logging_mixin.py:154} INFO - [2023-12-03T06:45:14.845+0000] {dag.py:3722} INFO - Setting next_dagrun for api_dag1 to 2023-12-03T00:00:00+00:00, run_after=2023-12-04T00:00:00+00:00
[2023-12-03T06:45:15.073+0000] {processor.py:179} INFO - Processing /opt/airflow/dags/multiple.py took 1.327 seconds
[2023-12-03T06:45:55.036+0000] {processor.py:157} INFO - Started process (PID=882) to work on /opt/airflow/dags/multiple.py
[2023-12-03T06:45:55.076+0000] {processor.py:829} INFO - Processing file /opt/airflow/dags/multiple.py for tasks to queue
[2023-12-03T06:45:55.090+0000] {logging_mixin.py:154} INFO - [2023-12-03T06:45:55.090+0000] {dagbag.py:536} INFO - Filling up the DagBag from /opt/airflow/dags/multiple.py
[2023-12-03T06:45:55.249+0000] {processor.py:839} INFO - DAG(s) dict_keys(['api_dag1']) retrieved from /opt/airflow/dags/multiple.py
[2023-12-03T06:45:55.434+0000] {logging_mixin.py:154} INFO - [2023-12-03T06:45:55.427+0000] {dag.py:2941} INFO - Sync 1 DAGs
[2023-12-03T06:45:55.780+0000] {logging_mixin.py:154} INFO - [2023-12-03T06:45:55.780+0000] {dag.py:3722} INFO - Setting next_dagrun for api_dag1 to 2023-12-03T00:00:00+00:00, run_after=2023-12-04T00:00:00+00:00
[2023-12-03T06:45:56.242+0000] {processor.py:179} INFO - Processing /opt/airflow/dags/multiple.py took 1.211 seconds
[2023-12-03T06:46:31.877+0000] {processor.py:157} INFO - Started process (PID=934) to work on /opt/airflow/dags/multiple.py
[2023-12-03T06:46:31.879+0000] {processor.py:829} INFO - Processing file /opt/airflow/dags/multiple.py for tasks to queue
[2023-12-03T06:46:31.883+0000] {logging_mixin.py:154} INFO - [2023-12-03T06:46:31.882+0000] {dagbag.py:536} INFO - Filling up the DagBag from /opt/airflow/dags/multiple.py
[2023-12-03T06:46:32.348+0000] {processor.py:839} INFO - DAG(s) dict_keys(['api_dag1']) retrieved from /opt/airflow/dags/multiple.py
[2023-12-03T06:46:33.022+0000] {logging_mixin.py:154} INFO - [2023-12-03T06:46:33.021+0000] {dag.py:2941} INFO - Sync 1 DAGs
[2023-12-03T06:46:33.107+0000] {logging_mixin.py:154} INFO - [2023-12-03T06:46:33.107+0000] {dag.py:3722} INFO - Setting next_dagrun for api_dag1 to 2023-12-03T00:00:00+00:00, run_after=2023-12-04T00:00:00+00:00
[2023-12-03T06:46:33.395+0000] {processor.py:179} INFO - Processing /opt/airflow/dags/multiple.py took 1.525 seconds
[2023-12-03T06:47:07.091+0000] {processor.py:157} INFO - Started process (PID=989) to work on /opt/airflow/dags/multiple.py
[2023-12-03T06:47:07.123+0000] {processor.py:829} INFO - Processing file /opt/airflow/dags/multiple.py for tasks to queue
[2023-12-03T06:47:07.142+0000] {logging_mixin.py:154} INFO - [2023-12-03T06:47:07.141+0000] {dagbag.py:536} INFO - Filling up the DagBag from /opt/airflow/dags/multiple.py
[2023-12-03T06:47:07.171+0000] {processor.py:839} INFO - DAG(s) dict_keys(['api_dag1']) retrieved from /opt/airflow/dags/multiple.py
[2023-12-03T06:47:07.519+0000] {logging_mixin.py:154} INFO - [2023-12-03T06:47:07.519+0000] {dag.py:2941} INFO - Sync 1 DAGs
[2023-12-03T06:47:07.690+0000] {logging_mixin.py:154} INFO - [2023-12-03T06:47:07.690+0000] {dag.py:3722} INFO - Setting next_dagrun for api_dag1 to 2023-12-03T00:00:00+00:00, run_after=2023-12-04T00:00:00+00:00
[2023-12-03T06:47:07.999+0000] {processor.py:179} INFO - Processing /opt/airflow/dags/multiple.py took 0.913 seconds
[2023-12-03T06:47:45.475+0000] {processor.py:157} INFO - Started process (PID=1031) to work on /opt/airflow/dags/multiple.py
[2023-12-03T06:47:45.547+0000] {processor.py:829} INFO - Processing file /opt/airflow/dags/multiple.py for tasks to queue
[2023-12-03T06:47:45.579+0000] {logging_mixin.py:154} INFO - [2023-12-03T06:47:45.575+0000] {dagbag.py:536} INFO - Filling up the DagBag from /opt/airflow/dags/multiple.py
[2023-12-03T06:47:45.602+0000] {processor.py:839} INFO - DAG(s) dict_keys(['api_dag1']) retrieved from /opt/airflow/dags/multiple.py
[2023-12-03T06:47:46.445+0000] {logging_mixin.py:154} INFO - [2023-12-03T06:47:46.445+0000] {dag.py:2941} INFO - Sync 1 DAGs
[2023-12-03T06:47:46.654+0000] {logging_mixin.py:154} INFO - [2023-12-03T06:47:46.654+0000] {dag.py:3722} INFO - Setting next_dagrun for api_dag1 to 2023-12-03T00:00:00+00:00, run_after=2023-12-04T00:00:00+00:00
[2023-12-03T06:47:48.565+0000] {processor.py:179} INFO - Processing /opt/airflow/dags/multiple.py took 3.103 seconds
[2023-12-03T06:48:34.051+0000] {processor.py:157} INFO - Started process (PID=1097) to work on /opt/airflow/dags/multiple.py
[2023-12-03T06:48:34.054+0000] {processor.py:829} INFO - Processing file /opt/airflow/dags/multiple.py for tasks to queue
[2023-12-03T06:48:34.059+0000] {logging_mixin.py:154} INFO - [2023-12-03T06:48:34.058+0000] {dagbag.py:536} INFO - Filling up the DagBag from /opt/airflow/dags/multiple.py
[2023-12-03T06:48:34.086+0000] {processor.py:839} INFO - DAG(s) dict_keys(['api_dag1']) retrieved from /opt/airflow/dags/multiple.py
[2023-12-03T06:48:34.438+0000] {logging_mixin.py:154} INFO - [2023-12-03T06:48:34.438+0000] {dag.py:2941} INFO - Sync 1 DAGs
[2023-12-03T06:48:34.718+0000] {logging_mixin.py:154} INFO - [2023-12-03T06:48:34.717+0000] {dag.py:3722} INFO - Setting next_dagrun for api_dag1 to 2023-12-03T00:00:00+00:00, run_after=2023-12-04T00:00:00+00:00
[2023-12-03T06:48:35.162+0000] {processor.py:179} INFO - Processing /opt/airflow/dags/multiple.py took 1.117 seconds
[2023-12-03T06:49:05.537+0000] {processor.py:157} INFO - Started process (PID=1152) to work on /opt/airflow/dags/multiple.py
[2023-12-03T06:49:05.565+0000] {processor.py:829} INFO - Processing file /opt/airflow/dags/multiple.py for tasks to queue
[2023-12-03T06:49:05.570+0000] {logging_mixin.py:154} INFO - [2023-12-03T06:49:05.570+0000] {dagbag.py:536} INFO - Filling up the DagBag from /opt/airflow/dags/multiple.py
[2023-12-03T06:49:05.637+0000] {processor.py:839} INFO - DAG(s) dict_keys(['api_dag1']) retrieved from /opt/airflow/dags/multiple.py
[2023-12-03T06:49:06.390+0000] {logging_mixin.py:154} INFO - [2023-12-03T06:49:06.390+0000] {dag.py:2941} INFO - Sync 1 DAGs
[2023-12-03T06:49:06.770+0000] {logging_mixin.py:154} INFO - [2023-12-03T06:49:06.770+0000] {dag.py:3722} INFO - Setting next_dagrun for api_dag1 to 2023-12-03T00:00:00+00:00, run_after=2023-12-04T00:00:00+00:00
[2023-12-03T06:49:07.181+0000] {processor.py:179} INFO - Processing /opt/airflow/dags/multiple.py took 1.666 seconds
[2023-12-03T06:49:37.664+0000] {processor.py:157} INFO - Started process (PID=1215) to work on /opt/airflow/dags/multiple.py
[2023-12-03T06:49:37.665+0000] {processor.py:829} INFO - Processing file /opt/airflow/dags/multiple.py for tasks to queue
[2023-12-03T06:49:37.668+0000] {logging_mixin.py:154} INFO - [2023-12-03T06:49:37.668+0000] {dagbag.py:536} INFO - Filling up the DagBag from /opt/airflow/dags/multiple.py
[2023-12-03T06:49:37.675+0000] {processor.py:839} INFO - DAG(s) dict_keys(['api_dag1']) retrieved from /opt/airflow/dags/multiple.py
[2023-12-03T06:49:37.693+0000] {logging_mixin.py:154} INFO - [2023-12-03T06:49:37.692+0000] {dag.py:2941} INFO - Sync 1 DAGs
[2023-12-03T06:49:37.711+0000] {logging_mixin.py:154} INFO - [2023-12-03T06:49:37.711+0000] {dag.py:3722} INFO - Setting next_dagrun for api_dag1 to 2023-12-03T00:00:00+00:00, run_after=2023-12-04T00:00:00+00:00
[2023-12-03T06:49:37.727+0000] {processor.py:179} INFO - Processing /opt/airflow/dags/multiple.py took 0.067 seconds
[2023-12-03T06:50:23.867+0000] {processor.py:157} INFO - Started process (PID=1286) to work on /opt/airflow/dags/multiple.py
[2023-12-03T06:50:23.899+0000] {processor.py:829} INFO - Processing file /opt/airflow/dags/multiple.py for tasks to queue
[2023-12-03T06:50:23.919+0000] {logging_mixin.py:154} INFO - [2023-12-03T06:50:23.906+0000] {dagbag.py:536} INFO - Filling up the DagBag from /opt/airflow/dags/multiple.py
[2023-12-03T06:50:23.974+0000] {processor.py:839} INFO - DAG(s) dict_keys(['api_dag1']) retrieved from /opt/airflow/dags/multiple.py
[2023-12-03T06:50:24.591+0000] {logging_mixin.py:154} INFO - [2023-12-03T06:50:24.590+0000] {dag.py:2941} INFO - Sync 1 DAGs
[2023-12-03T06:50:24.786+0000] {logging_mixin.py:154} INFO - [2023-12-03T06:50:24.779+0000] {dag.py:3722} INFO - Setting next_dagrun for api_dag1 to 2023-12-03T00:00:00+00:00, run_after=2023-12-04T00:00:00+00:00
[2023-12-03T06:50:25.010+0000] {processor.py:179} INFO - Processing /opt/airflow/dags/multiple.py took 1.159 seconds
[2023-12-03T06:50:56.429+0000] {processor.py:157} INFO - Started process (PID=1335) to work on /opt/airflow/dags/multiple.py
[2023-12-03T06:50:56.431+0000] {processor.py:829} INFO - Processing file /opt/airflow/dags/multiple.py for tasks to queue
[2023-12-03T06:50:56.434+0000] {logging_mixin.py:154} INFO - [2023-12-03T06:50:56.434+0000] {dagbag.py:536} INFO - Filling up the DagBag from /opt/airflow/dags/multiple.py
[2023-12-03T06:50:56.443+0000] {processor.py:839} INFO - DAG(s) dict_keys(['api_dag1']) retrieved from /opt/airflow/dags/multiple.py
[2023-12-03T06:50:56.468+0000] {logging_mixin.py:154} INFO - [2023-12-03T06:50:56.468+0000] {dag.py:2941} INFO - Sync 1 DAGs
[2023-12-03T06:50:56.489+0000] {logging_mixin.py:154} INFO - [2023-12-03T06:50:56.489+0000] {dag.py:3722} INFO - Setting next_dagrun for api_dag1 to 2023-12-03T00:00:00+00:00, run_after=2023-12-04T00:00:00+00:00
[2023-12-03T06:50:56.512+0000] {processor.py:179} INFO - Processing /opt/airflow/dags/multiple.py took 0.087 seconds
[2023-12-03T06:51:26.663+0000] {processor.py:157} INFO - Started process (PID=1392) to work on /opt/airflow/dags/multiple.py
[2023-12-03T06:51:26.687+0000] {processor.py:829} INFO - Processing file /opt/airflow/dags/multiple.py for tasks to queue
[2023-12-03T06:51:26.690+0000] {logging_mixin.py:154} INFO - [2023-12-03T06:51:26.689+0000] {dagbag.py:536} INFO - Filling up the DagBag from /opt/airflow/dags/multiple.py
[2023-12-03T06:51:26.699+0000] {processor.py:839} INFO - DAG(s) dict_keys(['api_dag1']) retrieved from /opt/airflow/dags/multiple.py
[2023-12-03T06:51:26.728+0000] {logging_mixin.py:154} INFO - [2023-12-03T06:51:26.728+0000] {dag.py:2941} INFO - Sync 1 DAGs
[2023-12-03T06:51:26.762+0000] {logging_mixin.py:154} INFO - [2023-12-03T06:51:26.761+0000] {dag.py:3722} INFO - Setting next_dagrun for api_dag1 to 2023-12-03T00:00:00+00:00, run_after=2023-12-04T00:00:00+00:00
[2023-12-03T06:51:26.781+0000] {processor.py:179} INFO - Processing /opt/airflow/dags/multiple.py took 0.121 seconds
[2023-12-03T06:51:57.035+0000] {processor.py:157} INFO - Started process (PID=1455) to work on /opt/airflow/dags/multiple.py
[2023-12-03T06:51:57.038+0000] {processor.py:829} INFO - Processing file /opt/airflow/dags/multiple.py for tasks to queue
[2023-12-03T06:51:57.040+0000] {logging_mixin.py:154} INFO - [2023-12-03T06:51:57.040+0000] {dagbag.py:536} INFO - Filling up the DagBag from /opt/airflow/dags/multiple.py
[2023-12-03T06:51:57.051+0000] {processor.py:839} INFO - DAG(s) dict_keys(['api_dag1']) retrieved from /opt/airflow/dags/multiple.py
[2023-12-03T06:51:57.087+0000] {logging_mixin.py:154} INFO - [2023-12-03T06:51:57.087+0000] {dag.py:2941} INFO - Sync 1 DAGs
[2023-12-03T06:51:57.113+0000] {logging_mixin.py:154} INFO - [2023-12-03T06:51:57.113+0000] {dag.py:3722} INFO - Setting next_dagrun for api_dag1 to 2023-12-03T00:00:00+00:00, run_after=2023-12-04T00:00:00+00:00
[2023-12-03T06:51:57.136+0000] {processor.py:179} INFO - Processing /opt/airflow/dags/multiple.py took 0.104 seconds
[2023-12-03T06:52:27.304+0000] {processor.py:157} INFO - Started process (PID=1518) to work on /opt/airflow/dags/multiple.py
[2023-12-03T06:52:27.328+0000] {processor.py:829} INFO - Processing file /opt/airflow/dags/multiple.py for tasks to queue
[2023-12-03T06:52:27.332+0000] {logging_mixin.py:154} INFO - [2023-12-03T06:52:27.331+0000] {dagbag.py:536} INFO - Filling up the DagBag from /opt/airflow/dags/multiple.py
[2023-12-03T06:52:27.343+0000] {processor.py:839} INFO - DAG(s) dict_keys(['api_dag1']) retrieved from /opt/airflow/dags/multiple.py
[2023-12-03T06:52:27.365+0000] {logging_mixin.py:154} INFO - [2023-12-03T06:52:27.365+0000] {dag.py:2941} INFO - Sync 1 DAGs
[2023-12-03T06:52:27.387+0000] {logging_mixin.py:154} INFO - [2023-12-03T06:52:27.387+0000] {dag.py:3722} INFO - Setting next_dagrun for api_dag1 to 2023-12-03T00:00:00+00:00, run_after=2023-12-04T00:00:00+00:00
[2023-12-03T06:52:27.408+0000] {processor.py:179} INFO - Processing /opt/airflow/dags/multiple.py took 0.108 seconds
[2023-12-03T06:52:57.685+0000] {processor.py:157} INFO - Started process (PID=1580) to work on /opt/airflow/dags/multiple.py
[2023-12-03T06:52:57.709+0000] {processor.py:829} INFO - Processing file /opt/airflow/dags/multiple.py for tasks to queue
[2023-12-03T06:52:57.713+0000] {logging_mixin.py:154} INFO - [2023-12-03T06:52:57.712+0000] {dagbag.py:536} INFO - Filling up the DagBag from /opt/airflow/dags/multiple.py
[2023-12-03T06:52:57.721+0000] {processor.py:839} INFO - DAG(s) dict_keys(['api_dag1']) retrieved from /opt/airflow/dags/multiple.py
[2023-12-03T06:52:57.744+0000] {logging_mixin.py:154} INFO - [2023-12-03T06:52:57.744+0000] {dag.py:2941} INFO - Sync 1 DAGs
[2023-12-03T06:52:57.774+0000] {logging_mixin.py:154} INFO - [2023-12-03T06:52:57.774+0000] {dag.py:3722} INFO - Setting next_dagrun for api_dag1 to 2023-12-03T00:00:00+00:00, run_after=2023-12-04T00:00:00+00:00
[2023-12-03T06:52:57.798+0000] {processor.py:179} INFO - Processing /opt/airflow/dags/multiple.py took 0.115 seconds
[2023-12-03T06:53:28.103+0000] {processor.py:157} INFO - Started process (PID=1643) to work on /opt/airflow/dags/multiple.py
[2023-12-03T06:53:28.137+0000] {processor.py:829} INFO - Processing file /opt/airflow/dags/multiple.py for tasks to queue
[2023-12-03T06:53:28.141+0000] {logging_mixin.py:154} INFO - [2023-12-03T06:53:28.140+0000] {dagbag.py:536} INFO - Filling up the DagBag from /opt/airflow/dags/multiple.py
[2023-12-03T06:53:28.174+0000] {processor.py:839} INFO - DAG(s) dict_keys(['api_dag1']) retrieved from /opt/airflow/dags/multiple.py
[2023-12-03T06:53:28.271+0000] {logging_mixin.py:154} INFO - [2023-12-03T06:53:28.271+0000] {dag.py:2941} INFO - Sync 1 DAGs
[2023-12-03T06:53:28.304+0000] {logging_mixin.py:154} INFO - [2023-12-03T06:53:28.304+0000] {dag.py:3722} INFO - Setting next_dagrun for api_dag1 to 2023-12-03T00:00:00+00:00, run_after=2023-12-04T00:00:00+00:00
[2023-12-03T06:53:28.405+0000] {processor.py:179} INFO - Processing /opt/airflow/dags/multiple.py took 0.305 seconds
[2023-12-03T06:53:58.680+0000] {processor.py:157} INFO - Started process (PID=1706) to work on /opt/airflow/dags/multiple.py
[2023-12-03T06:53:58.683+0000] {processor.py:829} INFO - Processing file /opt/airflow/dags/multiple.py for tasks to queue
[2023-12-03T06:53:58.685+0000] {logging_mixin.py:154} INFO - [2023-12-03T06:53:58.685+0000] {dagbag.py:536} INFO - Filling up the DagBag from /opt/airflow/dags/multiple.py
[2023-12-03T06:53:58.696+0000] {processor.py:839} INFO - DAG(s) dict_keys(['api_dag1']) retrieved from /opt/airflow/dags/multiple.py
[2023-12-03T06:53:58.743+0000] {logging_mixin.py:154} INFO - [2023-12-03T06:53:58.743+0000] {dag.py:2941} INFO - Sync 1 DAGs
[2023-12-03T06:53:58.763+0000] {logging_mixin.py:154} INFO - [2023-12-03T06:53:58.763+0000] {dag.py:3722} INFO - Setting next_dagrun for api_dag1 to 2023-12-03T00:00:00+00:00, run_after=2023-12-04T00:00:00+00:00
[2023-12-03T06:53:58.787+0000] {processor.py:179} INFO - Processing /opt/airflow/dags/multiple.py took 0.110 seconds
[2023-12-03T06:54:29.059+0000] {processor.py:157} INFO - Started process (PID=1769) to work on /opt/airflow/dags/multiple.py
[2023-12-03T06:54:29.061+0000] {processor.py:829} INFO - Processing file /opt/airflow/dags/multiple.py for tasks to queue
[2023-12-03T06:54:29.064+0000] {logging_mixin.py:154} INFO - [2023-12-03T06:54:29.064+0000] {dagbag.py:536} INFO - Filling up the DagBag from /opt/airflow/dags/multiple.py
[2023-12-03T06:54:29.079+0000] {processor.py:839} INFO - DAG(s) dict_keys(['api_dag1']) retrieved from /opt/airflow/dags/multiple.py
[2023-12-03T06:54:29.115+0000] {logging_mixin.py:154} INFO - [2023-12-03T06:54:29.114+0000] {dag.py:2941} INFO - Sync 1 DAGs
[2023-12-03T06:54:29.151+0000] {logging_mixin.py:154} INFO - [2023-12-03T06:54:29.150+0000] {dag.py:3722} INFO - Setting next_dagrun for api_dag1 to 2023-12-03T00:00:00+00:00, run_after=2023-12-04T00:00:00+00:00
[2023-12-03T06:54:29.174+0000] {processor.py:179} INFO - Processing /opt/airflow/dags/multiple.py took 0.118 seconds
[2023-12-03T06:54:59.894+0000] {processor.py:157} INFO - Started process (PID=1832) to work on /opt/airflow/dags/multiple.py
[2023-12-03T06:54:59.906+0000] {processor.py:829} INFO - Processing file /opt/airflow/dags/multiple.py for tasks to queue
[2023-12-03T06:54:59.921+0000] {logging_mixin.py:154} INFO - [2023-12-03T06:54:59.920+0000] {dagbag.py:536} INFO - Filling up the DagBag from /opt/airflow/dags/multiple.py
[2023-12-03T06:54:59.942+0000] {processor.py:839} INFO - DAG(s) dict_keys(['api_dag1']) retrieved from /opt/airflow/dags/multiple.py
[2023-12-03T06:55:00.014+0000] {logging_mixin.py:154} INFO - [2023-12-03T06:55:00.000+0000] {dag.py:2941} INFO - Sync 1 DAGs
[2023-12-03T06:55:00.065+0000] {logging_mixin.py:154} INFO - [2023-12-03T06:55:00.065+0000] {dag.py:3722} INFO - Setting next_dagrun for api_dag1 to 2023-12-03T00:00:00+00:00, run_after=2023-12-04T00:00:00+00:00
[2023-12-03T06:55:00.090+0000] {processor.py:179} INFO - Processing /opt/airflow/dags/multiple.py took 0.228 seconds
[2023-12-03T06:55:31.144+0000] {processor.py:157} INFO - Started process (PID=1886) to work on /opt/airflow/dags/multiple.py
[2023-12-03T06:55:31.220+0000] {processor.py:829} INFO - Processing file /opt/airflow/dags/multiple.py for tasks to queue
[2023-12-03T06:55:31.230+0000] {logging_mixin.py:154} INFO - [2023-12-03T06:55:31.229+0000] {dagbag.py:536} INFO - Filling up the DagBag from /opt/airflow/dags/multiple.py
[2023-12-03T06:55:31.498+0000] {processor.py:839} INFO - DAG(s) dict_keys(['api_dag1']) retrieved from /opt/airflow/dags/multiple.py
[2023-12-03T06:55:32.317+0000] {logging_mixin.py:154} INFO - [2023-12-03T06:55:32.317+0000] {dag.py:2941} INFO - Sync 1 DAGs
[2023-12-03T06:55:32.438+0000] {logging_mixin.py:154} INFO - [2023-12-03T06:55:32.437+0000] {dag.py:3722} INFO - Setting next_dagrun for api_dag1 to 2023-12-03T00:00:00+00:00, run_after=2023-12-04T00:00:00+00:00
[2023-12-03T06:55:33.403+0000] {processor.py:179} INFO - Processing /opt/airflow/dags/multiple.py took 2.279 seconds
[2023-12-03T06:56:04.233+0000] {processor.py:157} INFO - Started process (PID=1948) to work on /opt/airflow/dags/multiple.py
[2023-12-03T06:56:04.257+0000] {processor.py:829} INFO - Processing file /opt/airflow/dags/multiple.py for tasks to queue
[2023-12-03T06:56:04.261+0000] {logging_mixin.py:154} INFO - [2023-12-03T06:56:04.260+0000] {dagbag.py:536} INFO - Filling up the DagBag from /opt/airflow/dags/multiple.py
[2023-12-03T06:56:04.269+0000] {processor.py:839} INFO - DAG(s) dict_keys(['api_dag1']) retrieved from /opt/airflow/dags/multiple.py
[2023-12-03T06:56:04.290+0000] {logging_mixin.py:154} INFO - [2023-12-03T06:56:04.290+0000] {dag.py:2941} INFO - Sync 1 DAGs
[2023-12-03T06:56:04.307+0000] {logging_mixin.py:154} INFO - [2023-12-03T06:56:04.307+0000] {dag.py:3722} INFO - Setting next_dagrun for api_dag1 to 2023-12-03T00:00:00+00:00, run_after=2023-12-04T00:00:00+00:00
[2023-12-03T06:56:04.325+0000] {processor.py:179} INFO - Processing /opt/airflow/dags/multiple.py took 0.095 seconds
[2023-12-03T06:56:34.655+0000] {processor.py:157} INFO - Started process (PID=2011) to work on /opt/airflow/dags/multiple.py
[2023-12-03T06:56:34.686+0000] {processor.py:829} INFO - Processing file /opt/airflow/dags/multiple.py for tasks to queue
[2023-12-03T06:56:34.735+0000] {logging_mixin.py:154} INFO - [2023-12-03T06:56:34.732+0000] {dagbag.py:536} INFO - Filling up the DagBag from /opt/airflow/dags/multiple.py
[2023-12-03T06:56:34.768+0000] {processor.py:839} INFO - DAG(s) dict_keys(['api_dag1']) retrieved from /opt/airflow/dags/multiple.py
[2023-12-03T06:56:35.419+0000] {logging_mixin.py:154} INFO - [2023-12-03T06:56:35.418+0000] {dag.py:2941} INFO - Sync 1 DAGs
[2023-12-03T06:56:35.590+0000] {logging_mixin.py:154} INFO - [2023-12-03T06:56:35.590+0000] {dag.py:3722} INFO - Setting next_dagrun for api_dag1 to 2023-12-03T00:00:00+00:00, run_after=2023-12-04T00:00:00+00:00
[2023-12-03T06:56:35.902+0000] {processor.py:179} INFO - Processing /opt/airflow/dags/multiple.py took 1.384 seconds
[2023-12-03T06:57:15.322+0000] {processor.py:157} INFO - Started process (PID=2071) to work on /opt/airflow/dags/multiple.py
[2023-12-03T06:57:15.362+0000] {processor.py:829} INFO - Processing file /opt/airflow/dags/multiple.py for tasks to queue
[2023-12-03T06:57:15.392+0000] {logging_mixin.py:154} INFO - [2023-12-03T06:57:15.391+0000] {dagbag.py:536} INFO - Filling up the DagBag from /opt/airflow/dags/multiple.py
[2023-12-03T06:57:15.478+0000] {processor.py:839} INFO - DAG(s) dict_keys(['api_dag1']) retrieved from /opt/airflow/dags/multiple.py
[2023-12-03T06:57:15.869+0000] {logging_mixin.py:154} INFO - [2023-12-03T06:57:15.868+0000] {dag.py:2941} INFO - Sync 1 DAGs
[2023-12-03T06:57:16.079+0000] {logging_mixin.py:154} INFO - [2023-12-03T06:57:16.078+0000] {dag.py:3722} INFO - Setting next_dagrun for api_dag1 to 2023-12-03T00:00:00+00:00, run_after=2023-12-04T00:00:00+00:00
[2023-12-03T06:57:16.689+0000] {processor.py:179} INFO - Processing /opt/airflow/dags/multiple.py took 1.393 seconds
[2023-12-03T06:57:47.120+0000] {processor.py:157} INFO - Started process (PID=2115) to work on /opt/airflow/dags/multiple.py
[2023-12-03T06:57:47.203+0000] {processor.py:829} INFO - Processing file /opt/airflow/dags/multiple.py for tasks to queue
[2023-12-03T06:57:47.223+0000] {logging_mixin.py:154} INFO - [2023-12-03T06:57:47.222+0000] {dagbag.py:536} INFO - Filling up the DagBag from /opt/airflow/dags/multiple.py
[2023-12-03T06:57:47.294+0000] {processor.py:839} INFO - DAG(s) dict_keys(['api_dag1']) retrieved from /opt/airflow/dags/multiple.py
[2023-12-03T06:57:52.477+0000] {logging_mixin.py:154} INFO - [2023-12-03T06:57:52.477+0000] {dag.py:2941} INFO - Sync 1 DAGs
[2023-12-03T06:57:52.574+0000] {logging_mixin.py:154} INFO - [2023-12-03T06:57:52.573+0000] {dag.py:3722} INFO - Setting next_dagrun for api_dag1 to 2023-12-03T00:00:00+00:00, run_after=2023-12-04T00:00:00+00:00
[2023-12-03T06:57:52.772+0000] {processor.py:179} INFO - Processing /opt/airflow/dags/multiple.py took 5.726 seconds
[2023-12-03T06:58:23.098+0000] {processor.py:157} INFO - Started process (PID=2198) to work on /opt/airflow/dags/multiple.py
[2023-12-03T06:58:23.100+0000] {processor.py:829} INFO - Processing file /opt/airflow/dags/multiple.py for tasks to queue
[2023-12-03T06:58:23.101+0000] {logging_mixin.py:154} INFO - [2023-12-03T06:58:23.101+0000] {dagbag.py:536} INFO - Filling up the DagBag from /opt/airflow/dags/multiple.py
[2023-12-03T06:58:23.110+0000] {processor.py:839} INFO - DAG(s) dict_keys(['api_dag1']) retrieved from /opt/airflow/dags/multiple.py
[2023-12-03T06:58:23.141+0000] {logging_mixin.py:154} INFO - [2023-12-03T06:58:23.141+0000] {dag.py:2941} INFO - Sync 1 DAGs
[2023-12-03T06:58:23.164+0000] {logging_mixin.py:154} INFO - [2023-12-03T06:58:23.164+0000] {dag.py:3722} INFO - Setting next_dagrun for api_dag1 to 2023-12-03T00:00:00+00:00, run_after=2023-12-04T00:00:00+00:00
[2023-12-03T06:58:23.186+0000] {processor.py:179} INFO - Processing /opt/airflow/dags/multiple.py took 0.091 seconds
[2023-12-03T06:59:11.539+0000] {processor.py:157} INFO - Started process (PID=2265) to work on /opt/airflow/dags/multiple.py
[2023-12-03T06:59:11.568+0000] {processor.py:829} INFO - Processing file /opt/airflow/dags/multiple.py for tasks to queue
[2023-12-03T06:59:11.589+0000] {logging_mixin.py:154} INFO - [2023-12-03T06:59:11.588+0000] {dagbag.py:536} INFO - Filling up the DagBag from /opt/airflow/dags/multiple.py
[2023-12-03T06:59:11.671+0000] {processor.py:839} INFO - DAG(s) dict_keys(['api_dag1']) retrieved from /opt/airflow/dags/multiple.py
[2023-12-03T06:59:12.111+0000] {logging_mixin.py:154} INFO - [2023-12-03T06:59:12.110+0000] {dag.py:2941} INFO - Sync 1 DAGs
[2023-12-03T06:59:12.314+0000] {logging_mixin.py:154} INFO - [2023-12-03T06:59:12.314+0000] {dag.py:3722} INFO - Setting next_dagrun for api_dag1 to 2023-12-03T00:00:00+00:00, run_after=2023-12-04T00:00:00+00:00
[2023-12-03T06:59:12.704+0000] {processor.py:179} INFO - Processing /opt/airflow/dags/multiple.py took 1.185 seconds
[2023-12-03T06:59:54.991+0000] {processor.py:157} INFO - Started process (PID=2323) to work on /opt/airflow/dags/multiple.py
[2023-12-03T06:59:55.013+0000] {processor.py:829} INFO - Processing file /opt/airflow/dags/multiple.py for tasks to queue
[2023-12-03T06:59:55.038+0000] {logging_mixin.py:154} INFO - [2023-12-03T06:59:55.038+0000] {dagbag.py:536} INFO - Filling up the DagBag from /opt/airflow/dags/multiple.py
[2023-12-03T06:59:55.079+0000] {processor.py:839} INFO - DAG(s) dict_keys(['api_dag1']) retrieved from /opt/airflow/dags/multiple.py
[2023-12-03T06:59:55.337+0000] {logging_mixin.py:154} INFO - [2023-12-03T06:59:55.336+0000] {dag.py:2941} INFO - Sync 1 DAGs
[2023-12-03T06:59:55.504+0000] {logging_mixin.py:154} INFO - [2023-12-03T06:59:55.503+0000] {dag.py:3722} INFO - Setting next_dagrun for api_dag1 to 2023-12-03T00:00:00+00:00, run_after=2023-12-04T00:00:00+00:00
[2023-12-03T06:59:56.245+0000] {processor.py:179} INFO - Processing /opt/airflow/dags/multiple.py took 1.279 seconds
[2023-12-03T07:00:31.302+0000] {processor.py:157} INFO - Started process (PID=2386) to work on /opt/airflow/dags/multiple.py
[2023-12-03T07:00:31.342+0000] {processor.py:829} INFO - Processing file /opt/airflow/dags/multiple.py for tasks to queue
[2023-12-03T07:00:31.357+0000] {logging_mixin.py:154} INFO - [2023-12-03T07:00:31.356+0000] {dagbag.py:536} INFO - Filling up the DagBag from /opt/airflow/dags/multiple.py
[2023-12-03T07:00:31.406+0000] {processor.py:839} INFO - DAG(s) dict_keys(['api_dag1']) retrieved from /opt/airflow/dags/multiple.py
[2023-12-03T07:00:31.630+0000] {logging_mixin.py:154} INFO - [2023-12-03T07:00:31.630+0000] {dag.py:2941} INFO - Sync 1 DAGs
[2023-12-03T07:00:31.755+0000] {logging_mixin.py:154} INFO - [2023-12-03T07:00:31.745+0000] {dag.py:3722} INFO - Setting next_dagrun for api_dag1 to 2023-12-03T00:00:00+00:00, run_after=2023-12-04T00:00:00+00:00
[2023-12-03T07:00:31.995+0000] {processor.py:179} INFO - Processing /opt/airflow/dags/multiple.py took 0.704 seconds
[2023-12-03T07:01:02.533+0000] {processor.py:157} INFO - Started process (PID=2449) to work on /opt/airflow/dags/multiple.py
[2023-12-03T07:01:02.542+0000] {processor.py:829} INFO - Processing file /opt/airflow/dags/multiple.py for tasks to queue
[2023-12-03T07:01:02.545+0000] {logging_mixin.py:154} INFO - [2023-12-03T07:01:02.545+0000] {dagbag.py:536} INFO - Filling up the DagBag from /opt/airflow/dags/multiple.py
[2023-12-03T07:01:02.556+0000] {processor.py:839} INFO - DAG(s) dict_keys(['api_dag1']) retrieved from /opt/airflow/dags/multiple.py
[2023-12-03T07:01:02.591+0000] {logging_mixin.py:154} INFO - [2023-12-03T07:01:02.591+0000] {dag.py:2941} INFO - Sync 1 DAGs
[2023-12-03T07:01:02.617+0000] {logging_mixin.py:154} INFO - [2023-12-03T07:01:02.617+0000] {dag.py:3722} INFO - Setting next_dagrun for api_dag1 to 2023-12-03T00:00:00+00:00, run_after=2023-12-04T00:00:00+00:00
[2023-12-03T07:01:02.643+0000] {processor.py:179} INFO - Processing /opt/airflow/dags/multiple.py took 0.113 seconds
[2023-12-03T07:01:33.211+0000] {processor.py:157} INFO - Started process (PID=2512) to work on /opt/airflow/dags/multiple.py
[2023-12-03T07:01:33.218+0000] {processor.py:829} INFO - Processing file /opt/airflow/dags/multiple.py for tasks to queue
[2023-12-03T07:01:33.221+0000] {logging_mixin.py:154} INFO - [2023-12-03T07:01:33.221+0000] {dagbag.py:536} INFO - Filling up the DagBag from /opt/airflow/dags/multiple.py
[2023-12-03T07:01:33.231+0000] {processor.py:839} INFO - DAG(s) dict_keys(['api_dag1']) retrieved from /opt/airflow/dags/multiple.py
[2023-12-03T07:01:33.254+0000] {logging_mixin.py:154} INFO - [2023-12-03T07:01:33.253+0000] {dag.py:2941} INFO - Sync 1 DAGs
[2023-12-03T07:01:33.274+0000] {logging_mixin.py:154} INFO - [2023-12-03T07:01:33.273+0000] {dag.py:3722} INFO - Setting next_dagrun for api_dag1 to 2023-12-03T00:00:00+00:00, run_after=2023-12-04T00:00:00+00:00
[2023-12-03T07:01:33.297+0000] {processor.py:179} INFO - Processing /opt/airflow/dags/multiple.py took 0.090 seconds
[2023-12-03T07:02:03.946+0000] {processor.py:157} INFO - Started process (PID=2575) to work on /opt/airflow/dags/multiple.py
[2023-12-03T07:02:03.949+0000] {processor.py:829} INFO - Processing file /opt/airflow/dags/multiple.py for tasks to queue
[2023-12-03T07:02:03.952+0000] {logging_mixin.py:154} INFO - [2023-12-03T07:02:03.952+0000] {dagbag.py:536} INFO - Filling up the DagBag from /opt/airflow/dags/multiple.py
[2023-12-03T07:02:03.962+0000] {processor.py:839} INFO - DAG(s) dict_keys(['api_dag1']) retrieved from /opt/airflow/dags/multiple.py
[2023-12-03T07:02:03.998+0000] {logging_mixin.py:154} INFO - [2023-12-03T07:02:03.998+0000] {dag.py:2941} INFO - Sync 1 DAGs
[2023-12-03T07:02:04.019+0000] {logging_mixin.py:154} INFO - [2023-12-03T07:02:04.019+0000] {dag.py:3722} INFO - Setting next_dagrun for api_dag1 to 2023-12-03T00:00:00+00:00, run_after=2023-12-04T00:00:00+00:00
[2023-12-03T07:02:04.043+0000] {processor.py:179} INFO - Processing /opt/airflow/dags/multiple.py took 0.100 seconds
[2023-12-03T07:02:34.177+0000] {processor.py:157} INFO - Started process (PID=2638) to work on /opt/airflow/dags/multiple.py
[2023-12-03T07:02:34.185+0000] {processor.py:829} INFO - Processing file /opt/airflow/dags/multiple.py for tasks to queue
[2023-12-03T07:02:34.188+0000] {logging_mixin.py:154} INFO - [2023-12-03T07:02:34.188+0000] {dagbag.py:536} INFO - Filling up the DagBag from /opt/airflow/dags/multiple.py
[2023-12-03T07:02:34.197+0000] {processor.py:839} INFO - DAG(s) dict_keys(['api_dag1']) retrieved from /opt/airflow/dags/multiple.py
[2023-12-03T07:02:34.244+0000] {logging_mixin.py:154} INFO - [2023-12-03T07:02:34.244+0000] {dag.py:2941} INFO - Sync 1 DAGs
[2023-12-03T07:02:34.272+0000] {logging_mixin.py:154} INFO - [2023-12-03T07:02:34.272+0000] {dag.py:3722} INFO - Setting next_dagrun for api_dag1 to 2023-12-03T00:00:00+00:00, run_after=2023-12-04T00:00:00+00:00
[2023-12-03T07:02:34.299+0000] {processor.py:179} INFO - Processing /opt/airflow/dags/multiple.py took 0.125 seconds
[2023-12-03T07:03:04.774+0000] {processor.py:157} INFO - Started process (PID=2701) to work on /opt/airflow/dags/multiple.py
[2023-12-03T07:03:04.782+0000] {processor.py:829} INFO - Processing file /opt/airflow/dags/multiple.py for tasks to queue
[2023-12-03T07:03:04.785+0000] {logging_mixin.py:154} INFO - [2023-12-03T07:03:04.785+0000] {dagbag.py:536} INFO - Filling up the DagBag from /opt/airflow/dags/multiple.py
[2023-12-03T07:03:04.795+0000] {processor.py:839} INFO - DAG(s) dict_keys(['api_dag1']) retrieved from /opt/airflow/dags/multiple.py
[2023-12-03T07:03:04.850+0000] {logging_mixin.py:154} INFO - [2023-12-03T07:03:04.850+0000] {dag.py:2941} INFO - Sync 1 DAGs
[2023-12-03T07:03:04.874+0000] {logging_mixin.py:154} INFO - [2023-12-03T07:03:04.874+0000] {dag.py:3722} INFO - Setting next_dagrun for api_dag1 to 2023-12-03T00:00:00+00:00, run_after=2023-12-04T00:00:00+00:00
[2023-12-03T07:03:04.896+0000] {processor.py:179} INFO - Processing /opt/airflow/dags/multiple.py took 0.125 seconds
[2023-12-03T07:03:35.601+0000] {processor.py:157} INFO - Started process (PID=2765) to work on /opt/airflow/dags/multiple.py
[2023-12-03T07:03:35.624+0000] {processor.py:829} INFO - Processing file /opt/airflow/dags/multiple.py for tasks to queue
[2023-12-03T07:03:35.626+0000] {logging_mixin.py:154} INFO - [2023-12-03T07:03:35.626+0000] {dagbag.py:536} INFO - Filling up the DagBag from /opt/airflow/dags/multiple.py
[2023-12-03T07:03:35.637+0000] {processor.py:839} INFO - DAG(s) dict_keys(['api_dag1']) retrieved from /opt/airflow/dags/multiple.py
[2023-12-03T07:03:35.680+0000] {logging_mixin.py:154} INFO - [2023-12-03T07:03:35.680+0000] {dag.py:2941} INFO - Sync 1 DAGs
[2023-12-03T07:03:35.702+0000] {logging_mixin.py:154} INFO - [2023-12-03T07:03:35.702+0000] {dag.py:3722} INFO - Setting next_dagrun for api_dag1 to 2023-12-03T00:00:00+00:00, run_after=2023-12-04T00:00:00+00:00
[2023-12-03T07:03:35.724+0000] {processor.py:179} INFO - Processing /opt/airflow/dags/multiple.py took 0.127 seconds
[2023-12-03T07:04:06.349+0000] {processor.py:157} INFO - Started process (PID=2829) to work on /opt/airflow/dags/multiple.py
[2023-12-03T07:04:06.355+0000] {processor.py:829} INFO - Processing file /opt/airflow/dags/multiple.py for tasks to queue
[2023-12-03T07:04:06.358+0000] {logging_mixin.py:154} INFO - [2023-12-03T07:04:06.358+0000] {dagbag.py:536} INFO - Filling up the DagBag from /opt/airflow/dags/multiple.py
[2023-12-03T07:04:06.370+0000] {processor.py:839} INFO - DAG(s) dict_keys(['api_dag1']) retrieved from /opt/airflow/dags/multiple.py
[2023-12-03T07:04:06.430+0000] {logging_mixin.py:154} INFO - [2023-12-03T07:04:06.429+0000] {dag.py:2941} INFO - Sync 1 DAGs
[2023-12-03T07:04:06.457+0000] {logging_mixin.py:154} INFO - [2023-12-03T07:04:06.457+0000] {dag.py:3722} INFO - Setting next_dagrun for api_dag1 to 2023-12-03T00:00:00+00:00, run_after=2023-12-04T00:00:00+00:00
[2023-12-03T07:04:06.488+0000] {processor.py:179} INFO - Processing /opt/airflow/dags/multiple.py took 0.142 seconds
[2023-12-03T07:04:36.768+0000] {processor.py:157} INFO - Started process (PID=2891) to work on /opt/airflow/dags/multiple.py
[2023-12-03T07:04:36.776+0000] {processor.py:829} INFO - Processing file /opt/airflow/dags/multiple.py for tasks to queue
[2023-12-03T07:04:36.779+0000] {logging_mixin.py:154} INFO - [2023-12-03T07:04:36.779+0000] {dagbag.py:536} INFO - Filling up the DagBag from /opt/airflow/dags/multiple.py
[2023-12-03T07:04:36.790+0000] {processor.py:839} INFO - DAG(s) dict_keys(['api_dag1']) retrieved from /opt/airflow/dags/multiple.py
[2023-12-03T07:04:36.821+0000] {logging_mixin.py:154} INFO - [2023-12-03T07:04:36.821+0000] {dag.py:2941} INFO - Sync 1 DAGs
[2023-12-03T07:04:36.842+0000] {logging_mixin.py:154} INFO - [2023-12-03T07:04:36.842+0000] {dag.py:3722} INFO - Setting next_dagrun for api_dag1 to 2023-12-03T00:00:00+00:00, run_after=2023-12-04T00:00:00+00:00
[2023-12-03T07:04:36.862+0000] {processor.py:179} INFO - Processing /opt/airflow/dags/multiple.py took 0.098 seconds
[2023-12-03T07:05:07.456+0000] {processor.py:157} INFO - Started process (PID=2954) to work on /opt/airflow/dags/multiple.py
[2023-12-03T07:05:07.458+0000] {processor.py:829} INFO - Processing file /opt/airflow/dags/multiple.py for tasks to queue
[2023-12-03T07:05:07.460+0000] {logging_mixin.py:154} INFO - [2023-12-03T07:05:07.460+0000] {dagbag.py:536} INFO - Filling up the DagBag from /opt/airflow/dags/multiple.py
[2023-12-03T07:05:07.480+0000] {processor.py:839} INFO - DAG(s) dict_keys(['api_dag1']) retrieved from /opt/airflow/dags/multiple.py
[2023-12-03T07:05:07.501+0000] {logging_mixin.py:154} INFO - [2023-12-03T07:05:07.501+0000] {dag.py:2941} INFO - Sync 1 DAGs
[2023-12-03T07:05:07.529+0000] {logging_mixin.py:154} INFO - [2023-12-03T07:05:07.529+0000] {dag.py:3722} INFO - Setting next_dagrun for api_dag1 to 2023-12-03T00:00:00+00:00, run_after=2023-12-04T00:00:00+00:00
[2023-12-03T07:05:07.555+0000] {processor.py:179} INFO - Processing /opt/airflow/dags/multiple.py took 0.103 seconds
[2023-12-03T07:05:37.868+0000] {processor.py:157} INFO - Started process (PID=3017) to work on /opt/airflow/dags/multiple.py
[2023-12-03T07:05:37.877+0000] {processor.py:829} INFO - Processing file /opt/airflow/dags/multiple.py for tasks to queue
[2023-12-03T07:05:37.880+0000] {logging_mixin.py:154} INFO - [2023-12-03T07:05:37.879+0000] {dagbag.py:536} INFO - Filling up the DagBag from /opt/airflow/dags/multiple.py
[2023-12-03T07:05:37.889+0000] {processor.py:839} INFO - DAG(s) dict_keys(['api_dag1']) retrieved from /opt/airflow/dags/multiple.py
[2023-12-03T07:05:37.914+0000] {logging_mixin.py:154} INFO - [2023-12-03T07:05:37.913+0000] {dag.py:2941} INFO - Sync 1 DAGs
[2023-12-03T07:05:37.939+0000] {logging_mixin.py:154} INFO - [2023-12-03T07:05:37.938+0000] {dag.py:3722} INFO - Setting next_dagrun for api_dag1 to 2023-12-03T00:00:00+00:00, run_after=2023-12-04T00:00:00+00:00
[2023-12-03T07:05:37.961+0000] {processor.py:179} INFO - Processing /opt/airflow/dags/multiple.py took 0.096 seconds
[2023-12-03T07:06:09.801+0000] {processor.py:157} INFO - Started process (PID=3080) to work on /opt/airflow/dags/multiple.py
[2023-12-03T07:06:09.802+0000] {processor.py:829} INFO - Processing file /opt/airflow/dags/multiple.py for tasks to queue
[2023-12-03T07:06:09.805+0000] {logging_mixin.py:154} INFO - [2023-12-03T07:06:09.804+0000] {dagbag.py:536} INFO - Filling up the DagBag from /opt/airflow/dags/multiple.py
[2023-12-03T07:06:09.812+0000] {processor.py:839} INFO - DAG(s) dict_keys(['api_dag1']) retrieved from /opt/airflow/dags/multiple.py
[2023-12-03T07:06:09.830+0000] {logging_mixin.py:154} INFO - [2023-12-03T07:06:09.830+0000] {dag.py:2941} INFO - Sync 1 DAGs
[2023-12-03T07:06:09.847+0000] {logging_mixin.py:154} INFO - [2023-12-03T07:06:09.847+0000] {dag.py:3722} INFO - Setting next_dagrun for api_dag1 to 2023-12-03T00:00:00+00:00, run_after=2023-12-04T00:00:00+00:00
[2023-12-03T07:06:09.862+0000] {processor.py:179} INFO - Processing /opt/airflow/dags/multiple.py took 0.065 seconds
[2023-12-03T07:06:40.623+0000] {processor.py:157} INFO - Started process (PID=3142) to work on /opt/airflow/dags/multiple.py
[2023-12-03T07:06:40.646+0000] {processor.py:829} INFO - Processing file /opt/airflow/dags/multiple.py for tasks to queue
[2023-12-03T07:06:40.648+0000] {logging_mixin.py:154} INFO - [2023-12-03T07:06:40.648+0000] {dagbag.py:536} INFO - Filling up the DagBag from /opt/airflow/dags/multiple.py
[2023-12-03T07:06:40.658+0000] {processor.py:839} INFO - DAG(s) dict_keys(['api_dag1']) retrieved from /opt/airflow/dags/multiple.py
[2023-12-03T07:06:40.684+0000] {logging_mixin.py:154} INFO - [2023-12-03T07:06:40.684+0000] {dag.py:2941} INFO - Sync 1 DAGs
[2023-12-03T07:06:40.708+0000] {logging_mixin.py:154} INFO - [2023-12-03T07:06:40.708+0000] {dag.py:3722} INFO - Setting next_dagrun for api_dag1 to 2023-12-03T00:00:00+00:00, run_after=2023-12-04T00:00:00+00:00
[2023-12-03T07:06:40.739+0000] {processor.py:179} INFO - Processing /opt/airflow/dags/multiple.py took 0.121 seconds
[2023-12-03T07:07:10.971+0000] {processor.py:157} INFO - Started process (PID=3204) to work on /opt/airflow/dags/multiple.py
[2023-12-03T07:07:10.981+0000] {processor.py:829} INFO - Processing file /opt/airflow/dags/multiple.py for tasks to queue
[2023-12-03T07:07:10.984+0000] {logging_mixin.py:154} INFO - [2023-12-03T07:07:10.983+0000] {dagbag.py:536} INFO - Filling up the DagBag from /opt/airflow/dags/multiple.py
[2023-12-03T07:07:10.998+0000] {processor.py:839} INFO - DAG(s) dict_keys(['api_dag1']) retrieved from /opt/airflow/dags/multiple.py
[2023-12-03T07:07:11.030+0000] {logging_mixin.py:154} INFO - [2023-12-03T07:07:11.030+0000] {dag.py:2941} INFO - Sync 1 DAGs
[2023-12-03T07:07:11.061+0000] {logging_mixin.py:154} INFO - [2023-12-03T07:07:11.061+0000] {dag.py:3722} INFO - Setting next_dagrun for api_dag1 to 2023-12-03T00:00:00+00:00, run_after=2023-12-04T00:00:00+00:00
[2023-12-03T07:07:11.089+0000] {processor.py:179} INFO - Processing /opt/airflow/dags/multiple.py took 0.121 seconds
[2023-12-03T07:07:41.321+0000] {processor.py:157} INFO - Started process (PID=3267) to work on /opt/airflow/dags/multiple.py
[2023-12-03T07:07:41.330+0000] {processor.py:829} INFO - Processing file /opt/airflow/dags/multiple.py for tasks to queue
[2023-12-03T07:07:41.333+0000] {logging_mixin.py:154} INFO - [2023-12-03T07:07:41.333+0000] {dagbag.py:536} INFO - Filling up the DagBag from /opt/airflow/dags/multiple.py
[2023-12-03T07:07:41.343+0000] {processor.py:839} INFO - DAG(s) dict_keys(['api_dag1']) retrieved from /opt/airflow/dags/multiple.py
[2023-12-03T07:07:41.373+0000] {logging_mixin.py:154} INFO - [2023-12-03T07:07:41.372+0000] {dag.py:2941} INFO - Sync 1 DAGs
[2023-12-03T07:07:41.401+0000] {logging_mixin.py:154} INFO - [2023-12-03T07:07:41.401+0000] {dag.py:3722} INFO - Setting next_dagrun for api_dag1 to 2023-12-03T00:00:00+00:00, run_after=2023-12-04T00:00:00+00:00
[2023-12-03T07:07:41.424+0000] {processor.py:179} INFO - Processing /opt/airflow/dags/multiple.py took 0.106 seconds
[2023-12-03T07:08:11.793+0000] {processor.py:157} INFO - Started process (PID=3329) to work on /opt/airflow/dags/multiple.py
[2023-12-03T07:08:11.795+0000] {processor.py:829} INFO - Processing file /opt/airflow/dags/multiple.py for tasks to queue
[2023-12-03T07:08:11.799+0000] {logging_mixin.py:154} INFO - [2023-12-03T07:08:11.798+0000] {dagbag.py:536} INFO - Filling up the DagBag from /opt/airflow/dags/multiple.py
[2023-12-03T07:08:11.808+0000] {processor.py:839} INFO - DAG(s) dict_keys(['api_dag1']) retrieved from /opt/airflow/dags/multiple.py
[2023-12-03T07:08:11.835+0000] {logging_mixin.py:154} INFO - [2023-12-03T07:08:11.834+0000] {dag.py:2941} INFO - Sync 1 DAGs
[2023-12-03T07:08:11.860+0000] {logging_mixin.py:154} INFO - [2023-12-03T07:08:11.859+0000] {dag.py:3722} INFO - Setting next_dagrun for api_dag1 to 2023-12-03T00:00:00+00:00, run_after=2023-12-04T00:00:00+00:00
[2023-12-03T07:08:11.885+0000] {processor.py:179} INFO - Processing /opt/airflow/dags/multiple.py took 0.096 seconds
[2023-12-03T07:08:41.942+0000] {processor.py:157} INFO - Started process (PID=3392) to work on /opt/airflow/dags/multiple.py
[2023-12-03T07:08:41.965+0000] {processor.py:829} INFO - Processing file /opt/airflow/dags/multiple.py for tasks to queue
[2023-12-03T07:08:41.969+0000] {logging_mixin.py:154} INFO - [2023-12-03T07:08:41.968+0000] {dagbag.py:536} INFO - Filling up the DagBag from /opt/airflow/dags/multiple.py
[2023-12-03T07:08:41.978+0000] {processor.py:839} INFO - DAG(s) dict_keys(['api_dag1']) retrieved from /opt/airflow/dags/multiple.py
[2023-12-03T07:08:42.007+0000] {logging_mixin.py:154} INFO - [2023-12-03T07:08:42.006+0000] {dag.py:2941} INFO - Sync 1 DAGs
[2023-12-03T07:08:42.032+0000] {logging_mixin.py:154} INFO - [2023-12-03T07:08:42.032+0000] {dag.py:3722} INFO - Setting next_dagrun for api_dag1 to 2023-12-03T00:00:00+00:00, run_after=2023-12-04T00:00:00+00:00
[2023-12-03T07:08:42.060+0000] {processor.py:179} INFO - Processing /opt/airflow/dags/multiple.py took 0.121 seconds
[2023-12-03T07:09:12.393+0000] {processor.py:157} INFO - Started process (PID=3455) to work on /opt/airflow/dags/multiple.py
[2023-12-03T07:09:12.416+0000] {processor.py:829} INFO - Processing file /opt/airflow/dags/multiple.py for tasks to queue
[2023-12-03T07:09:12.419+0000] {logging_mixin.py:154} INFO - [2023-12-03T07:09:12.418+0000] {dagbag.py:536} INFO - Filling up the DagBag from /opt/airflow/dags/multiple.py
[2023-12-03T07:09:12.427+0000] {processor.py:839} INFO - DAG(s) dict_keys(['api_dag1']) retrieved from /opt/airflow/dags/multiple.py
[2023-12-03T07:09:12.452+0000] {logging_mixin.py:154} INFO - [2023-12-03T07:09:12.452+0000] {dag.py:2941} INFO - Sync 1 DAGs
[2023-12-03T07:09:12.476+0000] {logging_mixin.py:154} INFO - [2023-12-03T07:09:12.476+0000] {dag.py:3722} INFO - Setting next_dagrun for api_dag1 to 2023-12-03T00:00:00+00:00, run_after=2023-12-04T00:00:00+00:00
[2023-12-03T07:09:12.499+0000] {processor.py:179} INFO - Processing /opt/airflow/dags/multiple.py took 0.109 seconds
[2023-12-03T07:09:43.099+0000] {processor.py:157} INFO - Started process (PID=3518) to work on /opt/airflow/dags/multiple.py
[2023-12-03T07:09:43.114+0000] {processor.py:829} INFO - Processing file /opt/airflow/dags/multiple.py for tasks to queue
[2023-12-03T07:09:43.117+0000] {logging_mixin.py:154} INFO - [2023-12-03T07:09:43.117+0000] {dagbag.py:536} INFO - Filling up the DagBag from /opt/airflow/dags/multiple.py
[2023-12-03T07:09:43.127+0000] {processor.py:839} INFO - DAG(s) dict_keys(['api_dag1']) retrieved from /opt/airflow/dags/multiple.py
[2023-12-03T07:09:43.226+0000] {logging_mixin.py:154} INFO - [2023-12-03T07:09:43.225+0000] {dag.py:2941} INFO - Sync 1 DAGs
[2023-12-03T07:09:43.251+0000] {logging_mixin.py:154} INFO - [2023-12-03T07:09:43.251+0000] {dag.py:3722} INFO - Setting next_dagrun for api_dag1 to 2023-12-03T00:00:00+00:00, run_after=2023-12-04T00:00:00+00:00
[2023-12-03T07:09:43.270+0000] {processor.py:179} INFO - Processing /opt/airflow/dags/multiple.py took 0.179 seconds
[2023-12-03T07:10:13.401+0000] {processor.py:157} INFO - Started process (PID=3582) to work on /opt/airflow/dags/multiple.py
[2023-12-03T07:10:13.404+0000] {processor.py:829} INFO - Processing file /opt/airflow/dags/multiple.py for tasks to queue
[2023-12-03T07:10:13.407+0000] {logging_mixin.py:154} INFO - [2023-12-03T07:10:13.407+0000] {dagbag.py:536} INFO - Filling up the DagBag from /opt/airflow/dags/multiple.py
[2023-12-03T07:10:13.420+0000] {processor.py:839} INFO - DAG(s) dict_keys(['api_dag1']) retrieved from /opt/airflow/dags/multiple.py
[2023-12-03T07:10:13.447+0000] {logging_mixin.py:154} INFO - [2023-12-03T07:10:13.446+0000] {dag.py:2941} INFO - Sync 1 DAGs
[2023-12-03T07:10:13.466+0000] {logging_mixin.py:154} INFO - [2023-12-03T07:10:13.466+0000] {dag.py:3722} INFO - Setting next_dagrun for api_dag1 to 2023-12-03T00:00:00+00:00, run_after=2023-12-04T00:00:00+00:00
[2023-12-03T07:10:13.488+0000] {processor.py:179} INFO - Processing /opt/airflow/dags/multiple.py took 0.091 seconds
[2023-12-03T07:10:43.965+0000] {processor.py:157} INFO - Started process (PID=3644) to work on /opt/airflow/dags/multiple.py
[2023-12-03T07:10:43.988+0000] {processor.py:829} INFO - Processing file /opt/airflow/dags/multiple.py for tasks to queue
[2023-12-03T07:10:43.991+0000] {logging_mixin.py:154} INFO - [2023-12-03T07:10:43.991+0000] {dagbag.py:536} INFO - Filling up the DagBag from /opt/airflow/dags/multiple.py
[2023-12-03T07:10:44.001+0000] {processor.py:839} INFO - DAG(s) dict_keys(['api_dag1']) retrieved from /opt/airflow/dags/multiple.py
[2023-12-03T07:10:44.031+0000] {logging_mixin.py:154} INFO - [2023-12-03T07:10:44.031+0000] {dag.py:2941} INFO - Sync 1 DAGs
[2023-12-03T07:10:44.054+0000] {logging_mixin.py:154} INFO - [2023-12-03T07:10:44.054+0000] {dag.py:3722} INFO - Setting next_dagrun for api_dag1 to 2023-12-03T00:00:00+00:00, run_after=2023-12-04T00:00:00+00:00
[2023-12-03T07:10:44.077+0000] {processor.py:179} INFO - Processing /opt/airflow/dags/multiple.py took 0.116 seconds
[2023-12-03T07:11:14.612+0000] {processor.py:157} INFO - Started process (PID=3707) to work on /opt/airflow/dags/multiple.py
[2023-12-03T07:11:14.635+0000] {processor.py:829} INFO - Processing file /opt/airflow/dags/multiple.py for tasks to queue
[2023-12-03T07:11:14.638+0000] {logging_mixin.py:154} INFO - [2023-12-03T07:11:14.638+0000] {dagbag.py:536} INFO - Filling up the DagBag from /opt/airflow/dags/multiple.py
[2023-12-03T07:11:14.647+0000] {processor.py:839} INFO - DAG(s) dict_keys(['api_dag1']) retrieved from /opt/airflow/dags/multiple.py
[2023-12-03T07:11:14.699+0000] {logging_mixin.py:154} INFO - [2023-12-03T07:11:14.699+0000] {dag.py:2941} INFO - Sync 1 DAGs
[2023-12-03T07:11:14.727+0000] {logging_mixin.py:154} INFO - [2023-12-03T07:11:14.727+0000] {dag.py:3722} INFO - Setting next_dagrun for api_dag1 to 2023-12-03T00:00:00+00:00, run_after=2023-12-04T00:00:00+00:00
[2023-12-03T07:11:14.758+0000] {processor.py:179} INFO - Processing /opt/airflow/dags/multiple.py took 0.149 seconds
[2023-12-03T07:11:45.342+0000] {processor.py:157} INFO - Started process (PID=3770) to work on /opt/airflow/dags/multiple.py
[2023-12-03T07:11:45.376+0000] {processor.py:829} INFO - Processing file /opt/airflow/dags/multiple.py for tasks to queue
[2023-12-03T07:11:45.379+0000] {logging_mixin.py:154} INFO - [2023-12-03T07:11:45.378+0000] {dagbag.py:536} INFO - Filling up the DagBag from /opt/airflow/dags/multiple.py
[2023-12-03T07:11:45.388+0000] {processor.py:839} INFO - DAG(s) dict_keys(['api_dag1']) retrieved from /opt/airflow/dags/multiple.py
[2023-12-03T07:11:45.422+0000] {logging_mixin.py:154} INFO - [2023-12-03T07:11:45.422+0000] {dag.py:2941} INFO - Sync 1 DAGs
[2023-12-03T07:11:45.450+0000] {logging_mixin.py:154} INFO - [2023-12-03T07:11:45.450+0000] {dag.py:3722} INFO - Setting next_dagrun for api_dag1 to 2023-12-03T00:00:00+00:00, run_after=2023-12-04T00:00:00+00:00
[2023-12-03T07:11:45.468+0000] {processor.py:179} INFO - Processing /opt/airflow/dags/multiple.py took 0.133 seconds
[2023-12-03T07:12:16.211+0000] {processor.py:157} INFO - Started process (PID=3832) to work on /opt/airflow/dags/multiple.py
[2023-12-03T07:12:16.236+0000] {processor.py:829} INFO - Processing file /opt/airflow/dags/multiple.py for tasks to queue
[2023-12-03T07:12:16.239+0000] {logging_mixin.py:154} INFO - [2023-12-03T07:12:16.239+0000] {dagbag.py:536} INFO - Filling up the DagBag from /opt/airflow/dags/multiple.py
[2023-12-03T07:12:16.249+0000] {processor.py:839} INFO - DAG(s) dict_keys(['api_dag1']) retrieved from /opt/airflow/dags/multiple.py
[2023-12-03T07:12:16.287+0000] {logging_mixin.py:154} INFO - [2023-12-03T07:12:16.287+0000] {dag.py:2941} INFO - Sync 1 DAGs
[2023-12-03T07:12:16.310+0000] {logging_mixin.py:154} INFO - [2023-12-03T07:12:16.310+0000] {dag.py:3722} INFO - Setting next_dagrun for api_dag1 to 2023-12-03T00:00:00+00:00, run_after=2023-12-04T00:00:00+00:00
[2023-12-03T07:12:16.330+0000] {processor.py:179} INFO - Processing /opt/airflow/dags/multiple.py took 0.122 seconds
[2023-12-03T07:12:46.648+0000] {processor.py:157} INFO - Started process (PID=3895) to work on /opt/airflow/dags/multiple.py
[2023-12-03T07:12:46.671+0000] {processor.py:829} INFO - Processing file /opt/airflow/dags/multiple.py for tasks to queue
[2023-12-03T07:12:46.673+0000] {logging_mixin.py:154} INFO - [2023-12-03T07:12:46.672+0000] {dagbag.py:536} INFO - Filling up the DagBag from /opt/airflow/dags/multiple.py
[2023-12-03T07:12:46.681+0000] {processor.py:839} INFO - DAG(s) dict_keys(['api_dag1']) retrieved from /opt/airflow/dags/multiple.py
[2023-12-03T07:12:46.718+0000] {logging_mixin.py:154} INFO - [2023-12-03T07:12:46.718+0000] {dag.py:2941} INFO - Sync 1 DAGs
[2023-12-03T07:12:46.748+0000] {logging_mixin.py:154} INFO - [2023-12-03T07:12:46.747+0000] {dag.py:3722} INFO - Setting next_dagrun for api_dag1 to 2023-12-03T00:00:00+00:00, run_after=2023-12-04T00:00:00+00:00
[2023-12-03T07:12:46.774+0000] {processor.py:179} INFO - Processing /opt/airflow/dags/multiple.py took 0.130 seconds
[2023-12-03T07:13:16.825+0000] {processor.py:157} INFO - Started process (PID=3958) to work on /opt/airflow/dags/multiple.py
[2023-12-03T07:13:16.848+0000] {processor.py:829} INFO - Processing file /opt/airflow/dags/multiple.py for tasks to queue
[2023-12-03T07:13:16.850+0000] {logging_mixin.py:154} INFO - [2023-12-03T07:13:16.849+0000] {dagbag.py:536} INFO - Filling up the DagBag from /opt/airflow/dags/multiple.py
[2023-12-03T07:13:16.857+0000] {processor.py:839} INFO - DAG(s) dict_keys(['api_dag1']) retrieved from /opt/airflow/dags/multiple.py
[2023-12-03T07:13:16.910+0000] {logging_mixin.py:154} INFO - [2023-12-03T07:13:16.910+0000] {dag.py:2941} INFO - Sync 1 DAGs
[2023-12-03T07:13:16.960+0000] {logging_mixin.py:154} INFO - [2023-12-03T07:13:16.960+0000] {dag.py:3722} INFO - Setting next_dagrun for api_dag1 to 2023-12-03T00:00:00+00:00, run_after=2023-12-04T00:00:00+00:00
[2023-12-03T07:13:17.002+0000] {processor.py:179} INFO - Processing /opt/airflow/dags/multiple.py took 0.179 seconds
[2023-12-03T07:13:47.301+0000] {processor.py:157} INFO - Started process (PID=4020) to work on /opt/airflow/dags/multiple.py
[2023-12-03T07:13:47.303+0000] {processor.py:829} INFO - Processing file /opt/airflow/dags/multiple.py for tasks to queue
[2023-12-03T07:13:47.307+0000] {logging_mixin.py:154} INFO - [2023-12-03T07:13:47.307+0000] {dagbag.py:536} INFO - Filling up the DagBag from /opt/airflow/dags/multiple.py
[2023-12-03T07:13:47.321+0000] {processor.py:839} INFO - DAG(s) dict_keys(['api_dag1']) retrieved from /opt/airflow/dags/multiple.py
[2023-12-03T07:13:47.360+0000] {logging_mixin.py:154} INFO - [2023-12-03T07:13:47.359+0000] {dag.py:2941} INFO - Sync 1 DAGs
[2023-12-03T07:13:47.383+0000] {logging_mixin.py:154} INFO - [2023-12-03T07:13:47.383+0000] {dag.py:3722} INFO - Setting next_dagrun for api_dag1 to 2023-12-03T00:00:00+00:00, run_after=2023-12-04T00:00:00+00:00
[2023-12-03T07:13:47.405+0000] {processor.py:179} INFO - Processing /opt/airflow/dags/multiple.py took 0.107 seconds
[2023-12-03T07:14:17.695+0000] {processor.py:157} INFO - Started process (PID=4082) to work on /opt/airflow/dags/multiple.py
[2023-12-03T07:14:17.714+0000] {processor.py:829} INFO - Processing file /opt/airflow/dags/multiple.py for tasks to queue
[2023-12-03T07:14:17.718+0000] {logging_mixin.py:154} INFO - [2023-12-03T07:14:17.718+0000] {dagbag.py:536} INFO - Filling up the DagBag from /opt/airflow/dags/multiple.py
[2023-12-03T07:14:17.736+0000] {processor.py:839} INFO - DAG(s) dict_keys(['api_dag1']) retrieved from /opt/airflow/dags/multiple.py
[2023-12-03T07:14:17.770+0000] {logging_mixin.py:154} INFO - [2023-12-03T07:14:17.770+0000] {dag.py:2941} INFO - Sync 1 DAGs
[2023-12-03T07:14:17.797+0000] {logging_mixin.py:154} INFO - [2023-12-03T07:14:17.797+0000] {dag.py:3722} INFO - Setting next_dagrun for api_dag1 to 2023-12-03T00:00:00+00:00, run_after=2023-12-04T00:00:00+00:00
[2023-12-03T07:14:17.820+0000] {processor.py:179} INFO - Processing /opt/airflow/dags/multiple.py took 0.130 seconds
[2023-12-03T07:14:48.193+0000] {processor.py:157} INFO - Started process (PID=4145) to work on /opt/airflow/dags/multiple.py
[2023-12-03T07:14:48.216+0000] {processor.py:829} INFO - Processing file /opt/airflow/dags/multiple.py for tasks to queue
[2023-12-03T07:14:48.218+0000] {logging_mixin.py:154} INFO - [2023-12-03T07:14:48.218+0000] {dagbag.py:536} INFO - Filling up the DagBag from /opt/airflow/dags/multiple.py
[2023-12-03T07:14:48.227+0000] {processor.py:839} INFO - DAG(s) dict_keys(['api_dag1']) retrieved from /opt/airflow/dags/multiple.py
[2023-12-03T07:14:48.288+0000] {logging_mixin.py:154} INFO - [2023-12-03T07:14:48.288+0000] {dag.py:2941} INFO - Sync 1 DAGs
[2023-12-03T07:14:48.314+0000] {logging_mixin.py:154} INFO - [2023-12-03T07:14:48.314+0000] {dag.py:3722} INFO - Setting next_dagrun for api_dag1 to 2023-12-03T00:00:00+00:00, run_after=2023-12-04T00:00:00+00:00
[2023-12-03T07:14:48.366+0000] {processor.py:179} INFO - Processing /opt/airflow/dags/multiple.py took 0.176 seconds
[2023-12-03T07:15:18.466+0000] {processor.py:157} INFO - Started process (PID=4207) to work on /opt/airflow/dags/multiple.py
[2023-12-03T07:15:18.489+0000] {processor.py:829} INFO - Processing file /opt/airflow/dags/multiple.py for tasks to queue
[2023-12-03T07:15:18.491+0000] {logging_mixin.py:154} INFO - [2023-12-03T07:15:18.491+0000] {dagbag.py:536} INFO - Filling up the DagBag from /opt/airflow/dags/multiple.py
[2023-12-03T07:15:18.506+0000] {processor.py:839} INFO - DAG(s) dict_keys(['api_dag1']) retrieved from /opt/airflow/dags/multiple.py
[2023-12-03T07:15:18.557+0000] {logging_mixin.py:154} INFO - [2023-12-03T07:15:18.557+0000] {dag.py:2941} INFO - Sync 1 DAGs
[2023-12-03T07:15:18.579+0000] {logging_mixin.py:154} INFO - [2023-12-03T07:15:18.579+0000] {dag.py:3722} INFO - Setting next_dagrun for api_dag1 to 2023-12-03T00:00:00+00:00, run_after=2023-12-04T00:00:00+00:00
[2023-12-03T07:15:18.601+0000] {processor.py:179} INFO - Processing /opt/airflow/dags/multiple.py took 0.138 seconds
[2023-12-03T07:15:48.650+0000] {processor.py:157} INFO - Started process (PID=4269) to work on /opt/airflow/dags/multiple.py
[2023-12-03T07:15:48.673+0000] {processor.py:829} INFO - Processing file /opt/airflow/dags/multiple.py for tasks to queue
[2023-12-03T07:15:48.676+0000] {logging_mixin.py:154} INFO - [2023-12-03T07:15:48.675+0000] {dagbag.py:536} INFO - Filling up the DagBag from /opt/airflow/dags/multiple.py
[2023-12-03T07:15:48.685+0000] {processor.py:839} INFO - DAG(s) dict_keys(['api_dag1']) retrieved from /opt/airflow/dags/multiple.py
[2023-12-03T07:15:48.711+0000] {logging_mixin.py:154} INFO - [2023-12-03T07:15:48.710+0000] {dag.py:2941} INFO - Sync 1 DAGs
[2023-12-03T07:15:48.735+0000] {logging_mixin.py:154} INFO - [2023-12-03T07:15:48.735+0000] {dag.py:3722} INFO - Setting next_dagrun for api_dag1 to 2023-12-03T00:00:00+00:00, run_after=2023-12-04T00:00:00+00:00
[2023-12-03T07:15:48.759+0000] {processor.py:179} INFO - Processing /opt/airflow/dags/multiple.py took 0.113 seconds
[2023-12-03T07:16:19.034+0000] {processor.py:157} INFO - Started process (PID=4331) to work on /opt/airflow/dags/multiple.py
[2023-12-03T07:16:19.065+0000] {processor.py:829} INFO - Processing file /opt/airflow/dags/multiple.py for tasks to queue
[2023-12-03T07:16:19.069+0000] {logging_mixin.py:154} INFO - [2023-12-03T07:16:19.069+0000] {dagbag.py:536} INFO - Filling up the DagBag from /opt/airflow/dags/multiple.py
[2023-12-03T07:16:19.117+0000] {processor.py:839} INFO - DAG(s) dict_keys(['api_dag1']) retrieved from /opt/airflow/dags/multiple.py
[2023-12-03T07:16:19.302+0000] {logging_mixin.py:154} INFO - [2023-12-03T07:16:19.302+0000] {dag.py:2941} INFO - Sync 1 DAGs
[2023-12-03T07:16:19.322+0000] {logging_mixin.py:154} INFO - [2023-12-03T07:16:19.322+0000] {dag.py:3722} INFO - Setting next_dagrun for api_dag1 to 2023-12-03T00:00:00+00:00, run_after=2023-12-04T00:00:00+00:00
[2023-12-03T07:16:19.339+0000] {processor.py:179} INFO - Processing /opt/airflow/dags/multiple.py took 0.309 seconds
[2023-12-03T07:16:49.857+0000] {processor.py:157} INFO - Started process (PID=4394) to work on /opt/airflow/dags/multiple.py
[2023-12-03T07:16:49.880+0000] {processor.py:829} INFO - Processing file /opt/airflow/dags/multiple.py for tasks to queue
[2023-12-03T07:16:49.883+0000] {logging_mixin.py:154} INFO - [2023-12-03T07:16:49.882+0000] {dagbag.py:536} INFO - Filling up the DagBag from /opt/airflow/dags/multiple.py
[2023-12-03T07:16:49.895+0000] {processor.py:839} INFO - DAG(s) dict_keys(['api_dag1']) retrieved from /opt/airflow/dags/multiple.py
[2023-12-03T07:16:49.927+0000] {logging_mixin.py:154} INFO - [2023-12-03T07:16:49.927+0000] {dag.py:2941} INFO - Sync 1 DAGs
[2023-12-03T07:16:49.947+0000] {logging_mixin.py:154} INFO - [2023-12-03T07:16:49.947+0000] {dag.py:3722} INFO - Setting next_dagrun for api_dag1 to 2023-12-03T00:00:00+00:00, run_after=2023-12-04T00:00:00+00:00
[2023-12-03T07:16:49.971+0000] {processor.py:179} INFO - Processing /opt/airflow/dags/multiple.py took 0.117 seconds
[2023-12-03T07:17:20.435+0000] {processor.py:157} INFO - Started process (PID=4457) to work on /opt/airflow/dags/multiple.py
[2023-12-03T07:17:20.458+0000] {processor.py:829} INFO - Processing file /opt/airflow/dags/multiple.py for tasks to queue
[2023-12-03T07:17:20.461+0000] {logging_mixin.py:154} INFO - [2023-12-03T07:17:20.460+0000] {dagbag.py:536} INFO - Filling up the DagBag from /opt/airflow/dags/multiple.py
[2023-12-03T07:17:20.470+0000] {processor.py:839} INFO - DAG(s) dict_keys(['api_dag1']) retrieved from /opt/airflow/dags/multiple.py
[2023-12-03T07:17:20.496+0000] {logging_mixin.py:154} INFO - [2023-12-03T07:17:20.496+0000] {dag.py:2941} INFO - Sync 1 DAGs
[2023-12-03T07:17:20.517+0000] {logging_mixin.py:154} INFO - [2023-12-03T07:17:20.517+0000] {dag.py:3722} INFO - Setting next_dagrun for api_dag1 to 2023-12-03T00:00:00+00:00, run_after=2023-12-04T00:00:00+00:00
[2023-12-03T07:17:20.539+0000] {processor.py:179} INFO - Processing /opt/airflow/dags/multiple.py took 0.108 seconds
[2023-12-03T07:17:50.940+0000] {processor.py:157} INFO - Started process (PID=4520) to work on /opt/airflow/dags/multiple.py
[2023-12-03T07:17:50.963+0000] {processor.py:829} INFO - Processing file /opt/airflow/dags/multiple.py for tasks to queue
[2023-12-03T07:17:50.965+0000] {logging_mixin.py:154} INFO - [2023-12-03T07:17:50.965+0000] {dagbag.py:536} INFO - Filling up the DagBag from /opt/airflow/dags/multiple.py
[2023-12-03T07:17:50.975+0000] {processor.py:839} INFO - DAG(s) dict_keys(['api_dag1']) retrieved from /opt/airflow/dags/multiple.py
[2023-12-03T07:17:51.004+0000] {logging_mixin.py:154} INFO - [2023-12-03T07:17:51.004+0000] {dag.py:2941} INFO - Sync 1 DAGs
[2023-12-03T07:17:51.028+0000] {logging_mixin.py:154} INFO - [2023-12-03T07:17:51.028+0000] {dag.py:3722} INFO - Setting next_dagrun for api_dag1 to 2023-12-03T00:00:00+00:00, run_after=2023-12-04T00:00:00+00:00
[2023-12-03T07:17:51.051+0000] {processor.py:179} INFO - Processing /opt/airflow/dags/multiple.py took 0.114 seconds
[2023-12-03T07:18:21.418+0000] {processor.py:157} INFO - Started process (PID=4583) to work on /opt/airflow/dags/multiple.py
[2023-12-03T07:18:21.446+0000] {processor.py:829} INFO - Processing file /opt/airflow/dags/multiple.py for tasks to queue
[2023-12-03T07:18:21.449+0000] {logging_mixin.py:154} INFO - [2023-12-03T07:18:21.448+0000] {dagbag.py:536} INFO - Filling up the DagBag from /opt/airflow/dags/multiple.py
[2023-12-03T07:18:21.459+0000] {processor.py:839} INFO - DAG(s) dict_keys(['api_dag1']) retrieved from /opt/airflow/dags/multiple.py
[2023-12-03T07:18:21.480+0000] {logging_mixin.py:154} INFO - [2023-12-03T07:18:21.479+0000] {dag.py:2941} INFO - Sync 1 DAGs
[2023-12-03T07:18:21.504+0000] {logging_mixin.py:154} INFO - [2023-12-03T07:18:21.503+0000] {dag.py:3722} INFO - Setting next_dagrun for api_dag1 to 2023-12-03T00:00:00+00:00, run_after=2023-12-04T00:00:00+00:00
[2023-12-03T07:18:21.528+0000] {processor.py:179} INFO - Processing /opt/airflow/dags/multiple.py took 0.113 seconds
[2023-12-03T07:18:52.094+0000] {processor.py:157} INFO - Started process (PID=4646) to work on /opt/airflow/dags/multiple.py
[2023-12-03T07:18:52.122+0000] {processor.py:829} INFO - Processing file /opt/airflow/dags/multiple.py for tasks to queue
[2023-12-03T07:18:52.125+0000] {logging_mixin.py:154} INFO - [2023-12-03T07:18:52.125+0000] {dagbag.py:536} INFO - Filling up the DagBag from /opt/airflow/dags/multiple.py
[2023-12-03T07:18:52.134+0000] {processor.py:839} INFO - DAG(s) dict_keys(['api_dag1']) retrieved from /opt/airflow/dags/multiple.py
[2023-12-03T07:18:52.163+0000] {logging_mixin.py:154} INFO - [2023-12-03T07:18:52.163+0000] {dag.py:2941} INFO - Sync 1 DAGs
[2023-12-03T07:18:52.187+0000] {logging_mixin.py:154} INFO - [2023-12-03T07:18:52.187+0000] {dag.py:3722} INFO - Setting next_dagrun for api_dag1 to 2023-12-03T00:00:00+00:00, run_after=2023-12-04T00:00:00+00:00
[2023-12-03T07:18:52.211+0000] {processor.py:179} INFO - Processing /opt/airflow/dags/multiple.py took 0.121 seconds
[2023-12-03T07:19:22.331+0000] {processor.py:157} INFO - Started process (PID=4710) to work on /opt/airflow/dags/multiple.py
[2023-12-03T07:19:22.333+0000] {processor.py:829} INFO - Processing file /opt/airflow/dags/multiple.py for tasks to queue
[2023-12-03T07:19:22.336+0000] {logging_mixin.py:154} INFO - [2023-12-03T07:19:22.335+0000] {dagbag.py:536} INFO - Filling up the DagBag from /opt/airflow/dags/multiple.py
[2023-12-03T07:19:22.347+0000] {processor.py:839} INFO - DAG(s) dict_keys(['api_dag1']) retrieved from /opt/airflow/dags/multiple.py
[2023-12-03T07:19:22.369+0000] {logging_mixin.py:154} INFO - [2023-12-03T07:19:22.368+0000] {dag.py:2941} INFO - Sync 1 DAGs
[2023-12-03T07:19:22.393+0000] {logging_mixin.py:154} INFO - [2023-12-03T07:19:22.392+0000] {dag.py:3722} INFO - Setting next_dagrun for api_dag1 to 2023-12-03T00:00:00+00:00, run_after=2023-12-04T00:00:00+00:00
[2023-12-03T07:19:22.419+0000] {processor.py:179} INFO - Processing /opt/airflow/dags/multiple.py took 0.092 seconds
[2023-12-03T07:19:52.927+0000] {processor.py:157} INFO - Started process (PID=4772) to work on /opt/airflow/dags/multiple.py
[2023-12-03T07:19:52.928+0000] {processor.py:829} INFO - Processing file /opt/airflow/dags/multiple.py for tasks to queue
[2023-12-03T07:19:52.931+0000] {logging_mixin.py:154} INFO - [2023-12-03T07:19:52.931+0000] {dagbag.py:536} INFO - Filling up the DagBag from /opt/airflow/dags/multiple.py
[2023-12-03T07:19:52.940+0000] {processor.py:839} INFO - DAG(s) dict_keys(['api_dag1']) retrieved from /opt/airflow/dags/multiple.py
[2023-12-03T07:19:52.975+0000] {logging_mixin.py:154} INFO - [2023-12-03T07:19:52.974+0000] {dag.py:2941} INFO - Sync 1 DAGs
[2023-12-03T07:19:53.003+0000] {logging_mixin.py:154} INFO - [2023-12-03T07:19:53.002+0000] {dag.py:3722} INFO - Setting next_dagrun for api_dag1 to 2023-12-03T00:00:00+00:00, run_after=2023-12-04T00:00:00+00:00
[2023-12-03T07:19:53.034+0000] {processor.py:179} INFO - Processing /opt/airflow/dags/multiple.py took 0.111 seconds
[2023-12-03T07:20:23.197+0000] {processor.py:157} INFO - Started process (PID=4835) to work on /opt/airflow/dags/multiple.py
[2023-12-03T07:20:23.227+0000] {processor.py:829} INFO - Processing file /opt/airflow/dags/multiple.py for tasks to queue
[2023-12-03T07:20:23.231+0000] {logging_mixin.py:154} INFO - [2023-12-03T07:20:23.230+0000] {dagbag.py:536} INFO - Filling up the DagBag from /opt/airflow/dags/multiple.py
[2023-12-03T07:20:23.240+0000] {processor.py:839} INFO - DAG(s) dict_keys(['api_dag1']) retrieved from /opt/airflow/dags/multiple.py
[2023-12-03T07:20:23.270+0000] {logging_mixin.py:154} INFO - [2023-12-03T07:20:23.270+0000] {dag.py:2941} INFO - Sync 1 DAGs
[2023-12-03T07:20:23.288+0000] {logging_mixin.py:154} INFO - [2023-12-03T07:20:23.288+0000] {dag.py:3722} INFO - Setting next_dagrun for api_dag1 to 2023-12-03T00:00:00+00:00, run_after=2023-12-04T00:00:00+00:00
[2023-12-03T07:20:23.305+0000] {processor.py:179} INFO - Processing /opt/airflow/dags/multiple.py took 0.110 seconds
[2023-12-03T07:20:53.758+0000] {processor.py:157} INFO - Started process (PID=4897) to work on /opt/airflow/dags/multiple.py
[2023-12-03T07:20:53.789+0000] {processor.py:829} INFO - Processing file /opt/airflow/dags/multiple.py for tasks to queue
[2023-12-03T07:20:53.792+0000] {logging_mixin.py:154} INFO - [2023-12-03T07:20:53.792+0000] {dagbag.py:536} INFO - Filling up the DagBag from /opt/airflow/dags/multiple.py
[2023-12-03T07:20:53.801+0000] {processor.py:839} INFO - DAG(s) dict_keys(['api_dag1']) retrieved from /opt/airflow/dags/multiple.py
[2023-12-03T07:20:53.831+0000] {logging_mixin.py:154} INFO - [2023-12-03T07:20:53.831+0000] {dag.py:2941} INFO - Sync 1 DAGs
[2023-12-03T07:20:53.851+0000] {logging_mixin.py:154} INFO - [2023-12-03T07:20:53.851+0000] {dag.py:3722} INFO - Setting next_dagrun for api_dag1 to 2023-12-03T00:00:00+00:00, run_after=2023-12-04T00:00:00+00:00
[2023-12-03T07:20:53.874+0000] {processor.py:179} INFO - Processing /opt/airflow/dags/multiple.py took 0.119 seconds
[2023-12-03T07:21:24.154+0000] {processor.py:157} INFO - Started process (PID=4960) to work on /opt/airflow/dags/multiple.py
[2023-12-03T07:21:24.155+0000] {processor.py:829} INFO - Processing file /opt/airflow/dags/multiple.py for tasks to queue
[2023-12-03T07:21:24.157+0000] {logging_mixin.py:154} INFO - [2023-12-03T07:21:24.157+0000] {dagbag.py:536} INFO - Filling up the DagBag from /opt/airflow/dags/multiple.py
[2023-12-03T07:21:24.165+0000] {processor.py:839} INFO - DAG(s) dict_keys(['api_dag1']) retrieved from /opt/airflow/dags/multiple.py
[2023-12-03T07:21:24.190+0000] {logging_mixin.py:154} INFO - [2023-12-03T07:21:24.190+0000] {dag.py:2941} INFO - Sync 1 DAGs
[2023-12-03T07:21:24.213+0000] {logging_mixin.py:154} INFO - [2023-12-03T07:21:24.212+0000] {dag.py:3722} INFO - Setting next_dagrun for api_dag1 to 2023-12-03T00:00:00+00:00, run_after=2023-12-04T00:00:00+00:00
[2023-12-03T07:21:24.267+0000] {processor.py:179} INFO - Processing /opt/airflow/dags/multiple.py took 0.117 seconds
[2023-12-03T07:21:54.677+0000] {processor.py:157} INFO - Started process (PID=5023) to work on /opt/airflow/dags/multiple.py
[2023-12-03T07:21:54.709+0000] {processor.py:829} INFO - Processing file /opt/airflow/dags/multiple.py for tasks to queue
[2023-12-03T07:21:54.712+0000] {logging_mixin.py:154} INFO - [2023-12-03T07:21:54.712+0000] {dagbag.py:536} INFO - Filling up the DagBag from /opt/airflow/dags/multiple.py
[2023-12-03T07:21:54.739+0000] {processor.py:839} INFO - DAG(s) dict_keys(['api_dag1']) retrieved from /opt/airflow/dags/multiple.py
[2023-12-03T07:21:54.777+0000] {logging_mixin.py:154} INFO - [2023-12-03T07:21:54.777+0000] {dag.py:2941} INFO - Sync 1 DAGs
[2023-12-03T07:21:54.807+0000] {logging_mixin.py:154} INFO - [2023-12-03T07:21:54.807+0000] {dag.py:3722} INFO - Setting next_dagrun for api_dag1 to 2023-12-03T00:00:00+00:00, run_after=2023-12-04T00:00:00+00:00
[2023-12-03T07:21:54.829+0000] {processor.py:179} INFO - Processing /opt/airflow/dags/multiple.py took 0.156 seconds
[2023-12-03T07:22:24.979+0000] {processor.py:157} INFO - Started process (PID=5086) to work on /opt/airflow/dags/multiple.py
[2023-12-03T07:22:24.980+0000] {processor.py:829} INFO - Processing file /opt/airflow/dags/multiple.py for tasks to queue
[2023-12-03T07:22:24.983+0000] {logging_mixin.py:154} INFO - [2023-12-03T07:22:24.983+0000] {dagbag.py:536} INFO - Filling up the DagBag from /opt/airflow/dags/multiple.py
[2023-12-03T07:22:24.992+0000] {processor.py:839} INFO - DAG(s) dict_keys(['api_dag1']) retrieved from /opt/airflow/dags/multiple.py
[2023-12-03T07:22:25.019+0000] {logging_mixin.py:154} INFO - [2023-12-03T07:22:25.019+0000] {dag.py:2941} INFO - Sync 1 DAGs
[2023-12-03T07:22:25.046+0000] {logging_mixin.py:154} INFO - [2023-12-03T07:22:25.046+0000] {dag.py:3722} INFO - Setting next_dagrun for api_dag1 to 2023-12-03T00:00:00+00:00, run_after=2023-12-04T00:00:00+00:00
[2023-12-03T07:22:25.102+0000] {processor.py:179} INFO - Processing /opt/airflow/dags/multiple.py took 0.126 seconds
[2023-12-03T07:22:55.466+0000] {processor.py:157} INFO - Started process (PID=5149) to work on /opt/airflow/dags/multiple.py
[2023-12-03T07:22:55.499+0000] {processor.py:829} INFO - Processing file /opt/airflow/dags/multiple.py for tasks to queue
[2023-12-03T07:22:55.502+0000] {logging_mixin.py:154} INFO - [2023-12-03T07:22:55.502+0000] {dagbag.py:536} INFO - Filling up the DagBag from /opt/airflow/dags/multiple.py
[2023-12-03T07:22:55.511+0000] {processor.py:839} INFO - DAG(s) dict_keys(['api_dag1']) retrieved from /opt/airflow/dags/multiple.py
[2023-12-03T07:22:55.549+0000] {logging_mixin.py:154} INFO - [2023-12-03T07:22:55.549+0000] {dag.py:2941} INFO - Sync 1 DAGs
[2023-12-03T07:22:55.574+0000] {logging_mixin.py:154} INFO - [2023-12-03T07:22:55.574+0000] {dag.py:3722} INFO - Setting next_dagrun for api_dag1 to 2023-12-03T00:00:00+00:00, run_after=2023-12-04T00:00:00+00:00
[2023-12-03T07:22:55.602+0000] {processor.py:179} INFO - Processing /opt/airflow/dags/multiple.py took 0.140 seconds
[2023-12-03T07:23:25.775+0000] {processor.py:157} INFO - Started process (PID=5212) to work on /opt/airflow/dags/multiple.py
[2023-12-03T07:23:25.811+0000] {processor.py:829} INFO - Processing file /opt/airflow/dags/multiple.py for tasks to queue
[2023-12-03T07:23:25.814+0000] {logging_mixin.py:154} INFO - [2023-12-03T07:23:25.814+0000] {dagbag.py:536} INFO - Filling up the DagBag from /opt/airflow/dags/multiple.py
[2023-12-03T07:23:25.823+0000] {processor.py:839} INFO - DAG(s) dict_keys(['api_dag1']) retrieved from /opt/airflow/dags/multiple.py
[2023-12-03T07:23:25.842+0000] {logging_mixin.py:154} INFO - [2023-12-03T07:23:25.842+0000] {dag.py:2941} INFO - Sync 1 DAGs
[2023-12-03T07:23:25.860+0000] {logging_mixin.py:154} INFO - [2023-12-03T07:23:25.860+0000] {dag.py:3722} INFO - Setting next_dagrun for api_dag1 to 2023-12-03T00:00:00+00:00, run_after=2023-12-04T00:00:00+00:00
[2023-12-03T07:23:25.876+0000] {processor.py:179} INFO - Processing /opt/airflow/dags/multiple.py took 0.105 seconds
[2023-12-03T07:23:55.952+0000] {processor.py:157} INFO - Started process (PID=5274) to work on /opt/airflow/dags/multiple.py
[2023-12-03T07:23:55.993+0000] {processor.py:829} INFO - Processing file /opt/airflow/dags/multiple.py for tasks to queue
[2023-12-03T07:23:55.996+0000] {logging_mixin.py:154} INFO - [2023-12-03T07:23:55.996+0000] {dagbag.py:536} INFO - Filling up the DagBag from /opt/airflow/dags/multiple.py
[2023-12-03T07:23:56.004+0000] {processor.py:839} INFO - DAG(s) dict_keys(['api_dag1']) retrieved from /opt/airflow/dags/multiple.py
[2023-12-03T07:23:56.031+0000] {logging_mixin.py:154} INFO - [2023-12-03T07:23:56.030+0000] {dag.py:2941} INFO - Sync 1 DAGs
[2023-12-03T07:23:56.060+0000] {logging_mixin.py:154} INFO - [2023-12-03T07:23:56.060+0000] {dag.py:3722} INFO - Setting next_dagrun for api_dag1 to 2023-12-03T00:00:00+00:00, run_after=2023-12-04T00:00:00+00:00
[2023-12-03T07:23:56.082+0000] {processor.py:179} INFO - Processing /opt/airflow/dags/multiple.py took 0.134 seconds
[2023-12-03T07:24:26.373+0000] {processor.py:157} INFO - Started process (PID=5337) to work on /opt/airflow/dags/multiple.py
[2023-12-03T07:24:26.375+0000] {processor.py:829} INFO - Processing file /opt/airflow/dags/multiple.py for tasks to queue
[2023-12-03T07:24:26.378+0000] {logging_mixin.py:154} INFO - [2023-12-03T07:24:26.377+0000] {dagbag.py:536} INFO - Filling up the DagBag from /opt/airflow/dags/multiple.py
[2023-12-03T07:24:26.387+0000] {processor.py:839} INFO - DAG(s) dict_keys(['api_dag1']) retrieved from /opt/airflow/dags/multiple.py
[2023-12-03T07:24:26.418+0000] {logging_mixin.py:154} INFO - [2023-12-03T07:24:26.418+0000] {dag.py:2941} INFO - Sync 1 DAGs
[2023-12-03T07:24:26.443+0000] {logging_mixin.py:154} INFO - [2023-12-03T07:24:26.443+0000] {dag.py:3722} INFO - Setting next_dagrun for api_dag1 to 2023-12-03T00:00:00+00:00, run_after=2023-12-04T00:00:00+00:00
[2023-12-03T07:24:26.465+0000] {processor.py:179} INFO - Processing /opt/airflow/dags/multiple.py took 0.095 seconds
[2023-12-03T07:24:56.681+0000] {processor.py:157} INFO - Started process (PID=5401) to work on /opt/airflow/dags/multiple.py
[2023-12-03T07:24:56.722+0000] {processor.py:829} INFO - Processing file /opt/airflow/dags/multiple.py for tasks to queue
[2023-12-03T07:24:56.728+0000] {logging_mixin.py:154} INFO - [2023-12-03T07:24:56.724+0000] {dagbag.py:536} INFO - Filling up the DagBag from /opt/airflow/dags/multiple.py
[2023-12-03T07:24:56.737+0000] {processor.py:839} INFO - DAG(s) dict_keys(['api_dag1']) retrieved from /opt/airflow/dags/multiple.py
[2023-12-03T07:24:56.768+0000] {logging_mixin.py:154} INFO - [2023-12-03T07:24:56.768+0000] {dag.py:2941} INFO - Sync 1 DAGs
[2023-12-03T07:24:56.792+0000] {logging_mixin.py:154} INFO - [2023-12-03T07:24:56.792+0000] {dag.py:3722} INFO - Setting next_dagrun for api_dag1 to 2023-12-03T00:00:00+00:00, run_after=2023-12-04T00:00:00+00:00
[2023-12-03T07:24:56.817+0000] {processor.py:179} INFO - Processing /opt/airflow/dags/multiple.py took 0.139 seconds
[2023-12-03T07:25:27.263+0000] {processor.py:157} INFO - Started process (PID=5464) to work on /opt/airflow/dags/multiple.py
[2023-12-03T07:25:27.285+0000] {processor.py:829} INFO - Processing file /opt/airflow/dags/multiple.py for tasks to queue
[2023-12-03T07:25:27.288+0000] {logging_mixin.py:154} INFO - [2023-12-03T07:25:27.287+0000] {dagbag.py:536} INFO - Filling up the DagBag from /opt/airflow/dags/multiple.py
[2023-12-03T07:25:27.297+0000] {processor.py:839} INFO - DAG(s) dict_keys(['api_dag1']) retrieved from /opt/airflow/dags/multiple.py
[2023-12-03T07:25:27.324+0000] {logging_mixin.py:154} INFO - [2023-12-03T07:25:27.324+0000] {dag.py:2941} INFO - Sync 1 DAGs
[2023-12-03T07:25:27.345+0000] {logging_mixin.py:154} INFO - [2023-12-03T07:25:27.345+0000] {dag.py:3722} INFO - Setting next_dagrun for api_dag1 to 2023-12-03T00:00:00+00:00, run_after=2023-12-04T00:00:00+00:00
[2023-12-03T07:25:27.368+0000] {processor.py:179} INFO - Processing /opt/airflow/dags/multiple.py took 0.108 seconds
[2023-12-03T07:25:57.395+0000] {processor.py:157} INFO - Started process (PID=5527) to work on /opt/airflow/dags/multiple.py
[2023-12-03T07:25:57.419+0000] {processor.py:829} INFO - Processing file /opt/airflow/dags/multiple.py for tasks to queue
[2023-12-03T07:25:57.421+0000] {logging_mixin.py:154} INFO - [2023-12-03T07:25:57.420+0000] {dagbag.py:536} INFO - Filling up the DagBag from /opt/airflow/dags/multiple.py
[2023-12-03T07:25:57.428+0000] {processor.py:839} INFO - DAG(s) dict_keys(['api_dag1']) retrieved from /opt/airflow/dags/multiple.py
[2023-12-03T07:25:57.446+0000] {logging_mixin.py:154} INFO - [2023-12-03T07:25:57.445+0000] {dag.py:2941} INFO - Sync 1 DAGs
[2023-12-03T07:25:57.464+0000] {logging_mixin.py:154} INFO - [2023-12-03T07:25:57.464+0000] {dag.py:3722} INFO - Setting next_dagrun for api_dag1 to 2023-12-03T00:00:00+00:00, run_after=2023-12-04T00:00:00+00:00
[2023-12-03T07:25:57.480+0000] {processor.py:179} INFO - Processing /opt/airflow/dags/multiple.py took 0.089 seconds
[2023-12-03T07:40:58.014+0000] {processor.py:157} INFO - Started process (PID=5564) to work on /opt/airflow/dags/multiple.py
[2023-12-03T07:40:58.124+0000] {processor.py:829} INFO - Processing file /opt/airflow/dags/multiple.py for tasks to queue
[2023-12-03T07:40:58.126+0000] {logging_mixin.py:154} INFO - [2023-12-03T07:40:58.126+0000] {dagbag.py:536} INFO - Filling up the DagBag from /opt/airflow/dags/multiple.py
[2023-12-03T07:40:58.183+0000] {processor.py:839} INFO - DAG(s) dict_keys(['api_dag1']) retrieved from /opt/airflow/dags/multiple.py
[2023-12-03T07:40:58.507+0000] {logging_mixin.py:154} INFO - [2023-12-03T07:40:58.507+0000] {dag.py:2941} INFO - Sync 1 DAGs
[2023-12-03T07:40:58.656+0000] {logging_mixin.py:154} INFO - [2023-12-03T07:40:58.656+0000] {dag.py:3722} INFO - Setting next_dagrun for api_dag1 to 2023-12-03T00:00:00+00:00, run_after=2023-12-04T00:00:00+00:00
[2023-12-03T07:40:59.034+0000] {processor.py:179} INFO - Processing /opt/airflow/dags/multiple.py took 1.152 seconds
[2023-12-03T07:41:29.609+0000] {processor.py:157} INFO - Started process (PID=5628) to work on /opt/airflow/dags/multiple.py
[2023-12-03T07:41:29.611+0000] {processor.py:829} INFO - Processing file /opt/airflow/dags/multiple.py for tasks to queue
[2023-12-03T07:41:29.614+0000] {logging_mixin.py:154} INFO - [2023-12-03T07:41:29.613+0000] {dagbag.py:536} INFO - Filling up the DagBag from /opt/airflow/dags/multiple.py
[2023-12-03T07:41:29.623+0000] {processor.py:839} INFO - DAG(s) dict_keys(['api_dag1']) retrieved from /opt/airflow/dags/multiple.py
[2023-12-03T07:41:29.657+0000] {logging_mixin.py:154} INFO - [2023-12-03T07:41:29.657+0000] {dag.py:2941} INFO - Sync 1 DAGs
[2023-12-03T07:41:29.683+0000] {logging_mixin.py:154} INFO - [2023-12-03T07:41:29.683+0000] {dag.py:3722} INFO - Setting next_dagrun for api_dag1 to 2023-12-03T00:00:00+00:00, run_after=2023-12-04T00:00:00+00:00
[2023-12-03T07:41:29.840+0000] {processor.py:179} INFO - Processing /opt/airflow/dags/multiple.py took 0.233 seconds
[2023-12-03T07:42:00.091+0000] {processor.py:157} INFO - Started process (PID=5685) to work on /opt/airflow/dags/multiple.py
[2023-12-03T07:42:00.110+0000] {processor.py:829} INFO - Processing file /opt/airflow/dags/multiple.py for tasks to queue
[2023-12-03T07:42:00.118+0000] {logging_mixin.py:154} INFO - [2023-12-03T07:42:00.118+0000] {dagbag.py:536} INFO - Filling up the DagBag from /opt/airflow/dags/multiple.py
[2023-12-03T07:42:00.158+0000] {processor.py:839} INFO - DAG(s) dict_keys(['api_dag1']) retrieved from /opt/airflow/dags/multiple.py
[2023-12-03T07:42:00.305+0000] {logging_mixin.py:154} INFO - [2023-12-03T07:42:00.305+0000] {dag.py:2941} INFO - Sync 1 DAGs
[2023-12-03T07:42:00.428+0000] {logging_mixin.py:154} INFO - [2023-12-03T07:42:00.428+0000] {dag.py:3722} INFO - Setting next_dagrun for api_dag1 to 2023-12-03T00:00:00+00:00, run_after=2023-12-04T00:00:00+00:00
[2023-12-03T07:42:00.453+0000] {processor.py:179} INFO - Processing /opt/airflow/dags/multiple.py took 0.375 seconds
[2023-12-03T07:42:32.756+0000] {processor.py:157} INFO - Started process (PID=5754) to work on /opt/airflow/dags/multiple.py
[2023-12-03T07:42:32.809+0000] {processor.py:829} INFO - Processing file /opt/airflow/dags/multiple.py for tasks to queue
[2023-12-03T07:42:32.822+0000] {logging_mixin.py:154} INFO - [2023-12-03T07:42:32.821+0000] {dagbag.py:536} INFO - Filling up the DagBag from /opt/airflow/dags/multiple.py
[2023-12-03T07:42:33.186+0000] {processor.py:839} INFO - DAG(s) dict_keys(['api_dag1']) retrieved from /opt/airflow/dags/multiple.py
[2023-12-03T07:42:33.610+0000] {logging_mixin.py:154} INFO - [2023-12-03T07:42:33.610+0000] {dag.py:2941} INFO - Sync 1 DAGs
[2023-12-03T07:42:33.899+0000] {logging_mixin.py:154} INFO - [2023-12-03T07:42:33.896+0000] {dag.py:3722} INFO - Setting next_dagrun for api_dag1 to 2023-12-03T00:00:00+00:00, run_after=2023-12-04T00:00:00+00:00
[2023-12-03T07:42:34.151+0000] {processor.py:179} INFO - Processing /opt/airflow/dags/multiple.py took 1.420 seconds
