[2023-12-03T06:36:18.525+0000] {processor.py:157} INFO - Started process (PID=46) to work on /opt/airflow/dags/public_api.py
[2023-12-03T06:36:18.526+0000] {processor.py:829} INFO - Processing file /opt/airflow/dags/public_api.py for tasks to queue
[2023-12-03T06:36:18.549+0000] {logging_mixin.py:154} INFO - [2023-12-03T06:36:18.545+0000] {dagbag.py:536} INFO - Filling up the DagBag from /opt/airflow/dags/public_api.py
[2023-12-03T06:36:18.641+0000] {processor.py:839} INFO - DAG(s) dict_keys(['Call_public_api']) retrieved from /opt/airflow/dags/public_api.py
[2023-12-03T06:36:20.980+0000] {logging_mixin.py:154} INFO - [2023-12-03T06:36:20.980+0000] {dag.py:2941} INFO - Sync 1 DAGs
[2023-12-03T06:36:22.100+0000] {logging_mixin.py:154} INFO - [2023-12-03T06:36:22.096+0000] {dag.py:3722} INFO - Setting next_dagrun for Call_public_api to 2023-12-02T00:00:00+00:00, run_after=2023-12-03T00:00:00+00:00
[2023-12-03T06:36:22.786+0000] {processor.py:179} INFO - Processing /opt/airflow/dags/public_api.py took 4.266 seconds
[2023-12-03T06:38:20.018+0000] {processor.py:157} INFO - Started process (PID=144) to work on /opt/airflow/dags/public_api.py
[2023-12-03T06:38:20.037+0000] {processor.py:829} INFO - Processing file /opt/airflow/dags/public_api.py for tasks to queue
[2023-12-03T06:38:20.041+0000] {logging_mixin.py:154} INFO - [2023-12-03T06:38:20.041+0000] {dagbag.py:536} INFO - Filling up the DagBag from /opt/airflow/dags/public_api.py
[2023-12-03T06:38:20.051+0000] {processor.py:839} INFO - DAG(s) dict_keys(['Call_public_api']) retrieved from /opt/airflow/dags/public_api.py
[2023-12-03T06:38:20.357+0000] {logging_mixin.py:154} INFO - [2023-12-03T06:38:20.357+0000] {dag.py:2941} INFO - Sync 1 DAGs
[2023-12-03T06:38:20.523+0000] {logging_mixin.py:154} INFO - [2023-12-03T06:38:20.522+0000] {dag.py:3722} INFO - Setting next_dagrun for Call_public_api to 2023-12-03T00:00:00+00:00, run_after=2023-12-04T00:00:00+00:00
[2023-12-03T06:38:20.798+0000] {processor.py:179} INFO - Processing /opt/airflow/dags/public_api.py took 0.796 seconds
[2023-12-03T06:38:51.954+0000] {processor.py:157} INFO - Started process (PID=206) to work on /opt/airflow/dags/public_api.py
[2023-12-03T06:38:52.043+0000] {processor.py:829} INFO - Processing file /opt/airflow/dags/public_api.py for tasks to queue
[2023-12-03T06:38:52.060+0000] {logging_mixin.py:154} INFO - [2023-12-03T06:38:52.059+0000] {dagbag.py:536} INFO - Filling up the DagBag from /opt/airflow/dags/public_api.py
[2023-12-03T06:38:52.144+0000] {processor.py:839} INFO - DAG(s) dict_keys(['Call_public_api']) retrieved from /opt/airflow/dags/public_api.py
[2023-12-03T06:38:52.514+0000] {logging_mixin.py:154} INFO - [2023-12-03T06:38:52.513+0000] {dag.py:2941} INFO - Sync 1 DAGs
[2023-12-03T06:38:52.913+0000] {logging_mixin.py:154} INFO - [2023-12-03T06:38:52.912+0000] {dag.py:3722} INFO - Setting next_dagrun for Call_public_api to 2023-12-03T00:00:00+00:00, run_after=2023-12-04T00:00:00+00:00
[2023-12-03T06:38:53.816+0000] {processor.py:179} INFO - Processing /opt/airflow/dags/public_api.py took 1.944 seconds
[2023-12-03T06:39:32.058+0000] {processor.py:157} INFO - Started process (PID=276) to work on /opt/airflow/dags/public_api.py
[2023-12-03T06:39:32.060+0000] {processor.py:829} INFO - Processing file /opt/airflow/dags/public_api.py for tasks to queue
[2023-12-03T06:39:32.064+0000] {logging_mixin.py:154} INFO - [2023-12-03T06:39:32.063+0000] {dagbag.py:536} INFO - Filling up the DagBag from /opt/airflow/dags/public_api.py
[2023-12-03T06:39:32.080+0000] {processor.py:839} INFO - DAG(s) dict_keys(['Call_public_api']) retrieved from /opt/airflow/dags/public_api.py
[2023-12-03T06:39:32.536+0000] {logging_mixin.py:154} INFO - [2023-12-03T06:39:32.536+0000] {dag.py:2941} INFO - Sync 1 DAGs
[2023-12-03T06:39:32.702+0000] {logging_mixin.py:154} INFO - [2023-12-03T06:39:32.702+0000] {dag.py:3722} INFO - Setting next_dagrun for Call_public_api to 2023-12-03T00:00:00+00:00, run_after=2023-12-04T00:00:00+00:00
[2023-12-03T06:39:32.995+0000] {processor.py:179} INFO - Processing /opt/airflow/dags/public_api.py took 0.942 seconds
[2023-12-03T06:40:18.523+0000] {processor.py:157} INFO - Started process (PID=338) to work on /opt/airflow/dags/public_api.py
[2023-12-03T06:40:18.544+0000] {processor.py:829} INFO - Processing file /opt/airflow/dags/public_api.py for tasks to queue
[2023-12-03T06:40:18.547+0000] {logging_mixin.py:154} INFO - [2023-12-03T06:40:18.547+0000] {dagbag.py:536} INFO - Filling up the DagBag from /opt/airflow/dags/public_api.py
[2023-12-03T06:40:18.558+0000] {processor.py:839} INFO - DAG(s) dict_keys(['Call_public_api']) retrieved from /opt/airflow/dags/public_api.py
[2023-12-03T06:40:18.990+0000] {logging_mixin.py:154} INFO - [2023-12-03T06:40:18.967+0000] {dag.py:2941} INFO - Sync 1 DAGs
[2023-12-03T06:40:19.139+0000] {logging_mixin.py:154} INFO - [2023-12-03T06:40:19.139+0000] {dag.py:3722} INFO - Setting next_dagrun for Call_public_api to 2023-12-03T00:00:00+00:00, run_after=2023-12-04T00:00:00+00:00
[2023-12-03T06:40:19.664+0000] {processor.py:179} INFO - Processing /opt/airflow/dags/public_api.py took 1.162 seconds
[2023-12-03T06:40:51.327+0000] {processor.py:157} INFO - Started process (PID=401) to work on /opt/airflow/dags/public_api.py
[2023-12-03T06:40:51.380+0000] {processor.py:829} INFO - Processing file /opt/airflow/dags/public_api.py for tasks to queue
[2023-12-03T06:40:51.386+0000] {logging_mixin.py:154} INFO - [2023-12-03T06:40:51.386+0000] {dagbag.py:536} INFO - Filling up the DagBag from /opt/airflow/dags/public_api.py
[2023-12-03T06:40:51.423+0000] {processor.py:839} INFO - DAG(s) dict_keys(['Call_public_api']) retrieved from /opt/airflow/dags/public_api.py
[2023-12-03T06:40:51.746+0000] {logging_mixin.py:154} INFO - [2023-12-03T06:40:51.745+0000] {dag.py:2941} INFO - Sync 1 DAGs
[2023-12-03T06:40:51.878+0000] {logging_mixin.py:154} INFO - [2023-12-03T06:40:51.878+0000] {dag.py:3722} INFO - Setting next_dagrun for Call_public_api to 2023-12-03T00:00:00+00:00, run_after=2023-12-04T00:00:00+00:00
[2023-12-03T06:40:52.281+0000] {processor.py:179} INFO - Processing /opt/airflow/dags/public_api.py took 0.971 seconds
[2023-12-03T06:41:26.966+0000] {processor.py:157} INFO - Started process (PID=463) to work on /opt/airflow/dags/public_api.py
[2023-12-03T06:41:27.008+0000] {processor.py:829} INFO - Processing file /opt/airflow/dags/public_api.py for tasks to queue
[2023-12-03T06:41:27.043+0000] {logging_mixin.py:154} INFO - [2023-12-03T06:41:27.033+0000] {dagbag.py:536} INFO - Filling up the DagBag from /opt/airflow/dags/public_api.py
[2023-12-03T06:41:27.070+0000] {processor.py:839} INFO - DAG(s) dict_keys(['Call_public_api']) retrieved from /opt/airflow/dags/public_api.py
[2023-12-03T06:41:27.247+0000] {logging_mixin.py:154} INFO - [2023-12-03T06:41:27.247+0000] {dag.py:2941} INFO - Sync 1 DAGs
[2023-12-03T06:41:27.355+0000] {logging_mixin.py:154} INFO - [2023-12-03T06:41:27.355+0000] {dag.py:3722} INFO - Setting next_dagrun for Call_public_api to 2023-12-03T00:00:00+00:00, run_after=2023-12-04T00:00:00+00:00
[2023-12-03T06:41:27.575+0000] {processor.py:179} INFO - Processing /opt/airflow/dags/public_api.py took 0.622 seconds
[2023-12-03T06:42:05.007+0000] {processor.py:157} INFO - Started process (PID=527) to work on /opt/airflow/dags/public_api.py
[2023-12-03T06:42:05.075+0000] {processor.py:829} INFO - Processing file /opt/airflow/dags/public_api.py for tasks to queue
[2023-12-03T06:42:05.081+0000] {logging_mixin.py:154} INFO - [2023-12-03T06:42:05.081+0000] {dagbag.py:536} INFO - Filling up the DagBag from /opt/airflow/dags/public_api.py
[2023-12-03T06:42:05.126+0000] {processor.py:839} INFO - DAG(s) dict_keys(['Call_public_api']) retrieved from /opt/airflow/dags/public_api.py
[2023-12-03T06:42:05.422+0000] {logging_mixin.py:154} INFO - [2023-12-03T06:42:05.422+0000] {dag.py:2941} INFO - Sync 1 DAGs
[2023-12-03T06:42:05.502+0000] {logging_mixin.py:154} INFO - [2023-12-03T06:42:05.502+0000] {dag.py:3722} INFO - Setting next_dagrun for Call_public_api to 2023-12-03T00:00:00+00:00, run_after=2023-12-04T00:00:00+00:00
[2023-12-03T06:42:05.601+0000] {processor.py:179} INFO - Processing /opt/airflow/dags/public_api.py took 0.635 seconds
[2023-12-03T06:42:38.255+0000] {processor.py:157} INFO - Started process (PID=588) to work on /opt/airflow/dags/public_api.py
[2023-12-03T06:42:38.376+0000] {processor.py:829} INFO - Processing file /opt/airflow/dags/public_api.py for tasks to queue
[2023-12-03T06:42:38.389+0000] {logging_mixin.py:154} INFO - [2023-12-03T06:42:38.388+0000] {dagbag.py:536} INFO - Filling up the DagBag from /opt/airflow/dags/public_api.py
[2023-12-03T06:42:38.442+0000] {processor.py:839} INFO - DAG(s) dict_keys(['Call_public_api']) retrieved from /opt/airflow/dags/public_api.py
[2023-12-03T06:42:38.777+0000] {logging_mixin.py:154} INFO - [2023-12-03T06:42:38.777+0000] {dag.py:2941} INFO - Sync 1 DAGs
[2023-12-03T06:42:39.086+0000] {logging_mixin.py:154} INFO - [2023-12-03T06:42:39.086+0000] {dag.py:3722} INFO - Setting next_dagrun for Call_public_api to 2023-12-03T00:00:00+00:00, run_after=2023-12-04T00:00:00+00:00
[2023-12-03T06:42:39.833+0000] {processor.py:179} INFO - Processing /opt/airflow/dags/public_api.py took 1.657 seconds
[2023-12-03T06:43:18.139+0000] {processor.py:157} INFO - Started process (PID=641) to work on /opt/airflow/dags/public_api.py
[2023-12-03T06:43:18.142+0000] {processor.py:829} INFO - Processing file /opt/airflow/dags/public_api.py for tasks to queue
[2023-12-03T06:43:18.146+0000] {logging_mixin.py:154} INFO - [2023-12-03T06:43:18.146+0000] {dagbag.py:536} INFO - Filling up the DagBag from /opt/airflow/dags/public_api.py
[2023-12-03T06:43:18.160+0000] {processor.py:839} INFO - DAG(s) dict_keys(['Call_public_api']) retrieved from /opt/airflow/dags/public_api.py
[2023-12-03T06:43:18.338+0000] {logging_mixin.py:154} INFO - [2023-12-03T06:43:18.338+0000] {dag.py:2941} INFO - Sync 1 DAGs
[2023-12-03T06:43:18.579+0000] {logging_mixin.py:154} INFO - [2023-12-03T06:43:18.578+0000] {dag.py:3722} INFO - Setting next_dagrun for Call_public_api to 2023-12-03T00:00:00+00:00, run_after=2023-12-04T00:00:00+00:00
[2023-12-03T06:43:19.189+0000] {processor.py:179} INFO - Processing /opt/airflow/dags/public_api.py took 1.057 seconds
[2023-12-03T06:43:52.475+0000] {processor.py:157} INFO - Started process (PID=688) to work on /opt/airflow/dags/public_api.py
[2023-12-03T06:43:52.715+0000] {processor.py:829} INFO - Processing file /opt/airflow/dags/public_api.py for tasks to queue
[2023-12-03T06:43:52.724+0000] {logging_mixin.py:154} INFO - [2023-12-03T06:43:52.724+0000] {dagbag.py:536} INFO - Filling up the DagBag from /opt/airflow/dags/public_api.py
[2023-12-03T06:43:52.743+0000] {processor.py:839} INFO - DAG(s) dict_keys(['Call_public_api']) retrieved from /opt/airflow/dags/public_api.py
[2023-12-03T06:43:53.232+0000] {logging_mixin.py:154} INFO - [2023-12-03T06:43:53.232+0000] {dag.py:2941} INFO - Sync 1 DAGs
[2023-12-03T06:43:53.399+0000] {logging_mixin.py:154} INFO - [2023-12-03T06:43:53.398+0000] {dag.py:3722} INFO - Setting next_dagrun for Call_public_api to 2023-12-03T00:00:00+00:00, run_after=2023-12-04T00:00:00+00:00
[2023-12-03T06:43:53.558+0000] {processor.py:179} INFO - Processing /opt/airflow/dags/public_api.py took 1.123 seconds
[2023-12-03T06:44:30.353+0000] {processor.py:157} INFO - Started process (PID=752) to work on /opt/airflow/dags/public_api.py
[2023-12-03T06:44:30.433+0000] {processor.py:829} INFO - Processing file /opt/airflow/dags/public_api.py for tasks to queue
[2023-12-03T06:44:30.441+0000] {logging_mixin.py:154} INFO - [2023-12-03T06:44:30.436+0000] {dagbag.py:536} INFO - Filling up the DagBag from /opt/airflow/dags/public_api.py
[2023-12-03T06:44:30.456+0000] {processor.py:839} INFO - DAG(s) dict_keys(['Call_public_api']) retrieved from /opt/airflow/dags/public_api.py
[2023-12-03T06:44:30.897+0000] {logging_mixin.py:154} INFO - [2023-12-03T06:44:30.897+0000] {dag.py:2941} INFO - Sync 1 DAGs
[2023-12-03T06:44:31.111+0000] {logging_mixin.py:154} INFO - [2023-12-03T06:44:31.110+0000] {dag.py:3722} INFO - Setting next_dagrun for Call_public_api to 2023-12-03T00:00:00+00:00, run_after=2023-12-04T00:00:00+00:00
[2023-12-03T06:44:31.714+0000] {processor.py:179} INFO - Processing /opt/airflow/dags/public_api.py took 1.396 seconds
[2023-12-03T06:45:14.758+0000] {processor.py:157} INFO - Started process (PID=824) to work on /opt/airflow/dags/public_api.py
[2023-12-03T06:45:14.840+0000] {processor.py:829} INFO - Processing file /opt/airflow/dags/public_api.py for tasks to queue
[2023-12-03T06:45:14.849+0000] {logging_mixin.py:154} INFO - [2023-12-03T06:45:14.849+0000] {dagbag.py:536} INFO - Filling up the DagBag from /opt/airflow/dags/public_api.py
[2023-12-03T06:45:14.879+0000] {processor.py:839} INFO - DAG(s) dict_keys(['Call_public_api']) retrieved from /opt/airflow/dags/public_api.py
[2023-12-03T06:45:15.123+0000] {logging_mixin.py:154} INFO - [2023-12-03T06:45:15.123+0000] {dag.py:2941} INFO - Sync 1 DAGs
[2023-12-03T06:45:15.234+0000] {logging_mixin.py:154} INFO - [2023-12-03T06:45:15.234+0000] {dag.py:3722} INFO - Setting next_dagrun for Call_public_api to 2023-12-03T00:00:00+00:00, run_after=2023-12-04T00:00:00+00:00
[2023-12-03T06:45:15.713+0000] {processor.py:179} INFO - Processing /opt/airflow/dags/public_api.py took 0.961 seconds
[2023-12-03T06:45:56.588+0000] {processor.py:157} INFO - Started process (PID=884) to work on /opt/airflow/dags/public_api.py
[2023-12-03T06:45:56.635+0000] {processor.py:829} INFO - Processing file /opt/airflow/dags/public_api.py for tasks to queue
[2023-12-03T06:45:56.651+0000] {logging_mixin.py:154} INFO - [2023-12-03T06:45:56.651+0000] {dagbag.py:536} INFO - Filling up the DagBag from /opt/airflow/dags/public_api.py
[2023-12-03T06:45:56.679+0000] {processor.py:839} INFO - DAG(s) dict_keys(['Call_public_api']) retrieved from /opt/airflow/dags/public_api.py
[2023-12-03T06:45:57.357+0000] {logging_mixin.py:154} INFO - [2023-12-03T06:45:57.357+0000] {dag.py:2941} INFO - Sync 1 DAGs
[2023-12-03T06:45:57.502+0000] {logging_mixin.py:154} INFO - [2023-12-03T06:45:57.499+0000] {dag.py:3722} INFO - Setting next_dagrun for Call_public_api to 2023-12-03T00:00:00+00:00, run_after=2023-12-04T00:00:00+00:00
[2023-12-03T06:45:58.366+0000] {processor.py:179} INFO - Processing /opt/airflow/dags/public_api.py took 1.792 seconds
[2023-12-03T06:46:33.442+0000] {processor.py:157} INFO - Started process (PID=936) to work on /opt/airflow/dags/public_api.py
[2023-12-03T06:46:33.603+0000] {processor.py:829} INFO - Processing file /opt/airflow/dags/public_api.py for tasks to queue
[2023-12-03T06:46:33.613+0000] {logging_mixin.py:154} INFO - [2023-12-03T06:46:33.612+0000] {dagbag.py:536} INFO - Filling up the DagBag from /opt/airflow/dags/public_api.py
[2023-12-03T06:46:33.649+0000] {processor.py:839} INFO - DAG(s) dict_keys(['Call_public_api']) retrieved from /opt/airflow/dags/public_api.py
[2023-12-03T06:46:33.905+0000] {logging_mixin.py:154} INFO - [2023-12-03T06:46:33.905+0000] {dag.py:2941} INFO - Sync 1 DAGs
[2023-12-03T06:46:33.986+0000] {logging_mixin.py:154} INFO - [2023-12-03T06:46:33.986+0000] {dag.py:3722} INFO - Setting next_dagrun for Call_public_api to 2023-12-03T00:00:00+00:00, run_after=2023-12-04T00:00:00+00:00
[2023-12-03T06:46:34.590+0000] {processor.py:179} INFO - Processing /opt/airflow/dags/public_api.py took 1.153 seconds
[2023-12-03T06:47:09.538+0000] {processor.py:157} INFO - Started process (PID=991) to work on /opt/airflow/dags/public_api.py
[2023-12-03T06:47:09.554+0000] {processor.py:829} INFO - Processing file /opt/airflow/dags/public_api.py for tasks to queue
[2023-12-03T06:47:09.816+0000] {logging_mixin.py:154} INFO - [2023-12-03T06:47:09.815+0000] {dagbag.py:536} INFO - Filling up the DagBag from /opt/airflow/dags/public_api.py
[2023-12-03T06:47:09.852+0000] {processor.py:839} INFO - DAG(s) dict_keys(['Call_public_api']) retrieved from /opt/airflow/dags/public_api.py
[2023-12-03T06:47:10.409+0000] {logging_mixin.py:154} INFO - [2023-12-03T06:47:10.409+0000] {dag.py:2941} INFO - Sync 1 DAGs
[2023-12-03T06:47:11.582+0000] {logging_mixin.py:154} INFO - [2023-12-03T06:47:11.582+0000] {dag.py:3722} INFO - Setting next_dagrun for Call_public_api to 2023-12-03T00:00:00+00:00, run_after=2023-12-04T00:00:00+00:00
[2023-12-03T06:47:11.971+0000] {processor.py:179} INFO - Processing /opt/airflow/dags/public_api.py took 2.440 seconds
[2023-12-03T06:47:48.976+0000] {processor.py:157} INFO - Started process (PID=1033) to work on /opt/airflow/dags/public_api.py
[2023-12-03T06:47:49.071+0000] {processor.py:829} INFO - Processing file /opt/airflow/dags/public_api.py for tasks to queue
[2023-12-03T06:47:49.122+0000] {logging_mixin.py:154} INFO - [2023-12-03T06:47:49.119+0000] {dagbag.py:536} INFO - Filling up the DagBag from /opt/airflow/dags/public_api.py
[2023-12-03T06:47:49.266+0000] {processor.py:839} INFO - DAG(s) dict_keys(['Call_public_api']) retrieved from /opt/airflow/dags/public_api.py
[2023-12-03T06:47:51.391+0000] {logging_mixin.py:154} INFO - [2023-12-03T06:47:51.387+0000] {dag.py:2941} INFO - Sync 1 DAGs
[2023-12-03T06:47:51.638+0000] {logging_mixin.py:154} INFO - [2023-12-03T06:47:51.637+0000] {dag.py:3722} INFO - Setting next_dagrun for Call_public_api to 2023-12-03T00:00:00+00:00, run_after=2023-12-04T00:00:00+00:00
[2023-12-03T06:47:52.734+0000] {processor.py:179} INFO - Processing /opt/airflow/dags/public_api.py took 3.768 seconds
[2023-12-03T06:48:36.651+0000] {processor.py:157} INFO - Started process (PID=1100) to work on /opt/airflow/dags/public_api.py
[2023-12-03T06:48:36.683+0000] {processor.py:829} INFO - Processing file /opt/airflow/dags/public_api.py for tasks to queue
[2023-12-03T06:48:36.691+0000] {logging_mixin.py:154} INFO - [2023-12-03T06:48:36.690+0000] {dagbag.py:536} INFO - Filling up the DagBag from /opt/airflow/dags/public_api.py
[2023-12-03T06:48:36.732+0000] {processor.py:839} INFO - DAG(s) dict_keys(['Call_public_api']) retrieved from /opt/airflow/dags/public_api.py
[2023-12-03T06:48:36.987+0000] {logging_mixin.py:154} INFO - [2023-12-03T06:48:36.987+0000] {dag.py:2941} INFO - Sync 1 DAGs
[2023-12-03T06:48:37.164+0000] {logging_mixin.py:154} INFO - [2023-12-03T06:48:37.163+0000] {dag.py:3722} INFO - Setting next_dagrun for Call_public_api to 2023-12-03T00:00:00+00:00, run_after=2023-12-04T00:00:00+00:00
[2023-12-03T06:48:37.336+0000] {processor.py:179} INFO - Processing /opt/airflow/dags/public_api.py took 0.706 seconds
[2023-12-03T06:49:08.889+0000] {processor.py:157} INFO - Started process (PID=1162) to work on /opt/airflow/dags/public_api.py
[2023-12-03T06:49:08.896+0000] {processor.py:829} INFO - Processing file /opt/airflow/dags/public_api.py for tasks to queue
[2023-12-03T06:49:08.900+0000] {logging_mixin.py:154} INFO - [2023-12-03T06:49:08.899+0000] {dagbag.py:536} INFO - Filling up the DagBag from /opt/airflow/dags/public_api.py
[2023-12-03T06:49:08.911+0000] {processor.py:839} INFO - DAG(s) dict_keys(['Call_public_api']) retrieved from /opt/airflow/dags/public_api.py
[2023-12-03T06:49:09.375+0000] {logging_mixin.py:154} INFO - [2023-12-03T06:49:09.374+0000] {dag.py:2941} INFO - Sync 1 DAGs
[2023-12-03T06:49:09.736+0000] {logging_mixin.py:154} INFO - [2023-12-03T06:49:09.735+0000] {dag.py:3722} INFO - Setting next_dagrun for Call_public_api to 2023-12-03T00:00:00+00:00, run_after=2023-12-04T00:00:00+00:00
[2023-12-03T06:49:10.741+0000] {processor.py:179} INFO - Processing /opt/airflow/dags/public_api.py took 1.858 seconds
[2023-12-03T06:49:40.850+0000] {processor.py:157} INFO - Started process (PID=1224) to work on /opt/airflow/dags/public_api.py
[2023-12-03T06:49:40.852+0000] {processor.py:829} INFO - Processing file /opt/airflow/dags/public_api.py for tasks to queue
[2023-12-03T06:49:40.854+0000] {logging_mixin.py:154} INFO - [2023-12-03T06:49:40.854+0000] {dagbag.py:536} INFO - Filling up the DagBag from /opt/airflow/dags/public_api.py
[2023-12-03T06:49:40.861+0000] {processor.py:839} INFO - DAG(s) dict_keys(['Call_public_api']) retrieved from /opt/airflow/dags/public_api.py
[2023-12-03T06:49:40.883+0000] {logging_mixin.py:154} INFO - [2023-12-03T06:49:40.883+0000] {dag.py:2941} INFO - Sync 1 DAGs
[2023-12-03T06:49:40.903+0000] {logging_mixin.py:154} INFO - [2023-12-03T06:49:40.903+0000] {dag.py:3722} INFO - Setting next_dagrun for Call_public_api to 2023-12-03T00:00:00+00:00, run_after=2023-12-04T00:00:00+00:00
[2023-12-03T06:49:40.926+0000] {processor.py:179} INFO - Processing /opt/airflow/dags/public_api.py took 0.079 seconds
[2023-12-03T06:50:25.198+0000] {processor.py:157} INFO - Started process (PID=1288) to work on /opt/airflow/dags/public_api.py
[2023-12-03T06:50:25.256+0000] {processor.py:829} INFO - Processing file /opt/airflow/dags/public_api.py for tasks to queue
[2023-12-03T06:50:25.459+0000] {logging_mixin.py:154} INFO - [2023-12-03T06:50:25.458+0000] {dagbag.py:536} INFO - Filling up the DagBag from /opt/airflow/dags/public_api.py
[2023-12-03T06:50:25.690+0000] {processor.py:839} INFO - DAG(s) dict_keys(['Call_public_api']) retrieved from /opt/airflow/dags/public_api.py
[2023-12-03T06:50:26.366+0000] {logging_mixin.py:154} INFO - [2023-12-03T06:50:26.363+0000] {dag.py:2941} INFO - Sync 1 DAGs
[2023-12-03T06:50:26.719+0000] {logging_mixin.py:154} INFO - [2023-12-03T06:50:26.719+0000] {dag.py:3722} INFO - Setting next_dagrun for Call_public_api to 2023-12-03T00:00:00+00:00, run_after=2023-12-04T00:00:00+00:00
[2023-12-03T06:50:27.562+0000] {processor.py:179} INFO - Processing /opt/airflow/dags/public_api.py took 2.393 seconds
[2023-12-03T06:50:58.473+0000] {processor.py:157} INFO - Started process (PID=1351) to work on /opt/airflow/dags/public_api.py
[2023-12-03T06:50:58.491+0000] {processor.py:829} INFO - Processing file /opt/airflow/dags/public_api.py for tasks to queue
[2023-12-03T06:50:58.503+0000] {logging_mixin.py:154} INFO - [2023-12-03T06:50:58.500+0000] {dagbag.py:536} INFO - Filling up the DagBag from /opt/airflow/dags/public_api.py
[2023-12-03T06:50:58.537+0000] {processor.py:839} INFO - DAG(s) dict_keys(['Call_public_api']) retrieved from /opt/airflow/dags/public_api.py
[2023-12-03T06:50:58.862+0000] {logging_mixin.py:154} INFO - [2023-12-03T06:50:58.862+0000] {dag.py:2941} INFO - Sync 1 DAGs
[2023-12-03T06:50:58.946+0000] {logging_mixin.py:154} INFO - [2023-12-03T06:50:58.946+0000] {dag.py:3722} INFO - Setting next_dagrun for Call_public_api to 2023-12-03T00:00:00+00:00, run_after=2023-12-04T00:00:00+00:00
[2023-12-03T06:50:59.093+0000] {processor.py:179} INFO - Processing /opt/airflow/dags/public_api.py took 0.633 seconds
[2023-12-03T06:51:29.833+0000] {processor.py:157} INFO - Started process (PID=1414) to work on /opt/airflow/dags/public_api.py
[2023-12-03T06:51:29.835+0000] {processor.py:829} INFO - Processing file /opt/airflow/dags/public_api.py for tasks to queue
[2023-12-03T06:51:29.837+0000] {logging_mixin.py:154} INFO - [2023-12-03T06:51:29.837+0000] {dagbag.py:536} INFO - Filling up the DagBag from /opt/airflow/dags/public_api.py
[2023-12-03T06:51:29.846+0000] {processor.py:839} INFO - DAG(s) dict_keys(['Call_public_api']) retrieved from /opt/airflow/dags/public_api.py
[2023-12-03T06:51:29.874+0000] {logging_mixin.py:154} INFO - [2023-12-03T06:51:29.874+0000] {dag.py:2941} INFO - Sync 1 DAGs
[2023-12-03T06:51:29.894+0000] {logging_mixin.py:154} INFO - [2023-12-03T06:51:29.894+0000] {dag.py:3722} INFO - Setting next_dagrun for Call_public_api to 2023-12-03T00:00:00+00:00, run_after=2023-12-04T00:00:00+00:00
[2023-12-03T06:51:29.916+0000] {processor.py:179} INFO - Processing /opt/airflow/dags/public_api.py took 0.087 seconds
[2023-12-03T06:52:00.344+0000] {processor.py:157} INFO - Started process (PID=1477) to work on /opt/airflow/dags/public_api.py
[2023-12-03T06:52:00.346+0000] {processor.py:829} INFO - Processing file /opt/airflow/dags/public_api.py for tasks to queue
[2023-12-03T06:52:00.348+0000] {logging_mixin.py:154} INFO - [2023-12-03T06:52:00.348+0000] {dagbag.py:536} INFO - Filling up the DagBag from /opt/airflow/dags/public_api.py
[2023-12-03T06:52:00.359+0000] {processor.py:839} INFO - DAG(s) dict_keys(['Call_public_api']) retrieved from /opt/airflow/dags/public_api.py
[2023-12-03T06:52:00.386+0000] {logging_mixin.py:154} INFO - [2023-12-03T06:52:00.385+0000] {dag.py:2941} INFO - Sync 1 DAGs
[2023-12-03T06:52:00.411+0000] {logging_mixin.py:154} INFO - [2023-12-03T06:52:00.411+0000] {dag.py:3722} INFO - Setting next_dagrun for Call_public_api to 2023-12-03T00:00:00+00:00, run_after=2023-12-04T00:00:00+00:00
[2023-12-03T06:52:00.438+0000] {processor.py:179} INFO - Processing /opt/airflow/dags/public_api.py took 0.096 seconds
[2023-12-03T06:52:30.555+0000] {processor.py:157} INFO - Started process (PID=1539) to work on /opt/airflow/dags/public_api.py
[2023-12-03T06:52:30.572+0000] {processor.py:829} INFO - Processing file /opt/airflow/dags/public_api.py for tasks to queue
[2023-12-03T06:52:30.574+0000] {logging_mixin.py:154} INFO - [2023-12-03T06:52:30.574+0000] {dagbag.py:536} INFO - Filling up the DagBag from /opt/airflow/dags/public_api.py
[2023-12-03T06:52:30.581+0000] {processor.py:839} INFO - DAG(s) dict_keys(['Call_public_api']) retrieved from /opt/airflow/dags/public_api.py
[2023-12-03T06:52:30.603+0000] {logging_mixin.py:154} INFO - [2023-12-03T06:52:30.603+0000] {dag.py:2941} INFO - Sync 1 DAGs
[2023-12-03T06:52:30.624+0000] {logging_mixin.py:154} INFO - [2023-12-03T06:52:30.624+0000] {dag.py:3722} INFO - Setting next_dagrun for Call_public_api to 2023-12-03T00:00:00+00:00, run_after=2023-12-04T00:00:00+00:00
[2023-12-03T06:52:30.647+0000] {processor.py:179} INFO - Processing /opt/airflow/dags/public_api.py took 0.095 seconds
[2023-12-03T06:53:01.585+0000] {processor.py:157} INFO - Started process (PID=1601) to work on /opt/airflow/dags/public_api.py
[2023-12-03T06:53:01.587+0000] {processor.py:829} INFO - Processing file /opt/airflow/dags/public_api.py for tasks to queue
[2023-12-03T06:53:01.589+0000] {logging_mixin.py:154} INFO - [2023-12-03T06:53:01.589+0000] {dagbag.py:536} INFO - Filling up the DagBag from /opt/airflow/dags/public_api.py
[2023-12-03T06:53:01.597+0000] {processor.py:839} INFO - DAG(s) dict_keys(['Call_public_api']) retrieved from /opt/airflow/dags/public_api.py
[2023-12-03T06:53:01.640+0000] {logging_mixin.py:154} INFO - [2023-12-03T06:53:01.640+0000] {dag.py:2941} INFO - Sync 1 DAGs
[2023-12-03T06:53:01.668+0000] {logging_mixin.py:154} INFO - [2023-12-03T06:53:01.668+0000] {dag.py:3722} INFO - Setting next_dagrun for Call_public_api to 2023-12-03T00:00:00+00:00, run_after=2023-12-04T00:00:00+00:00
[2023-12-03T06:53:01.694+0000] {processor.py:179} INFO - Processing /opt/airflow/dags/public_api.py took 0.112 seconds
[2023-12-03T06:53:32.571+0000] {processor.py:157} INFO - Started process (PID=1664) to work on /opt/airflow/dags/public_api.py
[2023-12-03T06:53:32.573+0000] {processor.py:829} INFO - Processing file /opt/airflow/dags/public_api.py for tasks to queue
[2023-12-03T06:53:32.574+0000] {logging_mixin.py:154} INFO - [2023-12-03T06:53:32.574+0000] {dagbag.py:536} INFO - Filling up the DagBag from /opt/airflow/dags/public_api.py
[2023-12-03T06:53:32.581+0000] {processor.py:839} INFO - DAG(s) dict_keys(['Call_public_api']) retrieved from /opt/airflow/dags/public_api.py
[2023-12-03T06:53:37.635+0000] {logging_mixin.py:154} INFO - [2023-12-03T06:53:37.635+0000] {dag.py:2941} INFO - Sync 1 DAGs
[2023-12-03T06:53:37.653+0000] {logging_mixin.py:154} INFO - [2023-12-03T06:53:37.653+0000] {dag.py:3722} INFO - Setting next_dagrun for Call_public_api to 2023-12-03T00:00:00+00:00, run_after=2023-12-04T00:00:00+00:00
[2023-12-03T06:53:37.703+0000] {processor.py:179} INFO - Processing /opt/airflow/dags/public_api.py took 5.135 seconds
[2023-12-03T06:54:08.492+0000] {processor.py:157} INFO - Started process (PID=1733) to work on /opt/airflow/dags/public_api.py
[2023-12-03T06:54:08.494+0000] {processor.py:829} INFO - Processing file /opt/airflow/dags/public_api.py for tasks to queue
[2023-12-03T06:54:08.497+0000] {logging_mixin.py:154} INFO - [2023-12-03T06:54:08.496+0000] {dagbag.py:536} INFO - Filling up the DagBag from /opt/airflow/dags/public_api.py
[2023-12-03T06:54:08.504+0000] {processor.py:839} INFO - DAG(s) dict_keys(['Call_public_api']) retrieved from /opt/airflow/dags/public_api.py
[2023-12-03T06:54:08.526+0000] {logging_mixin.py:154} INFO - [2023-12-03T06:54:08.526+0000] {dag.py:2941} INFO - Sync 1 DAGs
[2023-12-03T06:54:08.546+0000] {logging_mixin.py:154} INFO - [2023-12-03T06:54:08.546+0000] {dag.py:3722} INFO - Setting next_dagrun for Call_public_api to 2023-12-03T00:00:00+00:00, run_after=2023-12-04T00:00:00+00:00
[2023-12-03T06:54:08.573+0000] {processor.py:179} INFO - Processing /opt/airflow/dags/public_api.py took 0.085 seconds
[2023-12-03T06:54:38.898+0000] {processor.py:157} INFO - Started process (PID=1796) to work on /opt/airflow/dags/public_api.py
[2023-12-03T06:54:38.901+0000] {processor.py:829} INFO - Processing file /opt/airflow/dags/public_api.py for tasks to queue
[2023-12-03T06:54:38.903+0000] {logging_mixin.py:154} INFO - [2023-12-03T06:54:38.903+0000] {dagbag.py:536} INFO - Filling up the DagBag from /opt/airflow/dags/public_api.py
[2023-12-03T06:54:38.911+0000] {processor.py:839} INFO - DAG(s) dict_keys(['Call_public_api']) retrieved from /opt/airflow/dags/public_api.py
[2023-12-03T06:54:38.941+0000] {logging_mixin.py:154} INFO - [2023-12-03T06:54:38.941+0000] {dag.py:2941} INFO - Sync 1 DAGs
[2023-12-03T06:54:38.962+0000] {logging_mixin.py:154} INFO - [2023-12-03T06:54:38.962+0000] {dag.py:3722} INFO - Setting next_dagrun for Call_public_api to 2023-12-03T00:00:00+00:00, run_after=2023-12-04T00:00:00+00:00
[2023-12-03T06:54:38.986+0000] {processor.py:179} INFO - Processing /opt/airflow/dags/public_api.py took 0.092 seconds
[2023-12-03T06:55:09.996+0000] {processor.py:157} INFO - Started process (PID=1859) to work on /opt/airflow/dags/public_api.py
[2023-12-03T06:55:10.020+0000] {processor.py:829} INFO - Processing file /opt/airflow/dags/public_api.py for tasks to queue
[2023-12-03T06:55:10.022+0000] {logging_mixin.py:154} INFO - [2023-12-03T06:55:10.022+0000] {dagbag.py:536} INFO - Filling up the DagBag from /opt/airflow/dags/public_api.py
[2023-12-03T06:55:10.043+0000] {processor.py:839} INFO - DAG(s) dict_keys(['Call_public_api']) retrieved from /opt/airflow/dags/public_api.py
[2023-12-03T06:55:10.140+0000] {logging_mixin.py:154} INFO - [2023-12-03T06:55:10.139+0000] {dag.py:2941} INFO - Sync 1 DAGs
[2023-12-03T06:55:10.193+0000] {logging_mixin.py:154} INFO - [2023-12-03T06:55:10.193+0000] {dag.py:3722} INFO - Setting next_dagrun for Call_public_api to 2023-12-03T00:00:00+00:00, run_after=2023-12-04T00:00:00+00:00
[2023-12-03T06:55:10.213+0000] {processor.py:179} INFO - Processing /opt/airflow/dags/public_api.py took 0.221 seconds
[2023-12-03T06:55:47.661+0000] {processor.py:157} INFO - Started process (PID=1901) to work on /opt/airflow/dags/public_api.py
[2023-12-03T06:55:47.718+0000] {processor.py:829} INFO - Processing file /opt/airflow/dags/public_api.py for tasks to queue
[2023-12-03T06:55:47.774+0000] {logging_mixin.py:154} INFO - [2023-12-03T06:55:47.773+0000] {dagbag.py:536} INFO - Filling up the DagBag from /opt/airflow/dags/public_api.py
[2023-12-03T06:55:47.830+0000] {processor.py:839} INFO - DAG(s) dict_keys(['Call_public_api']) retrieved from /opt/airflow/dags/public_api.py
[2023-12-03T06:55:48.268+0000] {logging_mixin.py:154} INFO - [2023-12-03T06:55:48.268+0000] {dag.py:2941} INFO - Sync 1 DAGs
[2023-12-03T06:55:48.498+0000] {logging_mixin.py:154} INFO - [2023-12-03T06:55:48.498+0000] {dag.py:3722} INFO - Setting next_dagrun for Call_public_api to 2023-12-03T00:00:00+00:00, run_after=2023-12-04T00:00:00+00:00
[2023-12-03T06:55:48.946+0000] {processor.py:179} INFO - Processing /opt/airflow/dags/public_api.py took 1.353 seconds
[2023-12-03T06:56:19.792+0000] {processor.py:157} INFO - Started process (PID=1964) to work on /opt/airflow/dags/public_api.py
[2023-12-03T06:56:19.814+0000] {processor.py:829} INFO - Processing file /opt/airflow/dags/public_api.py for tasks to queue
[2023-12-03T06:56:19.816+0000] {logging_mixin.py:154} INFO - [2023-12-03T06:56:19.816+0000] {dagbag.py:536} INFO - Filling up the DagBag from /opt/airflow/dags/public_api.py
[2023-12-03T06:56:19.822+0000] {processor.py:839} INFO - DAG(s) dict_keys(['Call_public_api']) retrieved from /opt/airflow/dags/public_api.py
[2023-12-03T06:56:19.842+0000] {logging_mixin.py:154} INFO - [2023-12-03T06:56:19.841+0000] {dag.py:2941} INFO - Sync 1 DAGs
[2023-12-03T06:56:19.863+0000] {logging_mixin.py:154} INFO - [2023-12-03T06:56:19.863+0000] {dag.py:3722} INFO - Setting next_dagrun for Call_public_api to 2023-12-03T00:00:00+00:00, run_after=2023-12-04T00:00:00+00:00
[2023-12-03T06:56:19.881+0000] {processor.py:179} INFO - Processing /opt/airflow/dags/public_api.py took 0.092 seconds
[2023-12-03T06:56:54.595+0000] {processor.py:157} INFO - Started process (PID=2033) to work on /opt/airflow/dags/public_api.py
[2023-12-03T06:56:54.618+0000] {processor.py:829} INFO - Processing file /opt/airflow/dags/public_api.py for tasks to queue
[2023-12-03T06:56:54.636+0000] {logging_mixin.py:154} INFO - [2023-12-03T06:56:54.621+0000] {dagbag.py:536} INFO - Filling up the DagBag from /opt/airflow/dags/public_api.py
[2023-12-03T06:56:54.717+0000] {processor.py:839} INFO - DAG(s) dict_keys(['Call_public_api']) retrieved from /opt/airflow/dags/public_api.py
[2023-12-03T06:56:55.071+0000] {logging_mixin.py:154} INFO - [2023-12-03T06:56:55.071+0000] {dag.py:2941} INFO - Sync 1 DAGs
[2023-12-03T06:56:55.308+0000] {logging_mixin.py:154} INFO - [2023-12-03T06:56:55.307+0000] {dag.py:3722} INFO - Setting next_dagrun for Call_public_api to 2023-12-03T00:00:00+00:00, run_after=2023-12-04T00:00:00+00:00
[2023-12-03T06:56:56.229+0000] {processor.py:179} INFO - Processing /opt/airflow/dags/public_api.py took 1.721 seconds
[2023-12-03T06:57:31.391+0000] {processor.py:157} INFO - Started process (PID=2096) to work on /opt/airflow/dags/public_api.py
[2023-12-03T06:57:31.417+0000] {processor.py:829} INFO - Processing file /opt/airflow/dags/public_api.py for tasks to queue
[2023-12-03T06:57:31.421+0000] {logging_mixin.py:154} INFO - [2023-12-03T06:57:31.421+0000] {dagbag.py:536} INFO - Filling up the DagBag from /opt/airflow/dags/public_api.py
[2023-12-03T06:57:31.430+0000] {processor.py:839} INFO - DAG(s) dict_keys(['Call_public_api']) retrieved from /opt/airflow/dags/public_api.py
[2023-12-03T06:57:31.863+0000] {logging_mixin.py:154} INFO - [2023-12-03T06:57:31.862+0000] {dag.py:2941} INFO - Sync 1 DAGs
[2023-12-03T06:57:31.985+0000] {logging_mixin.py:154} INFO - [2023-12-03T06:57:31.979+0000] {dag.py:3722} INFO - Setting next_dagrun for Call_public_api to 2023-12-03T00:00:00+00:00, run_after=2023-12-04T00:00:00+00:00
[2023-12-03T06:57:32.254+0000] {processor.py:179} INFO - Processing /opt/airflow/dags/public_api.py took 0.875 seconds
[2023-12-03T06:58:02.590+0000] {processor.py:157} INFO - Started process (PID=2159) to work on /opt/airflow/dags/public_api.py
[2023-12-03T06:58:02.598+0000] {processor.py:829} INFO - Processing file /opt/airflow/dags/public_api.py for tasks to queue
[2023-12-03T06:58:02.600+0000] {logging_mixin.py:154} INFO - [2023-12-03T06:58:02.600+0000] {dagbag.py:536} INFO - Filling up the DagBag from /opt/airflow/dags/public_api.py
[2023-12-03T06:58:02.608+0000] {processor.py:839} INFO - DAG(s) dict_keys(['Call_public_api']) retrieved from /opt/airflow/dags/public_api.py
[2023-12-03T06:58:02.635+0000] {logging_mixin.py:154} INFO - [2023-12-03T06:58:02.635+0000] {dag.py:2941} INFO - Sync 1 DAGs
[2023-12-03T06:58:02.659+0000] {logging_mixin.py:154} INFO - [2023-12-03T06:58:02.659+0000] {dag.py:3722} INFO - Setting next_dagrun for Call_public_api to 2023-12-03T00:00:00+00:00, run_after=2023-12-04T00:00:00+00:00
[2023-12-03T06:58:02.696+0000] {processor.py:179} INFO - Processing /opt/airflow/dags/public_api.py took 0.109 seconds
[2023-12-03T06:58:34.549+0000] {processor.py:157} INFO - Started process (PID=2222) to work on /opt/airflow/dags/public_api.py
[2023-12-03T06:58:34.574+0000] {processor.py:829} INFO - Processing file /opt/airflow/dags/public_api.py for tasks to queue
[2023-12-03T06:58:34.589+0000] {logging_mixin.py:154} INFO - [2023-12-03T06:58:34.588+0000] {dagbag.py:536} INFO - Filling up the DagBag from /opt/airflow/dags/public_api.py
[2023-12-03T06:58:34.607+0000] {processor.py:839} INFO - DAG(s) dict_keys(['Call_public_api']) retrieved from /opt/airflow/dags/public_api.py
[2023-12-03T06:58:35.178+0000] {logging_mixin.py:154} INFO - [2023-12-03T06:58:35.178+0000] {dag.py:2941} INFO - Sync 1 DAGs
[2023-12-03T06:58:35.368+0000] {logging_mixin.py:154} INFO - [2023-12-03T06:58:35.367+0000] {dag.py:3722} INFO - Setting next_dagrun for Call_public_api to 2023-12-03T00:00:00+00:00, run_after=2023-12-04T00:00:00+00:00
[2023-12-03T06:58:35.774+0000] {processor.py:179} INFO - Processing /opt/airflow/dags/public_api.py took 1.260 seconds
[2023-12-03T06:59:12.955+0000] {processor.py:157} INFO - Started process (PID=2267) to work on /opt/airflow/dags/public_api.py
[2023-12-03T06:59:13.016+0000] {processor.py:829} INFO - Processing file /opt/airflow/dags/public_api.py for tasks to queue
[2023-12-03T06:59:13.025+0000] {logging_mixin.py:154} INFO - [2023-12-03T06:59:13.025+0000] {dagbag.py:536} INFO - Filling up the DagBag from /opt/airflow/dags/public_api.py
[2023-12-03T06:59:13.086+0000] {processor.py:839} INFO - DAG(s) dict_keys(['Call_public_api']) retrieved from /opt/airflow/dags/public_api.py
[2023-12-03T06:59:13.503+0000] {logging_mixin.py:154} INFO - [2023-12-03T06:59:13.500+0000] {dag.py:2941} INFO - Sync 1 DAGs
[2023-12-03T06:59:13.695+0000] {logging_mixin.py:154} INFO - [2023-12-03T06:59:13.694+0000] {dag.py:3722} INFO - Setting next_dagrun for Call_public_api to 2023-12-03T00:00:00+00:00, run_after=2023-12-04T00:00:00+00:00
[2023-12-03T06:59:14.499+0000] {processor.py:179} INFO - Processing /opt/airflow/dags/public_api.py took 1.578 seconds
[2023-12-03T06:59:56.820+0000] {processor.py:157} INFO - Started process (PID=2325) to work on /opt/airflow/dags/public_api.py
[2023-12-03T06:59:56.890+0000] {processor.py:829} INFO - Processing file /opt/airflow/dags/public_api.py for tasks to queue
[2023-12-03T06:59:56.909+0000] {logging_mixin.py:154} INFO - [2023-12-03T06:59:56.909+0000] {dagbag.py:536} INFO - Filling up the DagBag from /opt/airflow/dags/public_api.py
[2023-12-03T06:59:56.978+0000] {processor.py:839} INFO - DAG(s) dict_keys(['Call_public_api']) retrieved from /opt/airflow/dags/public_api.py
[2023-12-03T06:59:57.410+0000] {logging_mixin.py:154} INFO - [2023-12-03T06:59:57.410+0000] {dag.py:2941} INFO - Sync 1 DAGs
[2023-12-03T06:59:57.781+0000] {logging_mixin.py:154} INFO - [2023-12-03T06:59:57.780+0000] {dag.py:3722} INFO - Setting next_dagrun for Call_public_api to 2023-12-03T00:00:00+00:00, run_after=2023-12-04T00:00:00+00:00
[2023-12-03T06:59:59.607+0000] {processor.py:179} INFO - Processing /opt/airflow/dags/public_api.py took 2.821 seconds
[2023-12-03T07:00:32.067+0000] {processor.py:157} INFO - Started process (PID=2388) to work on /opt/airflow/dags/public_api.py
[2023-12-03T07:00:32.069+0000] {processor.py:829} INFO - Processing file /opt/airflow/dags/public_api.py for tasks to queue
[2023-12-03T07:00:32.074+0000] {logging_mixin.py:154} INFO - [2023-12-03T07:00:32.073+0000] {dagbag.py:536} INFO - Filling up the DagBag from /opt/airflow/dags/public_api.py
[2023-12-03T07:00:32.087+0000] {processor.py:839} INFO - DAG(s) dict_keys(['Call_public_api']) retrieved from /opt/airflow/dags/public_api.py
[2023-12-03T07:00:32.123+0000] {logging_mixin.py:154} INFO - [2023-12-03T07:00:32.123+0000] {dag.py:2941} INFO - Sync 1 DAGs
[2023-12-03T07:00:32.228+0000] {logging_mixin.py:154} INFO - [2023-12-03T07:00:32.227+0000] {dag.py:3722} INFO - Setting next_dagrun for Call_public_api to 2023-12-03T00:00:00+00:00, run_after=2023-12-04T00:00:00+00:00
[2023-12-03T07:00:32.763+0000] {processor.py:179} INFO - Processing /opt/airflow/dags/public_api.py took 0.700 seconds
[2023-12-03T07:01:02.883+0000] {processor.py:157} INFO - Started process (PID=2451) to work on /opt/airflow/dags/public_api.py
[2023-12-03T07:01:02.885+0000] {processor.py:829} INFO - Processing file /opt/airflow/dags/public_api.py for tasks to queue
[2023-12-03T07:01:02.887+0000] {logging_mixin.py:154} INFO - [2023-12-03T07:01:02.886+0000] {dagbag.py:536} INFO - Filling up the DagBag from /opt/airflow/dags/public_api.py
[2023-12-03T07:01:02.894+0000] {processor.py:839} INFO - DAG(s) dict_keys(['Call_public_api']) retrieved from /opt/airflow/dags/public_api.py
[2023-12-03T07:01:02.916+0000] {logging_mixin.py:154} INFO - [2023-12-03T07:01:02.916+0000] {dag.py:2941} INFO - Sync 1 DAGs
[2023-12-03T07:01:02.945+0000] {logging_mixin.py:154} INFO - [2023-12-03T07:01:02.944+0000] {dag.py:3722} INFO - Setting next_dagrun for Call_public_api to 2023-12-03T00:00:00+00:00, run_after=2023-12-04T00:00:00+00:00
[2023-12-03T07:01:02.965+0000] {processor.py:179} INFO - Processing /opt/airflow/dags/public_api.py took 0.085 seconds
[2023-12-03T07:01:33.369+0000] {processor.py:157} INFO - Started process (PID=2514) to work on /opt/airflow/dags/public_api.py
[2023-12-03T07:01:33.371+0000] {processor.py:829} INFO - Processing file /opt/airflow/dags/public_api.py for tasks to queue
[2023-12-03T07:01:33.373+0000] {logging_mixin.py:154} INFO - [2023-12-03T07:01:33.373+0000] {dagbag.py:536} INFO - Filling up the DagBag from /opt/airflow/dags/public_api.py
[2023-12-03T07:01:33.379+0000] {processor.py:839} INFO - DAG(s) dict_keys(['Call_public_api']) retrieved from /opt/airflow/dags/public_api.py
[2023-12-03T07:01:33.402+0000] {logging_mixin.py:154} INFO - [2023-12-03T07:01:33.401+0000] {dag.py:2941} INFO - Sync 1 DAGs
[2023-12-03T07:01:33.425+0000] {logging_mixin.py:154} INFO - [2023-12-03T07:01:33.425+0000] {dag.py:3722} INFO - Setting next_dagrun for Call_public_api to 2023-12-03T00:00:00+00:00, run_after=2023-12-04T00:00:00+00:00
[2023-12-03T07:01:33.441+0000] {processor.py:179} INFO - Processing /opt/airflow/dags/public_api.py took 0.076 seconds
[2023-12-03T07:02:04.148+0000] {processor.py:157} INFO - Started process (PID=2577) to work on /opt/airflow/dags/public_api.py
[2023-12-03T07:02:04.150+0000] {processor.py:829} INFO - Processing file /opt/airflow/dags/public_api.py for tasks to queue
[2023-12-03T07:02:04.152+0000] {logging_mixin.py:154} INFO - [2023-12-03T07:02:04.152+0000] {dagbag.py:536} INFO - Filling up the DagBag from /opt/airflow/dags/public_api.py
[2023-12-03T07:02:04.163+0000] {processor.py:839} INFO - DAG(s) dict_keys(['Call_public_api']) retrieved from /opt/airflow/dags/public_api.py
[2023-12-03T07:02:04.192+0000] {logging_mixin.py:154} INFO - [2023-12-03T07:02:04.192+0000] {dag.py:2941} INFO - Sync 1 DAGs
[2023-12-03T07:02:04.219+0000] {logging_mixin.py:154} INFO - [2023-12-03T07:02:04.219+0000] {dag.py:3722} INFO - Setting next_dagrun for Call_public_api to 2023-12-03T00:00:00+00:00, run_after=2023-12-04T00:00:00+00:00
[2023-12-03T07:02:04.244+0000] {processor.py:179} INFO - Processing /opt/airflow/dags/public_api.py took 0.101 seconds
[2023-12-03T07:02:34.340+0000] {processor.py:157} INFO - Started process (PID=2640) to work on /opt/airflow/dags/public_api.py
[2023-12-03T07:02:34.343+0000] {processor.py:829} INFO - Processing file /opt/airflow/dags/public_api.py for tasks to queue
[2023-12-03T07:02:34.346+0000] {logging_mixin.py:154} INFO - [2023-12-03T07:02:34.345+0000] {dagbag.py:536} INFO - Filling up the DagBag from /opt/airflow/dags/public_api.py
[2023-12-03T07:02:34.354+0000] {processor.py:839} INFO - DAG(s) dict_keys(['Call_public_api']) retrieved from /opt/airflow/dags/public_api.py
[2023-12-03T07:02:34.378+0000] {logging_mixin.py:154} INFO - [2023-12-03T07:02:34.378+0000] {dag.py:2941} INFO - Sync 1 DAGs
[2023-12-03T07:02:34.396+0000] {logging_mixin.py:154} INFO - [2023-12-03T07:02:34.396+0000] {dag.py:3722} INFO - Setting next_dagrun for Call_public_api to 2023-12-03T00:00:00+00:00, run_after=2023-12-04T00:00:00+00:00
[2023-12-03T07:02:34.413+0000] {processor.py:179} INFO - Processing /opt/airflow/dags/public_api.py took 0.077 seconds
[2023-12-03T07:03:04.918+0000] {processor.py:157} INFO - Started process (PID=2703) to work on /opt/airflow/dags/public_api.py
[2023-12-03T07:03:04.920+0000] {processor.py:829} INFO - Processing file /opt/airflow/dags/public_api.py for tasks to queue
[2023-12-03T07:03:04.922+0000] {logging_mixin.py:154} INFO - [2023-12-03T07:03:04.922+0000] {dagbag.py:536} INFO - Filling up the DagBag from /opt/airflow/dags/public_api.py
[2023-12-03T07:03:04.935+0000] {processor.py:839} INFO - DAG(s) dict_keys(['Call_public_api']) retrieved from /opt/airflow/dags/public_api.py
[2023-12-03T07:03:04.957+0000] {logging_mixin.py:154} INFO - [2023-12-03T07:03:04.957+0000] {dag.py:2941} INFO - Sync 1 DAGs
[2023-12-03T07:03:04.983+0000] {logging_mixin.py:154} INFO - [2023-12-03T07:03:04.983+0000] {dag.py:3722} INFO - Setting next_dagrun for Call_public_api to 2023-12-03T00:00:00+00:00, run_after=2023-12-04T00:00:00+00:00
[2023-12-03T07:03:04.996+0000] {processor.py:179} INFO - Processing /opt/airflow/dags/public_api.py took 0.082 seconds
[2023-12-03T07:03:35.746+0000] {processor.py:157} INFO - Started process (PID=2767) to work on /opt/airflow/dags/public_api.py
[2023-12-03T07:03:35.747+0000] {processor.py:829} INFO - Processing file /opt/airflow/dags/public_api.py for tasks to queue
[2023-12-03T07:03:35.750+0000] {logging_mixin.py:154} INFO - [2023-12-03T07:03:35.749+0000] {dagbag.py:536} INFO - Filling up the DagBag from /opt/airflow/dags/public_api.py
[2023-12-03T07:03:35.759+0000] {processor.py:839} INFO - DAG(s) dict_keys(['Call_public_api']) retrieved from /opt/airflow/dags/public_api.py
[2023-12-03T07:03:35.781+0000] {logging_mixin.py:154} INFO - [2023-12-03T07:03:35.780+0000] {dag.py:2941} INFO - Sync 1 DAGs
[2023-12-03T07:03:35.801+0000] {logging_mixin.py:154} INFO - [2023-12-03T07:03:35.801+0000] {dag.py:3722} INFO - Setting next_dagrun for Call_public_api to 2023-12-03T00:00:00+00:00, run_after=2023-12-04T00:00:00+00:00
[2023-12-03T07:03:35.830+0000] {processor.py:179} INFO - Processing /opt/airflow/dags/public_api.py took 0.087 seconds
[2023-12-03T07:04:06.706+0000] {processor.py:157} INFO - Started process (PID=2831) to work on /opt/airflow/dags/public_api.py
[2023-12-03T07:04:06.708+0000] {processor.py:829} INFO - Processing file /opt/airflow/dags/public_api.py for tasks to queue
[2023-12-03T07:04:06.710+0000] {logging_mixin.py:154} INFO - [2023-12-03T07:04:06.709+0000] {dagbag.py:536} INFO - Filling up the DagBag from /opt/airflow/dags/public_api.py
[2023-12-03T07:04:06.716+0000] {processor.py:839} INFO - DAG(s) dict_keys(['Call_public_api']) retrieved from /opt/airflow/dags/public_api.py
[2023-12-03T07:04:06.737+0000] {logging_mixin.py:154} INFO - [2023-12-03T07:04:06.737+0000] {dag.py:2941} INFO - Sync 1 DAGs
[2023-12-03T07:04:06.759+0000] {logging_mixin.py:154} INFO - [2023-12-03T07:04:06.759+0000] {dag.py:3722} INFO - Setting next_dagrun for Call_public_api to 2023-12-03T00:00:00+00:00, run_after=2023-12-04T00:00:00+00:00
[2023-12-03T07:04:06.778+0000] {processor.py:179} INFO - Processing /opt/airflow/dags/public_api.py took 0.076 seconds
[2023-12-03T07:04:36.966+0000] {processor.py:157} INFO - Started process (PID=2893) to work on /opt/airflow/dags/public_api.py
[2023-12-03T07:04:36.967+0000] {processor.py:829} INFO - Processing file /opt/airflow/dags/public_api.py for tasks to queue
[2023-12-03T07:04:36.970+0000] {logging_mixin.py:154} INFO - [2023-12-03T07:04:36.969+0000] {dagbag.py:536} INFO - Filling up the DagBag from /opt/airflow/dags/public_api.py
[2023-12-03T07:04:36.975+0000] {processor.py:839} INFO - DAG(s) dict_keys(['Call_public_api']) retrieved from /opt/airflow/dags/public_api.py
[2023-12-03T07:04:36.996+0000] {logging_mixin.py:154} INFO - [2023-12-03T07:04:36.996+0000] {dag.py:2941} INFO - Sync 1 DAGs
[2023-12-03T07:04:37.016+0000] {logging_mixin.py:154} INFO - [2023-12-03T07:04:37.016+0000] {dag.py:3722} INFO - Setting next_dagrun for Call_public_api to 2023-12-03T00:00:00+00:00, run_after=2023-12-04T00:00:00+00:00
[2023-12-03T07:04:37.033+0000] {processor.py:179} INFO - Processing /opt/airflow/dags/public_api.py took 0.070 seconds
[2023-12-03T07:05:07.578+0000] {processor.py:157} INFO - Started process (PID=2956) to work on /opt/airflow/dags/public_api.py
[2023-12-03T07:05:07.580+0000] {processor.py:829} INFO - Processing file /opt/airflow/dags/public_api.py for tasks to queue
[2023-12-03T07:05:07.582+0000] {logging_mixin.py:154} INFO - [2023-12-03T07:05:07.582+0000] {dagbag.py:536} INFO - Filling up the DagBag from /opt/airflow/dags/public_api.py
[2023-12-03T07:05:07.591+0000] {processor.py:839} INFO - DAG(s) dict_keys(['Call_public_api']) retrieved from /opt/airflow/dags/public_api.py
[2023-12-03T07:05:07.617+0000] {logging_mixin.py:154} INFO - [2023-12-03T07:05:07.617+0000] {dag.py:2941} INFO - Sync 1 DAGs
[2023-12-03T07:05:07.642+0000] {logging_mixin.py:154} INFO - [2023-12-03T07:05:07.642+0000] {dag.py:3722} INFO - Setting next_dagrun for Call_public_api to 2023-12-03T00:00:00+00:00, run_after=2023-12-04T00:00:00+00:00
[2023-12-03T07:05:07.660+0000] {processor.py:179} INFO - Processing /opt/airflow/dags/public_api.py took 0.085 seconds
[2023-12-03T07:05:38.144+0000] {processor.py:157} INFO - Started process (PID=3019) to work on /opt/airflow/dags/public_api.py
[2023-12-03T07:05:38.145+0000] {processor.py:829} INFO - Processing file /opt/airflow/dags/public_api.py for tasks to queue
[2023-12-03T07:05:38.147+0000] {logging_mixin.py:154} INFO - [2023-12-03T07:05:38.147+0000] {dagbag.py:536} INFO - Filling up the DagBag from /opt/airflow/dags/public_api.py
[2023-12-03T07:05:38.153+0000] {processor.py:839} INFO - DAG(s) dict_keys(['Call_public_api']) retrieved from /opt/airflow/dags/public_api.py
[2023-12-03T07:05:38.172+0000] {logging_mixin.py:154} INFO - [2023-12-03T07:05:38.171+0000] {dag.py:2941} INFO - Sync 1 DAGs
[2023-12-03T07:05:38.189+0000] {logging_mixin.py:154} INFO - [2023-12-03T07:05:38.189+0000] {dag.py:3722} INFO - Setting next_dagrun for Call_public_api to 2023-12-03T00:00:00+00:00, run_after=2023-12-04T00:00:00+00:00
[2023-12-03T07:05:38.206+0000] {processor.py:179} INFO - Processing /opt/airflow/dags/public_api.py took 0.065 seconds
[2023-12-03T07:06:09.966+0000] {processor.py:157} INFO - Started process (PID=3082) to work on /opt/airflow/dags/public_api.py
[2023-12-03T07:06:09.968+0000] {processor.py:829} INFO - Processing file /opt/airflow/dags/public_api.py for tasks to queue
[2023-12-03T07:06:09.970+0000] {logging_mixin.py:154} INFO - [2023-12-03T07:06:09.970+0000] {dagbag.py:536} INFO - Filling up the DagBag from /opt/airflow/dags/public_api.py
[2023-12-03T07:06:09.976+0000] {processor.py:839} INFO - DAG(s) dict_keys(['Call_public_api']) retrieved from /opt/airflow/dags/public_api.py
[2023-12-03T07:06:09.994+0000] {logging_mixin.py:154} INFO - [2023-12-03T07:06:09.994+0000] {dag.py:2941} INFO - Sync 1 DAGs
[2023-12-03T07:06:10.011+0000] {logging_mixin.py:154} INFO - [2023-12-03T07:06:10.011+0000] {dag.py:3722} INFO - Setting next_dagrun for Call_public_api to 2023-12-03T00:00:00+00:00, run_after=2023-12-04T00:00:00+00:00
[2023-12-03T07:06:10.027+0000] {processor.py:179} INFO - Processing /opt/airflow/dags/public_api.py took 0.064 seconds
[2023-12-03T07:06:40.751+0000] {processor.py:157} INFO - Started process (PID=3144) to work on /opt/airflow/dags/public_api.py
[2023-12-03T07:06:40.752+0000] {processor.py:829} INFO - Processing file /opt/airflow/dags/public_api.py for tasks to queue
[2023-12-03T07:06:40.754+0000] {logging_mixin.py:154} INFO - [2023-12-03T07:06:40.754+0000] {dagbag.py:536} INFO - Filling up the DagBag from /opt/airflow/dags/public_api.py
[2023-12-03T07:06:40.763+0000] {processor.py:839} INFO - DAG(s) dict_keys(['Call_public_api']) retrieved from /opt/airflow/dags/public_api.py
[2023-12-03T07:06:40.789+0000] {logging_mixin.py:154} INFO - [2023-12-03T07:06:40.789+0000] {dag.py:2941} INFO - Sync 1 DAGs
[2023-12-03T07:06:40.810+0000] {logging_mixin.py:154} INFO - [2023-12-03T07:06:40.810+0000] {dag.py:3722} INFO - Setting next_dagrun for Call_public_api to 2023-12-03T00:00:00+00:00, run_after=2023-12-04T00:00:00+00:00
[2023-12-03T07:06:40.828+0000] {processor.py:179} INFO - Processing /opt/airflow/dags/public_api.py took 0.080 seconds
[2023-12-03T07:07:11.114+0000] {processor.py:157} INFO - Started process (PID=3206) to work on /opt/airflow/dags/public_api.py
[2023-12-03T07:07:11.116+0000] {processor.py:829} INFO - Processing file /opt/airflow/dags/public_api.py for tasks to queue
[2023-12-03T07:07:11.119+0000] {logging_mixin.py:154} INFO - [2023-12-03T07:07:11.118+0000] {dagbag.py:536} INFO - Filling up the DagBag from /opt/airflow/dags/public_api.py
[2023-12-03T07:07:11.133+0000] {processor.py:839} INFO - DAG(s) dict_keys(['Call_public_api']) retrieved from /opt/airflow/dags/public_api.py
[2023-12-03T07:07:11.165+0000] {logging_mixin.py:154} INFO - [2023-12-03T07:07:11.165+0000] {dag.py:2941} INFO - Sync 1 DAGs
[2023-12-03T07:07:11.195+0000] {logging_mixin.py:154} INFO - [2023-12-03T07:07:11.195+0000] {dag.py:3722} INFO - Setting next_dagrun for Call_public_api to 2023-12-03T00:00:00+00:00, run_after=2023-12-04T00:00:00+00:00
[2023-12-03T07:07:11.220+0000] {processor.py:179} INFO - Processing /opt/airflow/dags/public_api.py took 0.110 seconds
[2023-12-03T07:07:41.445+0000] {processor.py:157} INFO - Started process (PID=3269) to work on /opt/airflow/dags/public_api.py
[2023-12-03T07:07:41.447+0000] {processor.py:829} INFO - Processing file /opt/airflow/dags/public_api.py for tasks to queue
[2023-12-03T07:07:41.450+0000] {logging_mixin.py:154} INFO - [2023-12-03T07:07:41.449+0000] {dagbag.py:536} INFO - Filling up the DagBag from /opt/airflow/dags/public_api.py
[2023-12-03T07:07:41.459+0000] {processor.py:839} INFO - DAG(s) dict_keys(['Call_public_api']) retrieved from /opt/airflow/dags/public_api.py
[2023-12-03T07:07:41.479+0000] {logging_mixin.py:154} INFO - [2023-12-03T07:07:41.479+0000] {dag.py:2941} INFO - Sync 1 DAGs
[2023-12-03T07:07:41.499+0000] {logging_mixin.py:154} INFO - [2023-12-03T07:07:41.499+0000] {dag.py:3722} INFO - Setting next_dagrun for Call_public_api to 2023-12-03T00:00:00+00:00, run_after=2023-12-04T00:00:00+00:00
[2023-12-03T07:07:41.517+0000] {processor.py:179} INFO - Processing /opt/airflow/dags/public_api.py took 0.074 seconds
[2023-12-03T07:08:11.896+0000] {processor.py:157} INFO - Started process (PID=3331) to work on /opt/airflow/dags/public_api.py
[2023-12-03T07:08:11.899+0000] {processor.py:829} INFO - Processing file /opt/airflow/dags/public_api.py for tasks to queue
[2023-12-03T07:08:11.902+0000] {logging_mixin.py:154} INFO - [2023-12-03T07:08:11.901+0000] {dagbag.py:536} INFO - Filling up the DagBag from /opt/airflow/dags/public_api.py
[2023-12-03T07:08:11.907+0000] {processor.py:839} INFO - DAG(s) dict_keys(['Call_public_api']) retrieved from /opt/airflow/dags/public_api.py
[2023-12-03T07:08:11.926+0000] {logging_mixin.py:154} INFO - [2023-12-03T07:08:11.926+0000] {dag.py:2941} INFO - Sync 1 DAGs
[2023-12-03T07:08:11.945+0000] {logging_mixin.py:154} INFO - [2023-12-03T07:08:11.945+0000] {dag.py:3722} INFO - Setting next_dagrun for Call_public_api to 2023-12-03T00:00:00+00:00, run_after=2023-12-04T00:00:00+00:00
[2023-12-03T07:08:11.963+0000] {processor.py:179} INFO - Processing /opt/airflow/dags/public_api.py took 0.071 seconds
[2023-12-03T07:08:42.083+0000] {processor.py:157} INFO - Started process (PID=3394) to work on /opt/airflow/dags/public_api.py
[2023-12-03T07:08:42.084+0000] {processor.py:829} INFO - Processing file /opt/airflow/dags/public_api.py for tasks to queue
[2023-12-03T07:08:42.088+0000] {logging_mixin.py:154} INFO - [2023-12-03T07:08:42.088+0000] {dagbag.py:536} INFO - Filling up the DagBag from /opt/airflow/dags/public_api.py
[2023-12-03T07:08:42.096+0000] {processor.py:839} INFO - DAG(s) dict_keys(['Call_public_api']) retrieved from /opt/airflow/dags/public_api.py
[2023-12-03T07:08:42.122+0000] {logging_mixin.py:154} INFO - [2023-12-03T07:08:42.122+0000] {dag.py:2941} INFO - Sync 1 DAGs
[2023-12-03T07:08:42.144+0000] {logging_mixin.py:154} INFO - [2023-12-03T07:08:42.144+0000] {dag.py:3722} INFO - Setting next_dagrun for Call_public_api to 2023-12-03T00:00:00+00:00, run_after=2023-12-04T00:00:00+00:00
[2023-12-03T07:08:42.163+0000] {processor.py:179} INFO - Processing /opt/airflow/dags/public_api.py took 0.084 seconds
[2023-12-03T07:09:12.517+0000] {processor.py:157} INFO - Started process (PID=3457) to work on /opt/airflow/dags/public_api.py
[2023-12-03T07:09:12.520+0000] {processor.py:829} INFO - Processing file /opt/airflow/dags/public_api.py for tasks to queue
[2023-12-03T07:09:12.522+0000] {logging_mixin.py:154} INFO - [2023-12-03T07:09:12.522+0000] {dagbag.py:536} INFO - Filling up the DagBag from /opt/airflow/dags/public_api.py
[2023-12-03T07:09:12.528+0000] {processor.py:839} INFO - DAG(s) dict_keys(['Call_public_api']) retrieved from /opt/airflow/dags/public_api.py
[2023-12-03T07:09:12.548+0000] {logging_mixin.py:154} INFO - [2023-12-03T07:09:12.548+0000] {dag.py:2941} INFO - Sync 1 DAGs
[2023-12-03T07:09:12.568+0000] {logging_mixin.py:154} INFO - [2023-12-03T07:09:12.568+0000] {dag.py:3722} INFO - Setting next_dagrun for Call_public_api to 2023-12-03T00:00:00+00:00, run_after=2023-12-04T00:00:00+00:00
[2023-12-03T07:09:12.585+0000] {processor.py:179} INFO - Processing /opt/airflow/dags/public_api.py took 0.070 seconds
[2023-12-03T07:09:43.239+0000] {processor.py:157} INFO - Started process (PID=3520) to work on /opt/airflow/dags/public_api.py
[2023-12-03T07:09:43.240+0000] {processor.py:829} INFO - Processing file /opt/airflow/dags/public_api.py for tasks to queue
[2023-12-03T07:09:43.243+0000] {logging_mixin.py:154} INFO - [2023-12-03T07:09:43.243+0000] {dagbag.py:536} INFO - Filling up the DagBag from /opt/airflow/dags/public_api.py
[2023-12-03T07:09:43.250+0000] {processor.py:839} INFO - DAG(s) dict_keys(['Call_public_api']) retrieved from /opt/airflow/dags/public_api.py
[2023-12-03T07:09:43.274+0000] {logging_mixin.py:154} INFO - [2023-12-03T07:09:43.274+0000] {dag.py:2941} INFO - Sync 1 DAGs
[2023-12-03T07:09:43.295+0000] {logging_mixin.py:154} INFO - [2023-12-03T07:09:43.294+0000] {dag.py:3722} INFO - Setting next_dagrun for Call_public_api to 2023-12-03T00:00:00+00:00, run_after=2023-12-04T00:00:00+00:00
[2023-12-03T07:09:43.312+0000] {processor.py:179} INFO - Processing /opt/airflow/dags/public_api.py took 0.076 seconds
[2023-12-03T07:10:13.408+0000] {processor.py:157} INFO - Started process (PID=3583) to work on /opt/airflow/dags/public_api.py
[2023-12-03T07:10:13.410+0000] {processor.py:829} INFO - Processing file /opt/airflow/dags/public_api.py for tasks to queue
[2023-12-03T07:10:13.413+0000] {logging_mixin.py:154} INFO - [2023-12-03T07:10:13.413+0000] {dagbag.py:536} INFO - Filling up the DagBag from /opt/airflow/dags/public_api.py
[2023-12-03T07:10:13.421+0000] {processor.py:839} INFO - DAG(s) dict_keys(['Call_public_api']) retrieved from /opt/airflow/dags/public_api.py
[2023-12-03T07:10:13.447+0000] {logging_mixin.py:154} INFO - [2023-12-03T07:10:13.446+0000] {dag.py:2941} INFO - Sync 1 DAGs
[2023-12-03T07:10:13.467+0000] {logging_mixin.py:154} INFO - [2023-12-03T07:10:13.467+0000] {dag.py:3722} INFO - Setting next_dagrun for Call_public_api to 2023-12-03T00:00:00+00:00, run_after=2023-12-04T00:00:00+00:00
[2023-12-03T07:10:13.490+0000] {processor.py:179} INFO - Processing /opt/airflow/dags/public_api.py took 0.085 seconds
[2023-12-03T07:10:44.096+0000] {processor.py:157} INFO - Started process (PID=3646) to work on /opt/airflow/dags/public_api.py
[2023-12-03T07:10:44.097+0000] {processor.py:829} INFO - Processing file /opt/airflow/dags/public_api.py for tasks to queue
[2023-12-03T07:10:44.100+0000] {logging_mixin.py:154} INFO - [2023-12-03T07:10:44.100+0000] {dagbag.py:536} INFO - Filling up the DagBag from /opt/airflow/dags/public_api.py
[2023-12-03T07:10:44.107+0000] {processor.py:839} INFO - DAG(s) dict_keys(['Call_public_api']) retrieved from /opt/airflow/dags/public_api.py
[2023-12-03T07:10:44.138+0000] {logging_mixin.py:154} INFO - [2023-12-03T07:10:44.137+0000] {dag.py:2941} INFO - Sync 1 DAGs
[2023-12-03T07:10:44.156+0000] {logging_mixin.py:154} INFO - [2023-12-03T07:10:44.156+0000] {dag.py:3722} INFO - Setting next_dagrun for Call_public_api to 2023-12-03T00:00:00+00:00, run_after=2023-12-04T00:00:00+00:00
[2023-12-03T07:10:44.174+0000] {processor.py:179} INFO - Processing /opt/airflow/dags/public_api.py took 0.081 seconds
[2023-12-03T07:11:14.772+0000] {processor.py:157} INFO - Started process (PID=3709) to work on /opt/airflow/dags/public_api.py
[2023-12-03T07:11:14.773+0000] {processor.py:829} INFO - Processing file /opt/airflow/dags/public_api.py for tasks to queue
[2023-12-03T07:11:14.775+0000] {logging_mixin.py:154} INFO - [2023-12-03T07:11:14.775+0000] {dagbag.py:536} INFO - Filling up the DagBag from /opt/airflow/dags/public_api.py
[2023-12-03T07:11:14.781+0000] {processor.py:839} INFO - DAG(s) dict_keys(['Call_public_api']) retrieved from /opt/airflow/dags/public_api.py
[2023-12-03T07:11:14.800+0000] {logging_mixin.py:154} INFO - [2023-12-03T07:11:14.800+0000] {dag.py:2941} INFO - Sync 1 DAGs
[2023-12-03T07:11:14.822+0000] {logging_mixin.py:154} INFO - [2023-12-03T07:11:14.822+0000] {dag.py:3722} INFO - Setting next_dagrun for Call_public_api to 2023-12-03T00:00:00+00:00, run_after=2023-12-04T00:00:00+00:00
[2023-12-03T07:11:14.840+0000] {processor.py:179} INFO - Processing /opt/airflow/dags/public_api.py took 0.070 seconds
[2023-12-03T07:11:45.489+0000] {processor.py:157} INFO - Started process (PID=3772) to work on /opt/airflow/dags/public_api.py
[2023-12-03T07:11:45.491+0000] {processor.py:829} INFO - Processing file /opt/airflow/dags/public_api.py for tasks to queue
[2023-12-03T07:11:45.493+0000] {logging_mixin.py:154} INFO - [2023-12-03T07:11:45.493+0000] {dagbag.py:536} INFO - Filling up the DagBag from /opt/airflow/dags/public_api.py
[2023-12-03T07:11:45.501+0000] {processor.py:839} INFO - DAG(s) dict_keys(['Call_public_api']) retrieved from /opt/airflow/dags/public_api.py
[2023-12-03T07:11:45.524+0000] {logging_mixin.py:154} INFO - [2023-12-03T07:11:45.524+0000] {dag.py:2941} INFO - Sync 1 DAGs
[2023-12-03T07:11:45.548+0000] {logging_mixin.py:154} INFO - [2023-12-03T07:11:45.548+0000] {dag.py:3722} INFO - Setting next_dagrun for Call_public_api to 2023-12-03T00:00:00+00:00, run_after=2023-12-04T00:00:00+00:00
[2023-12-03T07:11:45.567+0000] {processor.py:179} INFO - Processing /opt/airflow/dags/public_api.py took 0.082 seconds
[2023-12-03T07:12:16.348+0000] {processor.py:157} INFO - Started process (PID=3834) to work on /opt/airflow/dags/public_api.py
[2023-12-03T07:12:16.350+0000] {processor.py:829} INFO - Processing file /opt/airflow/dags/public_api.py for tasks to queue
[2023-12-03T07:12:16.352+0000] {logging_mixin.py:154} INFO - [2023-12-03T07:12:16.352+0000] {dagbag.py:536} INFO - Filling up the DagBag from /opt/airflow/dags/public_api.py
[2023-12-03T07:12:16.358+0000] {processor.py:839} INFO - DAG(s) dict_keys(['Call_public_api']) retrieved from /opt/airflow/dags/public_api.py
[2023-12-03T07:12:16.376+0000] {logging_mixin.py:154} INFO - [2023-12-03T07:12:16.376+0000] {dag.py:2941} INFO - Sync 1 DAGs
[2023-12-03T07:12:16.395+0000] {logging_mixin.py:154} INFO - [2023-12-03T07:12:16.395+0000] {dag.py:3722} INFO - Setting next_dagrun for Call_public_api to 2023-12-03T00:00:00+00:00, run_after=2023-12-04T00:00:00+00:00
[2023-12-03T07:12:16.412+0000] {processor.py:179} INFO - Processing /opt/airflow/dags/public_api.py took 0.066 seconds
[2023-12-03T07:12:46.779+0000] {processor.py:157} INFO - Started process (PID=3897) to work on /opt/airflow/dags/public_api.py
[2023-12-03T07:12:46.780+0000] {processor.py:829} INFO - Processing file /opt/airflow/dags/public_api.py for tasks to queue
[2023-12-03T07:12:46.783+0000] {logging_mixin.py:154} INFO - [2023-12-03T07:12:46.783+0000] {dagbag.py:536} INFO - Filling up the DagBag from /opt/airflow/dags/public_api.py
[2023-12-03T07:12:46.792+0000] {processor.py:839} INFO - DAG(s) dict_keys(['Call_public_api']) retrieved from /opt/airflow/dags/public_api.py
[2023-12-03T07:12:46.817+0000] {logging_mixin.py:154} INFO - [2023-12-03T07:12:46.816+0000] {dag.py:2941} INFO - Sync 1 DAGs
[2023-12-03T07:12:46.868+0000] {logging_mixin.py:154} INFO - [2023-12-03T07:12:46.866+0000] {dag.py:3722} INFO - Setting next_dagrun for Call_public_api to 2023-12-03T00:00:00+00:00, run_after=2023-12-04T00:00:00+00:00
[2023-12-03T07:12:46.893+0000] {processor.py:179} INFO - Processing /opt/airflow/dags/public_api.py took 0.118 seconds
[2023-12-03T07:13:17.267+0000] {processor.py:157} INFO - Started process (PID=3960) to work on /opt/airflow/dags/public_api.py
[2023-12-03T07:13:17.269+0000] {processor.py:829} INFO - Processing file /opt/airflow/dags/public_api.py for tasks to queue
[2023-12-03T07:13:17.271+0000] {logging_mixin.py:154} INFO - [2023-12-03T07:13:17.271+0000] {dagbag.py:536} INFO - Filling up the DagBag from /opt/airflow/dags/public_api.py
[2023-12-03T07:13:17.277+0000] {processor.py:839} INFO - DAG(s) dict_keys(['Call_public_api']) retrieved from /opt/airflow/dags/public_api.py
[2023-12-03T07:13:17.300+0000] {logging_mixin.py:154} INFO - [2023-12-03T07:13:17.300+0000] {dag.py:2941} INFO - Sync 1 DAGs
[2023-12-03T07:13:17.322+0000] {logging_mixin.py:154} INFO - [2023-12-03T07:13:17.321+0000] {dag.py:3722} INFO - Setting next_dagrun for Call_public_api to 2023-12-03T00:00:00+00:00, run_after=2023-12-04T00:00:00+00:00
[2023-12-03T07:13:17.346+0000] {processor.py:179} INFO - Processing /opt/airflow/dags/public_api.py took 0.082 seconds
[2023-12-03T07:13:47.411+0000] {processor.py:157} INFO - Started process (PID=4022) to work on /opt/airflow/dags/public_api.py
[2023-12-03T07:13:47.413+0000] {processor.py:829} INFO - Processing file /opt/airflow/dags/public_api.py for tasks to queue
[2023-12-03T07:13:47.415+0000] {logging_mixin.py:154} INFO - [2023-12-03T07:13:47.415+0000] {dagbag.py:536} INFO - Filling up the DagBag from /opt/airflow/dags/public_api.py
[2023-12-03T07:13:47.423+0000] {processor.py:839} INFO - DAG(s) dict_keys(['Call_public_api']) retrieved from /opt/airflow/dags/public_api.py
[2023-12-03T07:13:47.443+0000] {logging_mixin.py:154} INFO - [2023-12-03T07:13:47.442+0000] {dag.py:2941} INFO - Sync 1 DAGs
[2023-12-03T07:13:47.461+0000] {logging_mixin.py:154} INFO - [2023-12-03T07:13:47.461+0000] {dag.py:3722} INFO - Setting next_dagrun for Call_public_api to 2023-12-03T00:00:00+00:00, run_after=2023-12-04T00:00:00+00:00
[2023-12-03T07:13:47.478+0000] {processor.py:179} INFO - Processing /opt/airflow/dags/public_api.py took 0.071 seconds
[2023-12-03T07:14:17.830+0000] {processor.py:157} INFO - Started process (PID=4084) to work on /opt/airflow/dags/public_api.py
[2023-12-03T07:14:17.833+0000] {processor.py:829} INFO - Processing file /opt/airflow/dags/public_api.py for tasks to queue
[2023-12-03T07:14:17.837+0000] {logging_mixin.py:154} INFO - [2023-12-03T07:14:17.837+0000] {dagbag.py:536} INFO - Filling up the DagBag from /opt/airflow/dags/public_api.py
[2023-12-03T07:14:17.843+0000] {processor.py:839} INFO - DAG(s) dict_keys(['Call_public_api']) retrieved from /opt/airflow/dags/public_api.py
[2023-12-03T07:14:17.863+0000] {logging_mixin.py:154} INFO - [2023-12-03T07:14:17.863+0000] {dag.py:2941} INFO - Sync 1 DAGs
[2023-12-03T07:14:17.882+0000] {logging_mixin.py:154} INFO - [2023-12-03T07:14:17.881+0000] {dag.py:3722} INFO - Setting next_dagrun for Call_public_api to 2023-12-03T00:00:00+00:00, run_after=2023-12-04T00:00:00+00:00
[2023-12-03T07:14:17.901+0000] {processor.py:179} INFO - Processing /opt/airflow/dags/public_api.py took 0.074 seconds
[2023-12-03T07:14:48.386+0000] {processor.py:157} INFO - Started process (PID=4147) to work on /opt/airflow/dags/public_api.py
[2023-12-03T07:14:48.387+0000] {processor.py:829} INFO - Processing file /opt/airflow/dags/public_api.py for tasks to queue
[2023-12-03T07:14:48.390+0000] {logging_mixin.py:154} INFO - [2023-12-03T07:14:48.389+0000] {dagbag.py:536} INFO - Filling up the DagBag from /opt/airflow/dags/public_api.py
[2023-12-03T07:14:48.399+0000] {processor.py:839} INFO - DAG(s) dict_keys(['Call_public_api']) retrieved from /opt/airflow/dags/public_api.py
[2023-12-03T07:14:48.426+0000] {logging_mixin.py:154} INFO - [2023-12-03T07:14:48.426+0000] {dag.py:2941} INFO - Sync 1 DAGs
[2023-12-03T07:14:48.445+0000] {logging_mixin.py:154} INFO - [2023-12-03T07:14:48.445+0000] {dag.py:3722} INFO - Setting next_dagrun for Call_public_api to 2023-12-03T00:00:00+00:00, run_after=2023-12-04T00:00:00+00:00
[2023-12-03T07:14:48.465+0000] {processor.py:179} INFO - Processing /opt/airflow/dags/public_api.py took 0.083 seconds
[2023-12-03T07:15:18.597+0000] {processor.py:157} INFO - Started process (PID=4209) to work on /opt/airflow/dags/public_api.py
[2023-12-03T07:15:18.598+0000] {processor.py:829} INFO - Processing file /opt/airflow/dags/public_api.py for tasks to queue
[2023-12-03T07:15:18.601+0000] {logging_mixin.py:154} INFO - [2023-12-03T07:15:18.600+0000] {dagbag.py:536} INFO - Filling up the DagBag from /opt/airflow/dags/public_api.py
[2023-12-03T07:15:18.609+0000] {processor.py:839} INFO - DAG(s) dict_keys(['Call_public_api']) retrieved from /opt/airflow/dags/public_api.py
[2023-12-03T07:15:18.637+0000] {logging_mixin.py:154} INFO - [2023-12-03T07:15:18.636+0000] {dag.py:2941} INFO - Sync 1 DAGs
[2023-12-03T07:15:18.656+0000] {logging_mixin.py:154} INFO - [2023-12-03T07:15:18.656+0000] {dag.py:3722} INFO - Setting next_dagrun for Call_public_api to 2023-12-03T00:00:00+00:00, run_after=2023-12-04T00:00:00+00:00
[2023-12-03T07:15:18.673+0000] {processor.py:179} INFO - Processing /opt/airflow/dags/public_api.py took 0.081 seconds
[2023-12-03T07:15:48.775+0000] {processor.py:157} INFO - Started process (PID=4271) to work on /opt/airflow/dags/public_api.py
[2023-12-03T07:15:48.776+0000] {processor.py:829} INFO - Processing file /opt/airflow/dags/public_api.py for tasks to queue
[2023-12-03T07:15:48.778+0000] {logging_mixin.py:154} INFO - [2023-12-03T07:15:48.778+0000] {dagbag.py:536} INFO - Filling up the DagBag from /opt/airflow/dags/public_api.py
[2023-12-03T07:15:48.786+0000] {processor.py:839} INFO - DAG(s) dict_keys(['Call_public_api']) retrieved from /opt/airflow/dags/public_api.py
[2023-12-03T07:15:48.807+0000] {logging_mixin.py:154} INFO - [2023-12-03T07:15:48.807+0000] {dag.py:2941} INFO - Sync 1 DAGs
[2023-12-03T07:15:48.826+0000] {logging_mixin.py:154} INFO - [2023-12-03T07:15:48.826+0000] {dag.py:3722} INFO - Setting next_dagrun for Call_public_api to 2023-12-03T00:00:00+00:00, run_after=2023-12-04T00:00:00+00:00
[2023-12-03T07:15:48.843+0000] {processor.py:179} INFO - Processing /opt/airflow/dags/public_api.py took 0.071 seconds
[2023-12-03T07:16:19.358+0000] {processor.py:157} INFO - Started process (PID=4333) to work on /opt/airflow/dags/public_api.py
[2023-12-03T07:16:19.359+0000] {processor.py:829} INFO - Processing file /opt/airflow/dags/public_api.py for tasks to queue
[2023-12-03T07:16:19.362+0000] {logging_mixin.py:154} INFO - [2023-12-03T07:16:19.362+0000] {dagbag.py:536} INFO - Filling up the DagBag from /opt/airflow/dags/public_api.py
[2023-12-03T07:16:19.370+0000] {processor.py:839} INFO - DAG(s) dict_keys(['Call_public_api']) retrieved from /opt/airflow/dags/public_api.py
[2023-12-03T07:16:19.391+0000] {logging_mixin.py:154} INFO - [2023-12-03T07:16:19.390+0000] {dag.py:2941} INFO - Sync 1 DAGs
[2023-12-03T07:16:19.412+0000] {logging_mixin.py:154} INFO - [2023-12-03T07:16:19.412+0000] {dag.py:3722} INFO - Setting next_dagrun for Call_public_api to 2023-12-03T00:00:00+00:00, run_after=2023-12-04T00:00:00+00:00
[2023-12-03T07:16:19.431+0000] {processor.py:179} INFO - Processing /opt/airflow/dags/public_api.py took 0.076 seconds
[2023-12-03T07:16:49.987+0000] {processor.py:157} INFO - Started process (PID=4396) to work on /opt/airflow/dags/public_api.py
[2023-12-03T07:16:49.989+0000] {processor.py:829} INFO - Processing file /opt/airflow/dags/public_api.py for tasks to queue
[2023-12-03T07:16:49.990+0000] {logging_mixin.py:154} INFO - [2023-12-03T07:16:49.990+0000] {dagbag.py:536} INFO - Filling up the DagBag from /opt/airflow/dags/public_api.py
[2023-12-03T07:16:49.997+0000] {processor.py:839} INFO - DAG(s) dict_keys(['Call_public_api']) retrieved from /opt/airflow/dags/public_api.py
[2023-12-03T07:16:50.017+0000] {logging_mixin.py:154} INFO - [2023-12-03T07:16:50.017+0000] {dag.py:2941} INFO - Sync 1 DAGs
[2023-12-03T07:16:50.036+0000] {logging_mixin.py:154} INFO - [2023-12-03T07:16:50.035+0000] {dag.py:3722} INFO - Setting next_dagrun for Call_public_api to 2023-12-03T00:00:00+00:00, run_after=2023-12-04T00:00:00+00:00
[2023-12-03T07:16:50.053+0000] {processor.py:179} INFO - Processing /opt/airflow/dags/public_api.py took 0.069 seconds
[2023-12-03T07:17:20.550+0000] {processor.py:157} INFO - Started process (PID=4459) to work on /opt/airflow/dags/public_api.py
[2023-12-03T07:17:20.552+0000] {processor.py:829} INFO - Processing file /opt/airflow/dags/public_api.py for tasks to queue
[2023-12-03T07:17:20.554+0000] {logging_mixin.py:154} INFO - [2023-12-03T07:17:20.553+0000] {dagbag.py:536} INFO - Filling up the DagBag from /opt/airflow/dags/public_api.py
[2023-12-03T07:17:20.560+0000] {processor.py:839} INFO - DAG(s) dict_keys(['Call_public_api']) retrieved from /opt/airflow/dags/public_api.py
[2023-12-03T07:17:20.579+0000] {logging_mixin.py:154} INFO - [2023-12-03T07:17:20.579+0000] {dag.py:2941} INFO - Sync 1 DAGs
[2023-12-03T07:17:20.598+0000] {logging_mixin.py:154} INFO - [2023-12-03T07:17:20.598+0000] {dag.py:3722} INFO - Setting next_dagrun for Call_public_api to 2023-12-03T00:00:00+00:00, run_after=2023-12-04T00:00:00+00:00
[2023-12-03T07:17:20.618+0000] {processor.py:179} INFO - Processing /opt/airflow/dags/public_api.py took 0.070 seconds
[2023-12-03T07:17:51.069+0000] {processor.py:157} INFO - Started process (PID=4522) to work on /opt/airflow/dags/public_api.py
[2023-12-03T07:17:51.071+0000] {processor.py:829} INFO - Processing file /opt/airflow/dags/public_api.py for tasks to queue
[2023-12-03T07:17:51.073+0000] {logging_mixin.py:154} INFO - [2023-12-03T07:17:51.073+0000] {dagbag.py:536} INFO - Filling up the DagBag from /opt/airflow/dags/public_api.py
[2023-12-03T07:17:51.082+0000] {processor.py:839} INFO - DAG(s) dict_keys(['Call_public_api']) retrieved from /opt/airflow/dags/public_api.py
[2023-12-03T07:17:51.108+0000] {logging_mixin.py:154} INFO - [2023-12-03T07:17:51.108+0000] {dag.py:2941} INFO - Sync 1 DAGs
[2023-12-03T07:17:51.131+0000] {logging_mixin.py:154} INFO - [2023-12-03T07:17:51.131+0000] {dag.py:3722} INFO - Setting next_dagrun for Call_public_api to 2023-12-03T00:00:00+00:00, run_after=2023-12-04T00:00:00+00:00
[2023-12-03T07:17:51.150+0000] {processor.py:179} INFO - Processing /opt/airflow/dags/public_api.py took 0.085 seconds
[2023-12-03T07:18:21.550+0000] {processor.py:157} INFO - Started process (PID=4585) to work on /opt/airflow/dags/public_api.py
[2023-12-03T07:18:21.552+0000] {processor.py:829} INFO - Processing file /opt/airflow/dags/public_api.py for tasks to queue
[2023-12-03T07:18:21.554+0000] {logging_mixin.py:154} INFO - [2023-12-03T07:18:21.554+0000] {dagbag.py:536} INFO - Filling up the DagBag from /opt/airflow/dags/public_api.py
[2023-12-03T07:18:21.563+0000] {processor.py:839} INFO - DAG(s) dict_keys(['Call_public_api']) retrieved from /opt/airflow/dags/public_api.py
[2023-12-03T07:18:21.585+0000] {logging_mixin.py:154} INFO - [2023-12-03T07:18:21.585+0000] {dag.py:2941} INFO - Sync 1 DAGs
[2023-12-03T07:18:21.603+0000] {logging_mixin.py:154} INFO - [2023-12-03T07:18:21.603+0000] {dag.py:3722} INFO - Setting next_dagrun for Call_public_api to 2023-12-03T00:00:00+00:00, run_after=2023-12-04T00:00:00+00:00
[2023-12-03T07:18:21.619+0000] {processor.py:179} INFO - Processing /opt/airflow/dags/public_api.py took 0.073 seconds
[2023-12-03T07:18:52.223+0000] {processor.py:157} INFO - Started process (PID=4648) to work on /opt/airflow/dags/public_api.py
[2023-12-03T07:18:52.225+0000] {processor.py:829} INFO - Processing file /opt/airflow/dags/public_api.py for tasks to queue
[2023-12-03T07:18:52.227+0000] {logging_mixin.py:154} INFO - [2023-12-03T07:18:52.226+0000] {dagbag.py:536} INFO - Filling up the DagBag from /opt/airflow/dags/public_api.py
[2023-12-03T07:18:52.233+0000] {processor.py:839} INFO - DAG(s) dict_keys(['Call_public_api']) retrieved from /opt/airflow/dags/public_api.py
[2023-12-03T07:18:52.254+0000] {logging_mixin.py:154} INFO - [2023-12-03T07:18:52.254+0000] {dag.py:2941} INFO - Sync 1 DAGs
[2023-12-03T07:18:52.276+0000] {logging_mixin.py:154} INFO - [2023-12-03T07:18:52.276+0000] {dag.py:3722} INFO - Setting next_dagrun for Call_public_api to 2023-12-03T00:00:00+00:00, run_after=2023-12-04T00:00:00+00:00
[2023-12-03T07:18:52.295+0000] {processor.py:179} INFO - Processing /opt/airflow/dags/public_api.py took 0.075 seconds
[2023-12-03T07:19:22.434+0000] {processor.py:157} INFO - Started process (PID=4711) to work on /opt/airflow/dags/public_api.py
[2023-12-03T07:19:22.436+0000] {processor.py:829} INFO - Processing file /opt/airflow/dags/public_api.py for tasks to queue
[2023-12-03T07:19:22.438+0000] {logging_mixin.py:154} INFO - [2023-12-03T07:19:22.438+0000] {dagbag.py:536} INFO - Filling up the DagBag from /opt/airflow/dags/public_api.py
[2023-12-03T07:19:22.447+0000] {processor.py:839} INFO - DAG(s) dict_keys(['Call_public_api']) retrieved from /opt/airflow/dags/public_api.py
[2023-12-03T07:19:22.470+0000] {logging_mixin.py:154} INFO - [2023-12-03T07:19:22.470+0000] {dag.py:2941} INFO - Sync 1 DAGs
[2023-12-03T07:19:22.491+0000] {logging_mixin.py:154} INFO - [2023-12-03T07:19:22.490+0000] {dag.py:3722} INFO - Setting next_dagrun for Call_public_api to 2023-12-03T00:00:00+00:00, run_after=2023-12-04T00:00:00+00:00
[2023-12-03T07:19:22.511+0000] {processor.py:179} INFO - Processing /opt/airflow/dags/public_api.py took 0.081 seconds
[2023-12-03T07:19:53.061+0000] {processor.py:157} INFO - Started process (PID=4774) to work on /opt/airflow/dags/public_api.py
[2023-12-03T07:19:53.063+0000] {processor.py:829} INFO - Processing file /opt/airflow/dags/public_api.py for tasks to queue
[2023-12-03T07:19:53.064+0000] {logging_mixin.py:154} INFO - [2023-12-03T07:19:53.064+0000] {dagbag.py:536} INFO - Filling up the DagBag from /opt/airflow/dags/public_api.py
[2023-12-03T07:19:53.072+0000] {processor.py:839} INFO - DAG(s) dict_keys(['Call_public_api']) retrieved from /opt/airflow/dags/public_api.py
[2023-12-03T07:19:53.099+0000] {logging_mixin.py:154} INFO - [2023-12-03T07:19:53.099+0000] {dag.py:2941} INFO - Sync 1 DAGs
[2023-12-03T07:19:53.134+0000] {logging_mixin.py:154} INFO - [2023-12-03T07:19:53.133+0000] {dag.py:3722} INFO - Setting next_dagrun for Call_public_api to 2023-12-03T00:00:00+00:00, run_after=2023-12-04T00:00:00+00:00
[2023-12-03T07:19:53.191+0000] {processor.py:179} INFO - Processing /opt/airflow/dags/public_api.py took 0.134 seconds
[2023-12-03T07:20:23.403+0000] {processor.py:157} INFO - Started process (PID=4837) to work on /opt/airflow/dags/public_api.py
[2023-12-03T07:20:23.404+0000] {processor.py:829} INFO - Processing file /opt/airflow/dags/public_api.py for tasks to queue
[2023-12-03T07:20:23.406+0000] {logging_mixin.py:154} INFO - [2023-12-03T07:20:23.406+0000] {dagbag.py:536} INFO - Filling up the DagBag from /opt/airflow/dags/public_api.py
[2023-12-03T07:20:23.412+0000] {processor.py:839} INFO - DAG(s) dict_keys(['Call_public_api']) retrieved from /opt/airflow/dags/public_api.py
[2023-12-03T07:20:23.431+0000] {logging_mixin.py:154} INFO - [2023-12-03T07:20:23.431+0000] {dag.py:2941} INFO - Sync 1 DAGs
[2023-12-03T07:20:23.450+0000] {logging_mixin.py:154} INFO - [2023-12-03T07:20:23.449+0000] {dag.py:3722} INFO - Setting next_dagrun for Call_public_api to 2023-12-03T00:00:00+00:00, run_after=2023-12-04T00:00:00+00:00
[2023-12-03T07:20:23.472+0000] {processor.py:179} INFO - Processing /opt/airflow/dags/public_api.py took 0.072 seconds
[2023-12-03T07:20:53.895+0000] {processor.py:157} INFO - Started process (PID=4899) to work on /opt/airflow/dags/public_api.py
[2023-12-03T07:20:53.896+0000] {processor.py:829} INFO - Processing file /opt/airflow/dags/public_api.py for tasks to queue
[2023-12-03T07:20:53.898+0000] {logging_mixin.py:154} INFO - [2023-12-03T07:20:53.898+0000] {dagbag.py:536} INFO - Filling up the DagBag from /opt/airflow/dags/public_api.py
[2023-12-03T07:20:53.906+0000] {processor.py:839} INFO - DAG(s) dict_keys(['Call_public_api']) retrieved from /opt/airflow/dags/public_api.py
[2023-12-03T07:20:53.931+0000] {logging_mixin.py:154} INFO - [2023-12-03T07:20:53.931+0000] {dag.py:2941} INFO - Sync 1 DAGs
[2023-12-03T07:20:53.956+0000] {logging_mixin.py:154} INFO - [2023-12-03T07:20:53.956+0000] {dag.py:3722} INFO - Setting next_dagrun for Call_public_api to 2023-12-03T00:00:00+00:00, run_after=2023-12-04T00:00:00+00:00
[2023-12-03T07:20:53.977+0000] {processor.py:179} INFO - Processing /opt/airflow/dags/public_api.py took 0.087 seconds
[2023-12-03T07:21:24.285+0000] {processor.py:157} INFO - Started process (PID=4962) to work on /opt/airflow/dags/public_api.py
[2023-12-03T07:21:24.286+0000] {processor.py:829} INFO - Processing file /opt/airflow/dags/public_api.py for tasks to queue
[2023-12-03T07:21:24.288+0000] {logging_mixin.py:154} INFO - [2023-12-03T07:21:24.288+0000] {dagbag.py:536} INFO - Filling up the DagBag from /opt/airflow/dags/public_api.py
[2023-12-03T07:21:24.295+0000] {processor.py:839} INFO - DAG(s) dict_keys(['Call_public_api']) retrieved from /opt/airflow/dags/public_api.py
[2023-12-03T07:21:24.315+0000] {logging_mixin.py:154} INFO - [2023-12-03T07:21:24.315+0000] {dag.py:2941} INFO - Sync 1 DAGs
[2023-12-03T07:21:24.334+0000] {logging_mixin.py:154} INFO - [2023-12-03T07:21:24.334+0000] {dag.py:3722} INFO - Setting next_dagrun for Call_public_api to 2023-12-03T00:00:00+00:00, run_after=2023-12-04T00:00:00+00:00
[2023-12-03T07:21:24.351+0000] {processor.py:179} INFO - Processing /opt/airflow/dags/public_api.py took 0.069 seconds
[2023-12-03T07:21:54.807+0000] {processor.py:157} INFO - Started process (PID=5025) to work on /opt/airflow/dags/public_api.py
[2023-12-03T07:21:54.809+0000] {processor.py:829} INFO - Processing file /opt/airflow/dags/public_api.py for tasks to queue
[2023-12-03T07:21:54.811+0000] {logging_mixin.py:154} INFO - [2023-12-03T07:21:54.811+0000] {dagbag.py:536} INFO - Filling up the DagBag from /opt/airflow/dags/public_api.py
[2023-12-03T07:21:54.820+0000] {processor.py:839} INFO - DAG(s) dict_keys(['Call_public_api']) retrieved from /opt/airflow/dags/public_api.py
[2023-12-03T07:21:54.841+0000] {logging_mixin.py:154} INFO - [2023-12-03T07:21:54.841+0000] {dag.py:2941} INFO - Sync 1 DAGs
[2023-12-03T07:21:54.860+0000] {logging_mixin.py:154} INFO - [2023-12-03T07:21:54.860+0000] {dag.py:3722} INFO - Setting next_dagrun for Call_public_api to 2023-12-03T00:00:00+00:00, run_after=2023-12-04T00:00:00+00:00
[2023-12-03T07:21:54.878+0000] {processor.py:179} INFO - Processing /opt/airflow/dags/public_api.py took 0.076 seconds
[2023-12-03T07:22:25.131+0000] {processor.py:157} INFO - Started process (PID=5088) to work on /opt/airflow/dags/public_api.py
[2023-12-03T07:22:25.134+0000] {processor.py:829} INFO - Processing file /opt/airflow/dags/public_api.py for tasks to queue
[2023-12-03T07:22:25.136+0000] {logging_mixin.py:154} INFO - [2023-12-03T07:22:25.136+0000] {dagbag.py:536} INFO - Filling up the DagBag from /opt/airflow/dags/public_api.py
[2023-12-03T07:22:25.146+0000] {processor.py:839} INFO - DAG(s) dict_keys(['Call_public_api']) retrieved from /opt/airflow/dags/public_api.py
[2023-12-03T07:22:25.171+0000] {logging_mixin.py:154} INFO - [2023-12-03T07:22:25.171+0000] {dag.py:2941} INFO - Sync 1 DAGs
[2023-12-03T07:22:25.191+0000] {logging_mixin.py:154} INFO - [2023-12-03T07:22:25.191+0000] {dag.py:3722} INFO - Setting next_dagrun for Call_public_api to 2023-12-03T00:00:00+00:00, run_after=2023-12-04T00:00:00+00:00
[2023-12-03T07:22:25.210+0000] {processor.py:179} INFO - Processing /opt/airflow/dags/public_api.py took 0.084 seconds
[2023-12-03T07:22:55.629+0000] {processor.py:157} INFO - Started process (PID=5151) to work on /opt/airflow/dags/public_api.py
[2023-12-03T07:22:55.630+0000] {processor.py:829} INFO - Processing file /opt/airflow/dags/public_api.py for tasks to queue
[2023-12-03T07:22:55.632+0000] {logging_mixin.py:154} INFO - [2023-12-03T07:22:55.632+0000] {dagbag.py:536} INFO - Filling up the DagBag from /opt/airflow/dags/public_api.py
[2023-12-03T07:22:55.639+0000] {processor.py:839} INFO - DAG(s) dict_keys(['Call_public_api']) retrieved from /opt/airflow/dags/public_api.py
[2023-12-03T07:22:55.659+0000] {logging_mixin.py:154} INFO - [2023-12-03T07:22:55.659+0000] {dag.py:2941} INFO - Sync 1 DAGs
[2023-12-03T07:22:55.678+0000] {logging_mixin.py:154} INFO - [2023-12-03T07:22:55.678+0000] {dag.py:3722} INFO - Setting next_dagrun for Call_public_api to 2023-12-03T00:00:00+00:00, run_after=2023-12-04T00:00:00+00:00
[2023-12-03T07:22:55.696+0000] {processor.py:179} INFO - Processing /opt/airflow/dags/public_api.py took 0.071 seconds
[2023-12-03T07:23:25.968+0000] {processor.py:157} INFO - Started process (PID=5214) to work on /opt/airflow/dags/public_api.py
[2023-12-03T07:23:25.969+0000] {processor.py:829} INFO - Processing file /opt/airflow/dags/public_api.py for tasks to queue
[2023-12-03T07:23:25.971+0000] {logging_mixin.py:154} INFO - [2023-12-03T07:23:25.970+0000] {dagbag.py:536} INFO - Filling up the DagBag from /opt/airflow/dags/public_api.py
[2023-12-03T07:23:25.977+0000] {processor.py:839} INFO - DAG(s) dict_keys(['Call_public_api']) retrieved from /opt/airflow/dags/public_api.py
[2023-12-03T07:23:25.998+0000] {logging_mixin.py:154} INFO - [2023-12-03T07:23:25.998+0000] {dag.py:2941} INFO - Sync 1 DAGs
[2023-12-03T07:23:26.015+0000] {logging_mixin.py:154} INFO - [2023-12-03T07:23:26.015+0000] {dag.py:3722} INFO - Setting next_dagrun for Call_public_api to 2023-12-03T00:00:00+00:00, run_after=2023-12-04T00:00:00+00:00
[2023-12-03T07:23:26.030+0000] {processor.py:179} INFO - Processing /opt/airflow/dags/public_api.py took 0.066 seconds
[2023-12-03T07:23:56.106+0000] {processor.py:157} INFO - Started process (PID=5276) to work on /opt/airflow/dags/public_api.py
[2023-12-03T07:23:56.108+0000] {processor.py:829} INFO - Processing file /opt/airflow/dags/public_api.py for tasks to queue
[2023-12-03T07:23:56.110+0000] {logging_mixin.py:154} INFO - [2023-12-03T07:23:56.110+0000] {dagbag.py:536} INFO - Filling up the DagBag from /opt/airflow/dags/public_api.py
[2023-12-03T07:23:56.119+0000] {processor.py:839} INFO - DAG(s) dict_keys(['Call_public_api']) retrieved from /opt/airflow/dags/public_api.py
[2023-12-03T07:23:56.147+0000] {logging_mixin.py:154} INFO - [2023-12-03T07:23:56.147+0000] {dag.py:2941} INFO - Sync 1 DAGs
[2023-12-03T07:23:56.173+0000] {logging_mixin.py:154} INFO - [2023-12-03T07:23:56.172+0000] {dag.py:3722} INFO - Setting next_dagrun for Call_public_api to 2023-12-03T00:00:00+00:00, run_after=2023-12-04T00:00:00+00:00
[2023-12-03T07:23:56.197+0000] {processor.py:179} INFO - Processing /opt/airflow/dags/public_api.py took 0.094 seconds
[2023-12-03T07:24:26.483+0000] {processor.py:157} INFO - Started process (PID=5339) to work on /opt/airflow/dags/public_api.py
[2023-12-03T07:24:26.485+0000] {processor.py:829} INFO - Processing file /opt/airflow/dags/public_api.py for tasks to queue
[2023-12-03T07:24:26.487+0000] {logging_mixin.py:154} INFO - [2023-12-03T07:24:26.486+0000] {dagbag.py:536} INFO - Filling up the DagBag from /opt/airflow/dags/public_api.py
[2023-12-03T07:24:26.493+0000] {processor.py:839} INFO - DAG(s) dict_keys(['Call_public_api']) retrieved from /opt/airflow/dags/public_api.py
[2023-12-03T07:24:26.513+0000] {logging_mixin.py:154} INFO - [2023-12-03T07:24:26.513+0000] {dag.py:2941} INFO - Sync 1 DAGs
[2023-12-03T07:24:26.532+0000] {logging_mixin.py:154} INFO - [2023-12-03T07:24:26.532+0000] {dag.py:3722} INFO - Setting next_dagrun for Call_public_api to 2023-12-03T00:00:00+00:00, run_after=2023-12-04T00:00:00+00:00
[2023-12-03T07:24:26.552+0000] {processor.py:179} INFO - Processing /opt/airflow/dags/public_api.py took 0.072 seconds
[2023-12-03T07:24:56.829+0000] {processor.py:157} INFO - Started process (PID=5403) to work on /opt/airflow/dags/public_api.py
[2023-12-03T07:24:56.831+0000] {processor.py:829} INFO - Processing file /opt/airflow/dags/public_api.py for tasks to queue
[2023-12-03T07:24:56.833+0000] {logging_mixin.py:154} INFO - [2023-12-03T07:24:56.833+0000] {dagbag.py:536} INFO - Filling up the DagBag from /opt/airflow/dags/public_api.py
[2023-12-03T07:24:56.839+0000] {processor.py:839} INFO - DAG(s) dict_keys(['Call_public_api']) retrieved from /opt/airflow/dags/public_api.py
[2023-12-03T07:24:56.859+0000] {logging_mixin.py:154} INFO - [2023-12-03T07:24:56.858+0000] {dag.py:2941} INFO - Sync 1 DAGs
[2023-12-03T07:24:56.877+0000] {logging_mixin.py:154} INFO - [2023-12-03T07:24:56.877+0000] {dag.py:3722} INFO - Setting next_dagrun for Call_public_api to 2023-12-03T00:00:00+00:00, run_after=2023-12-04T00:00:00+00:00
[2023-12-03T07:24:56.896+0000] {processor.py:179} INFO - Processing /opt/airflow/dags/public_api.py took 0.070 seconds
[2023-12-03T07:25:27.388+0000] {processor.py:157} INFO - Started process (PID=5466) to work on /opt/airflow/dags/public_api.py
[2023-12-03T07:25:27.390+0000] {processor.py:829} INFO - Processing file /opt/airflow/dags/public_api.py for tasks to queue
[2023-12-03T07:25:27.392+0000] {logging_mixin.py:154} INFO - [2023-12-03T07:25:27.392+0000] {dagbag.py:536} INFO - Filling up the DagBag from /opt/airflow/dags/public_api.py
[2023-12-03T07:25:27.401+0000] {processor.py:839} INFO - DAG(s) dict_keys(['Call_public_api']) retrieved from /opt/airflow/dags/public_api.py
[2023-12-03T07:25:27.425+0000] {logging_mixin.py:154} INFO - [2023-12-03T07:25:27.425+0000] {dag.py:2941} INFO - Sync 1 DAGs
[2023-12-03T07:25:27.449+0000] {logging_mixin.py:154} INFO - [2023-12-03T07:25:27.449+0000] {dag.py:3722} INFO - Setting next_dagrun for Call_public_api to 2023-12-03T00:00:00+00:00, run_after=2023-12-04T00:00:00+00:00
[2023-12-03T07:25:27.465+0000] {processor.py:179} INFO - Processing /opt/airflow/dags/public_api.py took 0.081 seconds
[2023-12-03T07:25:57.508+0000] {processor.py:157} INFO - Started process (PID=5529) to work on /opt/airflow/dags/public_api.py
[2023-12-03T07:25:57.510+0000] {processor.py:829} INFO - Processing file /opt/airflow/dags/public_api.py for tasks to queue
[2023-12-03T07:25:57.512+0000] {logging_mixin.py:154} INFO - [2023-12-03T07:25:57.512+0000] {dagbag.py:536} INFO - Filling up the DagBag from /opt/airflow/dags/public_api.py
[2023-12-03T07:25:57.520+0000] {processor.py:839} INFO - DAG(s) dict_keys(['Call_public_api']) retrieved from /opt/airflow/dags/public_api.py
[2023-12-03T07:25:57.544+0000] {logging_mixin.py:154} INFO - [2023-12-03T07:25:57.544+0000] {dag.py:2941} INFO - Sync 1 DAGs
[2023-12-03T07:25:57.565+0000] {logging_mixin.py:154} INFO - [2023-12-03T07:25:57.565+0000] {dag.py:3722} INFO - Setting next_dagrun for Call_public_api to 2023-12-03T00:00:00+00:00, run_after=2023-12-04T00:00:00+00:00
[2023-12-03T07:25:57.588+0000] {processor.py:179} INFO - Processing /opt/airflow/dags/public_api.py took 0.083 seconds
[2023-12-03T07:40:59.134+0000] {processor.py:157} INFO - Started process (PID=5567) to work on /opt/airflow/dags/public_api.py
[2023-12-03T07:40:59.195+0000] {processor.py:829} INFO - Processing file /opt/airflow/dags/public_api.py for tasks to queue
[2023-12-03T07:40:59.235+0000] {logging_mixin.py:154} INFO - [2023-12-03T07:40:59.234+0000] {dagbag.py:536} INFO - Filling up the DagBag from /opt/airflow/dags/public_api.py
[2023-12-03T07:40:59.245+0000] {processor.py:839} INFO - DAG(s) dict_keys(['Call_public_api']) retrieved from /opt/airflow/dags/public_api.py
[2023-12-03T07:40:59.322+0000] {logging_mixin.py:154} INFO - [2023-12-03T07:40:59.321+0000] {dag.py:2941} INFO - Sync 1 DAGs
[2023-12-03T07:40:59.371+0000] {logging_mixin.py:154} INFO - [2023-12-03T07:40:59.371+0000] {dag.py:3722} INFO - Setting next_dagrun for Call_public_api to 2023-12-03T00:00:00+00:00, run_after=2023-12-04T00:00:00+00:00
[2023-12-03T07:40:59.418+0000] {processor.py:179} INFO - Processing /opt/airflow/dags/public_api.py took 0.291 seconds
[2023-12-03T07:41:29.964+0000] {processor.py:157} INFO - Started process (PID=5630) to work on /opt/airflow/dags/public_api.py
[2023-12-03T07:41:29.972+0000] {processor.py:829} INFO - Processing file /opt/airflow/dags/public_api.py for tasks to queue
[2023-12-03T07:41:29.975+0000] {logging_mixin.py:154} INFO - [2023-12-03T07:41:29.974+0000] {dagbag.py:536} INFO - Filling up the DagBag from /opt/airflow/dags/public_api.py
[2023-12-03T07:41:29.988+0000] {processor.py:839} INFO - DAG(s) dict_keys(['Call_public_api']) retrieved from /opt/airflow/dags/public_api.py
[2023-12-03T07:41:30.021+0000] {logging_mixin.py:154} INFO - [2023-12-03T07:41:30.020+0000] {dag.py:2941} INFO - Sync 1 DAGs
[2023-12-03T07:41:30.105+0000] {logging_mixin.py:154} INFO - [2023-12-03T07:41:30.105+0000] {dag.py:3722} INFO - Setting next_dagrun for Call_public_api to 2023-12-03T00:00:00+00:00, run_after=2023-12-04T00:00:00+00:00
[2023-12-03T07:41:30.180+0000] {processor.py:179} INFO - Processing /opt/airflow/dags/public_api.py took 0.230 seconds
[2023-12-03T07:42:00.476+0000] {processor.py:157} INFO - Started process (PID=5693) to work on /opt/airflow/dags/public_api.py
[2023-12-03T07:42:00.477+0000] {processor.py:829} INFO - Processing file /opt/airflow/dags/public_api.py for tasks to queue
[2023-12-03T07:42:00.479+0000] {logging_mixin.py:154} INFO - [2023-12-03T07:42:00.479+0000] {dagbag.py:536} INFO - Filling up the DagBag from /opt/airflow/dags/public_api.py
[2023-12-03T07:42:00.487+0000] {processor.py:839} INFO - DAG(s) dict_keys(['Call_public_api']) retrieved from /opt/airflow/dags/public_api.py
[2023-12-03T07:42:00.510+0000] {logging_mixin.py:154} INFO - [2023-12-03T07:42:00.510+0000] {dag.py:2941} INFO - Sync 1 DAGs
[2023-12-03T07:42:00.533+0000] {logging_mixin.py:154} INFO - [2023-12-03T07:42:00.533+0000] {dag.py:3722} INFO - Setting next_dagrun for Call_public_api to 2023-12-03T00:00:00+00:00, run_after=2023-12-04T00:00:00+00:00
[2023-12-03T07:42:00.557+0000] {processor.py:179} INFO - Processing /opt/airflow/dags/public_api.py took 0.084 seconds
[2023-12-03T07:42:34.403+0000] {processor.py:157} INFO - Started process (PID=5756) to work on /opt/airflow/dags/public_api.py
[2023-12-03T07:42:34.407+0000] {processor.py:829} INFO - Processing file /opt/airflow/dags/public_api.py for tasks to queue
[2023-12-03T07:42:34.437+0000] {logging_mixin.py:154} INFO - [2023-12-03T07:42:34.433+0000] {dagbag.py:536} INFO - Filling up the DagBag from /opt/airflow/dags/public_api.py
[2023-12-03T07:42:34.529+0000] {processor.py:839} INFO - DAG(s) dict_keys(['Call_public_api']) retrieved from /opt/airflow/dags/public_api.py
[2023-12-03T07:42:34.841+0000] {logging_mixin.py:154} INFO - [2023-12-03T07:42:34.840+0000] {dag.py:2941} INFO - Sync 1 DAGs
[2023-12-03T07:42:35.663+0000] {logging_mixin.py:154} INFO - [2023-12-03T07:42:35.662+0000] {dag.py:3722} INFO - Setting next_dagrun for Call_public_api to 2023-12-03T00:00:00+00:00, run_after=2023-12-04T00:00:00+00:00
[2023-12-03T07:42:35.786+0000] {processor.py:179} INFO - Processing /opt/airflow/dags/public_api.py took 1.454 seconds
