[2023-12-03T06:36:23.654+0000] {processor.py:157} INFO - Started process (PID=54) to work on /opt/airflow/dags/PythonOperator.py
[2023-12-03T06:36:23.718+0000] {processor.py:829} INFO - Processing file /opt/airflow/dags/PythonOperator.py for tasks to queue
[2023-12-03T06:36:23.831+0000] {logging_mixin.py:154} INFO - [2023-12-03T06:36:23.831+0000] {dagbag.py:536} INFO - Filling up the DagBag from /opt/airflow/dags/PythonOperator.py
[2023-12-03T06:36:24.966+0000] {processor.py:839} INFO - DAG(s) dict_keys(['PythonOperator']) retrieved from /opt/airflow/dags/PythonOperator.py
[2023-12-03T06:36:48.267+0000] {logging_mixin.py:154} INFO - [2023-12-03T06:36:48.266+0000] {dag.py:2941} INFO - Sync 1 DAGs
[2023-12-03T06:36:48.501+0000] {logging_mixin.py:154} INFO - [2023-12-03T06:36:48.498+0000] {dag.py:3722} INFO - Setting next_dagrun for PythonOperator to 2023-12-02T00:00:00+00:00, run_after=2023-12-03T00:00:00+00:00
[2023-12-03T06:36:49.014+0000] {processor.py:179} INFO - Processing /opt/airflow/dags/PythonOperator.py took 25.942 seconds
[2023-12-03T06:38:23.094+0000] {processor.py:157} INFO - Started process (PID=146) to work on /opt/airflow/dags/PythonOperator.py
[2023-12-03T06:38:23.128+0000] {processor.py:829} INFO - Processing file /opt/airflow/dags/PythonOperator.py for tasks to queue
[2023-12-03T06:38:23.143+0000] {logging_mixin.py:154} INFO - [2023-12-03T06:38:23.138+0000] {dagbag.py:536} INFO - Filling up the DagBag from /opt/airflow/dags/PythonOperator.py
[2023-12-03T06:38:23.199+0000] {processor.py:839} INFO - DAG(s) dict_keys(['PythonOperator']) retrieved from /opt/airflow/dags/PythonOperator.py
[2023-12-03T06:38:23.979+0000] {logging_mixin.py:154} INFO - [2023-12-03T06:38:23.978+0000] {dag.py:2941} INFO - Sync 1 DAGs
[2023-12-03T06:38:24.218+0000] {logging_mixin.py:154} INFO - [2023-12-03T06:38:24.212+0000] {dag.py:3722} INFO - Setting next_dagrun for PythonOperator to 2023-12-03T00:00:00+00:00, run_after=2023-12-04T00:00:00+00:00
[2023-12-03T06:38:24.582+0000] {processor.py:179} INFO - Processing /opt/airflow/dags/PythonOperator.py took 1.657 seconds
[2023-12-03T06:38:55.504+0000] {processor.py:157} INFO - Started process (PID=209) to work on /opt/airflow/dags/PythonOperator.py
[2023-12-03T06:38:55.541+0000] {processor.py:829} INFO - Processing file /opt/airflow/dags/PythonOperator.py for tasks to queue
[2023-12-03T06:38:55.563+0000] {logging_mixin.py:154} INFO - [2023-12-03T06:38:55.563+0000] {dagbag.py:536} INFO - Filling up the DagBag from /opt/airflow/dags/PythonOperator.py
[2023-12-03T06:38:55.657+0000] {processor.py:839} INFO - DAG(s) dict_keys(['PythonOperator']) retrieved from /opt/airflow/dags/PythonOperator.py
[2023-12-03T06:38:56.129+0000] {logging_mixin.py:154} INFO - [2023-12-03T06:38:56.128+0000] {dag.py:2941} INFO - Sync 1 DAGs
[2023-12-03T06:38:56.327+0000] {logging_mixin.py:154} INFO - [2023-12-03T06:38:56.327+0000] {dag.py:3722} INFO - Setting next_dagrun for PythonOperator to 2023-12-03T00:00:00+00:00, run_after=2023-12-04T00:00:00+00:00
[2023-12-03T06:38:56.929+0000] {processor.py:179} INFO - Processing /opt/airflow/dags/PythonOperator.py took 1.459 seconds
[2023-12-03T06:39:32.866+0000] {processor.py:157} INFO - Started process (PID=278) to work on /opt/airflow/dags/PythonOperator.py
[2023-12-03T06:39:32.916+0000] {processor.py:829} INFO - Processing file /opt/airflow/dags/PythonOperator.py for tasks to queue
[2023-12-03T06:39:32.920+0000] {logging_mixin.py:154} INFO - [2023-12-03T06:39:32.919+0000] {dagbag.py:536} INFO - Filling up the DagBag from /opt/airflow/dags/PythonOperator.py
[2023-12-03T06:39:32.970+0000] {processor.py:839} INFO - DAG(s) dict_keys(['PythonOperator']) retrieved from /opt/airflow/dags/PythonOperator.py
[2023-12-03T06:39:38.460+0000] {logging_mixin.py:154} INFO - [2023-12-03T06:39:38.460+0000] {dag.py:2941} INFO - Sync 1 DAGs
[2023-12-03T06:39:38.527+0000] {logging_mixin.py:154} INFO - [2023-12-03T06:39:38.527+0000] {dag.py:3722} INFO - Setting next_dagrun for PythonOperator to 2023-12-03T00:00:00+00:00, run_after=2023-12-04T00:00:00+00:00
[2023-12-03T06:39:39.293+0000] {processor.py:179} INFO - Processing /opt/airflow/dags/PythonOperator.py took 6.470 seconds
[2023-12-03T06:40:19.905+0000] {processor.py:157} INFO - Started process (PID=340) to work on /opt/airflow/dags/PythonOperator.py
[2023-12-03T06:40:19.929+0000] {processor.py:829} INFO - Processing file /opt/airflow/dags/PythonOperator.py for tasks to queue
[2023-12-03T06:40:19.932+0000] {logging_mixin.py:154} INFO - [2023-12-03T06:40:19.932+0000] {dagbag.py:536} INFO - Filling up the DagBag from /opt/airflow/dags/PythonOperator.py
[2023-12-03T06:40:19.956+0000] {processor.py:839} INFO - DAG(s) dict_keys(['PythonOperator']) retrieved from /opt/airflow/dags/PythonOperator.py
[2023-12-03T06:40:20.557+0000] {logging_mixin.py:154} INFO - [2023-12-03T06:40:20.557+0000] {dag.py:2941} INFO - Sync 1 DAGs
[2023-12-03T06:40:20.826+0000] {logging_mixin.py:154} INFO - [2023-12-03T06:40:20.823+0000] {dag.py:3722} INFO - Setting next_dagrun for PythonOperator to 2023-12-03T00:00:00+00:00, run_after=2023-12-04T00:00:00+00:00
[2023-12-03T06:40:21.632+0000] {processor.py:179} INFO - Processing /opt/airflow/dags/PythonOperator.py took 1.743 seconds
[2023-12-03T06:40:52.687+0000] {processor.py:157} INFO - Started process (PID=404) to work on /opt/airflow/dags/PythonOperator.py
[2023-12-03T06:40:52.711+0000] {processor.py:829} INFO - Processing file /opt/airflow/dags/PythonOperator.py for tasks to queue
[2023-12-03T06:40:52.722+0000] {logging_mixin.py:154} INFO - [2023-12-03T06:40:52.719+0000] {dagbag.py:536} INFO - Filling up the DagBag from /opt/airflow/dags/PythonOperator.py
[2023-12-03T06:40:52.779+0000] {processor.py:839} INFO - DAG(s) dict_keys(['PythonOperator']) retrieved from /opt/airflow/dags/PythonOperator.py
[2023-12-03T06:40:53.089+0000] {logging_mixin.py:154} INFO - [2023-12-03T06:40:53.088+0000] {dag.py:2941} INFO - Sync 1 DAGs
[2023-12-03T06:40:53.226+0000] {logging_mixin.py:154} INFO - [2023-12-03T06:40:53.226+0000] {dag.py:3722} INFO - Setting next_dagrun for PythonOperator to 2023-12-03T00:00:00+00:00, run_after=2023-12-04T00:00:00+00:00
[2023-12-03T06:40:53.645+0000] {processor.py:179} INFO - Processing /opt/airflow/dags/PythonOperator.py took 0.983 seconds
[2023-12-03T06:41:28.442+0000] {processor.py:157} INFO - Started process (PID=465) to work on /opt/airflow/dags/PythonOperator.py
[2023-12-03T06:41:28.445+0000] {processor.py:829} INFO - Processing file /opt/airflow/dags/PythonOperator.py for tasks to queue
[2023-12-03T06:41:28.452+0000] {logging_mixin.py:154} INFO - [2023-12-03T06:41:28.450+0000] {dagbag.py:536} INFO - Filling up the DagBag from /opt/airflow/dags/PythonOperator.py
[2023-12-03T06:41:28.469+0000] {processor.py:839} INFO - DAG(s) dict_keys(['PythonOperator']) retrieved from /opt/airflow/dags/PythonOperator.py
[2023-12-03T06:41:28.537+0000] {logging_mixin.py:154} INFO - [2023-12-03T06:41:28.537+0000] {dag.py:2941} INFO - Sync 1 DAGs
[2023-12-03T06:41:28.584+0000] {logging_mixin.py:154} INFO - [2023-12-03T06:41:28.584+0000] {dag.py:3722} INFO - Setting next_dagrun for PythonOperator to 2023-12-03T00:00:00+00:00, run_after=2023-12-04T00:00:00+00:00
[2023-12-03T06:41:28.628+0000] {processor.py:179} INFO - Processing /opt/airflow/dags/PythonOperator.py took 0.206 seconds
[2023-12-03T06:42:06.300+0000] {processor.py:157} INFO - Started process (PID=529) to work on /opt/airflow/dags/PythonOperator.py
[2023-12-03T06:42:06.342+0000] {processor.py:829} INFO - Processing file /opt/airflow/dags/PythonOperator.py for tasks to queue
[2023-12-03T06:42:06.353+0000] {logging_mixin.py:154} INFO - [2023-12-03T06:42:06.353+0000] {dagbag.py:536} INFO - Filling up the DagBag from /opt/airflow/dags/PythonOperator.py
[2023-12-03T06:42:06.374+0000] {processor.py:839} INFO - DAG(s) dict_keys(['PythonOperator']) retrieved from /opt/airflow/dags/PythonOperator.py
[2023-12-03T06:42:06.561+0000] {logging_mixin.py:154} INFO - [2023-12-03T06:42:06.561+0000] {dag.py:2941} INFO - Sync 1 DAGs
[2023-12-03T06:42:06.721+0000] {logging_mixin.py:154} INFO - [2023-12-03T06:42:06.721+0000] {dag.py:3722} INFO - Setting next_dagrun for PythonOperator to 2023-12-03T00:00:00+00:00, run_after=2023-12-04T00:00:00+00:00
[2023-12-03T06:42:06.954+0000] {processor.py:179} INFO - Processing /opt/airflow/dags/PythonOperator.py took 0.660 seconds
[2023-12-03T06:42:43.755+0000] {processor.py:157} INFO - Started process (PID=593) to work on /opt/airflow/dags/PythonOperator.py
[2023-12-03T06:42:43.799+0000] {processor.py:829} INFO - Processing file /opt/airflow/dags/PythonOperator.py for tasks to queue
[2023-12-03T06:42:43.844+0000] {logging_mixin.py:154} INFO - [2023-12-03T06:42:43.844+0000] {dagbag.py:536} INFO - Filling up the DagBag from /opt/airflow/dags/PythonOperator.py
[2023-12-03T06:42:43.889+0000] {processor.py:839} INFO - DAG(s) dict_keys(['PythonOperator']) retrieved from /opt/airflow/dags/PythonOperator.py
[2023-12-03T06:42:44.365+0000] {logging_mixin.py:154} INFO - [2023-12-03T06:42:44.365+0000] {dag.py:2941} INFO - Sync 1 DAGs
[2023-12-03T06:42:44.559+0000] {logging_mixin.py:154} INFO - [2023-12-03T06:42:44.558+0000] {dag.py:3722} INFO - Setting next_dagrun for PythonOperator to 2023-12-03T00:00:00+00:00, run_after=2023-12-04T00:00:00+00:00
[2023-12-03T06:42:45.106+0000] {processor.py:179} INFO - Processing /opt/airflow/dags/PythonOperator.py took 1.360 seconds
[2023-12-03T06:43:19.809+0000] {processor.py:157} INFO - Started process (PID=643) to work on /opt/airflow/dags/PythonOperator.py
[2023-12-03T06:43:19.830+0000] {processor.py:829} INFO - Processing file /opt/airflow/dags/PythonOperator.py for tasks to queue
[2023-12-03T06:43:19.851+0000] {logging_mixin.py:154} INFO - [2023-12-03T06:43:19.850+0000] {dagbag.py:536} INFO - Filling up the DagBag from /opt/airflow/dags/PythonOperator.py
[2023-12-03T06:43:19.884+0000] {processor.py:839} INFO - DAG(s) dict_keys(['PythonOperator']) retrieved from /opt/airflow/dags/PythonOperator.py
[2023-12-03T06:43:20.137+0000] {logging_mixin.py:154} INFO - [2023-12-03T06:43:20.137+0000] {dag.py:2941} INFO - Sync 1 DAGs
[2023-12-03T06:43:20.301+0000] {logging_mixin.py:154} INFO - [2023-12-03T06:43:20.291+0000] {dag.py:3722} INFO - Setting next_dagrun for PythonOperator to 2023-12-03T00:00:00+00:00, run_after=2023-12-04T00:00:00+00:00
[2023-12-03T06:43:20.702+0000] {processor.py:179} INFO - Processing /opt/airflow/dags/PythonOperator.py took 0.908 seconds
[2023-12-03T06:44:09.994+0000] {processor.py:157} INFO - Started process (PID=714) to work on /opt/airflow/dags/PythonOperator.py
[2023-12-03T06:44:10.112+0000] {processor.py:829} INFO - Processing file /opt/airflow/dags/PythonOperator.py for tasks to queue
[2023-12-03T06:44:10.160+0000] {logging_mixin.py:154} INFO - [2023-12-03T06:44:10.159+0000] {dagbag.py:536} INFO - Filling up the DagBag from /opt/airflow/dags/PythonOperator.py
[2023-12-03T06:44:10.606+0000] {processor.py:839} INFO - DAG(s) dict_keys(['PythonOperator']) retrieved from /opt/airflow/dags/PythonOperator.py
[2023-12-03T06:44:11.100+0000] {logging_mixin.py:154} INFO - [2023-12-03T06:44:11.100+0000] {dag.py:2941} INFO - Sync 1 DAGs
[2023-12-03T06:44:11.369+0000] {logging_mixin.py:154} INFO - [2023-12-03T06:44:11.369+0000] {dag.py:3722} INFO - Setting next_dagrun for PythonOperator to 2023-12-03T00:00:00+00:00, run_after=2023-12-04T00:00:00+00:00
[2023-12-03T06:44:11.880+0000] {processor.py:179} INFO - Processing /opt/airflow/dags/PythonOperator.py took 2.007 seconds
[2023-12-03T06:44:46.065+0000] {processor.py:157} INFO - Started process (PID=778) to work on /opt/airflow/dags/PythonOperator.py
[2023-12-03T06:44:46.110+0000] {processor.py:829} INFO - Processing file /opt/airflow/dags/PythonOperator.py for tasks to queue
[2023-12-03T06:44:46.112+0000] {logging_mixin.py:154} INFO - [2023-12-03T06:44:46.112+0000] {dagbag.py:536} INFO - Filling up the DagBag from /opt/airflow/dags/PythonOperator.py
[2023-12-03T06:44:46.147+0000] {processor.py:839} INFO - DAG(s) dict_keys(['PythonOperator']) retrieved from /opt/airflow/dags/PythonOperator.py
[2023-12-03T06:44:51.348+0000] {logging_mixin.py:154} INFO - [2023-12-03T06:44:51.348+0000] {dag.py:2941} INFO - Sync 1 DAGs
[2023-12-03T06:44:51.442+0000] {logging_mixin.py:154} INFO - [2023-12-03T06:44:51.442+0000] {dag.py:3722} INFO - Setting next_dagrun for PythonOperator to 2023-12-03T00:00:00+00:00, run_after=2023-12-04T00:00:00+00:00
[2023-12-03T06:44:51.595+0000] {processor.py:179} INFO - Processing /opt/airflow/dags/PythonOperator.py took 5.547 seconds
[2023-12-03T06:45:26.733+0000] {processor.py:157} INFO - Started process (PID=843) to work on /opt/airflow/dags/PythonOperator.py
[2023-12-03T06:45:26.778+0000] {processor.py:829} INFO - Processing file /opt/airflow/dags/PythonOperator.py for tasks to queue
[2023-12-03T06:45:26.785+0000] {logging_mixin.py:154} INFO - [2023-12-03T06:45:26.784+0000] {dagbag.py:536} INFO - Filling up the DagBag from /opt/airflow/dags/PythonOperator.py
[2023-12-03T06:45:26.815+0000] {processor.py:839} INFO - DAG(s) dict_keys(['PythonOperator']) retrieved from /opt/airflow/dags/PythonOperator.py
[2023-12-03T06:45:27.083+0000] {logging_mixin.py:154} INFO - [2023-12-03T06:45:27.083+0000] {dag.py:2941} INFO - Sync 1 DAGs
[2023-12-03T06:45:27.235+0000] {logging_mixin.py:154} INFO - [2023-12-03T06:45:27.235+0000] {dag.py:3722} INFO - Setting next_dagrun for PythonOperator to 2023-12-03T00:00:00+00:00, run_after=2023-12-04T00:00:00+00:00
[2023-12-03T06:45:27.658+0000] {processor.py:179} INFO - Processing /opt/airflow/dags/PythonOperator.py took 0.943 seconds
[2023-12-03T06:46:13.248+0000] {processor.py:157} INFO - Started process (PID=900) to work on /opt/airflow/dags/PythonOperator.py
[2023-12-03T06:46:13.252+0000] {processor.py:829} INFO - Processing file /opt/airflow/dags/PythonOperator.py for tasks to queue
[2023-12-03T06:46:13.256+0000] {logging_mixin.py:154} INFO - [2023-12-03T06:46:13.255+0000] {dagbag.py:536} INFO - Filling up the DagBag from /opt/airflow/dags/PythonOperator.py
[2023-12-03T06:46:13.270+0000] {processor.py:839} INFO - DAG(s) dict_keys(['PythonOperator']) retrieved from /opt/airflow/dags/PythonOperator.py
[2023-12-03T06:46:13.510+0000] {logging_mixin.py:154} INFO - [2023-12-03T06:46:13.510+0000] {dag.py:2941} INFO - Sync 1 DAGs
[2023-12-03T06:46:13.697+0000] {logging_mixin.py:154} INFO - [2023-12-03T06:46:13.697+0000] {dag.py:3722} INFO - Setting next_dagrun for PythonOperator to 2023-12-03T00:00:00+00:00, run_after=2023-12-04T00:00:00+00:00
[2023-12-03T06:46:14.053+0000] {processor.py:179} INFO - Processing /opt/airflow/dags/PythonOperator.py took 0.812 seconds
[2023-12-03T06:46:49.791+0000] {processor.py:157} INFO - Started process (PID=965) to work on /opt/airflow/dags/PythonOperator.py
[2023-12-03T06:46:49.903+0000] {processor.py:829} INFO - Processing file /opt/airflow/dags/PythonOperator.py for tasks to queue
[2023-12-03T06:46:49.918+0000] {logging_mixin.py:154} INFO - [2023-12-03T06:46:49.917+0000] {dagbag.py:536} INFO - Filling up the DagBag from /opt/airflow/dags/PythonOperator.py
[2023-12-03T06:46:49.942+0000] {processor.py:839} INFO - DAG(s) dict_keys(['PythonOperator']) retrieved from /opt/airflow/dags/PythonOperator.py
[2023-12-03T06:46:50.228+0000] {logging_mixin.py:154} INFO - [2023-12-03T06:46:50.228+0000] {dag.py:2941} INFO - Sync 1 DAGs
[2023-12-03T06:46:50.355+0000] {logging_mixin.py:154} INFO - [2023-12-03T06:46:50.355+0000] {dag.py:3722} INFO - Setting next_dagrun for PythonOperator to 2023-12-03T00:00:00+00:00, run_after=2023-12-04T00:00:00+00:00
[2023-12-03T06:46:50.440+0000] {processor.py:179} INFO - Processing /opt/airflow/dags/PythonOperator.py took 0.666 seconds
[2023-12-03T06:47:24.107+0000] {processor.py:157} INFO - Started process (PID=1008) to work on /opt/airflow/dags/PythonOperator.py
[2023-12-03T06:47:24.138+0000] {processor.py:829} INFO - Processing file /opt/airflow/dags/PythonOperator.py for tasks to queue
[2023-12-03T06:47:24.164+0000] {logging_mixin.py:154} INFO - [2023-12-03T06:47:24.163+0000] {dagbag.py:536} INFO - Filling up the DagBag from /opt/airflow/dags/PythonOperator.py
[2023-12-03T06:47:24.247+0000] {processor.py:839} INFO - DAG(s) dict_keys(['PythonOperator']) retrieved from /opt/airflow/dags/PythonOperator.py
[2023-12-03T06:47:25.106+0000] {logging_mixin.py:154} INFO - [2023-12-03T06:47:25.099+0000] {dag.py:2941} INFO - Sync 1 DAGs
[2023-12-03T06:47:25.298+0000] {logging_mixin.py:154} INFO - [2023-12-03T06:47:25.297+0000] {dag.py:3722} INFO - Setting next_dagrun for PythonOperator to 2023-12-03T00:00:00+00:00, run_after=2023-12-04T00:00:00+00:00
[2023-12-03T06:47:26.121+0000] {processor.py:179} INFO - Processing /opt/airflow/dags/PythonOperator.py took 2.045 seconds
[2023-12-03T06:48:13.088+0000] {processor.py:157} INFO - Started process (PID=1064) to work on /opt/airflow/dags/PythonOperator.py
[2023-12-03T06:48:13.105+0000] {processor.py:829} INFO - Processing file /opt/airflow/dags/PythonOperator.py for tasks to queue
[2023-12-03T06:48:13.121+0000] {logging_mixin.py:154} INFO - [2023-12-03T06:48:13.120+0000] {dagbag.py:536} INFO - Filling up the DagBag from /opt/airflow/dags/PythonOperator.py
[2023-12-03T06:48:13.200+0000] {processor.py:839} INFO - DAG(s) dict_keys(['PythonOperator']) retrieved from /opt/airflow/dags/PythonOperator.py
[2023-12-03T06:48:13.493+0000] {logging_mixin.py:154} INFO - [2023-12-03T06:48:13.492+0000] {dag.py:2941} INFO - Sync 1 DAGs
[2023-12-03T06:48:13.642+0000] {logging_mixin.py:154} INFO - [2023-12-03T06:48:13.642+0000] {dag.py:3722} INFO - Setting next_dagrun for PythonOperator to 2023-12-03T00:00:00+00:00, run_after=2023-12-04T00:00:00+00:00
[2023-12-03T06:48:14.027+0000] {processor.py:179} INFO - Processing /opt/airflow/dags/PythonOperator.py took 0.972 seconds
[2023-12-03T06:48:48.364+0000] {processor.py:157} INFO - Started process (PID=1119) to work on /opt/airflow/dags/PythonOperator.py
[2023-12-03T06:48:48.461+0000] {processor.py:829} INFO - Processing file /opt/airflow/dags/PythonOperator.py for tasks to queue
[2023-12-03T06:48:48.533+0000] {logging_mixin.py:154} INFO - [2023-12-03T06:48:48.533+0000] {dagbag.py:536} INFO - Filling up the DagBag from /opt/airflow/dags/PythonOperator.py
[2023-12-03T06:48:48.612+0000] {processor.py:839} INFO - DAG(s) dict_keys(['PythonOperator']) retrieved from /opt/airflow/dags/PythonOperator.py
[2023-12-03T06:48:49.078+0000] {logging_mixin.py:154} INFO - [2023-12-03T06:48:49.078+0000] {dag.py:2941} INFO - Sync 1 DAGs
[2023-12-03T06:48:49.286+0000] {logging_mixin.py:154} INFO - [2023-12-03T06:48:49.285+0000] {dag.py:3722} INFO - Setting next_dagrun for PythonOperator to 2023-12-03T00:00:00+00:00, run_after=2023-12-04T00:00:00+00:00
[2023-12-03T06:48:49.547+0000] {processor.py:179} INFO - Processing /opt/airflow/dags/PythonOperator.py took 1.191 seconds
[2023-12-03T06:49:21.263+0000] {processor.py:157} INFO - Started process (PID=1171) to work on /opt/airflow/dags/PythonOperator.py
[2023-12-03T06:49:21.294+0000] {processor.py:829} INFO - Processing file /opt/airflow/dags/PythonOperator.py for tasks to queue
[2023-12-03T06:49:21.298+0000] {logging_mixin.py:154} INFO - [2023-12-03T06:49:21.297+0000] {dagbag.py:536} INFO - Filling up the DagBag from /opt/airflow/dags/PythonOperator.py
[2023-12-03T06:49:21.316+0000] {processor.py:839} INFO - DAG(s) dict_keys(['PythonOperator']) retrieved from /opt/airflow/dags/PythonOperator.py
[2023-12-03T06:49:21.547+0000] {logging_mixin.py:154} INFO - [2023-12-03T06:49:21.546+0000] {dag.py:2941} INFO - Sync 1 DAGs
[2023-12-03T06:49:21.628+0000] {logging_mixin.py:154} INFO - [2023-12-03T06:49:21.628+0000] {dag.py:3722} INFO - Setting next_dagrun for PythonOperator to 2023-12-03T00:00:00+00:00, run_after=2023-12-04T00:00:00+00:00
[2023-12-03T06:49:21.726+0000] {processor.py:179} INFO - Processing /opt/airflow/dags/PythonOperator.py took 0.479 seconds
[2023-12-03T06:49:52.285+0000] {processor.py:157} INFO - Started process (PID=1234) to work on /opt/airflow/dags/PythonOperator.py
[2023-12-03T06:49:52.286+0000] {processor.py:829} INFO - Processing file /opt/airflow/dags/PythonOperator.py for tasks to queue
[2023-12-03T06:49:52.289+0000] {logging_mixin.py:154} INFO - [2023-12-03T06:49:52.288+0000] {dagbag.py:536} INFO - Filling up the DagBag from /opt/airflow/dags/PythonOperator.py
[2023-12-03T06:49:52.298+0000] {processor.py:839} INFO - DAG(s) dict_keys(['PythonOperator']) retrieved from /opt/airflow/dags/PythonOperator.py
[2023-12-03T06:49:52.323+0000] {logging_mixin.py:154} INFO - [2023-12-03T06:49:52.323+0000] {dag.py:2941} INFO - Sync 1 DAGs
[2023-12-03T06:49:52.344+0000] {logging_mixin.py:154} INFO - [2023-12-03T06:49:52.344+0000] {dag.py:3722} INFO - Setting next_dagrun for PythonOperator to 2023-12-03T00:00:00+00:00, run_after=2023-12-04T00:00:00+00:00
[2023-12-03T06:49:52.378+0000] {processor.py:179} INFO - Processing /opt/airflow/dags/PythonOperator.py took 0.096 seconds
[2023-12-03T06:50:27.822+0000] {processor.py:157} INFO - Started process (PID=1290) to work on /opt/airflow/dags/PythonOperator.py
[2023-12-03T06:50:27.846+0000] {processor.py:829} INFO - Processing file /opt/airflow/dags/PythonOperator.py for tasks to queue
[2023-12-03T06:50:27.851+0000] {logging_mixin.py:154} INFO - [2023-12-03T06:50:27.850+0000] {dagbag.py:536} INFO - Filling up the DagBag from /opt/airflow/dags/PythonOperator.py
[2023-12-03T06:50:28.242+0000] {processor.py:839} INFO - DAG(s) dict_keys(['PythonOperator']) retrieved from /opt/airflow/dags/PythonOperator.py
[2023-12-03T06:50:28.767+0000] {logging_mixin.py:154} INFO - [2023-12-03T06:50:28.766+0000] {dag.py:2941} INFO - Sync 1 DAGs
[2023-12-03T06:50:29.007+0000] {logging_mixin.py:154} INFO - [2023-12-03T06:50:29.007+0000] {dag.py:3722} INFO - Setting next_dagrun for PythonOperator to 2023-12-03T00:00:00+00:00, run_after=2023-12-04T00:00:00+00:00
[2023-12-03T06:50:29.242+0000] {processor.py:179} INFO - Processing /opt/airflow/dags/PythonOperator.py took 1.425 seconds
[2023-12-03T06:50:59.423+0000] {processor.py:157} INFO - Started process (PID=1353) to work on /opt/airflow/dags/PythonOperator.py
[2023-12-03T06:50:59.425+0000] {processor.py:829} INFO - Processing file /opt/airflow/dags/PythonOperator.py for tasks to queue
[2023-12-03T06:50:59.428+0000] {logging_mixin.py:154} INFO - [2023-12-03T06:50:59.427+0000] {dagbag.py:536} INFO - Filling up the DagBag from /opt/airflow/dags/PythonOperator.py
[2023-12-03T06:50:59.436+0000] {processor.py:839} INFO - DAG(s) dict_keys(['PythonOperator']) retrieved from /opt/airflow/dags/PythonOperator.py
[2023-12-03T06:50:59.461+0000] {logging_mixin.py:154} INFO - [2023-12-03T06:50:59.461+0000] {dag.py:2941} INFO - Sync 1 DAGs
[2023-12-03T06:50:59.484+0000] {logging_mixin.py:154} INFO - [2023-12-03T06:50:59.484+0000] {dag.py:3722} INFO - Setting next_dagrun for PythonOperator to 2023-12-03T00:00:00+00:00, run_after=2023-12-04T00:00:00+00:00
[2023-12-03T06:50:59.506+0000] {processor.py:179} INFO - Processing /opt/airflow/dags/PythonOperator.py took 0.086 seconds
[2023-12-03T06:51:30.002+0000] {processor.py:157} INFO - Started process (PID=1416) to work on /opt/airflow/dags/PythonOperator.py
[2023-12-03T06:51:30.004+0000] {processor.py:829} INFO - Processing file /opt/airflow/dags/PythonOperator.py for tasks to queue
[2023-12-03T06:51:30.007+0000] {logging_mixin.py:154} INFO - [2023-12-03T06:51:30.007+0000] {dagbag.py:536} INFO - Filling up the DagBag from /opt/airflow/dags/PythonOperator.py
[2023-12-03T06:51:30.017+0000] {processor.py:839} INFO - DAG(s) dict_keys(['PythonOperator']) retrieved from /opt/airflow/dags/PythonOperator.py
[2023-12-03T06:51:30.041+0000] {logging_mixin.py:154} INFO - [2023-12-03T06:51:30.041+0000] {dag.py:2941} INFO - Sync 1 DAGs
[2023-12-03T06:51:30.065+0000] {logging_mixin.py:154} INFO - [2023-12-03T06:51:30.064+0000] {dag.py:3722} INFO - Setting next_dagrun for PythonOperator to 2023-12-03T00:00:00+00:00, run_after=2023-12-04T00:00:00+00:00
[2023-12-03T06:51:30.087+0000] {processor.py:179} INFO - Processing /opt/airflow/dags/PythonOperator.py took 0.088 seconds
[2023-12-03T06:52:00.567+0000] {processor.py:157} INFO - Started process (PID=1479) to work on /opt/airflow/dags/PythonOperator.py
[2023-12-03T06:52:00.569+0000] {processor.py:829} INFO - Processing file /opt/airflow/dags/PythonOperator.py for tasks to queue
[2023-12-03T06:52:00.571+0000] {logging_mixin.py:154} INFO - [2023-12-03T06:52:00.570+0000] {dagbag.py:536} INFO - Filling up the DagBag from /opt/airflow/dags/PythonOperator.py
[2023-12-03T06:52:00.578+0000] {processor.py:839} INFO - DAG(s) dict_keys(['PythonOperator']) retrieved from /opt/airflow/dags/PythonOperator.py
[2023-12-03T06:52:00.601+0000] {logging_mixin.py:154} INFO - [2023-12-03T06:52:00.601+0000] {dag.py:2941} INFO - Sync 1 DAGs
[2023-12-03T06:52:00.624+0000] {logging_mixin.py:154} INFO - [2023-12-03T06:52:00.623+0000] {dag.py:3722} INFO - Setting next_dagrun for PythonOperator to 2023-12-03T00:00:00+00:00, run_after=2023-12-04T00:00:00+00:00
[2023-12-03T06:52:00.643+0000] {processor.py:179} INFO - Processing /opt/airflow/dags/PythonOperator.py took 0.083 seconds
[2023-12-03T06:52:30.775+0000] {processor.py:157} INFO - Started process (PID=1541) to work on /opt/airflow/dags/PythonOperator.py
[2023-12-03T06:52:30.776+0000] {processor.py:829} INFO - Processing file /opt/airflow/dags/PythonOperator.py for tasks to queue
[2023-12-03T06:52:30.779+0000] {logging_mixin.py:154} INFO - [2023-12-03T06:52:30.778+0000] {dagbag.py:536} INFO - Filling up the DagBag from /opt/airflow/dags/PythonOperator.py
[2023-12-03T06:52:30.787+0000] {processor.py:839} INFO - DAG(s) dict_keys(['PythonOperator']) retrieved from /opt/airflow/dags/PythonOperator.py
[2023-12-03T06:52:30.856+0000] {logging_mixin.py:154} INFO - [2023-12-03T06:52:30.856+0000] {dag.py:2941} INFO - Sync 1 DAGs
[2023-12-03T06:52:30.889+0000] {logging_mixin.py:154} INFO - [2023-12-03T06:52:30.888+0000] {dag.py:3722} INFO - Setting next_dagrun for PythonOperator to 2023-12-03T00:00:00+00:00, run_after=2023-12-04T00:00:00+00:00
[2023-12-03T06:52:30.908+0000] {processor.py:179} INFO - Processing /opt/airflow/dags/PythonOperator.py took 0.137 seconds
[2023-12-03T06:53:01.807+0000] {processor.py:157} INFO - Started process (PID=1603) to work on /opt/airflow/dags/PythonOperator.py
[2023-12-03T06:53:01.808+0000] {processor.py:829} INFO - Processing file /opt/airflow/dags/PythonOperator.py for tasks to queue
[2023-12-03T06:53:01.811+0000] {logging_mixin.py:154} INFO - [2023-12-03T06:53:01.811+0000] {dagbag.py:536} INFO - Filling up the DagBag from /opt/airflow/dags/PythonOperator.py
[2023-12-03T06:53:01.823+0000] {processor.py:839} INFO - DAG(s) dict_keys(['PythonOperator']) retrieved from /opt/airflow/dags/PythonOperator.py
[2023-12-03T06:53:01.857+0000] {logging_mixin.py:154} INFO - [2023-12-03T06:53:01.856+0000] {dag.py:2941} INFO - Sync 1 DAGs
[2023-12-03T06:53:01.885+0000] {logging_mixin.py:154} INFO - [2023-12-03T06:53:01.884+0000] {dag.py:3722} INFO - Setting next_dagrun for PythonOperator to 2023-12-03T00:00:00+00:00, run_after=2023-12-04T00:00:00+00:00
[2023-12-03T06:53:01.905+0000] {processor.py:179} INFO - Processing /opt/airflow/dags/PythonOperator.py took 0.103 seconds
[2023-12-03T06:53:36.614+0000] {processor.py:157} INFO - Started process (PID=1666) to work on /opt/airflow/dags/PythonOperator.py
[2023-12-03T06:53:36.616+0000] {processor.py:829} INFO - Processing file /opt/airflow/dags/PythonOperator.py for tasks to queue
[2023-12-03T06:53:36.618+0000] {logging_mixin.py:154} INFO - [2023-12-03T06:53:36.618+0000] {dagbag.py:536} INFO - Filling up the DagBag from /opt/airflow/dags/PythonOperator.py
[2023-12-03T06:53:36.624+0000] {processor.py:839} INFO - DAG(s) dict_keys(['PythonOperator']) retrieved from /opt/airflow/dags/PythonOperator.py
[2023-12-03T06:53:36.645+0000] {logging_mixin.py:154} INFO - [2023-12-03T06:53:36.645+0000] {dag.py:2941} INFO - Sync 1 DAGs
[2023-12-03T06:53:36.664+0000] {logging_mixin.py:154} INFO - [2023-12-03T06:53:36.664+0000] {dag.py:3722} INFO - Setting next_dagrun for PythonOperator to 2023-12-03T00:00:00+00:00, run_after=2023-12-04T00:00:00+00:00
[2023-12-03T06:53:36.680+0000] {processor.py:179} INFO - Processing /opt/airflow/dags/PythonOperator.py took 0.069 seconds
[2023-12-03T06:54:07.122+0000] {processor.py:157} INFO - Started process (PID=1727) to work on /opt/airflow/dags/PythonOperator.py
[2023-12-03T06:54:07.124+0000] {processor.py:829} INFO - Processing file /opt/airflow/dags/PythonOperator.py for tasks to queue
[2023-12-03T06:54:07.127+0000] {logging_mixin.py:154} INFO - [2023-12-03T06:54:07.127+0000] {dagbag.py:536} INFO - Filling up the DagBag from /opt/airflow/dags/PythonOperator.py
[2023-12-03T06:54:07.136+0000] {processor.py:839} INFO - DAG(s) dict_keys(['PythonOperator']) retrieved from /opt/airflow/dags/PythonOperator.py
[2023-12-03T06:54:07.172+0000] {logging_mixin.py:154} INFO - [2023-12-03T06:54:07.172+0000] {dag.py:2941} INFO - Sync 1 DAGs
[2023-12-03T06:54:07.196+0000] {logging_mixin.py:154} INFO - [2023-12-03T06:54:07.196+0000] {dag.py:3722} INFO - Setting next_dagrun for PythonOperator to 2023-12-03T00:00:00+00:00, run_after=2023-12-04T00:00:00+00:00
[2023-12-03T06:54:07.217+0000] {processor.py:179} INFO - Processing /opt/airflow/dags/PythonOperator.py took 0.098 seconds
[2023-12-03T06:54:37.349+0000] {processor.py:157} INFO - Started process (PID=1790) to work on /opt/airflow/dags/PythonOperator.py
[2023-12-03T06:54:37.358+0000] {processor.py:829} INFO - Processing file /opt/airflow/dags/PythonOperator.py for tasks to queue
[2023-12-03T06:54:37.361+0000] {logging_mixin.py:154} INFO - [2023-12-03T06:54:37.361+0000] {dagbag.py:536} INFO - Filling up the DagBag from /opt/airflow/dags/PythonOperator.py
[2023-12-03T06:54:37.369+0000] {processor.py:839} INFO - DAG(s) dict_keys(['PythonOperator']) retrieved from /opt/airflow/dags/PythonOperator.py
[2023-12-03T06:54:37.399+0000] {logging_mixin.py:154} INFO - [2023-12-03T06:54:37.399+0000] {dag.py:2941} INFO - Sync 1 DAGs
[2023-12-03T06:54:37.423+0000] {logging_mixin.py:154} INFO - [2023-12-03T06:54:37.423+0000] {dag.py:3722} INFO - Setting next_dagrun for PythonOperator to 2023-12-03T00:00:00+00:00, run_after=2023-12-04T00:00:00+00:00
[2023-12-03T06:54:37.446+0000] {processor.py:179} INFO - Processing /opt/airflow/dags/PythonOperator.py took 0.100 seconds
[2023-12-03T06:55:08.312+0000] {processor.py:157} INFO - Started process (PID=1853) to work on /opt/airflow/dags/PythonOperator.py
[2023-12-03T06:55:08.337+0000] {processor.py:829} INFO - Processing file /opt/airflow/dags/PythonOperator.py for tasks to queue
[2023-12-03T06:55:08.341+0000] {logging_mixin.py:154} INFO - [2023-12-03T06:55:08.340+0000] {dagbag.py:536} INFO - Filling up the DagBag from /opt/airflow/dags/PythonOperator.py
[2023-12-03T06:55:08.349+0000] {processor.py:839} INFO - DAG(s) dict_keys(['PythonOperator']) retrieved from /opt/airflow/dags/PythonOperator.py
[2023-12-03T06:55:08.539+0000] {logging_mixin.py:154} INFO - [2023-12-03T06:55:08.539+0000] {dag.py:2941} INFO - Sync 1 DAGs
[2023-12-03T06:55:08.573+0000] {logging_mixin.py:154} INFO - [2023-12-03T06:55:08.573+0000] {dag.py:3722} INFO - Setting next_dagrun for PythonOperator to 2023-12-03T00:00:00+00:00, run_after=2023-12-04T00:00:00+00:00
[2023-12-03T06:55:08.621+0000] {processor.py:179} INFO - Processing /opt/airflow/dags/PythonOperator.py took 0.312 seconds
[2023-12-03T06:55:49.177+0000] {processor.py:157} INFO - Started process (PID=1903) to work on /opt/airflow/dags/PythonOperator.py
[2023-12-03T06:55:49.204+0000] {processor.py:829} INFO - Processing file /opt/airflow/dags/PythonOperator.py for tasks to queue
[2023-12-03T06:55:49.218+0000] {logging_mixin.py:154} INFO - [2023-12-03T06:55:49.218+0000] {dagbag.py:536} INFO - Filling up the DagBag from /opt/airflow/dags/PythonOperator.py
[2023-12-03T06:55:49.287+0000] {processor.py:839} INFO - DAG(s) dict_keys(['PythonOperator']) retrieved from /opt/airflow/dags/PythonOperator.py
[2023-12-03T06:55:49.756+0000] {logging_mixin.py:154} INFO - [2023-12-03T06:55:49.751+0000] {dag.py:2941} INFO - Sync 1 DAGs
[2023-12-03T06:55:49.982+0000] {logging_mixin.py:154} INFO - [2023-12-03T06:55:49.982+0000] {dag.py:3722} INFO - Setting next_dagrun for PythonOperator to 2023-12-03T00:00:00+00:00, run_after=2023-12-04T00:00:00+00:00
[2023-12-03T06:55:50.090+0000] {processor.py:179} INFO - Processing /opt/airflow/dags/PythonOperator.py took 0.952 seconds
[2023-12-03T06:56:20.857+0000] {processor.py:157} INFO - Started process (PID=1966) to work on /opt/airflow/dags/PythonOperator.py
[2023-12-03T06:56:20.859+0000] {processor.py:829} INFO - Processing file /opt/airflow/dags/PythonOperator.py for tasks to queue
[2023-12-03T06:56:20.861+0000] {logging_mixin.py:154} INFO - [2023-12-03T06:56:20.861+0000] {dagbag.py:536} INFO - Filling up the DagBag from /opt/airflow/dags/PythonOperator.py
[2023-12-03T06:56:20.875+0000] {processor.py:839} INFO - DAG(s) dict_keys(['PythonOperator']) retrieved from /opt/airflow/dags/PythonOperator.py
[2023-12-03T06:56:20.902+0000] {logging_mixin.py:154} INFO - [2023-12-03T06:56:20.902+0000] {dag.py:2941} INFO - Sync 1 DAGs
[2023-12-03T06:56:20.928+0000] {logging_mixin.py:154} INFO - [2023-12-03T06:56:20.928+0000] {dag.py:3722} INFO - Setting next_dagrun for PythonOperator to 2023-12-03T00:00:00+00:00, run_after=2023-12-04T00:00:00+00:00
[2023-12-03T06:56:20.952+0000] {processor.py:179} INFO - Processing /opt/airflow/dags/PythonOperator.py took 0.099 seconds
[2023-12-03T06:56:56.435+0000] {processor.py:157} INFO - Started process (PID=2036) to work on /opt/airflow/dags/PythonOperator.py
[2023-12-03T06:56:56.467+0000] {processor.py:829} INFO - Processing file /opt/airflow/dags/PythonOperator.py for tasks to queue
[2023-12-03T06:56:56.504+0000] {logging_mixin.py:154} INFO - [2023-12-03T06:56:56.503+0000] {dagbag.py:536} INFO - Filling up the DagBag from /opt/airflow/dags/PythonOperator.py
[2023-12-03T06:56:56.582+0000] {processor.py:839} INFO - DAG(s) dict_keys(['PythonOperator']) retrieved from /opt/airflow/dags/PythonOperator.py
[2023-12-03T06:56:56.957+0000] {logging_mixin.py:154} INFO - [2023-12-03T06:56:56.957+0000] {dag.py:2941} INFO - Sync 1 DAGs
[2023-12-03T06:56:57.173+0000] {logging_mixin.py:154} INFO - [2023-12-03T06:56:57.173+0000] {dag.py:3722} INFO - Setting next_dagrun for PythonOperator to 2023-12-03T00:00:00+00:00, run_after=2023-12-04T00:00:00+00:00
[2023-12-03T06:56:57.690+0000] {processor.py:179} INFO - Processing /opt/airflow/dags/PythonOperator.py took 1.290 seconds
[2023-12-03T06:57:32.610+0000] {processor.py:157} INFO - Started process (PID=2098) to work on /opt/airflow/dags/PythonOperator.py
[2023-12-03T06:57:32.636+0000] {processor.py:829} INFO - Processing file /opt/airflow/dags/PythonOperator.py for tasks to queue
[2023-12-03T06:57:32.670+0000] {logging_mixin.py:154} INFO - [2023-12-03T06:57:32.667+0000] {dagbag.py:536} INFO - Filling up the DagBag from /opt/airflow/dags/PythonOperator.py
[2023-12-03T06:57:32.725+0000] {processor.py:839} INFO - DAG(s) dict_keys(['PythonOperator']) retrieved from /opt/airflow/dags/PythonOperator.py
[2023-12-03T06:57:33.117+0000] {logging_mixin.py:154} INFO - [2023-12-03T06:57:33.116+0000] {dag.py:2941} INFO - Sync 1 DAGs
[2023-12-03T06:57:33.356+0000] {logging_mixin.py:154} INFO - [2023-12-03T06:57:33.356+0000] {dag.py:3722} INFO - Setting next_dagrun for PythonOperator to 2023-12-03T00:00:00+00:00, run_after=2023-12-04T00:00:00+00:00
[2023-12-03T06:57:33.746+0000] {processor.py:179} INFO - Processing /opt/airflow/dags/PythonOperator.py took 1.175 seconds
[2023-12-03T06:58:04.735+0000] {processor.py:157} INFO - Started process (PID=2161) to work on /opt/airflow/dags/PythonOperator.py
[2023-12-03T06:58:04.737+0000] {processor.py:829} INFO - Processing file /opt/airflow/dags/PythonOperator.py for tasks to queue
[2023-12-03T06:58:04.741+0000] {logging_mixin.py:154} INFO - [2023-12-03T06:58:04.741+0000] {dagbag.py:536} INFO - Filling up the DagBag from /opt/airflow/dags/PythonOperator.py
[2023-12-03T06:58:04.753+0000] {processor.py:839} INFO - DAG(s) dict_keys(['PythonOperator']) retrieved from /opt/airflow/dags/PythonOperator.py
[2023-12-03T06:58:04.788+0000] {logging_mixin.py:154} INFO - [2023-12-03T06:58:04.788+0000] {dag.py:2941} INFO - Sync 1 DAGs
[2023-12-03T06:58:04.811+0000] {logging_mixin.py:154} INFO - [2023-12-03T06:58:04.811+0000] {dag.py:3722} INFO - Setting next_dagrun for PythonOperator to 2023-12-03T00:00:00+00:00, run_after=2023-12-04T00:00:00+00:00
[2023-12-03T06:58:04.835+0000] {processor.py:179} INFO - Processing /opt/airflow/dags/PythonOperator.py took 0.103 seconds
[2023-12-03T06:58:35.950+0000] {processor.py:157} INFO - Started process (PID=2224) to work on /opt/airflow/dags/PythonOperator.py
[2023-12-03T06:58:35.997+0000] {processor.py:829} INFO - Processing file /opt/airflow/dags/PythonOperator.py for tasks to queue
[2023-12-03T06:58:36.012+0000] {logging_mixin.py:154} INFO - [2023-12-03T06:58:36.012+0000] {dagbag.py:536} INFO - Filling up the DagBag from /opt/airflow/dags/PythonOperator.py
[2023-12-03T06:58:36.058+0000] {processor.py:839} INFO - DAG(s) dict_keys(['PythonOperator']) retrieved from /opt/airflow/dags/PythonOperator.py
[2023-12-03T06:58:36.370+0000] {logging_mixin.py:154} INFO - [2023-12-03T06:58:36.370+0000] {dag.py:2941} INFO - Sync 1 DAGs
[2023-12-03T06:58:36.558+0000] {logging_mixin.py:154} INFO - [2023-12-03T06:58:36.558+0000] {dag.py:3722} INFO - Setting next_dagrun for PythonOperator to 2023-12-03T00:00:00+00:00, run_after=2023-12-04T00:00:00+00:00
[2023-12-03T06:58:36.714+0000] {processor.py:179} INFO - Processing /opt/airflow/dags/PythonOperator.py took 0.776 seconds
[2023-12-03T06:59:15.998+0000] {processor.py:157} INFO - Started process (PID=2269) to work on /opt/airflow/dags/PythonOperator.py
[2023-12-03T06:59:16.038+0000] {processor.py:829} INFO - Processing file /opt/airflow/dags/PythonOperator.py for tasks to queue
[2023-12-03T06:59:16.069+0000] {logging_mixin.py:154} INFO - [2023-12-03T06:59:16.069+0000] {dagbag.py:536} INFO - Filling up the DagBag from /opt/airflow/dags/PythonOperator.py
[2023-12-03T06:59:16.249+0000] {processor.py:839} INFO - DAG(s) dict_keys(['PythonOperator']) retrieved from /opt/airflow/dags/PythonOperator.py
[2023-12-03T06:59:16.779+0000] {logging_mixin.py:154} INFO - [2023-12-03T06:59:16.779+0000] {dag.py:2941} INFO - Sync 1 DAGs
[2023-12-03T06:59:17.080+0000] {logging_mixin.py:154} INFO - [2023-12-03T06:59:17.080+0000] {dag.py:3722} INFO - Setting next_dagrun for PythonOperator to 2023-12-03T00:00:00+00:00, run_after=2023-12-04T00:00:00+00:00
[2023-12-03T06:59:17.729+0000] {processor.py:179} INFO - Processing /opt/airflow/dags/PythonOperator.py took 1.743 seconds
[2023-12-03T07:00:00.021+0000] {processor.py:157} INFO - Started process (PID=2327) to work on /opt/airflow/dags/PythonOperator.py
[2023-12-03T07:00:00.040+0000] {processor.py:829} INFO - Processing file /opt/airflow/dags/PythonOperator.py for tasks to queue
[2023-12-03T07:00:00.062+0000] {logging_mixin.py:154} INFO - [2023-12-03T07:00:00.046+0000] {dagbag.py:536} INFO - Filling up the DagBag from /opt/airflow/dags/PythonOperator.py
[2023-12-03T07:00:00.167+0000] {processor.py:839} INFO - DAG(s) dict_keys(['PythonOperator']) retrieved from /opt/airflow/dags/PythonOperator.py
[2023-12-03T07:00:01.043+0000] {logging_mixin.py:154} INFO - [2023-12-03T07:00:01.043+0000] {dag.py:2941} INFO - Sync 1 DAGs
[2023-12-03T07:00:01.245+0000] {logging_mixin.py:154} INFO - [2023-12-03T07:00:01.244+0000] {dag.py:3722} INFO - Setting next_dagrun for PythonOperator to 2023-12-03T00:00:00+00:00, run_after=2023-12-04T00:00:00+00:00
[2023-12-03T07:00:01.533+0000] {processor.py:179} INFO - Processing /opt/airflow/dags/PythonOperator.py took 1.534 seconds
[2023-12-03T07:00:32.966+0000] {processor.py:157} INFO - Started process (PID=2390) to work on /opt/airflow/dags/PythonOperator.py
[2023-12-03T07:00:32.994+0000] {processor.py:829} INFO - Processing file /opt/airflow/dags/PythonOperator.py for tasks to queue
[2023-12-03T07:00:33.002+0000] {logging_mixin.py:154} INFO - [2023-12-03T07:00:33.002+0000] {dagbag.py:536} INFO - Filling up the DagBag from /opt/airflow/dags/PythonOperator.py
[2023-12-03T07:00:33.023+0000] {processor.py:839} INFO - DAG(s) dict_keys(['PythonOperator']) retrieved from /opt/airflow/dags/PythonOperator.py
[2023-12-03T07:00:33.312+0000] {logging_mixin.py:154} INFO - [2023-12-03T07:00:33.312+0000] {dag.py:2941} INFO - Sync 1 DAGs
[2023-12-03T07:00:33.352+0000] {logging_mixin.py:154} INFO - [2023-12-03T07:00:33.352+0000] {dag.py:3722} INFO - Setting next_dagrun for PythonOperator to 2023-12-03T00:00:00+00:00, run_after=2023-12-04T00:00:00+00:00
[2023-12-03T07:00:33.380+0000] {processor.py:179} INFO - Processing /opt/airflow/dags/PythonOperator.py took 0.430 seconds
[2023-12-03T07:01:03.909+0000] {processor.py:157} INFO - Started process (PID=2453) to work on /opt/airflow/dags/PythonOperator.py
[2023-12-03T07:01:03.918+0000] {processor.py:829} INFO - Processing file /opt/airflow/dags/PythonOperator.py for tasks to queue
[2023-12-03T07:01:03.920+0000] {logging_mixin.py:154} INFO - [2023-12-03T07:01:03.920+0000] {dagbag.py:536} INFO - Filling up the DagBag from /opt/airflow/dags/PythonOperator.py
[2023-12-03T07:01:03.929+0000] {processor.py:839} INFO - DAG(s) dict_keys(['PythonOperator']) retrieved from /opt/airflow/dags/PythonOperator.py
[2023-12-03T07:01:03.957+0000] {logging_mixin.py:154} INFO - [2023-12-03T07:01:03.957+0000] {dag.py:2941} INFO - Sync 1 DAGs
[2023-12-03T07:01:03.987+0000] {logging_mixin.py:154} INFO - [2023-12-03T07:01:03.986+0000] {dag.py:3722} INFO - Setting next_dagrun for PythonOperator to 2023-12-03T00:00:00+00:00, run_after=2023-12-04T00:00:00+00:00
[2023-12-03T07:01:04.015+0000] {processor.py:179} INFO - Processing /opt/airflow/dags/PythonOperator.py took 0.110 seconds
[2023-12-03T07:01:34.449+0000] {processor.py:157} INFO - Started process (PID=2516) to work on /opt/airflow/dags/PythonOperator.py
[2023-12-03T07:01:34.456+0000] {processor.py:829} INFO - Processing file /opt/airflow/dags/PythonOperator.py for tasks to queue
[2023-12-03T07:01:34.458+0000] {logging_mixin.py:154} INFO - [2023-12-03T07:01:34.458+0000] {dagbag.py:536} INFO - Filling up the DagBag from /opt/airflow/dags/PythonOperator.py
[2023-12-03T07:01:34.467+0000] {processor.py:839} INFO - DAG(s) dict_keys(['PythonOperator']) retrieved from /opt/airflow/dags/PythonOperator.py
[2023-12-03T07:01:34.497+0000] {logging_mixin.py:154} INFO - [2023-12-03T07:01:34.497+0000] {dag.py:2941} INFO - Sync 1 DAGs
[2023-12-03T07:01:34.519+0000] {logging_mixin.py:154} INFO - [2023-12-03T07:01:34.519+0000] {dag.py:3722} INFO - Setting next_dagrun for PythonOperator to 2023-12-03T00:00:00+00:00, run_after=2023-12-04T00:00:00+00:00
[2023-12-03T07:01:34.541+0000] {processor.py:179} INFO - Processing /opt/airflow/dags/PythonOperator.py took 0.096 seconds
[2023-12-03T07:02:05.166+0000] {processor.py:157} INFO - Started process (PID=2579) to work on /opt/airflow/dags/PythonOperator.py
[2023-12-03T07:02:05.168+0000] {processor.py:829} INFO - Processing file /opt/airflow/dags/PythonOperator.py for tasks to queue
[2023-12-03T07:02:05.171+0000] {logging_mixin.py:154} INFO - [2023-12-03T07:02:05.170+0000] {dagbag.py:536} INFO - Filling up the DagBag from /opt/airflow/dags/PythonOperator.py
[2023-12-03T07:02:05.179+0000] {processor.py:839} INFO - DAG(s) dict_keys(['PythonOperator']) retrieved from /opt/airflow/dags/PythonOperator.py
[2023-12-03T07:02:05.203+0000] {logging_mixin.py:154} INFO - [2023-12-03T07:02:05.202+0000] {dag.py:2941} INFO - Sync 1 DAGs
[2023-12-03T07:02:05.226+0000] {logging_mixin.py:154} INFO - [2023-12-03T07:02:05.225+0000] {dag.py:3722} INFO - Setting next_dagrun for PythonOperator to 2023-12-03T00:00:00+00:00, run_after=2023-12-04T00:00:00+00:00
[2023-12-03T07:02:05.246+0000] {processor.py:179} INFO - Processing /opt/airflow/dags/PythonOperator.py took 0.083 seconds
[2023-12-03T07:02:35.459+0000] {processor.py:157} INFO - Started process (PID=2642) to work on /opt/airflow/dags/PythonOperator.py
[2023-12-03T07:02:35.468+0000] {processor.py:829} INFO - Processing file /opt/airflow/dags/PythonOperator.py for tasks to queue
[2023-12-03T07:02:35.470+0000] {logging_mixin.py:154} INFO - [2023-12-03T07:02:35.470+0000] {dagbag.py:536} INFO - Filling up the DagBag from /opt/airflow/dags/PythonOperator.py
[2023-12-03T07:02:35.479+0000] {processor.py:839} INFO - DAG(s) dict_keys(['PythonOperator']) retrieved from /opt/airflow/dags/PythonOperator.py
[2023-12-03T07:02:35.508+0000] {logging_mixin.py:154} INFO - [2023-12-03T07:02:35.508+0000] {dag.py:2941} INFO - Sync 1 DAGs
[2023-12-03T07:02:35.532+0000] {logging_mixin.py:154} INFO - [2023-12-03T07:02:35.532+0000] {dag.py:3722} INFO - Setting next_dagrun for PythonOperator to 2023-12-03T00:00:00+00:00, run_after=2023-12-04T00:00:00+00:00
[2023-12-03T07:02:35.555+0000] {processor.py:179} INFO - Processing /opt/airflow/dags/PythonOperator.py took 0.098 seconds
[2023-12-03T07:03:06.016+0000] {processor.py:157} INFO - Started process (PID=2705) to work on /opt/airflow/dags/PythonOperator.py
[2023-12-03T07:03:06.020+0000] {processor.py:829} INFO - Processing file /opt/airflow/dags/PythonOperator.py for tasks to queue
[2023-12-03T07:03:06.022+0000] {logging_mixin.py:154} INFO - [2023-12-03T07:03:06.022+0000] {dagbag.py:536} INFO - Filling up the DagBag from /opt/airflow/dags/PythonOperator.py
[2023-12-03T07:03:06.031+0000] {processor.py:839} INFO - DAG(s) dict_keys(['PythonOperator']) retrieved from /opt/airflow/dags/PythonOperator.py
[2023-12-03T07:03:06.060+0000] {logging_mixin.py:154} INFO - [2023-12-03T07:03:06.060+0000] {dag.py:2941} INFO - Sync 1 DAGs
[2023-12-03T07:03:06.085+0000] {logging_mixin.py:154} INFO - [2023-12-03T07:03:06.084+0000] {dag.py:3722} INFO - Setting next_dagrun for PythonOperator to 2023-12-03T00:00:00+00:00, run_after=2023-12-04T00:00:00+00:00
[2023-12-03T07:03:06.109+0000] {processor.py:179} INFO - Processing /opt/airflow/dags/PythonOperator.py took 0.096 seconds
[2023-12-03T07:03:36.885+0000] {processor.py:157} INFO - Started process (PID=2769) to work on /opt/airflow/dags/PythonOperator.py
[2023-12-03T07:03:36.893+0000] {processor.py:829} INFO - Processing file /opt/airflow/dags/PythonOperator.py for tasks to queue
[2023-12-03T07:03:36.899+0000] {logging_mixin.py:154} INFO - [2023-12-03T07:03:36.899+0000] {dagbag.py:536} INFO - Filling up the DagBag from /opt/airflow/dags/PythonOperator.py
[2023-12-03T07:03:36.908+0000] {processor.py:839} INFO - DAG(s) dict_keys(['PythonOperator']) retrieved from /opt/airflow/dags/PythonOperator.py
[2023-12-03T07:03:36.949+0000] {logging_mixin.py:154} INFO - [2023-12-03T07:03:36.949+0000] {dag.py:2941} INFO - Sync 1 DAGs
[2023-12-03T07:03:36.970+0000] {logging_mixin.py:154} INFO - [2023-12-03T07:03:36.970+0000] {dag.py:3722} INFO - Setting next_dagrun for PythonOperator to 2023-12-03T00:00:00+00:00, run_after=2023-12-04T00:00:00+00:00
[2023-12-03T07:03:36.992+0000] {processor.py:179} INFO - Processing /opt/airflow/dags/PythonOperator.py took 0.110 seconds
[2023-12-03T07:04:07.738+0000] {processor.py:157} INFO - Started process (PID=2833) to work on /opt/airflow/dags/PythonOperator.py
[2023-12-03T07:04:07.745+0000] {processor.py:829} INFO - Processing file /opt/airflow/dags/PythonOperator.py for tasks to queue
[2023-12-03T07:04:07.748+0000] {logging_mixin.py:154} INFO - [2023-12-03T07:04:07.747+0000] {dagbag.py:536} INFO - Filling up the DagBag from /opt/airflow/dags/PythonOperator.py
[2023-12-03T07:04:07.765+0000] {processor.py:839} INFO - DAG(s) dict_keys(['PythonOperator']) retrieved from /opt/airflow/dags/PythonOperator.py
[2023-12-03T07:04:07.900+0000] {logging_mixin.py:154} INFO - [2023-12-03T07:04:07.895+0000] {dag.py:2941} INFO - Sync 1 DAGs
[2023-12-03T07:04:07.999+0000] {logging_mixin.py:154} INFO - [2023-12-03T07:04:07.998+0000] {dag.py:3722} INFO - Setting next_dagrun for PythonOperator to 2023-12-03T00:00:00+00:00, run_after=2023-12-04T00:00:00+00:00
[2023-12-03T07:04:08.118+0000] {processor.py:179} INFO - Processing /opt/airflow/dags/PythonOperator.py took 0.384 seconds
[2023-12-03T07:04:39.005+0000] {processor.py:157} INFO - Started process (PID=2895) to work on /opt/airflow/dags/PythonOperator.py
[2023-12-03T07:04:39.017+0000] {processor.py:829} INFO - Processing file /opt/airflow/dags/PythonOperator.py for tasks to queue
[2023-12-03T07:04:39.021+0000] {logging_mixin.py:154} INFO - [2023-12-03T07:04:39.021+0000] {dagbag.py:536} INFO - Filling up the DagBag from /opt/airflow/dags/PythonOperator.py
[2023-12-03T07:04:39.029+0000] {processor.py:839} INFO - DAG(s) dict_keys(['PythonOperator']) retrieved from /opt/airflow/dags/PythonOperator.py
[2023-12-03T07:04:39.058+0000] {logging_mixin.py:154} INFO - [2023-12-03T07:04:39.058+0000] {dag.py:2941} INFO - Sync 1 DAGs
[2023-12-03T07:04:39.082+0000] {logging_mixin.py:154} INFO - [2023-12-03T07:04:39.082+0000] {dag.py:3722} INFO - Setting next_dagrun for PythonOperator to 2023-12-03T00:00:00+00:00, run_after=2023-12-04T00:00:00+00:00
[2023-12-03T07:04:39.105+0000] {processor.py:179} INFO - Processing /opt/airflow/dags/PythonOperator.py took 0.104 seconds
[2023-12-03T07:05:09.693+0000] {processor.py:157} INFO - Started process (PID=2958) to work on /opt/airflow/dags/PythonOperator.py
[2023-12-03T07:05:09.699+0000] {processor.py:829} INFO - Processing file /opt/airflow/dags/PythonOperator.py for tasks to queue
[2023-12-03T07:05:09.701+0000] {logging_mixin.py:154} INFO - [2023-12-03T07:05:09.701+0000] {dagbag.py:536} INFO - Filling up the DagBag from /opt/airflow/dags/PythonOperator.py
[2023-12-03T07:05:09.711+0000] {processor.py:839} INFO - DAG(s) dict_keys(['PythonOperator']) retrieved from /opt/airflow/dags/PythonOperator.py
[2023-12-03T07:05:09.740+0000] {logging_mixin.py:154} INFO - [2023-12-03T07:05:09.740+0000] {dag.py:2941} INFO - Sync 1 DAGs
[2023-12-03T07:05:09.764+0000] {logging_mixin.py:154} INFO - [2023-12-03T07:05:09.764+0000] {dag.py:3722} INFO - Setting next_dagrun for PythonOperator to 2023-12-03T00:00:00+00:00, run_after=2023-12-04T00:00:00+00:00
[2023-12-03T07:05:09.788+0000] {processor.py:179} INFO - Processing /opt/airflow/dags/PythonOperator.py took 0.097 seconds
[2023-12-03T07:05:40.210+0000] {processor.py:157} INFO - Started process (PID=3021) to work on /opt/airflow/dags/PythonOperator.py
[2023-12-03T07:05:40.215+0000] {processor.py:829} INFO - Processing file /opt/airflow/dags/PythonOperator.py for tasks to queue
[2023-12-03T07:05:40.217+0000] {logging_mixin.py:154} INFO - [2023-12-03T07:05:40.217+0000] {dagbag.py:536} INFO - Filling up the DagBag from /opt/airflow/dags/PythonOperator.py
[2023-12-03T07:05:40.233+0000] {processor.py:839} INFO - DAG(s) dict_keys(['PythonOperator']) retrieved from /opt/airflow/dags/PythonOperator.py
[2023-12-03T07:05:40.258+0000] {logging_mixin.py:154} INFO - [2023-12-03T07:05:40.257+0000] {dag.py:2941} INFO - Sync 1 DAGs
[2023-12-03T07:05:40.284+0000] {logging_mixin.py:154} INFO - [2023-12-03T07:05:40.284+0000] {dag.py:3722} INFO - Setting next_dagrun for PythonOperator to 2023-12-03T00:00:00+00:00, run_after=2023-12-04T00:00:00+00:00
[2023-12-03T07:05:40.308+0000] {processor.py:179} INFO - Processing /opt/airflow/dags/PythonOperator.py took 0.101 seconds
[2023-12-03T07:06:11.082+0000] {processor.py:157} INFO - Started process (PID=3084) to work on /opt/airflow/dags/PythonOperator.py
[2023-12-03T07:06:11.092+0000] {processor.py:829} INFO - Processing file /opt/airflow/dags/PythonOperator.py for tasks to queue
[2023-12-03T07:06:11.094+0000] {logging_mixin.py:154} INFO - [2023-12-03T07:06:11.094+0000] {dagbag.py:536} INFO - Filling up the DagBag from /opt/airflow/dags/PythonOperator.py
[2023-12-03T07:06:11.102+0000] {processor.py:839} INFO - DAG(s) dict_keys(['PythonOperator']) retrieved from /opt/airflow/dags/PythonOperator.py
[2023-12-03T07:06:11.126+0000] {logging_mixin.py:154} INFO - [2023-12-03T07:06:11.126+0000] {dag.py:2941} INFO - Sync 1 DAGs
[2023-12-03T07:06:11.149+0000] {logging_mixin.py:154} INFO - [2023-12-03T07:06:11.148+0000] {dag.py:3722} INFO - Setting next_dagrun for PythonOperator to 2023-12-03T00:00:00+00:00, run_after=2023-12-04T00:00:00+00:00
[2023-12-03T07:06:11.170+0000] {processor.py:179} INFO - Processing /opt/airflow/dags/PythonOperator.py took 0.091 seconds
[2023-12-03T07:06:41.868+0000] {processor.py:157} INFO - Started process (PID=3147) to work on /opt/airflow/dags/PythonOperator.py
[2023-12-03T07:06:41.869+0000] {processor.py:829} INFO - Processing file /opt/airflow/dags/PythonOperator.py for tasks to queue
[2023-12-03T07:06:41.872+0000] {logging_mixin.py:154} INFO - [2023-12-03T07:06:41.872+0000] {dagbag.py:536} INFO - Filling up the DagBag from /opt/airflow/dags/PythonOperator.py
[2023-12-03T07:06:41.879+0000] {processor.py:839} INFO - DAG(s) dict_keys(['PythonOperator']) retrieved from /opt/airflow/dags/PythonOperator.py
[2023-12-03T07:06:41.902+0000] {logging_mixin.py:154} INFO - [2023-12-03T07:06:41.902+0000] {dag.py:2941} INFO - Sync 1 DAGs
[2023-12-03T07:06:41.924+0000] {logging_mixin.py:154} INFO - [2023-12-03T07:06:41.924+0000] {dag.py:3722} INFO - Setting next_dagrun for PythonOperator to 2023-12-03T00:00:00+00:00, run_after=2023-12-04T00:00:00+00:00
[2023-12-03T07:06:41.946+0000] {processor.py:179} INFO - Processing /opt/airflow/dags/PythonOperator.py took 0.081 seconds
[2023-12-03T07:07:12.264+0000] {processor.py:157} INFO - Started process (PID=3208) to work on /opt/airflow/dags/PythonOperator.py
[2023-12-03T07:07:12.277+0000] {processor.py:829} INFO - Processing file /opt/airflow/dags/PythonOperator.py for tasks to queue
[2023-12-03T07:07:12.280+0000] {logging_mixin.py:154} INFO - [2023-12-03T07:07:12.280+0000] {dagbag.py:536} INFO - Filling up the DagBag from /opt/airflow/dags/PythonOperator.py
[2023-12-03T07:07:12.288+0000] {processor.py:839} INFO - DAG(s) dict_keys(['PythonOperator']) retrieved from /opt/airflow/dags/PythonOperator.py
[2023-12-03T07:07:12.316+0000] {logging_mixin.py:154} INFO - [2023-12-03T07:07:12.316+0000] {dag.py:2941} INFO - Sync 1 DAGs
[2023-12-03T07:07:12.344+0000] {logging_mixin.py:154} INFO - [2023-12-03T07:07:12.343+0000] {dag.py:3722} INFO - Setting next_dagrun for PythonOperator to 2023-12-03T00:00:00+00:00, run_after=2023-12-04T00:00:00+00:00
[2023-12-03T07:07:12.365+0000] {processor.py:179} INFO - Processing /opt/airflow/dags/PythonOperator.py took 0.104 seconds
[2023-12-03T07:07:42.480+0000] {processor.py:157} INFO - Started process (PID=3271) to work on /opt/airflow/dags/PythonOperator.py
[2023-12-03T07:07:42.481+0000] {processor.py:829} INFO - Processing file /opt/airflow/dags/PythonOperator.py for tasks to queue
[2023-12-03T07:07:42.484+0000] {logging_mixin.py:154} INFO - [2023-12-03T07:07:42.484+0000] {dagbag.py:536} INFO - Filling up the DagBag from /opt/airflow/dags/PythonOperator.py
[2023-12-03T07:07:42.493+0000] {processor.py:839} INFO - DAG(s) dict_keys(['PythonOperator']) retrieved from /opt/airflow/dags/PythonOperator.py
[2023-12-03T07:07:42.519+0000] {logging_mixin.py:154} INFO - [2023-12-03T07:07:42.519+0000] {dag.py:2941} INFO - Sync 1 DAGs
[2023-12-03T07:07:42.549+0000] {logging_mixin.py:154} INFO - [2023-12-03T07:07:42.548+0000] {dag.py:3722} INFO - Setting next_dagrun for PythonOperator to 2023-12-03T00:00:00+00:00, run_after=2023-12-04T00:00:00+00:00
[2023-12-03T07:07:42.575+0000] {processor.py:179} INFO - Processing /opt/airflow/dags/PythonOperator.py took 0.099 seconds
[2023-12-03T07:08:12.950+0000] {processor.py:157} INFO - Started process (PID=3333) to work on /opt/airflow/dags/PythonOperator.py
[2023-12-03T07:08:12.953+0000] {processor.py:829} INFO - Processing file /opt/airflow/dags/PythonOperator.py for tasks to queue
[2023-12-03T07:08:12.956+0000] {logging_mixin.py:154} INFO - [2023-12-03T07:08:12.956+0000] {dagbag.py:536} INFO - Filling up the DagBag from /opt/airflow/dags/PythonOperator.py
[2023-12-03T07:08:12.965+0000] {processor.py:839} INFO - DAG(s) dict_keys(['PythonOperator']) retrieved from /opt/airflow/dags/PythonOperator.py
[2023-12-03T07:08:13.018+0000] {logging_mixin.py:154} INFO - [2023-12-03T07:08:13.018+0000] {dag.py:2941} INFO - Sync 1 DAGs
[2023-12-03T07:08:13.041+0000] {logging_mixin.py:154} INFO - [2023-12-03T07:08:13.041+0000] {dag.py:3722} INFO - Setting next_dagrun for PythonOperator to 2023-12-03T00:00:00+00:00, run_after=2023-12-04T00:00:00+00:00
[2023-12-03T07:08:13.064+0000] {processor.py:179} INFO - Processing /opt/airflow/dags/PythonOperator.py took 0.118 seconds
[2023-12-03T07:08:43.190+0000] {processor.py:157} INFO - Started process (PID=3396) to work on /opt/airflow/dags/PythonOperator.py
[2023-12-03T07:08:43.192+0000] {processor.py:829} INFO - Processing file /opt/airflow/dags/PythonOperator.py for tasks to queue
[2023-12-03T07:08:43.195+0000] {logging_mixin.py:154} INFO - [2023-12-03T07:08:43.194+0000] {dagbag.py:536} INFO - Filling up the DagBag from /opt/airflow/dags/PythonOperator.py
[2023-12-03T07:08:43.202+0000] {processor.py:839} INFO - DAG(s) dict_keys(['PythonOperator']) retrieved from /opt/airflow/dags/PythonOperator.py
[2023-12-03T07:08:43.229+0000] {logging_mixin.py:154} INFO - [2023-12-03T07:08:43.229+0000] {dag.py:2941} INFO - Sync 1 DAGs
[2023-12-03T07:08:43.250+0000] {logging_mixin.py:154} INFO - [2023-12-03T07:08:43.250+0000] {dag.py:3722} INFO - Setting next_dagrun for PythonOperator to 2023-12-03T00:00:00+00:00, run_after=2023-12-04T00:00:00+00:00
[2023-12-03T07:08:43.275+0000] {processor.py:179} INFO - Processing /opt/airflow/dags/PythonOperator.py took 0.088 seconds
[2023-12-03T07:09:13.552+0000] {processor.py:157} INFO - Started process (PID=3459) to work on /opt/airflow/dags/PythonOperator.py
[2023-12-03T07:09:13.561+0000] {processor.py:829} INFO - Processing file /opt/airflow/dags/PythonOperator.py for tasks to queue
[2023-12-03T07:09:13.564+0000] {logging_mixin.py:154} INFO - [2023-12-03T07:09:13.564+0000] {dagbag.py:536} INFO - Filling up the DagBag from /opt/airflow/dags/PythonOperator.py
[2023-12-03T07:09:13.572+0000] {processor.py:839} INFO - DAG(s) dict_keys(['PythonOperator']) retrieved from /opt/airflow/dags/PythonOperator.py
[2023-12-03T07:09:13.598+0000] {logging_mixin.py:154} INFO - [2023-12-03T07:09:13.598+0000] {dag.py:2941} INFO - Sync 1 DAGs
[2023-12-03T07:09:13.623+0000] {logging_mixin.py:154} INFO - [2023-12-03T07:09:13.622+0000] {dag.py:3722} INFO - Setting next_dagrun for PythonOperator to 2023-12-03T00:00:00+00:00, run_after=2023-12-04T00:00:00+00:00
[2023-12-03T07:09:13.644+0000] {processor.py:179} INFO - Processing /opt/airflow/dags/PythonOperator.py took 0.095 seconds
[2023-12-03T07:09:44.338+0000] {processor.py:157} INFO - Started process (PID=3522) to work on /opt/airflow/dags/PythonOperator.py
[2023-12-03T07:09:44.343+0000] {processor.py:829} INFO - Processing file /opt/airflow/dags/PythonOperator.py for tasks to queue
[2023-12-03T07:09:44.346+0000] {logging_mixin.py:154} INFO - [2023-12-03T07:09:44.345+0000] {dagbag.py:536} INFO - Filling up the DagBag from /opt/airflow/dags/PythonOperator.py
[2023-12-03T07:09:44.355+0000] {processor.py:839} INFO - DAG(s) dict_keys(['PythonOperator']) retrieved from /opt/airflow/dags/PythonOperator.py
[2023-12-03T07:09:44.375+0000] {logging_mixin.py:154} INFO - [2023-12-03T07:09:44.375+0000] {dag.py:2941} INFO - Sync 1 DAGs
[2023-12-03T07:09:44.400+0000] {logging_mixin.py:154} INFO - [2023-12-03T07:09:44.399+0000] {dag.py:3722} INFO - Setting next_dagrun for PythonOperator to 2023-12-03T00:00:00+00:00, run_after=2023-12-04T00:00:00+00:00
[2023-12-03T07:09:44.430+0000] {processor.py:179} INFO - Processing /opt/airflow/dags/PythonOperator.py took 0.094 seconds
[2023-12-03T07:10:14.536+0000] {processor.py:157} INFO - Started process (PID=3585) to work on /opt/airflow/dags/PythonOperator.py
[2023-12-03T07:10:14.546+0000] {processor.py:829} INFO - Processing file /opt/airflow/dags/PythonOperator.py for tasks to queue
[2023-12-03T07:10:14.549+0000] {logging_mixin.py:154} INFO - [2023-12-03T07:10:14.549+0000] {dagbag.py:536} INFO - Filling up the DagBag from /opt/airflow/dags/PythonOperator.py
[2023-12-03T07:10:14.557+0000] {processor.py:839} INFO - DAG(s) dict_keys(['PythonOperator']) retrieved from /opt/airflow/dags/PythonOperator.py
[2023-12-03T07:10:14.584+0000] {logging_mixin.py:154} INFO - [2023-12-03T07:10:14.584+0000] {dag.py:2941} INFO - Sync 1 DAGs
[2023-12-03T07:10:14.604+0000] {logging_mixin.py:154} INFO - [2023-12-03T07:10:14.604+0000] {dag.py:3722} INFO - Setting next_dagrun for PythonOperator to 2023-12-03T00:00:00+00:00, run_after=2023-12-04T00:00:00+00:00
[2023-12-03T07:10:14.625+0000] {processor.py:179} INFO - Processing /opt/airflow/dags/PythonOperator.py took 0.092 seconds
[2023-12-03T07:10:45.170+0000] {processor.py:157} INFO - Started process (PID=3648) to work on /opt/airflow/dags/PythonOperator.py
[2023-12-03T07:10:45.179+0000] {processor.py:829} INFO - Processing file /opt/airflow/dags/PythonOperator.py for tasks to queue
[2023-12-03T07:10:45.182+0000] {logging_mixin.py:154} INFO - [2023-12-03T07:10:45.182+0000] {dagbag.py:536} INFO - Filling up the DagBag from /opt/airflow/dags/PythonOperator.py
[2023-12-03T07:10:45.191+0000] {processor.py:839} INFO - DAG(s) dict_keys(['PythonOperator']) retrieved from /opt/airflow/dags/PythonOperator.py
[2023-12-03T07:10:45.217+0000] {logging_mixin.py:154} INFO - [2023-12-03T07:10:45.217+0000] {dag.py:2941} INFO - Sync 1 DAGs
[2023-12-03T07:10:45.241+0000] {logging_mixin.py:154} INFO - [2023-12-03T07:10:45.241+0000] {dag.py:3722} INFO - Setting next_dagrun for PythonOperator to 2023-12-03T00:00:00+00:00, run_after=2023-12-04T00:00:00+00:00
[2023-12-03T07:10:45.265+0000] {processor.py:179} INFO - Processing /opt/airflow/dags/PythonOperator.py took 0.098 seconds
[2023-12-03T07:11:15.804+0000] {processor.py:157} INFO - Started process (PID=3711) to work on /opt/airflow/dags/PythonOperator.py
[2023-12-03T07:11:15.813+0000] {processor.py:829} INFO - Processing file /opt/airflow/dags/PythonOperator.py for tasks to queue
[2023-12-03T07:11:15.816+0000] {logging_mixin.py:154} INFO - [2023-12-03T07:11:15.816+0000] {dagbag.py:536} INFO - Filling up the DagBag from /opt/airflow/dags/PythonOperator.py
[2023-12-03T07:11:15.825+0000] {processor.py:839} INFO - DAG(s) dict_keys(['PythonOperator']) retrieved from /opt/airflow/dags/PythonOperator.py
[2023-12-03T07:11:15.856+0000] {logging_mixin.py:154} INFO - [2023-12-03T07:11:15.856+0000] {dag.py:2941} INFO - Sync 1 DAGs
[2023-12-03T07:11:15.883+0000] {logging_mixin.py:154} INFO - [2023-12-03T07:11:15.883+0000] {dag.py:3722} INFO - Setting next_dagrun for PythonOperator to 2023-12-03T00:00:00+00:00, run_after=2023-12-04T00:00:00+00:00
[2023-12-03T07:11:15.905+0000] {processor.py:179} INFO - Processing /opt/airflow/dags/PythonOperator.py took 0.104 seconds
[2023-12-03T07:11:46.595+0000] {processor.py:157} INFO - Started process (PID=3774) to work on /opt/airflow/dags/PythonOperator.py
[2023-12-03T07:11:46.603+0000] {processor.py:829} INFO - Processing file /opt/airflow/dags/PythonOperator.py for tasks to queue
[2023-12-03T07:11:46.605+0000] {logging_mixin.py:154} INFO - [2023-12-03T07:11:46.605+0000] {dagbag.py:536} INFO - Filling up the DagBag from /opt/airflow/dags/PythonOperator.py
[2023-12-03T07:11:46.614+0000] {processor.py:839} INFO - DAG(s) dict_keys(['PythonOperator']) retrieved from /opt/airflow/dags/PythonOperator.py
[2023-12-03T07:11:46.637+0000] {logging_mixin.py:154} INFO - [2023-12-03T07:11:46.637+0000] {dag.py:2941} INFO - Sync 1 DAGs
[2023-12-03T07:11:46.662+0000] {logging_mixin.py:154} INFO - [2023-12-03T07:11:46.662+0000] {dag.py:3722} INFO - Setting next_dagrun for PythonOperator to 2023-12-03T00:00:00+00:00, run_after=2023-12-04T00:00:00+00:00
[2023-12-03T07:11:46.683+0000] {processor.py:179} INFO - Processing /opt/airflow/dags/PythonOperator.py took 0.091 seconds
[2023-12-03T07:12:17.374+0000] {processor.py:157} INFO - Started process (PID=3836) to work on /opt/airflow/dags/PythonOperator.py
[2023-12-03T07:12:17.376+0000] {processor.py:829} INFO - Processing file /opt/airflow/dags/PythonOperator.py for tasks to queue
[2023-12-03T07:12:17.378+0000] {logging_mixin.py:154} INFO - [2023-12-03T07:12:17.378+0000] {dagbag.py:536} INFO - Filling up the DagBag from /opt/airflow/dags/PythonOperator.py
[2023-12-03T07:12:17.387+0000] {processor.py:839} INFO - DAG(s) dict_keys(['PythonOperator']) retrieved from /opt/airflow/dags/PythonOperator.py
[2023-12-03T07:12:17.413+0000] {logging_mixin.py:154} INFO - [2023-12-03T07:12:17.413+0000] {dag.py:2941} INFO - Sync 1 DAGs
[2023-12-03T07:12:17.437+0000] {logging_mixin.py:154} INFO - [2023-12-03T07:12:17.437+0000] {dag.py:3722} INFO - Setting next_dagrun for PythonOperator to 2023-12-03T00:00:00+00:00, run_after=2023-12-04T00:00:00+00:00
[2023-12-03T07:12:17.458+0000] {processor.py:179} INFO - Processing /opt/airflow/dags/PythonOperator.py took 0.088 seconds
[2023-12-03T07:12:47.824+0000] {processor.py:157} INFO - Started process (PID=3899) to work on /opt/airflow/dags/PythonOperator.py
[2023-12-03T07:12:47.833+0000] {processor.py:829} INFO - Processing file /opt/airflow/dags/PythonOperator.py for tasks to queue
[2023-12-03T07:12:47.835+0000] {logging_mixin.py:154} INFO - [2023-12-03T07:12:47.835+0000] {dagbag.py:536} INFO - Filling up the DagBag from /opt/airflow/dags/PythonOperator.py
[2023-12-03T07:12:47.844+0000] {processor.py:839} INFO - DAG(s) dict_keys(['PythonOperator']) retrieved from /opt/airflow/dags/PythonOperator.py
[2023-12-03T07:12:47.872+0000] {logging_mixin.py:154} INFO - [2023-12-03T07:12:47.872+0000] {dag.py:2941} INFO - Sync 1 DAGs
[2023-12-03T07:12:47.895+0000] {logging_mixin.py:154} INFO - [2023-12-03T07:12:47.895+0000] {dag.py:3722} INFO - Setting next_dagrun for PythonOperator to 2023-12-03T00:00:00+00:00, run_after=2023-12-04T00:00:00+00:00
[2023-12-03T07:12:47.917+0000] {processor.py:179} INFO - Processing /opt/airflow/dags/PythonOperator.py took 0.095 seconds
[2023-12-03T07:13:18.432+0000] {processor.py:157} INFO - Started process (PID=3962) to work on /opt/airflow/dags/PythonOperator.py
[2023-12-03T07:13:18.433+0000] {processor.py:829} INFO - Processing file /opt/airflow/dags/PythonOperator.py for tasks to queue
[2023-12-03T07:13:18.434+0000] {logging_mixin.py:154} INFO - [2023-12-03T07:13:18.434+0000] {dagbag.py:536} INFO - Filling up the DagBag from /opt/airflow/dags/PythonOperator.py
[2023-12-03T07:13:18.442+0000] {processor.py:839} INFO - DAG(s) dict_keys(['PythonOperator']) retrieved from /opt/airflow/dags/PythonOperator.py
[2023-12-03T07:13:18.467+0000] {logging_mixin.py:154} INFO - [2023-12-03T07:13:18.466+0000] {dag.py:2941} INFO - Sync 1 DAGs
[2023-12-03T07:13:18.488+0000] {logging_mixin.py:154} INFO - [2023-12-03T07:13:18.488+0000] {dag.py:3722} INFO - Setting next_dagrun for PythonOperator to 2023-12-03T00:00:00+00:00, run_after=2023-12-04T00:00:00+00:00
[2023-12-03T07:13:18.506+0000] {processor.py:179} INFO - Processing /opt/airflow/dags/PythonOperator.py took 0.079 seconds
[2023-12-03T07:13:48.543+0000] {processor.py:157} INFO - Started process (PID=4024) to work on /opt/airflow/dags/PythonOperator.py
[2023-12-03T07:13:48.544+0000] {processor.py:829} INFO - Processing file /opt/airflow/dags/PythonOperator.py for tasks to queue
[2023-12-03T07:13:48.546+0000] {logging_mixin.py:154} INFO - [2023-12-03T07:13:48.546+0000] {dagbag.py:536} INFO - Filling up the DagBag from /opt/airflow/dags/PythonOperator.py
[2023-12-03T07:13:48.553+0000] {processor.py:839} INFO - DAG(s) dict_keys(['PythonOperator']) retrieved from /opt/airflow/dags/PythonOperator.py
[2023-12-03T07:13:48.572+0000] {logging_mixin.py:154} INFO - [2023-12-03T07:13:48.572+0000] {dag.py:2941} INFO - Sync 1 DAGs
[2023-12-03T07:13:48.591+0000] {logging_mixin.py:154} INFO - [2023-12-03T07:13:48.590+0000] {dag.py:3722} INFO - Setting next_dagrun for PythonOperator to 2023-12-03T00:00:00+00:00, run_after=2023-12-04T00:00:00+00:00
[2023-12-03T07:13:48.607+0000] {processor.py:179} INFO - Processing /opt/airflow/dags/PythonOperator.py took 0.066 seconds
[2023-12-03T07:14:18.863+0000] {processor.py:157} INFO - Started process (PID=4086) to work on /opt/airflow/dags/PythonOperator.py
[2023-12-03T07:14:18.872+0000] {processor.py:829} INFO - Processing file /opt/airflow/dags/PythonOperator.py for tasks to queue
[2023-12-03T07:14:18.875+0000] {logging_mixin.py:154} INFO - [2023-12-03T07:14:18.874+0000] {dagbag.py:536} INFO - Filling up the DagBag from /opt/airflow/dags/PythonOperator.py
[2023-12-03T07:14:18.883+0000] {processor.py:839} INFO - DAG(s) dict_keys(['PythonOperator']) retrieved from /opt/airflow/dags/PythonOperator.py
[2023-12-03T07:14:18.912+0000] {logging_mixin.py:154} INFO - [2023-12-03T07:14:18.912+0000] {dag.py:2941} INFO - Sync 1 DAGs
[2023-12-03T07:14:18.940+0000] {logging_mixin.py:154} INFO - [2023-12-03T07:14:18.940+0000] {dag.py:3722} INFO - Setting next_dagrun for PythonOperator to 2023-12-03T00:00:00+00:00, run_after=2023-12-04T00:00:00+00:00
[2023-12-03T07:14:18.964+0000] {processor.py:179} INFO - Processing /opt/airflow/dags/PythonOperator.py took 0.104 seconds
[2023-12-03T07:14:49.505+0000] {processor.py:157} INFO - Started process (PID=4149) to work on /opt/airflow/dags/PythonOperator.py
[2023-12-03T07:14:49.513+0000] {processor.py:829} INFO - Processing file /opt/airflow/dags/PythonOperator.py for tasks to queue
[2023-12-03T07:14:49.515+0000] {logging_mixin.py:154} INFO - [2023-12-03T07:14:49.515+0000] {dagbag.py:536} INFO - Filling up the DagBag from /opt/airflow/dags/PythonOperator.py
[2023-12-03T07:14:49.524+0000] {processor.py:839} INFO - DAG(s) dict_keys(['PythonOperator']) retrieved from /opt/airflow/dags/PythonOperator.py
[2023-12-03T07:14:49.553+0000] {logging_mixin.py:154} INFO - [2023-12-03T07:14:49.553+0000] {dag.py:2941} INFO - Sync 1 DAGs
[2023-12-03T07:14:49.581+0000] {logging_mixin.py:154} INFO - [2023-12-03T07:14:49.581+0000] {dag.py:3722} INFO - Setting next_dagrun for PythonOperator to 2023-12-03T00:00:00+00:00, run_after=2023-12-04T00:00:00+00:00
[2023-12-03T07:14:49.606+0000] {processor.py:179} INFO - Processing /opt/airflow/dags/PythonOperator.py took 0.104 seconds
[2023-12-03T07:15:19.643+0000] {processor.py:157} INFO - Started process (PID=4211) to work on /opt/airflow/dags/PythonOperator.py
[2023-12-03T07:15:19.652+0000] {processor.py:829} INFO - Processing file /opt/airflow/dags/PythonOperator.py for tasks to queue
[2023-12-03T07:15:19.655+0000] {logging_mixin.py:154} INFO - [2023-12-03T07:15:19.654+0000] {dagbag.py:536} INFO - Filling up the DagBag from /opt/airflow/dags/PythonOperator.py
[2023-12-03T07:15:19.664+0000] {processor.py:839} INFO - DAG(s) dict_keys(['PythonOperator']) retrieved from /opt/airflow/dags/PythonOperator.py
[2023-12-03T07:15:19.690+0000] {logging_mixin.py:154} INFO - [2023-12-03T07:15:19.690+0000] {dag.py:2941} INFO - Sync 1 DAGs
[2023-12-03T07:15:19.710+0000] {logging_mixin.py:154} INFO - [2023-12-03T07:15:19.710+0000] {dag.py:3722} INFO - Setting next_dagrun for PythonOperator to 2023-12-03T00:00:00+00:00, run_after=2023-12-04T00:00:00+00:00
[2023-12-03T07:15:19.730+0000] {processor.py:179} INFO - Processing /opt/airflow/dags/PythonOperator.py took 0.089 seconds
[2023-12-03T07:15:49.810+0000] {processor.py:157} INFO - Started process (PID=4273) to work on /opt/airflow/dags/PythonOperator.py
[2023-12-03T07:15:49.817+0000] {processor.py:829} INFO - Processing file /opt/airflow/dags/PythonOperator.py for tasks to queue
[2023-12-03T07:15:49.819+0000] {logging_mixin.py:154} INFO - [2023-12-03T07:15:49.819+0000] {dagbag.py:536} INFO - Filling up the DagBag from /opt/airflow/dags/PythonOperator.py
[2023-12-03T07:15:49.828+0000] {processor.py:839} INFO - DAG(s) dict_keys(['PythonOperator']) retrieved from /opt/airflow/dags/PythonOperator.py
[2023-12-03T07:15:49.856+0000] {logging_mixin.py:154} INFO - [2023-12-03T07:15:49.856+0000] {dag.py:2941} INFO - Sync 1 DAGs
[2023-12-03T07:15:49.882+0000] {logging_mixin.py:154} INFO - [2023-12-03T07:15:49.882+0000] {dag.py:3722} INFO - Setting next_dagrun for PythonOperator to 2023-12-03T00:00:00+00:00, run_after=2023-12-04T00:00:00+00:00
[2023-12-03T07:15:49.904+0000] {processor.py:179} INFO - Processing /opt/airflow/dags/PythonOperator.py took 0.098 seconds
[2023-12-03T07:16:20.458+0000] {processor.py:157} INFO - Started process (PID=4335) to work on /opt/airflow/dags/PythonOperator.py
[2023-12-03T07:16:20.466+0000] {processor.py:829} INFO - Processing file /opt/airflow/dags/PythonOperator.py for tasks to queue
[2023-12-03T07:16:20.469+0000] {logging_mixin.py:154} INFO - [2023-12-03T07:16:20.468+0000] {dagbag.py:536} INFO - Filling up the DagBag from /opt/airflow/dags/PythonOperator.py
[2023-12-03T07:16:20.477+0000] {processor.py:839} INFO - DAG(s) dict_keys(['PythonOperator']) retrieved from /opt/airflow/dags/PythonOperator.py
[2023-12-03T07:16:20.500+0000] {logging_mixin.py:154} INFO - [2023-12-03T07:16:20.500+0000] {dag.py:2941} INFO - Sync 1 DAGs
[2023-12-03T07:16:20.526+0000] {logging_mixin.py:154} INFO - [2023-12-03T07:16:20.525+0000] {dag.py:3722} INFO - Setting next_dagrun for PythonOperator to 2023-12-03T00:00:00+00:00, run_after=2023-12-04T00:00:00+00:00
[2023-12-03T07:16:20.548+0000] {processor.py:179} INFO - Processing /opt/airflow/dags/PythonOperator.py took 0.095 seconds
[2023-12-03T07:16:51.083+0000] {processor.py:157} INFO - Started process (PID=4398) to work on /opt/airflow/dags/PythonOperator.py
[2023-12-03T07:16:51.092+0000] {processor.py:829} INFO - Processing file /opt/airflow/dags/PythonOperator.py for tasks to queue
[2023-12-03T07:16:51.094+0000] {logging_mixin.py:154} INFO - [2023-12-03T07:16:51.094+0000] {dagbag.py:536} INFO - Filling up the DagBag from /opt/airflow/dags/PythonOperator.py
[2023-12-03T07:16:51.103+0000] {processor.py:839} INFO - DAG(s) dict_keys(['PythonOperator']) retrieved from /opt/airflow/dags/PythonOperator.py
[2023-12-03T07:16:51.130+0000] {logging_mixin.py:154} INFO - [2023-12-03T07:16:51.130+0000] {dag.py:2941} INFO - Sync 1 DAGs
[2023-12-03T07:16:51.153+0000] {logging_mixin.py:154} INFO - [2023-12-03T07:16:51.153+0000] {dag.py:3722} INFO - Setting next_dagrun for PythonOperator to 2023-12-03T00:00:00+00:00, run_after=2023-12-04T00:00:00+00:00
[2023-12-03T07:16:51.174+0000] {processor.py:179} INFO - Processing /opt/airflow/dags/PythonOperator.py took 0.094 seconds
[2023-12-03T07:17:21.649+0000] {processor.py:157} INFO - Started process (PID=4461) to work on /opt/airflow/dags/PythonOperator.py
[2023-12-03T07:17:21.656+0000] {processor.py:829} INFO - Processing file /opt/airflow/dags/PythonOperator.py for tasks to queue
[2023-12-03T07:17:21.659+0000] {logging_mixin.py:154} INFO - [2023-12-03T07:17:21.659+0000] {dagbag.py:536} INFO - Filling up the DagBag from /opt/airflow/dags/PythonOperator.py
[2023-12-03T07:17:21.677+0000] {processor.py:839} INFO - DAG(s) dict_keys(['PythonOperator']) retrieved from /opt/airflow/dags/PythonOperator.py
[2023-12-03T07:17:21.756+0000] {logging_mixin.py:154} INFO - [2023-12-03T07:17:21.756+0000] {dag.py:2941} INFO - Sync 1 DAGs
[2023-12-03T07:17:21.785+0000] {logging_mixin.py:154} INFO - [2023-12-03T07:17:21.785+0000] {dag.py:3722} INFO - Setting next_dagrun for PythonOperator to 2023-12-03T00:00:00+00:00, run_after=2023-12-04T00:00:00+00:00
[2023-12-03T07:17:21.853+0000] {processor.py:179} INFO - Processing /opt/airflow/dags/PythonOperator.py took 0.219 seconds
[2023-12-03T07:17:52.176+0000] {processor.py:157} INFO - Started process (PID=4524) to work on /opt/airflow/dags/PythonOperator.py
[2023-12-03T07:17:52.184+0000] {processor.py:829} INFO - Processing file /opt/airflow/dags/PythonOperator.py for tasks to queue
[2023-12-03T07:17:52.186+0000] {logging_mixin.py:154} INFO - [2023-12-03T07:17:52.186+0000] {dagbag.py:536} INFO - Filling up the DagBag from /opt/airflow/dags/PythonOperator.py
[2023-12-03T07:17:52.196+0000] {processor.py:839} INFO - DAG(s) dict_keys(['PythonOperator']) retrieved from /opt/airflow/dags/PythonOperator.py
[2023-12-03T07:17:52.237+0000] {logging_mixin.py:154} INFO - [2023-12-03T07:17:52.237+0000] {dag.py:2941} INFO - Sync 1 DAGs
[2023-12-03T07:17:52.261+0000] {logging_mixin.py:154} INFO - [2023-12-03T07:17:52.260+0000] {dag.py:3722} INFO - Setting next_dagrun for PythonOperator to 2023-12-03T00:00:00+00:00, run_after=2023-12-04T00:00:00+00:00
[2023-12-03T07:17:52.282+0000] {processor.py:179} INFO - Processing /opt/airflow/dags/PythonOperator.py took 0.110 seconds
[2023-12-03T07:18:22.606+0000] {processor.py:157} INFO - Started process (PID=4587) to work on /opt/airflow/dags/PythonOperator.py
[2023-12-03T07:18:22.622+0000] {processor.py:829} INFO - Processing file /opt/airflow/dags/PythonOperator.py for tasks to queue
[2023-12-03T07:18:22.624+0000] {logging_mixin.py:154} INFO - [2023-12-03T07:18:22.624+0000] {dagbag.py:536} INFO - Filling up the DagBag from /opt/airflow/dags/PythonOperator.py
[2023-12-03T07:18:22.651+0000] {processor.py:839} INFO - DAG(s) dict_keys(['PythonOperator']) retrieved from /opt/airflow/dags/PythonOperator.py
[2023-12-03T07:18:22.676+0000] {logging_mixin.py:154} INFO - [2023-12-03T07:18:22.674+0000] {dag.py:2941} INFO - Sync 1 DAGs
[2023-12-03T07:18:22.705+0000] {logging_mixin.py:154} INFO - [2023-12-03T07:18:22.705+0000] {dag.py:3722} INFO - Setting next_dagrun for PythonOperator to 2023-12-03T00:00:00+00:00, run_after=2023-12-04T00:00:00+00:00
[2023-12-03T07:18:22.730+0000] {processor.py:179} INFO - Processing /opt/airflow/dags/PythonOperator.py took 0.126 seconds
[2023-12-03T07:18:53.260+0000] {processor.py:157} INFO - Started process (PID=4650) to work on /opt/airflow/dags/PythonOperator.py
[2023-12-03T07:18:53.262+0000] {processor.py:829} INFO - Processing file /opt/airflow/dags/PythonOperator.py for tasks to queue
[2023-12-03T07:18:53.265+0000] {logging_mixin.py:154} INFO - [2023-12-03T07:18:53.264+0000] {dagbag.py:536} INFO - Filling up the DagBag from /opt/airflow/dags/PythonOperator.py
[2023-12-03T07:18:53.274+0000] {processor.py:839} INFO - DAG(s) dict_keys(['PythonOperator']) retrieved from /opt/airflow/dags/PythonOperator.py
[2023-12-03T07:18:53.303+0000] {logging_mixin.py:154} INFO - [2023-12-03T07:18:53.303+0000] {dag.py:2941} INFO - Sync 1 DAGs
[2023-12-03T07:18:53.327+0000] {logging_mixin.py:154} INFO - [2023-12-03T07:18:53.327+0000] {dag.py:3722} INFO - Setting next_dagrun for PythonOperator to 2023-12-03T00:00:00+00:00, run_after=2023-12-04T00:00:00+00:00
[2023-12-03T07:18:53.349+0000] {processor.py:179} INFO - Processing /opt/airflow/dags/PythonOperator.py took 0.093 seconds
[2023-12-03T07:19:23.472+0000] {processor.py:157} INFO - Started process (PID=4713) to work on /opt/airflow/dags/PythonOperator.py
[2023-12-03T07:19:23.488+0000] {processor.py:829} INFO - Processing file /opt/airflow/dags/PythonOperator.py for tasks to queue
[2023-12-03T07:19:23.490+0000] {logging_mixin.py:154} INFO - [2023-12-03T07:19:23.490+0000] {dagbag.py:536} INFO - Filling up the DagBag from /opt/airflow/dags/PythonOperator.py
[2023-12-03T07:19:23.501+0000] {processor.py:839} INFO - DAG(s) dict_keys(['PythonOperator']) retrieved from /opt/airflow/dags/PythonOperator.py
[2023-12-03T07:19:23.525+0000] {logging_mixin.py:154} INFO - [2023-12-03T07:19:23.525+0000] {dag.py:2941} INFO - Sync 1 DAGs
[2023-12-03T07:19:23.555+0000] {logging_mixin.py:154} INFO - [2023-12-03T07:19:23.555+0000] {dag.py:3722} INFO - Setting next_dagrun for PythonOperator to 2023-12-03T00:00:00+00:00, run_after=2023-12-04T00:00:00+00:00
[2023-12-03T07:19:23.583+0000] {processor.py:179} INFO - Processing /opt/airflow/dags/PythonOperator.py took 0.115 seconds
[2023-12-03T07:19:54.086+0000] {processor.py:157} INFO - Started process (PID=4776) to work on /opt/airflow/dags/PythonOperator.py
[2023-12-03T07:19:54.089+0000] {processor.py:829} INFO - Processing file /opt/airflow/dags/PythonOperator.py for tasks to queue
[2023-12-03T07:19:54.092+0000] {logging_mixin.py:154} INFO - [2023-12-03T07:19:54.092+0000] {dagbag.py:536} INFO - Filling up the DagBag from /opt/airflow/dags/PythonOperator.py
[2023-12-03T07:19:54.100+0000] {processor.py:839} INFO - DAG(s) dict_keys(['PythonOperator']) retrieved from /opt/airflow/dags/PythonOperator.py
[2023-12-03T07:19:54.134+0000] {logging_mixin.py:154} INFO - [2023-12-03T07:19:54.134+0000] {dag.py:2941} INFO - Sync 1 DAGs
[2023-12-03T07:19:54.173+0000] {logging_mixin.py:154} INFO - [2023-12-03T07:19:54.173+0000] {dag.py:3722} INFO - Setting next_dagrun for PythonOperator to 2023-12-03T00:00:00+00:00, run_after=2023-12-04T00:00:00+00:00
[2023-12-03T07:19:54.198+0000] {processor.py:179} INFO - Processing /opt/airflow/dags/PythonOperator.py took 0.114 seconds
[2023-12-03T07:20:24.529+0000] {processor.py:157} INFO - Started process (PID=4839) to work on /opt/airflow/dags/PythonOperator.py
[2023-12-03T07:20:24.531+0000] {processor.py:829} INFO - Processing file /opt/airflow/dags/PythonOperator.py for tasks to queue
[2023-12-03T07:20:24.533+0000] {logging_mixin.py:154} INFO - [2023-12-03T07:20:24.533+0000] {dagbag.py:536} INFO - Filling up the DagBag from /opt/airflow/dags/PythonOperator.py
[2023-12-03T07:20:24.539+0000] {processor.py:839} INFO - DAG(s) dict_keys(['PythonOperator']) retrieved from /opt/airflow/dags/PythonOperator.py
[2023-12-03T07:20:24.560+0000] {logging_mixin.py:154} INFO - [2023-12-03T07:20:24.560+0000] {dag.py:2941} INFO - Sync 1 DAGs
[2023-12-03T07:20:24.585+0000] {logging_mixin.py:154} INFO - [2023-12-03T07:20:24.585+0000] {dag.py:3722} INFO - Setting next_dagrun for PythonOperator to 2023-12-03T00:00:00+00:00, run_after=2023-12-04T00:00:00+00:00
[2023-12-03T07:20:24.604+0000] {processor.py:179} INFO - Processing /opt/airflow/dags/PythonOperator.py took 0.077 seconds
[2023-12-03T07:20:55.023+0000] {processor.py:157} INFO - Started process (PID=4901) to work on /opt/airflow/dags/PythonOperator.py
[2023-12-03T07:20:55.025+0000] {processor.py:829} INFO - Processing file /opt/airflow/dags/PythonOperator.py for tasks to queue
[2023-12-03T07:20:55.027+0000] {logging_mixin.py:154} INFO - [2023-12-03T07:20:55.027+0000] {dagbag.py:536} INFO - Filling up the DagBag from /opt/airflow/dags/PythonOperator.py
[2023-12-03T07:20:55.034+0000] {processor.py:839} INFO - DAG(s) dict_keys(['PythonOperator']) retrieved from /opt/airflow/dags/PythonOperator.py
[2023-12-03T07:20:55.070+0000] {logging_mixin.py:154} INFO - [2023-12-03T07:20:55.070+0000] {dag.py:2941} INFO - Sync 1 DAGs
[2023-12-03T07:20:55.095+0000] {logging_mixin.py:154} INFO - [2023-12-03T07:20:55.094+0000] {dag.py:3722} INFO - Setting next_dagrun for PythonOperator to 2023-12-03T00:00:00+00:00, run_after=2023-12-04T00:00:00+00:00
[2023-12-03T07:20:55.117+0000] {processor.py:179} INFO - Processing /opt/airflow/dags/PythonOperator.py took 0.097 seconds
[2023-12-03T07:21:25.312+0000] {processor.py:157} INFO - Started process (PID=4964) to work on /opt/airflow/dags/PythonOperator.py
[2023-12-03T07:21:25.312+0000] {processor.py:829} INFO - Processing file /opt/airflow/dags/PythonOperator.py for tasks to queue
[2023-12-03T07:21:25.315+0000] {logging_mixin.py:154} INFO - [2023-12-03T07:21:25.314+0000] {dagbag.py:536} INFO - Filling up the DagBag from /opt/airflow/dags/PythonOperator.py
[2023-12-03T07:21:25.323+0000] {processor.py:839} INFO - DAG(s) dict_keys(['PythonOperator']) retrieved from /opt/airflow/dags/PythonOperator.py
[2023-12-03T07:21:25.353+0000] {logging_mixin.py:154} INFO - [2023-12-03T07:21:25.353+0000] {dag.py:2941} INFO - Sync 1 DAGs
[2023-12-03T07:21:25.373+0000] {logging_mixin.py:154} INFO - [2023-12-03T07:21:25.373+0000] {dag.py:3722} INFO - Setting next_dagrun for PythonOperator to 2023-12-03T00:00:00+00:00, run_after=2023-12-04T00:00:00+00:00
[2023-12-03T07:21:25.427+0000] {processor.py:179} INFO - Processing /opt/airflow/dags/PythonOperator.py took 0.119 seconds
[2023-12-03T07:21:55.877+0000] {processor.py:157} INFO - Started process (PID=5027) to work on /opt/airflow/dags/PythonOperator.py
[2023-12-03T07:21:55.879+0000] {processor.py:829} INFO - Processing file /opt/airflow/dags/PythonOperator.py for tasks to queue
[2023-12-03T07:21:55.881+0000] {logging_mixin.py:154} INFO - [2023-12-03T07:21:55.881+0000] {dagbag.py:536} INFO - Filling up the DagBag from /opt/airflow/dags/PythonOperator.py
[2023-12-03T07:21:55.890+0000] {processor.py:839} INFO - DAG(s) dict_keys(['PythonOperator']) retrieved from /opt/airflow/dags/PythonOperator.py
[2023-12-03T07:21:55.938+0000] {logging_mixin.py:154} INFO - [2023-12-03T07:21:55.938+0000] {dag.py:2941} INFO - Sync 1 DAGs
[2023-12-03T07:21:55.962+0000] {logging_mixin.py:154} INFO - [2023-12-03T07:21:55.962+0000] {dag.py:3722} INFO - Setting next_dagrun for PythonOperator to 2023-12-03T00:00:00+00:00, run_after=2023-12-04T00:00:00+00:00
[2023-12-03T07:21:55.998+0000] {processor.py:179} INFO - Processing /opt/airflow/dags/PythonOperator.py took 0.126 seconds
[2023-12-03T07:22:26.301+0000] {processor.py:157} INFO - Started process (PID=5090) to work on /opt/airflow/dags/PythonOperator.py
[2023-12-03T07:22:26.301+0000] {processor.py:829} INFO - Processing file /opt/airflow/dags/PythonOperator.py for tasks to queue
[2023-12-03T07:22:26.304+0000] {logging_mixin.py:154} INFO - [2023-12-03T07:22:26.303+0000] {dagbag.py:536} INFO - Filling up the DagBag from /opt/airflow/dags/PythonOperator.py
[2023-12-03T07:22:26.313+0000] {processor.py:839} INFO - DAG(s) dict_keys(['PythonOperator']) retrieved from /opt/airflow/dags/PythonOperator.py
[2023-12-03T07:22:26.363+0000] {logging_mixin.py:154} INFO - [2023-12-03T07:22:26.363+0000] {dag.py:2941} INFO - Sync 1 DAGs
[2023-12-03T07:22:26.384+0000] {logging_mixin.py:154} INFO - [2023-12-03T07:22:26.383+0000] {dag.py:3722} INFO - Setting next_dagrun for PythonOperator to 2023-12-03T00:00:00+00:00, run_after=2023-12-04T00:00:00+00:00
[2023-12-03T07:22:26.444+0000] {processor.py:179} INFO - Processing /opt/airflow/dags/PythonOperator.py took 0.147 seconds
[2023-12-03T07:22:56.649+0000] {processor.py:157} INFO - Started process (PID=5153) to work on /opt/airflow/dags/PythonOperator.py
[2023-12-03T07:22:56.652+0000] {processor.py:829} INFO - Processing file /opt/airflow/dags/PythonOperator.py for tasks to queue
[2023-12-03T07:22:56.654+0000] {logging_mixin.py:154} INFO - [2023-12-03T07:22:56.654+0000] {dagbag.py:536} INFO - Filling up the DagBag from /opt/airflow/dags/PythonOperator.py
[2023-12-03T07:22:56.662+0000] {processor.py:839} INFO - DAG(s) dict_keys(['PythonOperator']) retrieved from /opt/airflow/dags/PythonOperator.py
[2023-12-03T07:22:56.689+0000] {logging_mixin.py:154} INFO - [2023-12-03T07:22:56.688+0000] {dag.py:2941} INFO - Sync 1 DAGs
[2023-12-03T07:22:56.713+0000] {logging_mixin.py:154} INFO - [2023-12-03T07:22:56.713+0000] {dag.py:3722} INFO - Setting next_dagrun for PythonOperator to 2023-12-03T00:00:00+00:00, run_after=2023-12-04T00:00:00+00:00
[2023-12-03T07:22:56.738+0000] {processor.py:179} INFO - Processing /opt/airflow/dags/PythonOperator.py took 0.092 seconds
[2023-12-03T07:23:27.293+0000] {processor.py:157} INFO - Started process (PID=5216) to work on /opt/airflow/dags/PythonOperator.py
[2023-12-03T07:23:27.301+0000] {processor.py:829} INFO - Processing file /opt/airflow/dags/PythonOperator.py for tasks to queue
[2023-12-03T07:23:27.303+0000] {logging_mixin.py:154} INFO - [2023-12-03T07:23:27.303+0000] {dagbag.py:536} INFO - Filling up the DagBag from /opt/airflow/dags/PythonOperator.py
[2023-12-03T07:23:27.315+0000] {processor.py:839} INFO - DAG(s) dict_keys(['PythonOperator']) retrieved from /opt/airflow/dags/PythonOperator.py
[2023-12-03T07:23:27.343+0000] {logging_mixin.py:154} INFO - [2023-12-03T07:23:27.343+0000] {dag.py:2941} INFO - Sync 1 DAGs
[2023-12-03T07:23:27.361+0000] {logging_mixin.py:154} INFO - [2023-12-03T07:23:27.361+0000] {dag.py:3722} INFO - Setting next_dagrun for PythonOperator to 2023-12-03T00:00:00+00:00, run_after=2023-12-04T00:00:00+00:00
[2023-12-03T07:23:27.383+0000] {processor.py:179} INFO - Processing /opt/airflow/dags/PythonOperator.py took 0.093 seconds
[2023-12-03T07:23:58.278+0000] {processor.py:157} INFO - Started process (PID=5279) to work on /opt/airflow/dags/PythonOperator.py
[2023-12-03T07:23:58.302+0000] {processor.py:829} INFO - Processing file /opt/airflow/dags/PythonOperator.py for tasks to queue
[2023-12-03T07:23:58.304+0000] {logging_mixin.py:154} INFO - [2023-12-03T07:23:58.304+0000] {dagbag.py:536} INFO - Filling up the DagBag from /opt/airflow/dags/PythonOperator.py
[2023-12-03T07:23:58.313+0000] {processor.py:839} INFO - DAG(s) dict_keys(['PythonOperator']) retrieved from /opt/airflow/dags/PythonOperator.py
[2023-12-03T07:23:58.345+0000] {logging_mixin.py:154} INFO - [2023-12-03T07:23:58.345+0000] {dag.py:2941} INFO - Sync 1 DAGs
[2023-12-03T07:23:58.368+0000] {logging_mixin.py:154} INFO - [2023-12-03T07:23:58.368+0000] {dag.py:3722} INFO - Setting next_dagrun for PythonOperator to 2023-12-03T00:00:00+00:00, run_after=2023-12-04T00:00:00+00:00
[2023-12-03T07:23:58.397+0000] {processor.py:179} INFO - Processing /opt/airflow/dags/PythonOperator.py took 0.123 seconds
[2023-12-03T07:24:28.612+0000] {processor.py:157} INFO - Started process (PID=5342) to work on /opt/airflow/dags/PythonOperator.py
[2023-12-03T07:24:28.637+0000] {processor.py:829} INFO - Processing file /opt/airflow/dags/PythonOperator.py for tasks to queue
[2023-12-03T07:24:28.639+0000] {logging_mixin.py:154} INFO - [2023-12-03T07:24:28.639+0000] {dagbag.py:536} INFO - Filling up the DagBag from /opt/airflow/dags/PythonOperator.py
[2023-12-03T07:24:28.648+0000] {processor.py:839} INFO - DAG(s) dict_keys(['PythonOperator']) retrieved from /opt/airflow/dags/PythonOperator.py
[2023-12-03T07:24:28.674+0000] {logging_mixin.py:154} INFO - [2023-12-03T07:24:28.673+0000] {dag.py:2941} INFO - Sync 1 DAGs
[2023-12-03T07:24:28.719+0000] {logging_mixin.py:154} INFO - [2023-12-03T07:24:28.719+0000] {dag.py:3722} INFO - Setting next_dagrun for PythonOperator to 2023-12-03T00:00:00+00:00, run_after=2023-12-04T00:00:00+00:00
[2023-12-03T07:24:28.859+0000] {processor.py:179} INFO - Processing /opt/airflow/dags/PythonOperator.py took 0.250 seconds
[2023-12-03T07:24:58.937+0000] {processor.py:157} INFO - Started process (PID=5405) to work on /opt/airflow/dags/PythonOperator.py
[2023-12-03T07:24:58.978+0000] {processor.py:829} INFO - Processing file /opt/airflow/dags/PythonOperator.py for tasks to queue
[2023-12-03T07:24:58.984+0000] {logging_mixin.py:154} INFO - [2023-12-03T07:24:58.983+0000] {dagbag.py:536} INFO - Filling up the DagBag from /opt/airflow/dags/PythonOperator.py
[2023-12-03T07:24:58.992+0000] {processor.py:839} INFO - DAG(s) dict_keys(['PythonOperator']) retrieved from /opt/airflow/dags/PythonOperator.py
[2023-12-03T07:24:59.010+0000] {logging_mixin.py:154} INFO - [2023-12-03T07:24:59.009+0000] {dag.py:2941} INFO - Sync 1 DAGs
[2023-12-03T07:24:59.027+0000] {logging_mixin.py:154} INFO - [2023-12-03T07:24:59.027+0000] {dag.py:3722} INFO - Setting next_dagrun for PythonOperator to 2023-12-03T00:00:00+00:00, run_after=2023-12-04T00:00:00+00:00
[2023-12-03T07:24:59.043+0000] {processor.py:179} INFO - Processing /opt/airflow/dags/PythonOperator.py took 0.109 seconds
[2023-12-03T07:25:29.507+0000] {processor.py:157} INFO - Started process (PID=5475) to work on /opt/airflow/dags/PythonOperator.py
[2023-12-03T07:25:29.508+0000] {processor.py:829} INFO - Processing file /opt/airflow/dags/PythonOperator.py for tasks to queue
[2023-12-03T07:25:29.510+0000] {logging_mixin.py:154} INFO - [2023-12-03T07:25:29.510+0000] {dagbag.py:536} INFO - Filling up the DagBag from /opt/airflow/dags/PythonOperator.py
[2023-12-03T07:25:29.516+0000] {processor.py:839} INFO - DAG(s) dict_keys(['PythonOperator']) retrieved from /opt/airflow/dags/PythonOperator.py
[2023-12-03T07:25:29.534+0000] {logging_mixin.py:154} INFO - [2023-12-03T07:25:29.534+0000] {dag.py:2941} INFO - Sync 1 DAGs
[2023-12-03T07:25:29.551+0000] {logging_mixin.py:154} INFO - [2023-12-03T07:25:29.551+0000] {dag.py:3722} INFO - Setting next_dagrun for PythonOperator to 2023-12-03T00:00:00+00:00, run_after=2023-12-04T00:00:00+00:00
[2023-12-03T07:25:29.567+0000] {processor.py:179} INFO - Processing /opt/airflow/dags/PythonOperator.py took 0.063 seconds
[2023-12-03T07:25:59.687+0000] {processor.py:157} INFO - Started process (PID=5537) to work on /opt/airflow/dags/PythonOperator.py
[2023-12-03T07:25:59.689+0000] {processor.py:829} INFO - Processing file /opt/airflow/dags/PythonOperator.py for tasks to queue
[2023-12-03T07:25:59.691+0000] {logging_mixin.py:154} INFO - [2023-12-03T07:25:59.691+0000] {dagbag.py:536} INFO - Filling up the DagBag from /opt/airflow/dags/PythonOperator.py
[2023-12-03T07:25:59.698+0000] {processor.py:839} INFO - DAG(s) dict_keys(['PythonOperator']) retrieved from /opt/airflow/dags/PythonOperator.py
[2023-12-03T07:25:59.728+0000] {logging_mixin.py:154} INFO - [2023-12-03T07:25:59.728+0000] {dag.py:2941} INFO - Sync 1 DAGs
[2023-12-03T07:25:59.747+0000] {logging_mixin.py:154} INFO - [2023-12-03T07:25:59.747+0000] {dag.py:3722} INFO - Setting next_dagrun for PythonOperator to 2023-12-03T00:00:00+00:00, run_after=2023-12-04T00:00:00+00:00
[2023-12-03T07:25:59.764+0000] {processor.py:179} INFO - Processing /opt/airflow/dags/PythonOperator.py took 0.080 seconds
[2023-12-03T07:40:59.457+0000] {processor.py:157} INFO - Started process (PID=5569) to work on /opt/airflow/dags/PythonOperator.py
[2023-12-03T07:40:59.461+0000] {processor.py:829} INFO - Processing file /opt/airflow/dags/PythonOperator.py for tasks to queue
[2023-12-03T07:40:59.471+0000] {logging_mixin.py:154} INFO - [2023-12-03T07:40:59.470+0000] {dagbag.py:536} INFO - Filling up the DagBag from /opt/airflow/dags/PythonOperator.py
[2023-12-03T07:40:59.494+0000] {processor.py:839} INFO - DAG(s) dict_keys(['PythonOperator']) retrieved from /opt/airflow/dags/PythonOperator.py
[2023-12-03T07:40:59.557+0000] {logging_mixin.py:154} INFO - [2023-12-03T07:40:59.557+0000] {dag.py:2941} INFO - Sync 1 DAGs
[2023-12-03T07:40:59.654+0000] {logging_mixin.py:154} INFO - [2023-12-03T07:40:59.654+0000] {dag.py:3722} INFO - Setting next_dagrun for PythonOperator to 2023-12-03T00:00:00+00:00, run_after=2023-12-04T00:00:00+00:00
[2023-12-03T07:40:59.756+0000] {processor.py:179} INFO - Processing /opt/airflow/dags/PythonOperator.py took 0.305 seconds
[2023-12-03T07:41:30.218+0000] {processor.py:157} INFO - Started process (PID=5632) to work on /opt/airflow/dags/PythonOperator.py
[2023-12-03T07:41:30.220+0000] {processor.py:829} INFO - Processing file /opt/airflow/dags/PythonOperator.py for tasks to queue
[2023-12-03T07:41:30.224+0000] {logging_mixin.py:154} INFO - [2023-12-03T07:41:30.223+0000] {dagbag.py:536} INFO - Filling up the DagBag from /opt/airflow/dags/PythonOperator.py
[2023-12-03T07:41:30.234+0000] {processor.py:839} INFO - DAG(s) dict_keys(['PythonOperator']) retrieved from /opt/airflow/dags/PythonOperator.py
[2023-12-03T07:41:30.271+0000] {logging_mixin.py:154} INFO - [2023-12-03T07:41:30.271+0000] {dag.py:2941} INFO - Sync 1 DAGs
[2023-12-03T07:41:30.297+0000] {logging_mixin.py:154} INFO - [2023-12-03T07:41:30.297+0000] {dag.py:3722} INFO - Setting next_dagrun for PythonOperator to 2023-12-03T00:00:00+00:00, run_after=2023-12-04T00:00:00+00:00
[2023-12-03T07:41:30.324+0000] {processor.py:179} INFO - Processing /opt/airflow/dags/PythonOperator.py took 0.110 seconds
[2023-12-03T07:42:00.588+0000] {processor.py:157} INFO - Started process (PID=5695) to work on /opt/airflow/dags/PythonOperator.py
[2023-12-03T07:42:00.591+0000] {processor.py:829} INFO - Processing file /opt/airflow/dags/PythonOperator.py for tasks to queue
[2023-12-03T07:42:00.594+0000] {logging_mixin.py:154} INFO - [2023-12-03T07:42:00.594+0000] {dagbag.py:536} INFO - Filling up the DagBag from /opt/airflow/dags/PythonOperator.py
[2023-12-03T07:42:00.605+0000] {processor.py:839} INFO - DAG(s) dict_keys(['PythonOperator']) retrieved from /opt/airflow/dags/PythonOperator.py
[2023-12-03T07:42:00.635+0000] {logging_mixin.py:154} INFO - [2023-12-03T07:42:00.635+0000] {dag.py:2941} INFO - Sync 1 DAGs
[2023-12-03T07:42:00.664+0000] {logging_mixin.py:154} INFO - [2023-12-03T07:42:00.664+0000] {dag.py:3722} INFO - Setting next_dagrun for PythonOperator to 2023-12-03T00:00:00+00:00, run_after=2023-12-04T00:00:00+00:00
[2023-12-03T07:42:00.835+0000] {processor.py:179} INFO - Processing /opt/airflow/dags/PythonOperator.py took 0.252 seconds
[2023-12-03T07:42:37.109+0000] {processor.py:157} INFO - Started process (PID=5758) to work on /opt/airflow/dags/PythonOperator.py
[2023-12-03T07:42:37.151+0000] {processor.py:829} INFO - Processing file /opt/airflow/dags/PythonOperator.py for tasks to queue
[2023-12-03T07:42:37.159+0000] {logging_mixin.py:154} INFO - [2023-12-03T07:42:37.159+0000] {dagbag.py:536} INFO - Filling up the DagBag from /opt/airflow/dags/PythonOperator.py
[2023-12-03T07:42:37.221+0000] {processor.py:839} INFO - DAG(s) dict_keys(['PythonOperator']) retrieved from /opt/airflow/dags/PythonOperator.py
[2023-12-03T07:42:37.754+0000] {logging_mixin.py:154} INFO - [2023-12-03T07:42:37.754+0000] {dag.py:2941} INFO - Sync 1 DAGs
[2023-12-03T07:42:37.910+0000] {logging_mixin.py:154} INFO - [2023-12-03T07:42:37.910+0000] {dag.py:3722} INFO - Setting next_dagrun for PythonOperator to 2023-12-03T00:00:00+00:00, run_after=2023-12-04T00:00:00+00:00
[2023-12-03T07:42:38.102+0000] {processor.py:179} INFO - Processing /opt/airflow/dags/PythonOperator.py took 1.011 seconds
