[2023-12-03T06:36:15.262+0000] {processor.py:157} INFO - Started process (PID=45) to work on /opt/airflow/dags/xcom.py
[2023-12-03T06:36:15.269+0000] {processor.py:829} INFO - Processing file /opt/airflow/dags/xcom.py for tasks to queue
[2023-12-03T06:36:15.279+0000] {logging_mixin.py:154} INFO - [2023-12-03T06:36:15.279+0000] {dagbag.py:536} INFO - Filling up the DagBag from /opt/airflow/dags/xcom.py
[2023-12-03T06:36:15.398+0000] {processor.py:839} INFO - DAG(s) dict_keys(['crone_exp']) retrieved from /opt/airflow/dags/xcom.py
[2023-12-03T06:36:18.089+0000] {logging_mixin.py:154} INFO - [2023-12-03T06:36:18.089+0000] {dag.py:2941} INFO - Sync 1 DAGs
[2023-12-03T06:36:18.350+0000] {logging_mixin.py:154} INFO - [2023-12-03T06:36:18.328+0000] {dag.py:3722} INFO - Setting next_dagrun for crone_exp to 2023-12-01T00:00:00+00:00, run_after=2023-12-02T00:00:00+00:00
[2023-12-03T06:36:18.860+0000] {processor.py:179} INFO - Processing /opt/airflow/dags/xcom.py took 3.641 seconds
[2023-12-03T06:38:16.939+0000] {processor.py:157} INFO - Started process (PID=143) to work on /opt/airflow/dags/xcom.py
[2023-12-03T06:38:17.022+0000] {processor.py:829} INFO - Processing file /opt/airflow/dags/xcom.py for tasks to queue
[2023-12-03T06:38:17.025+0000] {logging_mixin.py:154} INFO - [2023-12-03T06:38:17.025+0000] {dagbag.py:536} INFO - Filling up the DagBag from /opt/airflow/dags/xcom.py
[2023-12-03T06:38:17.087+0000] {processor.py:839} INFO - DAG(s) dict_keys(['crone_exp']) retrieved from /opt/airflow/dags/xcom.py
[2023-12-03T06:38:21.575+0000] {logging_mixin.py:154} INFO - [2023-12-03T06:38:21.574+0000] {dag.py:2941} INFO - Sync 1 DAGs
[2023-12-03T06:38:22.071+0000] {logging_mixin.py:154} INFO - [2023-12-03T06:38:22.071+0000] {dag.py:3722} INFO - Setting next_dagrun for crone_exp to 2023-12-03T00:00:00+00:00, run_after=2023-12-04T00:00:00+00:00
[2023-12-03T06:38:22.867+0000] {processor.py:179} INFO - Processing /opt/airflow/dags/xcom.py took 6.033 seconds
[2023-12-03T06:38:54.073+0000] {processor.py:157} INFO - Started process (PID=207) to work on /opt/airflow/dags/xcom.py
[2023-12-03T06:38:54.126+0000] {processor.py:829} INFO - Processing file /opt/airflow/dags/xcom.py for tasks to queue
[2023-12-03T06:38:54.150+0000] {logging_mixin.py:154} INFO - [2023-12-03T06:38:54.150+0000] {dagbag.py:536} INFO - Filling up the DagBag from /opt/airflow/dags/xcom.py
[2023-12-03T06:38:54.238+0000] {processor.py:839} INFO - DAG(s) dict_keys(['crone_exp']) retrieved from /opt/airflow/dags/xcom.py
[2023-12-03T06:38:54.458+0000] {logging_mixin.py:154} INFO - [2023-12-03T06:38:54.457+0000] {dag.py:2941} INFO - Sync 1 DAGs
[2023-12-03T06:38:54.674+0000] {logging_mixin.py:154} INFO - [2023-12-03T06:38:54.674+0000] {dag.py:3722} INFO - Setting next_dagrun for crone_exp to 2023-12-03T00:00:00+00:00, run_after=2023-12-04T00:00:00+00:00
[2023-12-03T06:38:55.277+0000] {processor.py:179} INFO - Processing /opt/airflow/dags/xcom.py took 1.230 seconds
[2023-12-03T06:39:30.039+0000] {processor.py:157} INFO - Started process (PID=274) to work on /opt/airflow/dags/xcom.py
[2023-12-03T06:39:30.059+0000] {processor.py:829} INFO - Processing file /opt/airflow/dags/xcom.py for tasks to queue
[2023-12-03T06:39:30.065+0000] {logging_mixin.py:154} INFO - [2023-12-03T06:39:30.065+0000] {dagbag.py:536} INFO - Filling up the DagBag from /opt/airflow/dags/xcom.py
[2023-12-03T06:39:30.077+0000] {processor.py:839} INFO - DAG(s) dict_keys(['crone_exp']) retrieved from /opt/airflow/dags/xcom.py
[2023-12-03T06:39:30.665+0000] {logging_mixin.py:154} INFO - [2023-12-03T06:39:30.665+0000] {dag.py:2941} INFO - Sync 1 DAGs
[2023-12-03T06:39:30.818+0000] {logging_mixin.py:154} INFO - [2023-12-03T06:39:30.818+0000] {dag.py:3722} INFO - Setting next_dagrun for crone_exp to 2023-12-03T00:00:00+00:00, run_after=2023-12-04T00:00:00+00:00
[2023-12-03T06:39:31.952+0000] {processor.py:179} INFO - Processing /opt/airflow/dags/xcom.py took 1.925 seconds
[2023-12-03T06:40:17.857+0000] {processor.py:157} INFO - Started process (PID=337) to work on /opt/airflow/dags/xcom.py
[2023-12-03T06:40:17.864+0000] {processor.py:829} INFO - Processing file /opt/airflow/dags/xcom.py for tasks to queue
[2023-12-03T06:40:17.875+0000] {logging_mixin.py:154} INFO - [2023-12-03T06:40:17.870+0000] {dagbag.py:536} INFO - Filling up the DagBag from /opt/airflow/dags/xcom.py
[2023-12-03T06:40:17.925+0000] {processor.py:839} INFO - DAG(s) dict_keys(['crone_exp']) retrieved from /opt/airflow/dags/xcom.py
[2023-12-03T06:40:18.362+0000] {logging_mixin.py:154} INFO - [2023-12-03T06:40:18.362+0000] {dag.py:2941} INFO - Sync 1 DAGs
[2023-12-03T06:40:18.507+0000] {logging_mixin.py:154} INFO - [2023-12-03T06:40:18.502+0000] {dag.py:3722} INFO - Setting next_dagrun for crone_exp to 2023-12-03T00:00:00+00:00, run_after=2023-12-04T00:00:00+00:00
[2023-12-03T06:40:18.688+0000] {processor.py:179} INFO - Processing /opt/airflow/dags/xcom.py took 0.838 seconds
[2023-12-03T06:40:50.632+0000] {processor.py:157} INFO - Started process (PID=400) to work on /opt/airflow/dags/xcom.py
[2023-12-03T06:40:50.649+0000] {processor.py:829} INFO - Processing file /opt/airflow/dags/xcom.py for tasks to queue
[2023-12-03T06:40:50.653+0000] {logging_mixin.py:154} INFO - [2023-12-03T06:40:50.652+0000] {dagbag.py:536} INFO - Filling up the DagBag from /opt/airflow/dags/xcom.py
[2023-12-03T06:40:50.702+0000] {processor.py:839} INFO - DAG(s) dict_keys(['crone_exp']) retrieved from /opt/airflow/dags/xcom.py
[2023-12-03T06:40:50.995+0000] {logging_mixin.py:154} INFO - [2023-12-03T06:40:50.995+0000] {dag.py:2941} INFO - Sync 1 DAGs
[2023-12-03T06:40:51.203+0000] {logging_mixin.py:154} INFO - [2023-12-03T06:40:51.203+0000] {dag.py:3722} INFO - Setting next_dagrun for crone_exp to 2023-12-03T00:00:00+00:00, run_after=2023-12-04T00:00:00+00:00
[2023-12-03T06:40:51.473+0000] {processor.py:179} INFO - Processing /opt/airflow/dags/xcom.py took 0.867 seconds
[2023-12-03T06:41:24.865+0000] {processor.py:157} INFO - Started process (PID=462) to work on /opt/airflow/dags/xcom.py
[2023-12-03T06:41:24.895+0000] {processor.py:829} INFO - Processing file /opt/airflow/dags/xcom.py for tasks to queue
[2023-12-03T06:41:24.906+0000] {logging_mixin.py:154} INFO - [2023-12-03T06:41:24.905+0000] {dagbag.py:536} INFO - Filling up the DagBag from /opt/airflow/dags/xcom.py
[2023-12-03T06:41:25.094+0000] {processor.py:839} INFO - DAG(s) dict_keys(['crone_exp']) retrieved from /opt/airflow/dags/xcom.py
[2023-12-03T06:41:25.947+0000] {logging_mixin.py:154} INFO - [2023-12-03T06:41:25.946+0000] {dag.py:2941} INFO - Sync 1 DAGs
[2023-12-03T06:41:26.083+0000] {logging_mixin.py:154} INFO - [2023-12-03T06:41:26.079+0000] {dag.py:3722} INFO - Setting next_dagrun for crone_exp to 2023-12-03T00:00:00+00:00, run_after=2023-12-04T00:00:00+00:00
[2023-12-03T06:41:26.452+0000] {processor.py:179} INFO - Processing /opt/airflow/dags/xcom.py took 1.609 seconds
[2023-12-03T06:42:04.144+0000] {processor.py:157} INFO - Started process (PID=526) to work on /opt/airflow/dags/xcom.py
[2023-12-03T06:42:04.163+0000] {processor.py:829} INFO - Processing file /opt/airflow/dags/xcom.py for tasks to queue
[2023-12-03T06:42:04.167+0000] {logging_mixin.py:154} INFO - [2023-12-03T06:42:04.166+0000] {dagbag.py:536} INFO - Filling up the DagBag from /opt/airflow/dags/xcom.py
[2023-12-03T06:42:04.194+0000] {processor.py:839} INFO - DAG(s) dict_keys(['crone_exp']) retrieved from /opt/airflow/dags/xcom.py
[2023-12-03T06:42:04.635+0000] {logging_mixin.py:154} INFO - [2023-12-03T06:42:04.635+0000] {dag.py:2941} INFO - Sync 1 DAGs
[2023-12-03T06:42:04.908+0000] {logging_mixin.py:154} INFO - [2023-12-03T06:42:04.904+0000] {dag.py:3722} INFO - Setting next_dagrun for crone_exp to 2023-12-03T00:00:00+00:00, run_after=2023-12-04T00:00:00+00:00
[2023-12-03T06:42:05.489+0000] {processor.py:179} INFO - Processing /opt/airflow/dags/xcom.py took 1.373 seconds
[2023-12-03T06:42:37.266+0000] {processor.py:157} INFO - Started process (PID=587) to work on /opt/airflow/dags/xcom.py
[2023-12-03T06:42:37.298+0000] {processor.py:829} INFO - Processing file /opt/airflow/dags/xcom.py for tasks to queue
[2023-12-03T06:42:37.380+0000] {logging_mixin.py:154} INFO - [2023-12-03T06:42:37.367+0000] {dagbag.py:536} INFO - Filling up the DagBag from /opt/airflow/dags/xcom.py
[2023-12-03T06:42:37.447+0000] {processor.py:839} INFO - DAG(s) dict_keys(['crone_exp']) retrieved from /opt/airflow/dags/xcom.py
[2023-12-03T06:42:39.240+0000] {logging_mixin.py:154} INFO - [2023-12-03T06:42:39.239+0000] {dag.py:2941} INFO - Sync 1 DAGs
[2023-12-03T06:42:39.449+0000] {logging_mixin.py:154} INFO - [2023-12-03T06:42:39.449+0000] {dag.py:3722} INFO - Setting next_dagrun for crone_exp to 2023-12-03T00:00:00+00:00, run_after=2023-12-04T00:00:00+00:00
[2023-12-03T06:42:40.040+0000] {processor.py:179} INFO - Processing /opt/airflow/dags/xcom.py took 2.842 seconds
[2023-12-03T06:43:17.565+0000] {processor.py:157} INFO - Started process (PID=640) to work on /opt/airflow/dags/xcom.py
[2023-12-03T06:43:17.625+0000] {processor.py:829} INFO - Processing file /opt/airflow/dags/xcom.py for tasks to queue
[2023-12-03T06:43:17.629+0000] {logging_mixin.py:154} INFO - [2023-12-03T06:43:17.629+0000] {dagbag.py:536} INFO - Filling up the DagBag from /opt/airflow/dags/xcom.py
[2023-12-03T06:43:17.646+0000] {processor.py:839} INFO - DAG(s) dict_keys(['crone_exp']) retrieved from /opt/airflow/dags/xcom.py
[2023-12-03T06:43:17.784+0000] {logging_mixin.py:154} INFO - [2023-12-03T06:43:17.784+0000] {dag.py:2941} INFO - Sync 1 DAGs
[2023-12-03T06:43:17.862+0000] {logging_mixin.py:154} INFO - [2023-12-03T06:43:17.862+0000] {dag.py:3722} INFO - Setting next_dagrun for crone_exp to 2023-12-03T00:00:00+00:00, run_after=2023-12-04T00:00:00+00:00
[2023-12-03T06:43:18.046+0000] {processor.py:179} INFO - Processing /opt/airflow/dags/xcom.py took 0.516 seconds
[2023-12-03T06:43:51.828+0000] {processor.py:157} INFO - Started process (PID=687) to work on /opt/airflow/dags/xcom.py
[2023-12-03T06:43:51.874+0000] {processor.py:829} INFO - Processing file /opt/airflow/dags/xcom.py for tasks to queue
[2023-12-03T06:43:51.882+0000] {logging_mixin.py:154} INFO - [2023-12-03T06:43:51.882+0000] {dagbag.py:536} INFO - Filling up the DagBag from /opt/airflow/dags/xcom.py
[2023-12-03T06:43:51.965+0000] {processor.py:839} INFO - DAG(s) dict_keys(['crone_exp']) retrieved from /opt/airflow/dags/xcom.py
[2023-12-03T06:43:52.125+0000] {logging_mixin.py:154} INFO - [2023-12-03T06:43:52.125+0000] {dag.py:2941} INFO - Sync 1 DAGs
[2023-12-03T06:43:52.392+0000] {logging_mixin.py:154} INFO - [2023-12-03T06:43:52.391+0000] {dag.py:3722} INFO - Setting next_dagrun for crone_exp to 2023-12-03T00:00:00+00:00, run_after=2023-12-04T00:00:00+00:00
[2023-12-03T06:43:53.153+0000] {processor.py:179} INFO - Processing /opt/airflow/dags/xcom.py took 1.332 seconds
[2023-12-03T06:44:30.143+0000] {processor.py:157} INFO - Started process (PID=751) to work on /opt/airflow/dags/xcom.py
[2023-12-03T06:44:30.202+0000] {processor.py:829} INFO - Processing file /opt/airflow/dags/xcom.py for tasks to queue
[2023-12-03T06:44:30.248+0000] {logging_mixin.py:154} INFO - [2023-12-03T06:44:30.243+0000] {dagbag.py:536} INFO - Filling up the DagBag from /opt/airflow/dags/xcom.py
[2023-12-03T06:44:30.300+0000] {processor.py:839} INFO - DAG(s) dict_keys(['crone_exp']) retrieved from /opt/airflow/dags/xcom.py
[2023-12-03T06:44:31.567+0000] {logging_mixin.py:154} INFO - [2023-12-03T06:44:31.566+0000] {dag.py:2941} INFO - Sync 1 DAGs
[2023-12-03T06:44:31.722+0000] {logging_mixin.py:154} INFO - [2023-12-03T06:44:31.722+0000] {dag.py:3722} INFO - Setting next_dagrun for crone_exp to 2023-12-03T00:00:00+00:00, run_after=2023-12-04T00:00:00+00:00
[2023-12-03T06:44:32.131+0000] {processor.py:179} INFO - Processing /opt/airflow/dags/xcom.py took 2.006 seconds
[2023-12-03T06:45:14.181+0000] {processor.py:157} INFO - Started process (PID=823) to work on /opt/airflow/dags/xcom.py
[2023-12-03T06:45:14.220+0000] {processor.py:829} INFO - Processing file /opt/airflow/dags/xcom.py for tasks to queue
[2023-12-03T06:45:14.234+0000] {logging_mixin.py:154} INFO - [2023-12-03T06:45:14.234+0000] {dagbag.py:536} INFO - Filling up the DagBag from /opt/airflow/dags/xcom.py
[2023-12-03T06:45:14.300+0000] {processor.py:839} INFO - DAG(s) dict_keys(['crone_exp']) retrieved from /opt/airflow/dags/xcom.py
[2023-12-03T06:45:14.452+0000] {logging_mixin.py:154} INFO - [2023-12-03T06:45:14.452+0000] {dag.py:2941} INFO - Sync 1 DAGs
[2023-12-03T06:45:14.557+0000] {logging_mixin.py:154} INFO - [2023-12-03T06:45:14.557+0000] {dag.py:3722} INFO - Setting next_dagrun for crone_exp to 2023-12-03T00:00:00+00:00, run_after=2023-12-04T00:00:00+00:00
[2023-12-03T06:45:14.695+0000] {processor.py:179} INFO - Processing /opt/airflow/dags/xcom.py took 0.562 seconds
[2023-12-03T06:45:56.374+0000] {processor.py:157} INFO - Started process (PID=883) to work on /opt/airflow/dags/xcom.py
[2023-12-03T06:45:56.417+0000] {processor.py:829} INFO - Processing file /opt/airflow/dags/xcom.py for tasks to queue
[2023-12-03T06:45:56.433+0000] {logging_mixin.py:154} INFO - [2023-12-03T06:45:56.432+0000] {dagbag.py:536} INFO - Filling up the DagBag from /opt/airflow/dags/xcom.py
[2023-12-03T06:45:56.529+0000] {processor.py:839} INFO - DAG(s) dict_keys(['crone_exp']) retrieved from /opt/airflow/dags/xcom.py
[2023-12-03T06:45:57.822+0000] {logging_mixin.py:154} INFO - [2023-12-03T06:45:57.819+0000] {dag.py:2941} INFO - Sync 1 DAGs
[2023-12-03T06:45:57.967+0000] {logging_mixin.py:154} INFO - [2023-12-03T06:45:57.966+0000] {dag.py:3722} INFO - Setting next_dagrun for crone_exp to 2023-12-03T00:00:00+00:00, run_after=2023-12-04T00:00:00+00:00
[2023-12-03T06:45:58.502+0000] {processor.py:179} INFO - Processing /opt/airflow/dags/xcom.py took 2.176 seconds
[2023-12-03T06:46:32.532+0000] {processor.py:157} INFO - Started process (PID=935) to work on /opt/airflow/dags/xcom.py
[2023-12-03T06:46:32.536+0000] {processor.py:829} INFO - Processing file /opt/airflow/dags/xcom.py for tasks to queue
[2023-12-03T06:46:32.540+0000] {logging_mixin.py:154} INFO - [2023-12-03T06:46:32.540+0000] {dagbag.py:536} INFO - Filling up the DagBag from /opt/airflow/dags/xcom.py
[2023-12-03T06:46:32.602+0000] {processor.py:839} INFO - DAG(s) dict_keys(['crone_exp']) retrieved from /opt/airflow/dags/xcom.py
[2023-12-03T06:46:32.821+0000] {logging_mixin.py:154} INFO - [2023-12-03T06:46:32.820+0000] {dag.py:2941} INFO - Sync 1 DAGs
[2023-12-03T06:46:32.931+0000] {logging_mixin.py:154} INFO - [2023-12-03T06:46:32.931+0000] {dag.py:3722} INFO - Setting next_dagrun for crone_exp to 2023-12-03T00:00:00+00:00, run_after=2023-12-04T00:00:00+00:00
[2023-12-03T06:46:33.180+0000] {processor.py:179} INFO - Processing /opt/airflow/dags/xcom.py took 0.665 seconds
[2023-12-03T06:47:08.927+0000] {processor.py:157} INFO - Started process (PID=990) to work on /opt/airflow/dags/xcom.py
[2023-12-03T06:47:08.991+0000] {processor.py:829} INFO - Processing file /opt/airflow/dags/xcom.py for tasks to queue
[2023-12-03T06:47:09.026+0000] {logging_mixin.py:154} INFO - [2023-12-03T06:47:09.026+0000] {dagbag.py:536} INFO - Filling up the DagBag from /opt/airflow/dags/xcom.py
[2023-12-03T06:47:09.067+0000] {processor.py:839} INFO - DAG(s) dict_keys(['crone_exp']) retrieved from /opt/airflow/dags/xcom.py
[2023-12-03T06:47:09.348+0000] {logging_mixin.py:154} INFO - [2023-12-03T06:47:09.339+0000] {dag.py:2941} INFO - Sync 1 DAGs
[2023-12-03T06:47:09.493+0000] {logging_mixin.py:154} INFO - [2023-12-03T06:47:09.492+0000] {dag.py:3722} INFO - Setting next_dagrun for crone_exp to 2023-12-03T00:00:00+00:00, run_after=2023-12-04T00:00:00+00:00
[2023-12-03T06:47:10.479+0000] {processor.py:179} INFO - Processing /opt/airflow/dags/xcom.py took 1.562 seconds
[2023-12-03T06:47:46.717+0000] {processor.py:157} INFO - Started process (PID=1032) to work on /opt/airflow/dags/xcom.py
[2023-12-03T06:47:46.750+0000] {processor.py:829} INFO - Processing file /opt/airflow/dags/xcom.py for tasks to queue
[2023-12-03T06:47:46.961+0000] {logging_mixin.py:154} INFO - [2023-12-03T06:47:46.863+0000] {dagbag.py:536} INFO - Filling up the DagBag from /opt/airflow/dags/xcom.py
[2023-12-03T06:47:47.255+0000] {processor.py:839} INFO - DAG(s) dict_keys(['crone_exp']) retrieved from /opt/airflow/dags/xcom.py
[2023-12-03T06:47:48.562+0000] {logging_mixin.py:154} INFO - [2023-12-03T06:47:48.562+0000] {dag.py:2941} INFO - Sync 1 DAGs
[2023-12-03T06:47:48.796+0000] {logging_mixin.py:154} INFO - [2023-12-03T06:47:48.796+0000] {dag.py:3722} INFO - Setting next_dagrun for crone_exp to 2023-12-03T00:00:00+00:00, run_after=2023-12-04T00:00:00+00:00
[2023-12-03T06:47:50.547+0000] {processor.py:179} INFO - Processing /opt/airflow/dags/xcom.py took 3.856 seconds
[2023-12-03T06:48:35.366+0000] {processor.py:157} INFO - Started process (PID=1099) to work on /opt/airflow/dags/xcom.py
[2023-12-03T06:48:35.381+0000] {processor.py:829} INFO - Processing file /opt/airflow/dags/xcom.py for tasks to queue
[2023-12-03T06:48:35.386+0000] {logging_mixin.py:154} INFO - [2023-12-03T06:48:35.386+0000] {dagbag.py:536} INFO - Filling up the DagBag from /opt/airflow/dags/xcom.py
[2023-12-03T06:48:35.400+0000] {processor.py:839} INFO - DAG(s) dict_keys(['crone_exp']) retrieved from /opt/airflow/dags/xcom.py
[2023-12-03T06:48:35.605+0000] {logging_mixin.py:154} INFO - [2023-12-03T06:48:35.605+0000] {dag.py:2941} INFO - Sync 1 DAGs
[2023-12-03T06:48:35.729+0000] {logging_mixin.py:154} INFO - [2023-12-03T06:48:35.728+0000] {dag.py:3722} INFO - Setting next_dagrun for crone_exp to 2023-12-03T00:00:00+00:00, run_after=2023-12-04T00:00:00+00:00
[2023-12-03T06:48:36.148+0000] {processor.py:179} INFO - Processing /opt/airflow/dags/xcom.py took 0.787 seconds
[2023-12-03T06:49:06.727+0000] {processor.py:157} INFO - Started process (PID=1157) to work on /opt/airflow/dags/xcom.py
[2023-12-03T06:49:06.786+0000] {processor.py:829} INFO - Processing file /opt/airflow/dags/xcom.py for tasks to queue
[2023-12-03T06:49:06.816+0000] {logging_mixin.py:154} INFO - [2023-12-03T06:49:06.811+0000] {dagbag.py:536} INFO - Filling up the DagBag from /opt/airflow/dags/xcom.py
[2023-12-03T06:49:06.898+0000] {processor.py:839} INFO - DAG(s) dict_keys(['crone_exp']) retrieved from /opt/airflow/dags/xcom.py
[2023-12-03T06:49:07.223+0000] {logging_mixin.py:154} INFO - [2023-12-03T06:49:07.223+0000] {dag.py:2941} INFO - Sync 1 DAGs
[2023-12-03T06:49:08.294+0000] {logging_mixin.py:154} INFO - [2023-12-03T06:49:08.289+0000] {dag.py:3722} INFO - Setting next_dagrun for crone_exp to 2023-12-03T00:00:00+00:00, run_after=2023-12-04T00:00:00+00:00
[2023-12-03T06:49:08.610+0000] {processor.py:179} INFO - Processing /opt/airflow/dags/xcom.py took 1.896 seconds
[2023-12-03T06:49:38.743+0000] {processor.py:157} INFO - Started process (PID=1216) to work on /opt/airflow/dags/xcom.py
[2023-12-03T06:49:38.744+0000] {processor.py:829} INFO - Processing file /opt/airflow/dags/xcom.py for tasks to queue
[2023-12-03T06:49:38.747+0000] {logging_mixin.py:154} INFO - [2023-12-03T06:49:38.747+0000] {dagbag.py:536} INFO - Filling up the DagBag from /opt/airflow/dags/xcom.py
[2023-12-03T06:49:38.756+0000] {processor.py:839} INFO - DAG(s) dict_keys(['crone_exp']) retrieved from /opt/airflow/dags/xcom.py
[2023-12-03T06:49:38.843+0000] {logging_mixin.py:154} INFO - [2023-12-03T06:49:38.843+0000] {dag.py:2941} INFO - Sync 1 DAGs
[2023-12-03T06:49:39.001+0000] {logging_mixin.py:154} INFO - [2023-12-03T06:49:39.000+0000] {dag.py:3722} INFO - Setting next_dagrun for crone_exp to 2023-12-03T00:00:00+00:00, run_after=2023-12-04T00:00:00+00:00
[2023-12-03T06:49:39.056+0000] {processor.py:179} INFO - Processing /opt/airflow/dags/xcom.py took 0.317 seconds
[2023-12-03T06:50:24.408+0000] {processor.py:157} INFO - Started process (PID=1287) to work on /opt/airflow/dags/xcom.py
[2023-12-03T06:50:24.522+0000] {processor.py:829} INFO - Processing file /opt/airflow/dags/xcom.py for tasks to queue
[2023-12-03T06:50:24.566+0000] {logging_mixin.py:154} INFO - [2023-12-03T06:50:24.565+0000] {dagbag.py:536} INFO - Filling up the DagBag from /opt/airflow/dags/xcom.py
[2023-12-03T06:50:24.627+0000] {processor.py:839} INFO - DAG(s) dict_keys(['crone_exp']) retrieved from /opt/airflow/dags/xcom.py
[2023-12-03T06:50:25.756+0000] {logging_mixin.py:154} INFO - [2023-12-03T06:50:25.756+0000] {dag.py:2941} INFO - Sync 1 DAGs
[2023-12-03T06:50:25.886+0000] {logging_mixin.py:154} INFO - [2023-12-03T06:50:25.883+0000] {dag.py:3722} INFO - Setting next_dagrun for crone_exp to 2023-12-03T00:00:00+00:00, run_after=2023-12-04T00:00:00+00:00
[2023-12-03T06:50:26.538+0000] {processor.py:179} INFO - Processing /opt/airflow/dags/xcom.py took 2.146 seconds
[2023-12-03T06:50:58.422+0000] {processor.py:157} INFO - Started process (PID=1350) to work on /opt/airflow/dags/xcom.py
[2023-12-03T06:50:58.425+0000] {processor.py:829} INFO - Processing file /opt/airflow/dags/xcom.py for tasks to queue
[2023-12-03T06:50:58.427+0000] {logging_mixin.py:154} INFO - [2023-12-03T06:50:58.427+0000] {dagbag.py:536} INFO - Filling up the DagBag from /opt/airflow/dags/xcom.py
[2023-12-03T06:50:58.443+0000] {processor.py:839} INFO - DAG(s) dict_keys(['crone_exp']) retrieved from /opt/airflow/dags/xcom.py
[2023-12-03T06:50:58.662+0000] {logging_mixin.py:154} INFO - [2023-12-03T06:50:58.659+0000] {dag.py:2941} INFO - Sync 1 DAGs
[2023-12-03T06:50:58.790+0000] {logging_mixin.py:154} INFO - [2023-12-03T06:50:58.790+0000] {dag.py:3722} INFO - Setting next_dagrun for crone_exp to 2023-12-03T00:00:00+00:00, run_after=2023-12-04T00:00:00+00:00
[2023-12-03T06:50:59.007+0000] {processor.py:179} INFO - Processing /opt/airflow/dags/xcom.py took 0.588 seconds
[2023-12-03T06:51:29.820+0000] {processor.py:157} INFO - Started process (PID=1413) to work on /opt/airflow/dags/xcom.py
[2023-12-03T06:51:29.824+0000] {processor.py:829} INFO - Processing file /opt/airflow/dags/xcom.py for tasks to queue
[2023-12-03T06:51:29.827+0000] {logging_mixin.py:154} INFO - [2023-12-03T06:51:29.827+0000] {dagbag.py:536} INFO - Filling up the DagBag from /opt/airflow/dags/xcom.py
[2023-12-03T06:51:29.836+0000] {processor.py:839} INFO - DAG(s) dict_keys(['crone_exp']) retrieved from /opt/airflow/dags/xcom.py
[2023-12-03T06:51:29.938+0000] {logging_mixin.py:154} INFO - [2023-12-03T06:51:29.938+0000] {dag.py:2941} INFO - Sync 1 DAGs
[2023-12-03T06:51:29.958+0000] {logging_mixin.py:154} INFO - [2023-12-03T06:51:29.957+0000] {dag.py:3722} INFO - Setting next_dagrun for crone_exp to 2023-12-03T00:00:00+00:00, run_after=2023-12-04T00:00:00+00:00
[2023-12-03T06:51:29.980+0000] {processor.py:179} INFO - Processing /opt/airflow/dags/xcom.py took 0.164 seconds
[2023-12-03T06:52:00.228+0000] {processor.py:157} INFO - Started process (PID=1476) to work on /opt/airflow/dags/xcom.py
[2023-12-03T06:52:00.251+0000] {processor.py:829} INFO - Processing file /opt/airflow/dags/xcom.py for tasks to queue
[2023-12-03T06:52:00.254+0000] {logging_mixin.py:154} INFO - [2023-12-03T06:52:00.253+0000] {dagbag.py:536} INFO - Filling up the DagBag from /opt/airflow/dags/xcom.py
[2023-12-03T06:52:00.262+0000] {processor.py:839} INFO - DAG(s) dict_keys(['crone_exp']) retrieved from /opt/airflow/dags/xcom.py
[2023-12-03T06:52:00.285+0000] {logging_mixin.py:154} INFO - [2023-12-03T06:52:00.285+0000] {dag.py:2941} INFO - Sync 1 DAGs
[2023-12-03T06:52:00.304+0000] {logging_mixin.py:154} INFO - [2023-12-03T06:52:00.304+0000] {dag.py:3722} INFO - Setting next_dagrun for crone_exp to 2023-12-03T00:00:00+00:00, run_after=2023-12-04T00:00:00+00:00
[2023-12-03T06:52:00.325+0000] {processor.py:179} INFO - Processing /opt/airflow/dags/xcom.py took 0.101 seconds
[2023-12-03T06:52:30.549+0000] {processor.py:157} INFO - Started process (PID=1538) to work on /opt/airflow/dags/xcom.py
[2023-12-03T06:52:30.572+0000] {processor.py:829} INFO - Processing file /opt/airflow/dags/xcom.py for tasks to queue
[2023-12-03T06:52:30.574+0000] {logging_mixin.py:154} INFO - [2023-12-03T06:52:30.574+0000] {dagbag.py:536} INFO - Filling up the DagBag from /opt/airflow/dags/xcom.py
[2023-12-03T06:52:30.582+0000] {processor.py:839} INFO - DAG(s) dict_keys(['crone_exp']) retrieved from /opt/airflow/dags/xcom.py
[2023-12-03T06:52:30.597+0000] {logging_mixin.py:154} INFO - [2023-12-03T06:52:30.597+0000] {dag.py:2941} INFO - Sync 1 DAGs
[2023-12-03T06:52:30.619+0000] {logging_mixin.py:154} INFO - [2023-12-03T06:52:30.619+0000] {dag.py:3722} INFO - Setting next_dagrun for crone_exp to 2023-12-03T00:00:00+00:00, run_after=2023-12-04T00:00:00+00:00
[2023-12-03T06:52:30.642+0000] {processor.py:179} INFO - Processing /opt/airflow/dags/xcom.py took 0.096 seconds
[2023-12-03T06:53:01.578+0000] {processor.py:157} INFO - Started process (PID=1600) to work on /opt/airflow/dags/xcom.py
[2023-12-03T06:53:01.586+0000] {processor.py:829} INFO - Processing file /opt/airflow/dags/xcom.py for tasks to queue
[2023-12-03T06:53:01.588+0000] {logging_mixin.py:154} INFO - [2023-12-03T06:53:01.588+0000] {dagbag.py:536} INFO - Filling up the DagBag from /opt/airflow/dags/xcom.py
[2023-12-03T06:53:01.598+0000] {processor.py:839} INFO - DAG(s) dict_keys(['crone_exp']) retrieved from /opt/airflow/dags/xcom.py
[2023-12-03T06:53:01.722+0000] {logging_mixin.py:154} INFO - [2023-12-03T06:53:01.722+0000] {dag.py:2941} INFO - Sync 1 DAGs
[2023-12-03T06:53:01.749+0000] {logging_mixin.py:154} INFO - [2023-12-03T06:53:01.748+0000] {dag.py:3722} INFO - Setting next_dagrun for crone_exp to 2023-12-03T00:00:00+00:00, run_after=2023-12-04T00:00:00+00:00
[2023-12-03T06:53:01.780+0000] {processor.py:179} INFO - Processing /opt/airflow/dags/xcom.py took 0.206 seconds
[2023-12-03T06:53:32.488+0000] {processor.py:157} INFO - Started process (PID=1663) to work on /opt/airflow/dags/xcom.py
[2023-12-03T06:53:32.489+0000] {processor.py:829} INFO - Processing file /opt/airflow/dags/xcom.py for tasks to queue
[2023-12-03T06:53:32.491+0000] {logging_mixin.py:154} INFO - [2023-12-03T06:53:32.491+0000] {dagbag.py:536} INFO - Filling up the DagBag from /opt/airflow/dags/xcom.py
[2023-12-03T06:53:32.500+0000] {processor.py:839} INFO - DAG(s) dict_keys(['crone_exp']) retrieved from /opt/airflow/dags/xcom.py
[2023-12-03T06:53:32.517+0000] {logging_mixin.py:154} INFO - [2023-12-03T06:53:32.517+0000] {dag.py:2941} INFO - Sync 1 DAGs
[2023-12-03T06:53:32.535+0000] {logging_mixin.py:154} INFO - [2023-12-03T06:53:32.535+0000] {dag.py:3722} INFO - Setting next_dagrun for crone_exp to 2023-12-03T00:00:00+00:00, run_after=2023-12-04T00:00:00+00:00
[2023-12-03T06:53:32.552+0000] {processor.py:179} INFO - Processing /opt/airflow/dags/xcom.py took 0.067 seconds
[2023-12-03T06:54:03.001+0000] {processor.py:157} INFO - Started process (PID=1725) to work on /opt/airflow/dags/xcom.py
[2023-12-03T06:54:03.024+0000] {processor.py:829} INFO - Processing file /opt/airflow/dags/xcom.py for tasks to queue
[2023-12-03T06:54:03.027+0000] {logging_mixin.py:154} INFO - [2023-12-03T06:54:03.026+0000] {dagbag.py:536} INFO - Filling up the DagBag from /opt/airflow/dags/xcom.py
[2023-12-03T06:54:03.033+0000] {processor.py:839} INFO - DAG(s) dict_keys(['crone_exp']) retrieved from /opt/airflow/dags/xcom.py
[2023-12-03T06:54:03.046+0000] {logging_mixin.py:154} INFO - [2023-12-03T06:54:03.046+0000] {dag.py:2941} INFO - Sync 1 DAGs
[2023-12-03T06:54:03.064+0000] {logging_mixin.py:154} INFO - [2023-12-03T06:54:03.064+0000] {dag.py:3722} INFO - Setting next_dagrun for crone_exp to 2023-12-03T00:00:00+00:00, run_after=2023-12-04T00:00:00+00:00
[2023-12-03T06:54:03.083+0000] {processor.py:179} INFO - Processing /opt/airflow/dags/xcom.py took 0.084 seconds
[2023-12-03T06:54:33.248+0000] {processor.py:157} INFO - Started process (PID=1788) to work on /opt/airflow/dags/xcom.py
[2023-12-03T06:54:33.271+0000] {processor.py:829} INFO - Processing file /opt/airflow/dags/xcom.py for tasks to queue
[2023-12-03T06:54:33.274+0000] {logging_mixin.py:154} INFO - [2023-12-03T06:54:33.273+0000] {dagbag.py:536} INFO - Filling up the DagBag from /opt/airflow/dags/xcom.py
[2023-12-03T06:54:33.281+0000] {processor.py:839} INFO - DAG(s) dict_keys(['crone_exp']) retrieved from /opt/airflow/dags/xcom.py
[2023-12-03T06:54:33.364+0000] {logging_mixin.py:154} INFO - [2023-12-03T06:54:33.364+0000] {dag.py:2941} INFO - Sync 1 DAGs
[2023-12-03T06:54:33.379+0000] {logging_mixin.py:154} INFO - [2023-12-03T06:54:33.379+0000] {dag.py:3722} INFO - Setting next_dagrun for crone_exp to 2023-12-03T00:00:00+00:00, run_after=2023-12-04T00:00:00+00:00
[2023-12-03T06:54:33.418+0000] {processor.py:179} INFO - Processing /opt/airflow/dags/xcom.py took 0.174 seconds
[2023-12-03T06:55:04.236+0000] {processor.py:157} INFO - Started process (PID=1851) to work on /opt/airflow/dags/xcom.py
[2023-12-03T06:55:04.258+0000] {processor.py:829} INFO - Processing file /opt/airflow/dags/xcom.py for tasks to queue
[2023-12-03T06:55:04.261+0000] {logging_mixin.py:154} INFO - [2023-12-03T06:55:04.260+0000] {dagbag.py:536} INFO - Filling up the DagBag from /opt/airflow/dags/xcom.py
[2023-12-03T06:55:04.267+0000] {processor.py:839} INFO - DAG(s) dict_keys(['crone_exp']) retrieved from /opt/airflow/dags/xcom.py
[2023-12-03T06:55:04.285+0000] {logging_mixin.py:154} INFO - [2023-12-03T06:55:04.285+0000] {dag.py:2941} INFO - Sync 1 DAGs
[2023-12-03T06:55:04.302+0000] {logging_mixin.py:154} INFO - [2023-12-03T06:55:04.302+0000] {dag.py:3722} INFO - Setting next_dagrun for crone_exp to 2023-12-03T00:00:00+00:00, run_after=2023-12-04T00:00:00+00:00
[2023-12-03T06:55:04.321+0000] {processor.py:179} INFO - Processing /opt/airflow/dags/xcom.py took 0.089 seconds
[2023-12-03T06:55:46.176+0000] {processor.py:157} INFO - Started process (PID=1900) to work on /opt/airflow/dags/xcom.py
[2023-12-03T06:55:46.199+0000] {processor.py:829} INFO - Processing file /opt/airflow/dags/xcom.py for tasks to queue
[2023-12-03T06:55:46.207+0000] {logging_mixin.py:154} INFO - [2023-12-03T06:55:46.206+0000] {dagbag.py:536} INFO - Filling up the DagBag from /opt/airflow/dags/xcom.py
[2023-12-03T06:55:46.322+0000] {processor.py:839} INFO - DAG(s) dict_keys(['crone_exp']) retrieved from /opt/airflow/dags/xcom.py
[2023-12-03T06:55:47.905+0000] {logging_mixin.py:154} INFO - [2023-12-03T06:55:47.905+0000] {dag.py:2941} INFO - Sync 1 DAGs
[2023-12-03T06:55:48.202+0000] {logging_mixin.py:154} INFO - [2023-12-03T06:55:48.202+0000] {dag.py:3722} INFO - Setting next_dagrun for crone_exp to 2023-12-03T00:00:00+00:00, run_after=2023-12-04T00:00:00+00:00
[2023-12-03T06:55:48.504+0000] {processor.py:179} INFO - Processing /opt/airflow/dags/xcom.py took 2.344 seconds
[2023-12-03T06:56:18.724+0000] {processor.py:157} INFO - Started process (PID=1963) to work on /opt/airflow/dags/xcom.py
[2023-12-03T06:56:18.726+0000] {processor.py:829} INFO - Processing file /opt/airflow/dags/xcom.py for tasks to queue
[2023-12-03T06:56:18.729+0000] {logging_mixin.py:154} INFO - [2023-12-03T06:56:18.728+0000] {dagbag.py:536} INFO - Filling up the DagBag from /opt/airflow/dags/xcom.py
[2023-12-03T06:56:18.738+0000] {processor.py:839} INFO - DAG(s) dict_keys(['crone_exp']) retrieved from /opt/airflow/dags/xcom.py
[2023-12-03T06:56:18.764+0000] {logging_mixin.py:154} INFO - [2023-12-03T06:56:18.764+0000] {dag.py:2941} INFO - Sync 1 DAGs
[2023-12-03T06:56:18.793+0000] {logging_mixin.py:154} INFO - [2023-12-03T06:56:18.793+0000] {dag.py:3722} INFO - Setting next_dagrun for crone_exp to 2023-12-03T00:00:00+00:00, run_after=2023-12-04T00:00:00+00:00
[2023-12-03T06:56:18.818+0000] {processor.py:179} INFO - Processing /opt/airflow/dags/xcom.py took 0.098 seconds
[2023-12-03T06:56:52.498+0000] {processor.py:157} INFO - Started process (PID=2026) to work on /opt/airflow/dags/xcom.py
[2023-12-03T06:56:52.574+0000] {processor.py:829} INFO - Processing file /opt/airflow/dags/xcom.py for tasks to queue
[2023-12-03T06:56:52.584+0000] {logging_mixin.py:154} INFO - [2023-12-03T06:56:52.580+0000] {dagbag.py:536} INFO - Filling up the DagBag from /opt/airflow/dags/xcom.py
[2023-12-03T06:56:52.698+0000] {processor.py:839} INFO - DAG(s) dict_keys(['crone_exp']) retrieved from /opt/airflow/dags/xcom.py
[2023-12-03T06:56:53.198+0000] {logging_mixin.py:154} INFO - [2023-12-03T06:56:53.198+0000] {dag.py:2941} INFO - Sync 1 DAGs
[2023-12-03T06:56:53.409+0000] {logging_mixin.py:154} INFO - [2023-12-03T06:56:53.409+0000] {dag.py:3722} INFO - Setting next_dagrun for crone_exp to 2023-12-03T00:00:00+00:00, run_after=2023-12-04T00:00:00+00:00
[2023-12-03T06:56:54.236+0000] {processor.py:179} INFO - Processing /opt/airflow/dags/xcom.py took 1.804 seconds
[2023-12-03T06:57:24.603+0000] {processor.py:157} INFO - Started process (PID=2083) to work on /opt/airflow/dags/xcom.py
[2023-12-03T06:57:24.646+0000] {processor.py:829} INFO - Processing file /opt/airflow/dags/xcom.py for tasks to queue
[2023-12-03T06:57:24.658+0000] {logging_mixin.py:154} INFO - [2023-12-03T06:57:24.652+0000] {dagbag.py:536} INFO - Filling up the DagBag from /opt/airflow/dags/xcom.py
[2023-12-03T06:57:24.694+0000] {processor.py:839} INFO - DAG(s) dict_keys(['crone_exp']) retrieved from /opt/airflow/dags/xcom.py
[2023-12-03T06:57:25.436+0000] {logging_mixin.py:154} INFO - [2023-12-03T06:57:25.436+0000] {dag.py:2941} INFO - Sync 1 DAGs
[2023-12-03T06:57:25.665+0000] {logging_mixin.py:154} INFO - [2023-12-03T06:57:25.665+0000] {dag.py:3722} INFO - Setting next_dagrun for crone_exp to 2023-12-03T00:00:00+00:00, run_after=2023-12-04T00:00:00+00:00
[2023-12-03T06:57:26.396+0000] {processor.py:179} INFO - Processing /opt/airflow/dags/xcom.py took 1.801 seconds
[2023-12-03T06:57:56.797+0000] {processor.py:157} INFO - Started process (PID=2144) to work on /opt/airflow/dags/xcom.py
[2023-12-03T06:57:56.820+0000] {processor.py:829} INFO - Processing file /opt/airflow/dags/xcom.py for tasks to queue
[2023-12-03T06:57:56.822+0000] {logging_mixin.py:154} INFO - [2023-12-03T06:57:56.822+0000] {dagbag.py:536} INFO - Filling up the DagBag from /opt/airflow/dags/xcom.py
[2023-12-03T06:57:56.833+0000] {processor.py:839} INFO - DAG(s) dict_keys(['crone_exp']) retrieved from /opt/airflow/dags/xcom.py
[2023-12-03T06:57:56.856+0000] {logging_mixin.py:154} INFO - [2023-12-03T06:57:56.856+0000] {dag.py:2941} INFO - Sync 1 DAGs
[2023-12-03T06:57:56.880+0000] {logging_mixin.py:154} INFO - [2023-12-03T06:57:56.880+0000] {dag.py:3722} INFO - Setting next_dagrun for crone_exp to 2023-12-03T00:00:00+00:00, run_after=2023-12-04T00:00:00+00:00
[2023-12-03T06:57:56.899+0000] {processor.py:179} INFO - Processing /opt/airflow/dags/xcom.py took 0.106 seconds
[2023-12-03T06:58:27.301+0000] {processor.py:157} INFO - Started process (PID=2206) to work on /opt/airflow/dags/xcom.py
[2023-12-03T06:58:27.311+0000] {processor.py:829} INFO - Processing file /opt/airflow/dags/xcom.py for tasks to queue
[2023-12-03T06:58:27.334+0000] {logging_mixin.py:154} INFO - [2023-12-03T06:58:27.330+0000] {dagbag.py:536} INFO - Filling up the DagBag from /opt/airflow/dags/xcom.py
[2023-12-03T06:58:27.396+0000] {processor.py:839} INFO - DAG(s) dict_keys(['crone_exp']) retrieved from /opt/airflow/dags/xcom.py
[2023-12-03T06:58:27.624+0000] {logging_mixin.py:154} INFO - [2023-12-03T06:58:27.624+0000] {dag.py:2941} INFO - Sync 1 DAGs
[2023-12-03T06:58:27.685+0000] {logging_mixin.py:154} INFO - [2023-12-03T06:58:27.685+0000] {dag.py:3722} INFO - Setting next_dagrun for crone_exp to 2023-12-03T00:00:00+00:00, run_after=2023-12-04T00:00:00+00:00
[2023-12-03T06:58:27.733+0000] {processor.py:179} INFO - Processing /opt/airflow/dags/xcom.py took 0.444 seconds
[2023-12-03T06:59:11.937+0000] {processor.py:157} INFO - Started process (PID=2266) to work on /opt/airflow/dags/xcom.py
[2023-12-03T06:59:11.978+0000] {processor.py:829} INFO - Processing file /opt/airflow/dags/xcom.py for tasks to queue
[2023-12-03T06:59:11.989+0000] {logging_mixin.py:154} INFO - [2023-12-03T06:59:11.988+0000] {dagbag.py:536} INFO - Filling up the DagBag from /opt/airflow/dags/xcom.py
[2023-12-03T06:59:12.031+0000] {processor.py:839} INFO - DAG(s) dict_keys(['crone_exp']) retrieved from /opt/airflow/dags/xcom.py
[2023-12-03T06:59:13.138+0000] {logging_mixin.py:154} INFO - [2023-12-03T06:59:13.135+0000] {dag.py:2941} INFO - Sync 1 DAGs
[2023-12-03T06:59:13.461+0000] {logging_mixin.py:154} INFO - [2023-12-03T06:59:13.460+0000] {dag.py:3722} INFO - Setting next_dagrun for crone_exp to 2023-12-03T00:00:00+00:00, run_after=2023-12-04T00:00:00+00:00
[2023-12-03T06:59:14.703+0000] {processor.py:179} INFO - Processing /opt/airflow/dags/xcom.py took 2.801 seconds
[2023-12-03T06:59:56.549+0000] {processor.py:157} INFO - Started process (PID=2324) to work on /opt/airflow/dags/xcom.py
[2023-12-03T06:59:56.586+0000] {processor.py:829} INFO - Processing file /opt/airflow/dags/xcom.py for tasks to queue
[2023-12-03T06:59:56.592+0000] {logging_mixin.py:154} INFO - [2023-12-03T06:59:56.592+0000] {dagbag.py:536} INFO - Filling up the DagBag from /opt/airflow/dags/xcom.py
[2023-12-03T06:59:56.689+0000] {processor.py:839} INFO - DAG(s) dict_keys(['crone_exp']) retrieved from /opt/airflow/dags/xcom.py
[2023-12-03T06:59:57.442+0000] {logging_mixin.py:154} INFO - [2023-12-03T06:59:57.442+0000] {dag.py:2941} INFO - Sync 1 DAGs
[2023-12-03T06:59:57.725+0000] {logging_mixin.py:154} INFO - [2023-12-03T06:59:57.725+0000] {dag.py:3722} INFO - Setting next_dagrun for crone_exp to 2023-12-03T00:00:00+00:00, run_after=2023-12-04T00:00:00+00:00
[2023-12-03T06:59:58.816+0000] {processor.py:179} INFO - Processing /opt/airflow/dags/xcom.py took 2.278 seconds
[2023-12-03T07:00:32.046+0000] {processor.py:157} INFO - Started process (PID=2387) to work on /opt/airflow/dags/xcom.py
[2023-12-03T07:00:32.048+0000] {processor.py:829} INFO - Processing file /opt/airflow/dags/xcom.py for tasks to queue
[2023-12-03T07:00:32.052+0000] {logging_mixin.py:154} INFO - [2023-12-03T07:00:32.051+0000] {dagbag.py:536} INFO - Filling up the DagBag from /opt/airflow/dags/xcom.py
[2023-12-03T07:00:32.066+0000] {processor.py:839} INFO - DAG(s) dict_keys(['crone_exp']) retrieved from /opt/airflow/dags/xcom.py
[2023-12-03T07:00:32.090+0000] {logging_mixin.py:154} INFO - [2023-12-03T07:00:32.090+0000] {dag.py:2941} INFO - Sync 1 DAGs
[2023-12-03T07:00:32.129+0000] {logging_mixin.py:154} INFO - [2023-12-03T07:00:32.129+0000] {dag.py:3722} INFO - Setting next_dagrun for crone_exp to 2023-12-03T00:00:00+00:00, run_after=2023-12-04T00:00:00+00:00
[2023-12-03T07:00:32.339+0000] {processor.py:179} INFO - Processing /opt/airflow/dags/xcom.py took 0.298 seconds
[2023-12-03T07:01:02.666+0000] {processor.py:157} INFO - Started process (PID=2450) to work on /opt/airflow/dags/xcom.py
[2023-12-03T07:01:02.668+0000] {processor.py:829} INFO - Processing file /opt/airflow/dags/xcom.py for tasks to queue
[2023-12-03T07:01:02.670+0000] {logging_mixin.py:154} INFO - [2023-12-03T07:01:02.669+0000] {dagbag.py:536} INFO - Filling up the DagBag from /opt/airflow/dags/xcom.py
[2023-12-03T07:01:02.679+0000] {processor.py:839} INFO - DAG(s) dict_keys(['crone_exp']) retrieved from /opt/airflow/dags/xcom.py
[2023-12-03T07:01:02.786+0000] {logging_mixin.py:154} INFO - [2023-12-03T07:01:02.786+0000] {dag.py:2941} INFO - Sync 1 DAGs
[2023-12-03T07:01:02.814+0000] {logging_mixin.py:154} INFO - [2023-12-03T07:01:02.813+0000] {dag.py:3722} INFO - Setting next_dagrun for crone_exp to 2023-12-03T00:00:00+00:00, run_after=2023-12-04T00:00:00+00:00
[2023-12-03T07:01:02.860+0000] {processor.py:179} INFO - Processing /opt/airflow/dags/xcom.py took 0.197 seconds
[2023-12-03T07:01:33.319+0000] {processor.py:157} INFO - Started process (PID=2513) to work on /opt/airflow/dags/xcom.py
[2023-12-03T07:01:33.321+0000] {processor.py:829} INFO - Processing file /opt/airflow/dags/xcom.py for tasks to queue
[2023-12-03T07:01:33.324+0000] {logging_mixin.py:154} INFO - [2023-12-03T07:01:33.323+0000] {dagbag.py:536} INFO - Filling up the DagBag from /opt/airflow/dags/xcom.py
[2023-12-03T07:01:33.332+0000] {processor.py:839} INFO - DAG(s) dict_keys(['crone_exp']) retrieved from /opt/airflow/dags/xcom.py
[2023-12-03T07:01:33.364+0000] {logging_mixin.py:154} INFO - [2023-12-03T07:01:33.363+0000] {dag.py:2941} INFO - Sync 1 DAGs
[2023-12-03T07:01:33.385+0000] {logging_mixin.py:154} INFO - [2023-12-03T07:01:33.385+0000] {dag.py:3722} INFO - Setting next_dagrun for crone_exp to 2023-12-03T00:00:00+00:00, run_after=2023-12-04T00:00:00+00:00
[2023-12-03T07:01:33.406+0000] {processor.py:179} INFO - Processing /opt/airflow/dags/xcom.py took 0.091 seconds
[2023-12-03T07:02:04.061+0000] {processor.py:157} INFO - Started process (PID=2576) to work on /opt/airflow/dags/xcom.py
[2023-12-03T07:02:04.063+0000] {processor.py:829} INFO - Processing file /opt/airflow/dags/xcom.py for tasks to queue
[2023-12-03T07:02:04.065+0000] {logging_mixin.py:154} INFO - [2023-12-03T07:02:04.065+0000] {dagbag.py:536} INFO - Filling up the DagBag from /opt/airflow/dags/xcom.py
[2023-12-03T07:02:04.071+0000] {processor.py:839} INFO - DAG(s) dict_keys(['crone_exp']) retrieved from /opt/airflow/dags/xcom.py
[2023-12-03T07:02:04.085+0000] {logging_mixin.py:154} INFO - [2023-12-03T07:02:04.084+0000] {dag.py:2941} INFO - Sync 1 DAGs
[2023-12-03T07:02:04.103+0000] {logging_mixin.py:154} INFO - [2023-12-03T07:02:04.103+0000] {dag.py:3722} INFO - Setting next_dagrun for crone_exp to 2023-12-03T00:00:00+00:00, run_after=2023-12-04T00:00:00+00:00
[2023-12-03T07:02:04.124+0000] {processor.py:179} INFO - Processing /opt/airflow/dags/xcom.py took 0.065 seconds
[2023-12-03T07:02:34.323+0000] {processor.py:157} INFO - Started process (PID=2639) to work on /opt/airflow/dags/xcom.py
[2023-12-03T07:02:34.325+0000] {processor.py:829} INFO - Processing file /opt/airflow/dags/xcom.py for tasks to queue
[2023-12-03T07:02:34.327+0000] {logging_mixin.py:154} INFO - [2023-12-03T07:02:34.327+0000] {dagbag.py:536} INFO - Filling up the DagBag from /opt/airflow/dags/xcom.py
[2023-12-03T07:02:34.336+0000] {processor.py:839} INFO - DAG(s) dict_keys(['crone_exp']) retrieved from /opt/airflow/dags/xcom.py
[2023-12-03T07:02:34.427+0000] {logging_mixin.py:154} INFO - [2023-12-03T07:02:34.427+0000] {dag.py:2941} INFO - Sync 1 DAGs
[2023-12-03T07:02:34.443+0000] {logging_mixin.py:154} INFO - [2023-12-03T07:02:34.443+0000] {dag.py:3722} INFO - Setting next_dagrun for crone_exp to 2023-12-03T00:00:00+00:00, run_after=2023-12-04T00:00:00+00:00
[2023-12-03T07:02:34.460+0000] {processor.py:179} INFO - Processing /opt/airflow/dags/xcom.py took 0.140 seconds
[2023-12-03T07:03:04.879+0000] {processor.py:157} INFO - Started process (PID=2702) to work on /opt/airflow/dags/xcom.py
[2023-12-03T07:03:04.881+0000] {processor.py:829} INFO - Processing file /opt/airflow/dags/xcom.py for tasks to queue
[2023-12-03T07:03:04.884+0000] {logging_mixin.py:154} INFO - [2023-12-03T07:03:04.883+0000] {dagbag.py:536} INFO - Filling up the DagBag from /opt/airflow/dags/xcom.py
[2023-12-03T07:03:04.892+0000] {processor.py:839} INFO - DAG(s) dict_keys(['crone_exp']) retrieved from /opt/airflow/dags/xcom.py
[2023-12-03T07:03:04.918+0000] {logging_mixin.py:154} INFO - [2023-12-03T07:03:04.918+0000] {dag.py:2941} INFO - Sync 1 DAGs
[2023-12-03T07:03:04.949+0000] {logging_mixin.py:154} INFO - [2023-12-03T07:03:04.949+0000] {dag.py:3722} INFO - Setting next_dagrun for crone_exp to 2023-12-03T00:00:00+00:00, run_after=2023-12-04T00:00:00+00:00
[2023-12-03T07:03:04.973+0000] {processor.py:179} INFO - Processing /opt/airflow/dags/xcom.py took 0.096 seconds
[2023-12-03T07:03:35.728+0000] {processor.py:157} INFO - Started process (PID=2766) to work on /opt/airflow/dags/xcom.py
[2023-12-03T07:03:35.729+0000] {processor.py:829} INFO - Processing file /opt/airflow/dags/xcom.py for tasks to queue
[2023-12-03T07:03:35.732+0000] {logging_mixin.py:154} INFO - [2023-12-03T07:03:35.732+0000] {dagbag.py:536} INFO - Filling up the DagBag from /opt/airflow/dags/xcom.py
[2023-12-03T07:03:35.741+0000] {processor.py:839} INFO - DAG(s) dict_keys(['crone_exp']) retrieved from /opt/airflow/dags/xcom.py
[2023-12-03T07:03:35.757+0000] {logging_mixin.py:154} INFO - [2023-12-03T07:03:35.757+0000] {dag.py:2941} INFO - Sync 1 DAGs
[2023-12-03T07:03:35.779+0000] {logging_mixin.py:154} INFO - [2023-12-03T07:03:35.779+0000] {dag.py:3722} INFO - Setting next_dagrun for crone_exp to 2023-12-03T00:00:00+00:00, run_after=2023-12-04T00:00:00+00:00
[2023-12-03T07:03:35.799+0000] {processor.py:179} INFO - Processing /opt/airflow/dags/xcom.py took 0.075 seconds
[2023-12-03T07:04:06.516+0000] {processor.py:157} INFO - Started process (PID=2830) to work on /opt/airflow/dags/xcom.py
[2023-12-03T07:04:06.520+0000] {processor.py:829} INFO - Processing file /opt/airflow/dags/xcom.py for tasks to queue
[2023-12-03T07:04:06.524+0000] {logging_mixin.py:154} INFO - [2023-12-03T07:04:06.523+0000] {dagbag.py:536} INFO - Filling up the DagBag from /opt/airflow/dags/xcom.py
[2023-12-03T07:04:06.533+0000] {processor.py:839} INFO - DAG(s) dict_keys(['crone_exp']) retrieved from /opt/airflow/dags/xcom.py
[2023-12-03T07:04:06.638+0000] {logging_mixin.py:154} INFO - [2023-12-03T07:04:06.638+0000] {dag.py:2941} INFO - Sync 1 DAGs
[2023-12-03T07:04:06.657+0000] {logging_mixin.py:154} INFO - [2023-12-03T07:04:06.657+0000] {dag.py:3722} INFO - Setting next_dagrun for crone_exp to 2023-12-03T00:00:00+00:00, run_after=2023-12-04T00:00:00+00:00
[2023-12-03T07:04:06.686+0000] {processor.py:179} INFO - Processing /opt/airflow/dags/xcom.py took 0.175 seconds
[2023-12-03T07:04:36.879+0000] {processor.py:157} INFO - Started process (PID=2892) to work on /opt/airflow/dags/xcom.py
[2023-12-03T07:04:36.879+0000] {processor.py:829} INFO - Processing file /opt/airflow/dags/xcom.py for tasks to queue
[2023-12-03T07:04:36.883+0000] {logging_mixin.py:154} INFO - [2023-12-03T07:04:36.883+0000] {dagbag.py:536} INFO - Filling up the DagBag from /opt/airflow/dags/xcom.py
[2023-12-03T07:04:36.889+0000] {processor.py:839} INFO - DAG(s) dict_keys(['crone_exp']) retrieved from /opt/airflow/dags/xcom.py
[2023-12-03T07:04:36.910+0000] {logging_mixin.py:154} INFO - [2023-12-03T07:04:36.910+0000] {dag.py:2941} INFO - Sync 1 DAGs
[2023-12-03T07:04:36.931+0000] {logging_mixin.py:154} INFO - [2023-12-03T07:04:36.931+0000] {dag.py:3722} INFO - Setting next_dagrun for crone_exp to 2023-12-03T00:00:00+00:00, run_after=2023-12-04T00:00:00+00:00
[2023-12-03T07:04:36.947+0000] {processor.py:179} INFO - Processing /opt/airflow/dags/xcom.py took 0.072 seconds
[2023-12-03T07:05:07.558+0000] {processor.py:157} INFO - Started process (PID=2955) to work on /opt/airflow/dags/xcom.py
[2023-12-03T07:05:07.560+0000] {processor.py:829} INFO - Processing file /opt/airflow/dags/xcom.py for tasks to queue
[2023-12-03T07:05:07.562+0000] {logging_mixin.py:154} INFO - [2023-12-03T07:05:07.561+0000] {dagbag.py:536} INFO - Filling up the DagBag from /opt/airflow/dags/xcom.py
[2023-12-03T07:05:07.570+0000] {processor.py:839} INFO - DAG(s) dict_keys(['crone_exp']) retrieved from /opt/airflow/dags/xcom.py
[2023-12-03T07:05:07.585+0000] {logging_mixin.py:154} INFO - [2023-12-03T07:05:07.585+0000] {dag.py:2941} INFO - Sync 1 DAGs
[2023-12-03T07:05:07.611+0000] {logging_mixin.py:154} INFO - [2023-12-03T07:05:07.611+0000] {dag.py:3722} INFO - Setting next_dagrun for crone_exp to 2023-12-03T00:00:00+00:00, run_after=2023-12-04T00:00:00+00:00
[2023-12-03T07:05:07.633+0000] {processor.py:179} INFO - Processing /opt/airflow/dags/xcom.py took 0.078 seconds
[2023-12-03T07:05:37.979+0000] {processor.py:157} INFO - Started process (PID=3018) to work on /opt/airflow/dags/xcom.py
[2023-12-03T07:05:37.980+0000] {processor.py:829} INFO - Processing file /opt/airflow/dags/xcom.py for tasks to queue
[2023-12-03T07:05:37.982+0000] {logging_mixin.py:154} INFO - [2023-12-03T07:05:37.982+0000] {dagbag.py:536} INFO - Filling up the DagBag from /opt/airflow/dags/xcom.py
[2023-12-03T07:05:37.988+0000] {processor.py:839} INFO - DAG(s) dict_keys(['crone_exp']) retrieved from /opt/airflow/dags/xcom.py
[2023-12-03T07:05:38.069+0000] {logging_mixin.py:154} INFO - [2023-12-03T07:05:38.069+0000] {dag.py:2941} INFO - Sync 1 DAGs
[2023-12-03T07:05:38.086+0000] {logging_mixin.py:154} INFO - [2023-12-03T07:05:38.085+0000] {dag.py:3722} INFO - Setting next_dagrun for crone_exp to 2023-12-03T00:00:00+00:00, run_after=2023-12-04T00:00:00+00:00
[2023-12-03T07:05:38.128+0000] {processor.py:179} INFO - Processing /opt/airflow/dags/xcom.py took 0.151 seconds
[2023-12-03T07:06:09.882+0000] {processor.py:157} INFO - Started process (PID=3081) to work on /opt/airflow/dags/xcom.py
[2023-12-03T07:06:09.883+0000] {processor.py:829} INFO - Processing file /opt/airflow/dags/xcom.py for tasks to queue
[2023-12-03T07:06:09.886+0000] {logging_mixin.py:154} INFO - [2023-12-03T07:06:09.886+0000] {dagbag.py:536} INFO - Filling up the DagBag from /opt/airflow/dags/xcom.py
[2023-12-03T07:06:09.893+0000] {processor.py:839} INFO - DAG(s) dict_keys(['crone_exp']) retrieved from /opt/airflow/dags/xcom.py
[2023-12-03T07:06:09.914+0000] {logging_mixin.py:154} INFO - [2023-12-03T07:06:09.914+0000] {dag.py:2941} INFO - Sync 1 DAGs
[2023-12-03T07:06:09.932+0000] {logging_mixin.py:154} INFO - [2023-12-03T07:06:09.932+0000] {dag.py:3722} INFO - Setting next_dagrun for crone_exp to 2023-12-03T00:00:00+00:00, run_after=2023-12-04T00:00:00+00:00
[2023-12-03T07:06:09.948+0000] {processor.py:179} INFO - Processing /opt/airflow/dags/xcom.py took 0.069 seconds
[2023-12-03T07:06:40.638+0000] {processor.py:157} INFO - Started process (PID=3143) to work on /opt/airflow/dags/xcom.py
[2023-12-03T07:06:40.647+0000] {processor.py:829} INFO - Processing file /opt/airflow/dags/xcom.py for tasks to queue
[2023-12-03T07:06:40.649+0000] {logging_mixin.py:154} INFO - [2023-12-03T07:06:40.649+0000] {dagbag.py:536} INFO - Filling up the DagBag from /opt/airflow/dags/xcom.py
[2023-12-03T07:06:40.658+0000] {processor.py:839} INFO - DAG(s) dict_keys(['crone_exp']) retrieved from /opt/airflow/dags/xcom.py
[2023-12-03T07:06:40.676+0000] {logging_mixin.py:154} INFO - [2023-12-03T07:06:40.676+0000] {dag.py:2941} INFO - Sync 1 DAGs
[2023-12-03T07:06:40.703+0000] {logging_mixin.py:154} INFO - [2023-12-03T07:06:40.702+0000] {dag.py:3722} INFO - Setting next_dagrun for crone_exp to 2023-12-03T00:00:00+00:00, run_after=2023-12-04T00:00:00+00:00
[2023-12-03T07:06:40.731+0000] {processor.py:179} INFO - Processing /opt/airflow/dags/xcom.py took 0.095 seconds
[2023-12-03T07:07:10.976+0000] {processor.py:157} INFO - Started process (PID=3205) to work on /opt/airflow/dags/xcom.py
[2023-12-03T07:07:10.980+0000] {processor.py:829} INFO - Processing file /opt/airflow/dags/xcom.py for tasks to queue
[2023-12-03T07:07:10.984+0000] {logging_mixin.py:154} INFO - [2023-12-03T07:07:10.982+0000] {dagbag.py:536} INFO - Filling up the DagBag from /opt/airflow/dags/xcom.py
[2023-12-03T07:07:11.000+0000] {processor.py:839} INFO - DAG(s) dict_keys(['crone_exp']) retrieved from /opt/airflow/dags/xcom.py
[2023-12-03T07:07:11.146+0000] {logging_mixin.py:154} INFO - [2023-12-03T07:07:11.146+0000] {dag.py:2941} INFO - Sync 1 DAGs
[2023-12-03T07:07:11.176+0000] {logging_mixin.py:154} INFO - [2023-12-03T07:07:11.176+0000] {dag.py:3722} INFO - Setting next_dagrun for crone_exp to 2023-12-03T00:00:00+00:00, run_after=2023-12-04T00:00:00+00:00
[2023-12-03T07:07:11.209+0000] {processor.py:179} INFO - Processing /opt/airflow/dags/xcom.py took 0.236 seconds
[2023-12-03T07:07:41.331+0000] {processor.py:157} INFO - Started process (PID=3268) to work on /opt/airflow/dags/xcom.py
[2023-12-03T07:07:41.332+0000] {processor.py:829} INFO - Processing file /opt/airflow/dags/xcom.py for tasks to queue
[2023-12-03T07:07:41.336+0000] {logging_mixin.py:154} INFO - [2023-12-03T07:07:41.336+0000] {dagbag.py:536} INFO - Filling up the DagBag from /opt/airflow/dags/xcom.py
[2023-12-03T07:07:41.346+0000] {processor.py:839} INFO - DAG(s) dict_keys(['crone_exp']) retrieved from /opt/airflow/dags/xcom.py
[2023-12-03T07:07:41.379+0000] {logging_mixin.py:154} INFO - [2023-12-03T07:07:41.378+0000] {dag.py:2941} INFO - Sync 1 DAGs
[2023-12-03T07:07:41.404+0000] {logging_mixin.py:154} INFO - [2023-12-03T07:07:41.403+0000] {dag.py:3722} INFO - Setting next_dagrun for crone_exp to 2023-12-03T00:00:00+00:00, run_after=2023-12-04T00:00:00+00:00
[2023-12-03T07:07:41.426+0000] {processor.py:179} INFO - Processing /opt/airflow/dags/xcom.py took 0.098 seconds
[2023-12-03T07:08:11.799+0000] {processor.py:157} INFO - Started process (PID=3330) to work on /opt/airflow/dags/xcom.py
[2023-12-03T07:08:11.801+0000] {processor.py:829} INFO - Processing file /opt/airflow/dags/xcom.py for tasks to queue
[2023-12-03T07:08:11.803+0000] {logging_mixin.py:154} INFO - [2023-12-03T07:08:11.803+0000] {dagbag.py:536} INFO - Filling up the DagBag from /opt/airflow/dags/xcom.py
[2023-12-03T07:08:11.809+0000] {processor.py:839} INFO - DAG(s) dict_keys(['crone_exp']) retrieved from /opt/airflow/dags/xcom.py
[2023-12-03T07:08:11.825+0000] {logging_mixin.py:154} INFO - [2023-12-03T07:08:11.825+0000] {dag.py:2941} INFO - Sync 1 DAGs
[2023-12-03T07:08:11.851+0000] {logging_mixin.py:154} INFO - [2023-12-03T07:08:11.851+0000] {dag.py:3722} INFO - Setting next_dagrun for crone_exp to 2023-12-03T00:00:00+00:00, run_after=2023-12-04T00:00:00+00:00
[2023-12-03T07:08:11.872+0000] {processor.py:179} INFO - Processing /opt/airflow/dags/xcom.py took 0.075 seconds
[2023-12-03T07:08:41.956+0000] {processor.py:157} INFO - Started process (PID=3393) to work on /opt/airflow/dags/xcom.py
[2023-12-03T07:08:41.965+0000] {processor.py:829} INFO - Processing file /opt/airflow/dags/xcom.py for tasks to queue
[2023-12-03T07:08:41.967+0000] {logging_mixin.py:154} INFO - [2023-12-03T07:08:41.967+0000] {dagbag.py:536} INFO - Filling up the DagBag from /opt/airflow/dags/xcom.py
[2023-12-03T07:08:41.976+0000] {processor.py:839} INFO - DAG(s) dict_keys(['crone_exp']) retrieved from /opt/airflow/dags/xcom.py
[2023-12-03T07:08:42.096+0000] {logging_mixin.py:154} INFO - [2023-12-03T07:08:42.096+0000] {dag.py:2941} INFO - Sync 1 DAGs
[2023-12-03T07:08:42.119+0000] {logging_mixin.py:154} INFO - [2023-12-03T07:08:42.119+0000] {dag.py:3722} INFO - Setting next_dagrun for crone_exp to 2023-12-03T00:00:00+00:00, run_after=2023-12-04T00:00:00+00:00
[2023-12-03T07:08:42.141+0000] {processor.py:179} INFO - Processing /opt/airflow/dags/xcom.py took 0.188 seconds
[2023-12-03T07:09:12.407+0000] {processor.py:157} INFO - Started process (PID=3456) to work on /opt/airflow/dags/xcom.py
[2023-12-03T07:09:12.416+0000] {processor.py:829} INFO - Processing file /opt/airflow/dags/xcom.py for tasks to queue
[2023-12-03T07:09:12.418+0000] {logging_mixin.py:154} INFO - [2023-12-03T07:09:12.418+0000] {dagbag.py:536} INFO - Filling up the DagBag from /opt/airflow/dags/xcom.py
[2023-12-03T07:09:12.426+0000] {processor.py:839} INFO - DAG(s) dict_keys(['crone_exp']) retrieved from /opt/airflow/dags/xcom.py
[2023-12-03T07:09:12.458+0000] {logging_mixin.py:154} INFO - [2023-12-03T07:09:12.458+0000] {dag.py:2941} INFO - Sync 1 DAGs
[2023-12-03T07:09:12.483+0000] {logging_mixin.py:154} INFO - [2023-12-03T07:09:12.483+0000] {dag.py:3722} INFO - Setting next_dagrun for crone_exp to 2023-12-03T00:00:00+00:00, run_after=2023-12-04T00:00:00+00:00
[2023-12-03T07:09:12.505+0000] {processor.py:179} INFO - Processing /opt/airflow/dags/xcom.py took 0.102 seconds
[2023-12-03T07:09:43.099+0000] {processor.py:157} INFO - Started process (PID=3519) to work on /opt/airflow/dags/xcom.py
[2023-12-03T07:09:43.114+0000] {processor.py:829} INFO - Processing file /opt/airflow/dags/xcom.py for tasks to queue
[2023-12-03T07:09:43.118+0000] {logging_mixin.py:154} INFO - [2023-12-03T07:09:43.117+0000] {dagbag.py:536} INFO - Filling up the DagBag from /opt/airflow/dags/xcom.py
[2023-12-03T07:09:43.125+0000] {processor.py:839} INFO - DAG(s) dict_keys(['crone_exp']) retrieved from /opt/airflow/dags/xcom.py
[2023-12-03T07:09:43.149+0000] {logging_mixin.py:154} INFO - [2023-12-03T07:09:43.149+0000] {dag.py:2941} INFO - Sync 1 DAGs
[2023-12-03T07:09:43.194+0000] {logging_mixin.py:154} INFO - [2023-12-03T07:09:43.194+0000] {dag.py:3722} INFO - Setting next_dagrun for crone_exp to 2023-12-03T00:00:00+00:00, run_after=2023-12-04T00:00:00+00:00
[2023-12-03T07:09:43.219+0000] {processor.py:179} INFO - Processing /opt/airflow/dags/xcom.py took 0.126 seconds
[2023-12-03T07:10:13.242+0000] {processor.py:157} INFO - Started process (PID=3581) to work on /opt/airflow/dags/xcom.py
[2023-12-03T07:10:13.266+0000] {processor.py:829} INFO - Processing file /opt/airflow/dags/xcom.py for tasks to queue
[2023-12-03T07:10:13.269+0000] {logging_mixin.py:154} INFO - [2023-12-03T07:10:13.269+0000] {dagbag.py:536} INFO - Filling up the DagBag from /opt/airflow/dags/xcom.py
[2023-12-03T07:10:13.276+0000] {processor.py:839} INFO - DAG(s) dict_keys(['crone_exp']) retrieved from /opt/airflow/dags/xcom.py
[2023-12-03T07:10:13.348+0000] {logging_mixin.py:154} INFO - [2023-12-03T07:10:13.348+0000] {dag.py:2941} INFO - Sync 1 DAGs
[2023-12-03T07:10:13.362+0000] {logging_mixin.py:154} INFO - [2023-12-03T07:10:13.362+0000] {dag.py:3722} INFO - Setting next_dagrun for crone_exp to 2023-12-03T00:00:00+00:00, run_after=2023-12-04T00:00:00+00:00
[2023-12-03T07:10:13.381+0000] {processor.py:179} INFO - Processing /opt/airflow/dags/xcom.py took 0.142 seconds
[2023-12-03T07:10:43.980+0000] {processor.py:157} INFO - Started process (PID=3645) to work on /opt/airflow/dags/xcom.py
[2023-12-03T07:10:43.989+0000] {processor.py:829} INFO - Processing file /opt/airflow/dags/xcom.py for tasks to queue
[2023-12-03T07:10:43.992+0000] {logging_mixin.py:154} INFO - [2023-12-03T07:10:43.992+0000] {dagbag.py:536} INFO - Filling up the DagBag from /opt/airflow/dags/xcom.py
[2023-12-03T07:10:44.002+0000] {processor.py:839} INFO - DAG(s) dict_keys(['crone_exp']) retrieved from /opt/airflow/dags/xcom.py
[2023-12-03T07:10:44.039+0000] {logging_mixin.py:154} INFO - [2023-12-03T07:10:44.039+0000] {dag.py:2941} INFO - Sync 1 DAGs
[2023-12-03T07:10:44.061+0000] {logging_mixin.py:154} INFO - [2023-12-03T07:10:44.061+0000] {dag.py:3722} INFO - Setting next_dagrun for crone_exp to 2023-12-03T00:00:00+00:00, run_after=2023-12-04T00:00:00+00:00
[2023-12-03T07:10:44.084+0000] {processor.py:179} INFO - Processing /opt/airflow/dags/xcom.py took 0.107 seconds
[2023-12-03T07:11:14.625+0000] {processor.py:157} INFO - Started process (PID=3708) to work on /opt/airflow/dags/xcom.py
[2023-12-03T07:11:14.634+0000] {processor.py:829} INFO - Processing file /opt/airflow/dags/xcom.py for tasks to queue
[2023-12-03T07:11:14.637+0000] {logging_mixin.py:154} INFO - [2023-12-03T07:11:14.636+0000] {dagbag.py:536} INFO - Filling up the DagBag from /opt/airflow/dags/xcom.py
[2023-12-03T07:11:14.645+0000] {processor.py:839} INFO - DAG(s) dict_keys(['crone_exp']) retrieved from /opt/airflow/dags/xcom.py
[2023-12-03T07:11:14.691+0000] {logging_mixin.py:154} INFO - [2023-12-03T07:11:14.691+0000] {dag.py:2941} INFO - Sync 1 DAGs
[2023-12-03T07:11:14.713+0000] {logging_mixin.py:154} INFO - [2023-12-03T07:11:14.713+0000] {dag.py:3722} INFO - Setting next_dagrun for crone_exp to 2023-12-03T00:00:00+00:00, run_after=2023-12-04T00:00:00+00:00
[2023-12-03T07:11:14.753+0000] {processor.py:179} INFO - Processing /opt/airflow/dags/xcom.py took 0.131 seconds
[2023-12-03T07:11:45.356+0000] {processor.py:157} INFO - Started process (PID=3771) to work on /opt/airflow/dags/xcom.py
[2023-12-03T07:11:45.377+0000] {processor.py:829} INFO - Processing file /opt/airflow/dags/xcom.py for tasks to queue
[2023-12-03T07:11:45.380+0000] {logging_mixin.py:154} INFO - [2023-12-03T07:11:45.380+0000] {dagbag.py:536} INFO - Filling up the DagBag from /opt/airflow/dags/xcom.py
[2023-12-03T07:11:45.388+0000] {processor.py:839} INFO - DAG(s) dict_keys(['crone_exp']) retrieved from /opt/airflow/dags/xcom.py
[2023-12-03T07:11:45.504+0000] {logging_mixin.py:154} INFO - [2023-12-03T07:11:45.504+0000] {dag.py:2941} INFO - Sync 1 DAGs
[2023-12-03T07:11:45.525+0000] {logging_mixin.py:154} INFO - [2023-12-03T07:11:45.525+0000] {dag.py:3722} INFO - Setting next_dagrun for crone_exp to 2023-12-03T00:00:00+00:00, run_after=2023-12-04T00:00:00+00:00
[2023-12-03T07:11:45.546+0000] {processor.py:179} INFO - Processing /opt/airflow/dags/xcom.py took 0.194 seconds
[2023-12-03T07:12:16.228+0000] {processor.py:157} INFO - Started process (PID=3833) to work on /opt/airflow/dags/xcom.py
[2023-12-03T07:12:16.237+0000] {processor.py:829} INFO - Processing file /opt/airflow/dags/xcom.py for tasks to queue
[2023-12-03T07:12:16.239+0000] {logging_mixin.py:154} INFO - [2023-12-03T07:12:16.239+0000] {dagbag.py:536} INFO - Filling up the DagBag from /opt/airflow/dags/xcom.py
[2023-12-03T07:12:16.248+0000] {processor.py:839} INFO - DAG(s) dict_keys(['crone_exp']) retrieved from /opt/airflow/dags/xcom.py
[2023-12-03T07:12:16.287+0000] {logging_mixin.py:154} INFO - [2023-12-03T07:12:16.287+0000] {dag.py:2941} INFO - Sync 1 DAGs
[2023-12-03T07:12:16.308+0000] {logging_mixin.py:154} INFO - [2023-12-03T07:12:16.308+0000] {dag.py:3722} INFO - Setting next_dagrun for crone_exp to 2023-12-03T00:00:00+00:00, run_after=2023-12-04T00:00:00+00:00
[2023-12-03T07:12:16.330+0000] {processor.py:179} INFO - Processing /opt/airflow/dags/xcom.py took 0.106 seconds
[2023-12-03T07:12:46.660+0000] {processor.py:157} INFO - Started process (PID=3896) to work on /opt/airflow/dags/xcom.py
[2023-12-03T07:12:46.672+0000] {processor.py:829} INFO - Processing file /opt/airflow/dags/xcom.py for tasks to queue
[2023-12-03T07:12:46.675+0000] {logging_mixin.py:154} INFO - [2023-12-03T07:12:46.675+0000] {dagbag.py:536} INFO - Filling up the DagBag from /opt/airflow/dags/xcom.py
[2023-12-03T07:12:46.684+0000] {processor.py:839} INFO - DAG(s) dict_keys(['crone_exp']) retrieved from /opt/airflow/dags/xcom.py
[2023-12-03T07:12:46.705+0000] {logging_mixin.py:154} INFO - [2023-12-03T07:12:46.705+0000] {dag.py:2941} INFO - Sync 1 DAGs
[2023-12-03T07:12:46.733+0000] {logging_mixin.py:154} INFO - [2023-12-03T07:12:46.733+0000] {dag.py:3722} INFO - Setting next_dagrun for crone_exp to 2023-12-03T00:00:00+00:00, run_after=2023-12-04T00:00:00+00:00
[2023-12-03T07:12:46.757+0000] {processor.py:179} INFO - Processing /opt/airflow/dags/xcom.py took 0.100 seconds
[2023-12-03T07:13:17.031+0000] {processor.py:157} INFO - Started process (PID=3959) to work on /opt/airflow/dags/xcom.py
[2023-12-03T07:13:17.044+0000] {processor.py:829} INFO - Processing file /opt/airflow/dags/xcom.py for tasks to queue
[2023-12-03T07:13:17.046+0000] {logging_mixin.py:154} INFO - [2023-12-03T07:13:17.046+0000] {dagbag.py:536} INFO - Filling up the DagBag from /opt/airflow/dags/xcom.py
[2023-12-03T07:13:17.056+0000] {processor.py:839} INFO - DAG(s) dict_keys(['crone_exp']) retrieved from /opt/airflow/dags/xcom.py
[2023-12-03T07:13:17.185+0000] {logging_mixin.py:154} INFO - [2023-12-03T07:13:17.185+0000] {dag.py:2941} INFO - Sync 1 DAGs
[2023-12-03T07:13:17.205+0000] {logging_mixin.py:154} INFO - [2023-12-03T07:13:17.205+0000] {dag.py:3722} INFO - Setting next_dagrun for crone_exp to 2023-12-03T00:00:00+00:00, run_after=2023-12-04T00:00:00+00:00
[2023-12-03T07:13:17.245+0000] {processor.py:179} INFO - Processing /opt/airflow/dags/xcom.py took 0.219 seconds
[2023-12-03T07:13:47.309+0000] {processor.py:157} INFO - Started process (PID=4021) to work on /opt/airflow/dags/xcom.py
[2023-12-03T07:13:47.311+0000] {processor.py:829} INFO - Processing file /opt/airflow/dags/xcom.py for tasks to queue
[2023-12-03T07:13:47.313+0000] {logging_mixin.py:154} INFO - [2023-12-03T07:13:47.313+0000] {dagbag.py:536} INFO - Filling up the DagBag from /opt/airflow/dags/xcom.py
[2023-12-03T07:13:47.322+0000] {processor.py:839} INFO - DAG(s) dict_keys(['crone_exp']) retrieved from /opt/airflow/dags/xcom.py
[2023-12-03T07:13:47.348+0000] {logging_mixin.py:154} INFO - [2023-12-03T07:13:47.347+0000] {dag.py:2941} INFO - Sync 1 DAGs
[2023-12-03T07:13:47.369+0000] {logging_mixin.py:154} INFO - [2023-12-03T07:13:47.368+0000] {dag.py:3722} INFO - Setting next_dagrun for crone_exp to 2023-12-03T00:00:00+00:00, run_after=2023-12-04T00:00:00+00:00
[2023-12-03T07:13:47.392+0000] {processor.py:179} INFO - Processing /opt/airflow/dags/xcom.py took 0.086 seconds
[2023-12-03T07:14:17.706+0000] {processor.py:157} INFO - Started process (PID=4083) to work on /opt/airflow/dags/xcom.py
[2023-12-03T07:14:17.718+0000] {processor.py:829} INFO - Processing file /opt/airflow/dags/xcom.py for tasks to queue
[2023-12-03T07:14:17.732+0000] {logging_mixin.py:154} INFO - [2023-12-03T07:14:17.731+0000] {dagbag.py:536} INFO - Filling up the DagBag from /opt/airflow/dags/xcom.py
[2023-12-03T07:14:17.744+0000] {processor.py:839} INFO - DAG(s) dict_keys(['crone_exp']) retrieved from /opt/airflow/dags/xcom.py
[2023-12-03T07:14:17.761+0000] {logging_mixin.py:154} INFO - [2023-12-03T07:14:17.761+0000] {dag.py:2941} INFO - Sync 1 DAGs
[2023-12-03T07:14:17.787+0000] {logging_mixin.py:154} INFO - [2023-12-03T07:14:17.787+0000] {dag.py:3722} INFO - Setting next_dagrun for crone_exp to 2023-12-03T00:00:00+00:00, run_after=2023-12-04T00:00:00+00:00
[2023-12-03T07:14:17.808+0000] {processor.py:179} INFO - Processing /opt/airflow/dags/xcom.py took 0.107 seconds
[2023-12-03T07:14:48.208+0000] {processor.py:157} INFO - Started process (PID=4146) to work on /opt/airflow/dags/xcom.py
[2023-12-03T07:14:48.216+0000] {processor.py:829} INFO - Processing file /opt/airflow/dags/xcom.py for tasks to queue
[2023-12-03T07:14:48.218+0000] {logging_mixin.py:154} INFO - [2023-12-03T07:14:48.218+0000] {dagbag.py:536} INFO - Filling up the DagBag from /opt/airflow/dags/xcom.py
[2023-12-03T07:14:48.227+0000] {processor.py:839} INFO - DAG(s) dict_keys(['crone_exp']) retrieved from /opt/airflow/dags/xcom.py
[2023-12-03T07:14:48.365+0000] {logging_mixin.py:154} INFO - [2023-12-03T07:14:48.364+0000] {dag.py:2941} INFO - Sync 1 DAGs
[2023-12-03T07:14:48.388+0000] {logging_mixin.py:154} INFO - [2023-12-03T07:14:48.388+0000] {dag.py:3722} INFO - Setting next_dagrun for crone_exp to 2023-12-03T00:00:00+00:00, run_after=2023-12-04T00:00:00+00:00
[2023-12-03T07:14:48.415+0000] {processor.py:179} INFO - Processing /opt/airflow/dags/xcom.py took 0.209 seconds
[2023-12-03T07:15:18.480+0000] {processor.py:157} INFO - Started process (PID=4208) to work on /opt/airflow/dags/xcom.py
[2023-12-03T07:15:18.489+0000] {processor.py:829} INFO - Processing file /opt/airflow/dags/xcom.py for tasks to queue
[2023-12-03T07:15:18.492+0000] {logging_mixin.py:154} INFO - [2023-12-03T07:15:18.491+0000] {dagbag.py:536} INFO - Filling up the DagBag from /opt/airflow/dags/xcom.py
[2023-12-03T07:15:18.500+0000] {processor.py:839} INFO - DAG(s) dict_keys(['crone_exp']) retrieved from /opt/airflow/dags/xcom.py
[2023-12-03T07:15:18.531+0000] {logging_mixin.py:154} INFO - [2023-12-03T07:15:18.531+0000] {dag.py:2941} INFO - Sync 1 DAGs
[2023-12-03T07:15:18.554+0000] {logging_mixin.py:154} INFO - [2023-12-03T07:15:18.553+0000] {dag.py:3722} INFO - Setting next_dagrun for crone_exp to 2023-12-03T00:00:00+00:00, run_after=2023-12-04T00:00:00+00:00
[2023-12-03T07:15:18.576+0000] {processor.py:179} INFO - Processing /opt/airflow/dags/xcom.py took 0.098 seconds
[2023-12-03T07:15:48.667+0000] {processor.py:157} INFO - Started process (PID=4270) to work on /opt/airflow/dags/xcom.py
[2023-12-03T07:15:48.674+0000] {processor.py:829} INFO - Processing file /opt/airflow/dags/xcom.py for tasks to queue
[2023-12-03T07:15:48.676+0000] {logging_mixin.py:154} INFO - [2023-12-03T07:15:48.676+0000] {dagbag.py:536} INFO - Filling up the DagBag from /opt/airflow/dags/xcom.py
[2023-12-03T07:15:48.685+0000] {processor.py:839} INFO - DAG(s) dict_keys(['crone_exp']) retrieved from /opt/airflow/dags/xcom.py
[2023-12-03T07:15:48.708+0000] {logging_mixin.py:154} INFO - [2023-12-03T07:15:48.707+0000] {dag.py:2941} INFO - Sync 1 DAGs
[2023-12-03T07:15:48.731+0000] {logging_mixin.py:154} INFO - [2023-12-03T07:15:48.731+0000] {dag.py:3722} INFO - Setting next_dagrun for crone_exp to 2023-12-03T00:00:00+00:00, run_after=2023-12-04T00:00:00+00:00
[2023-12-03T07:15:48.757+0000] {processor.py:179} INFO - Processing /opt/airflow/dags/xcom.py took 0.094 seconds
[2023-12-03T07:16:19.077+0000] {processor.py:157} INFO - Started process (PID=4332) to work on /opt/airflow/dags/xcom.py
[2023-12-03T07:16:19.086+0000] {processor.py:829} INFO - Processing file /opt/airflow/dags/xcom.py for tasks to queue
[2023-12-03T07:16:19.090+0000] {logging_mixin.py:154} INFO - [2023-12-03T07:16:19.090+0000] {dagbag.py:536} INFO - Filling up the DagBag from /opt/airflow/dags/xcom.py
[2023-12-03T07:16:19.106+0000] {processor.py:839} INFO - DAG(s) dict_keys(['crone_exp']) retrieved from /opt/airflow/dags/xcom.py
[2023-12-03T07:16:19.367+0000] {logging_mixin.py:154} INFO - [2023-12-03T07:16:19.367+0000] {dag.py:2941} INFO - Sync 1 DAGs
[2023-12-03T07:16:19.386+0000] {logging_mixin.py:154} INFO - [2023-12-03T07:16:19.386+0000] {dag.py:3722} INFO - Setting next_dagrun for crone_exp to 2023-12-03T00:00:00+00:00, run_after=2023-12-04T00:00:00+00:00
[2023-12-03T07:16:19.408+0000] {processor.py:179} INFO - Processing /opt/airflow/dags/xcom.py took 0.336 seconds
[2023-12-03T07:16:49.874+0000] {processor.py:157} INFO - Started process (PID=4395) to work on /opt/airflow/dags/xcom.py
[2023-12-03T07:16:49.882+0000] {processor.py:829} INFO - Processing file /opt/airflow/dags/xcom.py for tasks to queue
[2023-12-03T07:16:49.884+0000] {logging_mixin.py:154} INFO - [2023-12-03T07:16:49.884+0000] {dagbag.py:536} INFO - Filling up the DagBag from /opt/airflow/dags/xcom.py
[2023-12-03T07:16:49.893+0000] {processor.py:839} INFO - DAG(s) dict_keys(['crone_exp']) retrieved from /opt/airflow/dags/xcom.py
[2023-12-03T07:16:49.924+0000] {logging_mixin.py:154} INFO - [2023-12-03T07:16:49.924+0000] {dag.py:2941} INFO - Sync 1 DAGs
[2023-12-03T07:16:49.946+0000] {logging_mixin.py:154} INFO - [2023-12-03T07:16:49.945+0000] {dag.py:3722} INFO - Setting next_dagrun for crone_exp to 2023-12-03T00:00:00+00:00, run_after=2023-12-04T00:00:00+00:00
[2023-12-03T07:16:49.967+0000] {processor.py:179} INFO - Processing /opt/airflow/dags/xcom.py took 0.096 seconds
[2023-12-03T07:17:20.449+0000] {processor.py:157} INFO - Started process (PID=4458) to work on /opt/airflow/dags/xcom.py
[2023-12-03T07:17:20.459+0000] {processor.py:829} INFO - Processing file /opt/airflow/dags/xcom.py for tasks to queue
[2023-12-03T07:17:20.461+0000] {logging_mixin.py:154} INFO - [2023-12-03T07:17:20.461+0000] {dagbag.py:536} INFO - Filling up the DagBag from /opt/airflow/dags/xcom.py
[2023-12-03T07:17:20.470+0000] {processor.py:839} INFO - DAG(s) dict_keys(['crone_exp']) retrieved from /opt/airflow/dags/xcom.py
[2023-12-03T07:17:20.491+0000] {logging_mixin.py:154} INFO - [2023-12-03T07:17:20.491+0000] {dag.py:2941} INFO - Sync 1 DAGs
[2023-12-03T07:17:20.515+0000] {logging_mixin.py:154} INFO - [2023-12-03T07:17:20.515+0000] {dag.py:3722} INFO - Setting next_dagrun for crone_exp to 2023-12-03T00:00:00+00:00, run_after=2023-12-04T00:00:00+00:00
[2023-12-03T07:17:20.535+0000] {processor.py:179} INFO - Processing /opt/airflow/dags/xcom.py took 0.089 seconds
[2023-12-03T07:17:50.953+0000] {processor.py:157} INFO - Started process (PID=4521) to work on /opt/airflow/dags/xcom.py
[2023-12-03T07:17:50.962+0000] {processor.py:829} INFO - Processing file /opt/airflow/dags/xcom.py for tasks to queue
[2023-12-03T07:17:50.964+0000] {logging_mixin.py:154} INFO - [2023-12-03T07:17:50.964+0000] {dagbag.py:536} INFO - Filling up the DagBag from /opt/airflow/dags/xcom.py
[2023-12-03T07:17:50.973+0000] {processor.py:839} INFO - DAG(s) dict_keys(['crone_exp']) retrieved from /opt/airflow/dags/xcom.py
[2023-12-03T07:17:51.082+0000] {logging_mixin.py:154} INFO - [2023-12-03T07:17:51.082+0000] {dag.py:2941} INFO - Sync 1 DAGs
[2023-12-03T07:17:51.103+0000] {logging_mixin.py:154} INFO - [2023-12-03T07:17:51.103+0000] {dag.py:3722} INFO - Setting next_dagrun for crone_exp to 2023-12-03T00:00:00+00:00, run_after=2023-12-04T00:00:00+00:00
[2023-12-03T07:17:51.127+0000] {processor.py:179} INFO - Processing /opt/airflow/dags/xcom.py took 0.176 seconds
[2023-12-03T07:18:21.433+0000] {processor.py:157} INFO - Started process (PID=4584) to work on /opt/airflow/dags/xcom.py
[2023-12-03T07:18:21.446+0000] {processor.py:829} INFO - Processing file /opt/airflow/dags/xcom.py for tasks to queue
[2023-12-03T07:18:21.448+0000] {logging_mixin.py:154} INFO - [2023-12-03T07:18:21.448+0000] {dagbag.py:536} INFO - Filling up the DagBag from /opt/airflow/dags/xcom.py
[2023-12-03T07:18:21.458+0000] {processor.py:839} INFO - DAG(s) dict_keys(['crone_exp']) retrieved from /opt/airflow/dags/xcom.py
[2023-12-03T07:18:21.510+0000] {logging_mixin.py:154} INFO - [2023-12-03T07:18:21.510+0000] {dag.py:2941} INFO - Sync 1 DAGs
[2023-12-03T07:18:21.534+0000] {logging_mixin.py:154} INFO - [2023-12-03T07:18:21.534+0000] {dag.py:3722} INFO - Setting next_dagrun for crone_exp to 2023-12-03T00:00:00+00:00, run_after=2023-12-04T00:00:00+00:00
[2023-12-03T07:18:21.558+0000] {processor.py:179} INFO - Processing /opt/airflow/dags/xcom.py took 0.128 seconds
[2023-12-03T07:18:52.108+0000] {processor.py:157} INFO - Started process (PID=4647) to work on /opt/airflow/dags/xcom.py
[2023-12-03T07:18:52.121+0000] {processor.py:829} INFO - Processing file /opt/airflow/dags/xcom.py for tasks to queue
[2023-12-03T07:18:52.124+0000] {logging_mixin.py:154} INFO - [2023-12-03T07:18:52.123+0000] {dagbag.py:536} INFO - Filling up the DagBag from /opt/airflow/dags/xcom.py
[2023-12-03T07:18:52.132+0000] {processor.py:839} INFO - DAG(s) dict_keys(['crone_exp']) retrieved from /opt/airflow/dags/xcom.py
[2023-12-03T07:18:52.152+0000] {logging_mixin.py:154} INFO - [2023-12-03T07:18:52.152+0000] {dag.py:2941} INFO - Sync 1 DAGs
[2023-12-03T07:18:52.179+0000] {logging_mixin.py:154} INFO - [2023-12-03T07:18:52.179+0000] {dag.py:3722} INFO - Setting next_dagrun for crone_exp to 2023-12-03T00:00:00+00:00, run_after=2023-12-04T00:00:00+00:00
[2023-12-03T07:18:52.201+0000] {processor.py:179} INFO - Processing /opt/airflow/dags/xcom.py took 0.096 seconds
[2023-12-03T07:19:22.221+0000] {processor.py:157} INFO - Started process (PID=4709) to work on /opt/airflow/dags/xcom.py
[2023-12-03T07:19:22.249+0000] {processor.py:829} INFO - Processing file /opt/airflow/dags/xcom.py for tasks to queue
[2023-12-03T07:19:22.252+0000] {logging_mixin.py:154} INFO - [2023-12-03T07:19:22.251+0000] {dagbag.py:536} INFO - Filling up the DagBag from /opt/airflow/dags/xcom.py
[2023-12-03T07:19:22.261+0000] {processor.py:839} INFO - DAG(s) dict_keys(['crone_exp']) retrieved from /opt/airflow/dags/xcom.py
[2023-12-03T07:19:22.362+0000] {logging_mixin.py:154} INFO - [2023-12-03T07:19:22.362+0000] {dag.py:2941} INFO - Sync 1 DAGs
[2023-12-03T07:19:22.386+0000] {logging_mixin.py:154} INFO - [2023-12-03T07:19:22.386+0000] {dag.py:3722} INFO - Setting next_dagrun for crone_exp to 2023-12-03T00:00:00+00:00, run_after=2023-12-04T00:00:00+00:00
[2023-12-03T07:19:22.412+0000] {processor.py:179} INFO - Processing /opt/airflow/dags/xcom.py took 0.194 seconds
[2023-12-03T07:19:52.933+0000] {processor.py:157} INFO - Started process (PID=4773) to work on /opt/airflow/dags/xcom.py
[2023-12-03T07:19:52.935+0000] {processor.py:829} INFO - Processing file /opt/airflow/dags/xcom.py for tasks to queue
[2023-12-03T07:19:52.937+0000] {logging_mixin.py:154} INFO - [2023-12-03T07:19:52.937+0000] {dagbag.py:536} INFO - Filling up the DagBag from /opt/airflow/dags/xcom.py
[2023-12-03T07:19:52.947+0000] {processor.py:839} INFO - DAG(s) dict_keys(['crone_exp']) retrieved from /opt/airflow/dags/xcom.py
[2023-12-03T07:19:52.976+0000] {logging_mixin.py:154} INFO - [2023-12-03T07:19:52.976+0000] {dag.py:2941} INFO - Sync 1 DAGs
[2023-12-03T07:19:53.006+0000] {logging_mixin.py:154} INFO - [2023-12-03T07:19:53.006+0000] {dag.py:3722} INFO - Setting next_dagrun for crone_exp to 2023-12-03T00:00:00+00:00, run_after=2023-12-04T00:00:00+00:00
[2023-12-03T07:19:53.042+0000] {processor.py:179} INFO - Processing /opt/airflow/dags/xcom.py took 0.111 seconds
[2023-12-03T07:20:23.323+0000] {processor.py:157} INFO - Started process (PID=4836) to work on /opt/airflow/dags/xcom.py
[2023-12-03T07:20:23.324+0000] {processor.py:829} INFO - Processing file /opt/airflow/dags/xcom.py for tasks to queue
[2023-12-03T07:20:23.326+0000] {logging_mixin.py:154} INFO - [2023-12-03T07:20:23.326+0000] {dagbag.py:536} INFO - Filling up the DagBag from /opt/airflow/dags/xcom.py
[2023-12-03T07:20:23.333+0000] {processor.py:839} INFO - DAG(s) dict_keys(['crone_exp']) retrieved from /opt/airflow/dags/xcom.py
[2023-12-03T07:20:23.347+0000] {logging_mixin.py:154} INFO - [2023-12-03T07:20:23.347+0000] {dag.py:2941} INFO - Sync 1 DAGs
[2023-12-03T07:20:23.366+0000] {logging_mixin.py:154} INFO - [2023-12-03T07:20:23.366+0000] {dag.py:3722} INFO - Setting next_dagrun for crone_exp to 2023-12-03T00:00:00+00:00, run_after=2023-12-04T00:00:00+00:00
[2023-12-03T07:20:23.383+0000] {processor.py:179} INFO - Processing /opt/airflow/dags/xcom.py took 0.063 seconds
[2023-12-03T07:20:53.772+0000] {processor.py:157} INFO - Started process (PID=4898) to work on /opt/airflow/dags/xcom.py
[2023-12-03T07:20:53.789+0000] {processor.py:829} INFO - Processing file /opt/airflow/dags/xcom.py for tasks to queue
[2023-12-03T07:20:53.795+0000] {logging_mixin.py:154} INFO - [2023-12-03T07:20:53.794+0000] {dagbag.py:536} INFO - Filling up the DagBag from /opt/airflow/dags/xcom.py
[2023-12-03T07:20:53.811+0000] {processor.py:839} INFO - DAG(s) dict_keys(['crone_exp']) retrieved from /opt/airflow/dags/xcom.py
[2023-12-03T07:20:53.921+0000] {logging_mixin.py:154} INFO - [2023-12-03T07:20:53.921+0000] {dag.py:2941} INFO - Sync 1 DAGs
[2023-12-03T07:20:53.940+0000] {logging_mixin.py:154} INFO - [2023-12-03T07:20:53.940+0000] {dag.py:3722} INFO - Setting next_dagrun for crone_exp to 2023-12-03T00:00:00+00:00, run_after=2023-12-04T00:00:00+00:00
[2023-12-03T07:20:53.962+0000] {processor.py:179} INFO - Processing /opt/airflow/dags/xcom.py took 0.192 seconds
[2023-12-03T07:21:24.165+0000] {processor.py:157} INFO - Started process (PID=4961) to work on /opt/airflow/dags/xcom.py
[2023-12-03T07:21:24.165+0000] {processor.py:829} INFO - Processing file /opt/airflow/dags/xcom.py for tasks to queue
[2023-12-03T07:21:24.168+0000] {logging_mixin.py:154} INFO - [2023-12-03T07:21:24.167+0000] {dagbag.py:536} INFO - Filling up the DagBag from /opt/airflow/dags/xcom.py
[2023-12-03T07:21:24.177+0000] {processor.py:839} INFO - DAG(s) dict_keys(['crone_exp']) retrieved from /opt/airflow/dags/xcom.py
[2023-12-03T07:21:24.201+0000] {logging_mixin.py:154} INFO - [2023-12-03T07:21:24.201+0000] {dag.py:2941} INFO - Sync 1 DAGs
[2023-12-03T07:21:24.231+0000] {logging_mixin.py:154} INFO - [2023-12-03T07:21:24.231+0000] {dag.py:3722} INFO - Setting next_dagrun for crone_exp to 2023-12-03T00:00:00+00:00, run_after=2023-12-04T00:00:00+00:00
[2023-12-03T07:21:24.267+0000] {processor.py:179} INFO - Processing /opt/airflow/dags/xcom.py took 0.106 seconds
[2023-12-03T07:21:54.692+0000] {processor.py:157} INFO - Started process (PID=5024) to work on /opt/airflow/dags/xcom.py
[2023-12-03T07:21:54.710+0000] {processor.py:829} INFO - Processing file /opt/airflow/dags/xcom.py for tasks to queue
[2023-12-03T07:21:54.712+0000] {logging_mixin.py:154} INFO - [2023-12-03T07:21:54.712+0000] {dagbag.py:536} INFO - Filling up the DagBag from /opt/airflow/dags/xcom.py
[2023-12-03T07:21:54.721+0000] {processor.py:839} INFO - DAG(s) dict_keys(['crone_exp']) retrieved from /opt/airflow/dags/xcom.py
[2023-12-03T07:21:54.738+0000] {logging_mixin.py:154} INFO - [2023-12-03T07:21:54.738+0000] {dag.py:2941} INFO - Sync 1 DAGs
[2023-12-03T07:21:54.760+0000] {logging_mixin.py:154} INFO - [2023-12-03T07:21:54.760+0000] {dag.py:3722} INFO - Setting next_dagrun for crone_exp to 2023-12-03T00:00:00+00:00, run_after=2023-12-04T00:00:00+00:00
[2023-12-03T07:21:54.780+0000] {processor.py:179} INFO - Processing /opt/airflow/dags/xcom.py took 0.091 seconds
[2023-12-03T07:22:24.989+0000] {processor.py:157} INFO - Started process (PID=5087) to work on /opt/airflow/dags/xcom.py
[2023-12-03T07:22:24.990+0000] {processor.py:829} INFO - Processing file /opt/airflow/dags/xcom.py for tasks to queue
[2023-12-03T07:22:24.992+0000] {logging_mixin.py:154} INFO - [2023-12-03T07:22:24.992+0000] {dagbag.py:536} INFO - Filling up the DagBag from /opt/airflow/dags/xcom.py
[2023-12-03T07:22:25.001+0000] {processor.py:839} INFO - DAG(s) dict_keys(['crone_exp']) retrieved from /opt/airflow/dags/xcom.py
[2023-12-03T07:22:25.093+0000] {logging_mixin.py:154} INFO - [2023-12-03T07:22:25.093+0000] {dag.py:2941} INFO - Sync 1 DAGs
[2023-12-03T07:22:25.119+0000] {logging_mixin.py:154} INFO - [2023-12-03T07:22:25.118+0000] {dag.py:3722} INFO - Setting next_dagrun for crone_exp to 2023-12-03T00:00:00+00:00, run_after=2023-12-04T00:00:00+00:00
[2023-12-03T07:22:25.147+0000] {processor.py:179} INFO - Processing /opt/airflow/dags/xcom.py took 0.162 seconds
[2023-12-03T07:22:55.482+0000] {processor.py:157} INFO - Started process (PID=5150) to work on /opt/airflow/dags/xcom.py
[2023-12-03T07:22:55.501+0000] {processor.py:829} INFO - Processing file /opt/airflow/dags/xcom.py for tasks to queue
[2023-12-03T07:22:55.503+0000] {logging_mixin.py:154} INFO - [2023-12-03T07:22:55.503+0000] {dagbag.py:536} INFO - Filling up the DagBag from /opt/airflow/dags/xcom.py
[2023-12-03T07:22:55.513+0000] {processor.py:839} INFO - DAG(s) dict_keys(['crone_exp']) retrieved from /opt/airflow/dags/xcom.py
[2023-12-03T07:22:55.550+0000] {logging_mixin.py:154} INFO - [2023-12-03T07:22:55.549+0000] {dag.py:2941} INFO - Sync 1 DAGs
[2023-12-03T07:22:55.575+0000] {logging_mixin.py:154} INFO - [2023-12-03T07:22:55.574+0000] {dag.py:3722} INFO - Setting next_dagrun for crone_exp to 2023-12-03T00:00:00+00:00, run_after=2023-12-04T00:00:00+00:00
[2023-12-03T07:22:55.602+0000] {processor.py:179} INFO - Processing /opt/airflow/dags/xcom.py took 0.123 seconds
[2023-12-03T07:23:25.892+0000] {processor.py:157} INFO - Started process (PID=5213) to work on /opt/airflow/dags/xcom.py
[2023-12-03T07:23:25.894+0000] {processor.py:829} INFO - Processing file /opt/airflow/dags/xcom.py for tasks to queue
[2023-12-03T07:23:25.896+0000] {logging_mixin.py:154} INFO - [2023-12-03T07:23:25.895+0000] {dagbag.py:536} INFO - Filling up the DagBag from /opt/airflow/dags/xcom.py
[2023-12-03T07:23:25.902+0000] {processor.py:839} INFO - DAG(s) dict_keys(['crone_exp']) retrieved from /opt/airflow/dags/xcom.py
[2023-12-03T07:23:25.916+0000] {logging_mixin.py:154} INFO - [2023-12-03T07:23:25.916+0000] {dag.py:2941} INFO - Sync 1 DAGs
[2023-12-03T07:23:25.935+0000] {logging_mixin.py:154} INFO - [2023-12-03T07:23:25.935+0000] {dag.py:3722} INFO - Setting next_dagrun for crone_exp to 2023-12-03T00:00:00+00:00, run_after=2023-12-04T00:00:00+00:00
[2023-12-03T07:23:25.952+0000] {processor.py:179} INFO - Processing /opt/airflow/dags/xcom.py took 0.063 seconds
[2023-12-03T07:23:56.031+0000] {processor.py:157} INFO - Started process (PID=5275) to work on /opt/airflow/dags/xcom.py
[2023-12-03T07:23:56.034+0000] {processor.py:829} INFO - Processing file /opt/airflow/dags/xcom.py for tasks to queue
[2023-12-03T07:23:56.036+0000] {logging_mixin.py:154} INFO - [2023-12-03T07:23:56.036+0000] {dagbag.py:536} INFO - Filling up the DagBag from /opt/airflow/dags/xcom.py
[2023-12-03T07:23:56.046+0000] {processor.py:839} INFO - DAG(s) dict_keys(['crone_exp']) retrieved from /opt/airflow/dags/xcom.py
[2023-12-03T07:23:56.163+0000] {logging_mixin.py:154} INFO - [2023-12-03T07:23:56.162+0000] {dag.py:2941} INFO - Sync 1 DAGs
[2023-12-03T07:23:56.188+0000] {logging_mixin.py:154} INFO - [2023-12-03T07:23:56.188+0000] {dag.py:3722} INFO - Setting next_dagrun for crone_exp to 2023-12-03T00:00:00+00:00, run_after=2023-12-04T00:00:00+00:00
[2023-12-03T07:23:56.211+0000] {processor.py:179} INFO - Processing /opt/airflow/dags/xcom.py took 0.184 seconds
[2023-12-03T07:24:26.381+0000] {processor.py:157} INFO - Started process (PID=5338) to work on /opt/airflow/dags/xcom.py
[2023-12-03T07:24:26.383+0000] {processor.py:829} INFO - Processing file /opt/airflow/dags/xcom.py for tasks to queue
[2023-12-03T07:24:26.385+0000] {logging_mixin.py:154} INFO - [2023-12-03T07:24:26.385+0000] {dagbag.py:536} INFO - Filling up the DagBag from /opt/airflow/dags/xcom.py
[2023-12-03T07:24:26.394+0000] {processor.py:839} INFO - DAG(s) dict_keys(['crone_exp']) retrieved from /opt/airflow/dags/xcom.py
[2023-12-03T07:24:26.426+0000] {logging_mixin.py:154} INFO - [2023-12-03T07:24:26.425+0000] {dag.py:2941} INFO - Sync 1 DAGs
[2023-12-03T07:24:26.449+0000] {logging_mixin.py:154} INFO - [2023-12-03T07:24:26.449+0000] {dag.py:3722} INFO - Setting next_dagrun for crone_exp to 2023-12-03T00:00:00+00:00, run_after=2023-12-04T00:00:00+00:00
[2023-12-03T07:24:26.472+0000] {processor.py:179} INFO - Processing /opt/airflow/dags/xcom.py took 0.095 seconds
[2023-12-03T07:24:56.697+0000] {processor.py:157} INFO - Started process (PID=5402) to work on /opt/airflow/dags/xcom.py
[2023-12-03T07:24:56.722+0000] {processor.py:829} INFO - Processing file /opt/airflow/dags/xcom.py for tasks to queue
[2023-12-03T07:24:56.725+0000] {logging_mixin.py:154} INFO - [2023-12-03T07:24:56.724+0000] {dagbag.py:536} INFO - Filling up the DagBag from /opt/airflow/dags/xcom.py
[2023-12-03T07:24:56.735+0000] {processor.py:839} INFO - DAG(s) dict_keys(['crone_exp']) retrieved from /opt/airflow/dags/xcom.py
[2023-12-03T07:24:56.760+0000] {logging_mixin.py:154} INFO - [2023-12-03T07:24:56.759+0000] {dag.py:2941} INFO - Sync 1 DAGs
[2023-12-03T07:24:56.784+0000] {logging_mixin.py:154} INFO - [2023-12-03T07:24:56.784+0000] {dag.py:3722} INFO - Setting next_dagrun for crone_exp to 2023-12-03T00:00:00+00:00, run_after=2023-12-04T00:00:00+00:00
[2023-12-03T07:24:56.810+0000] {processor.py:179} INFO - Processing /opt/airflow/dags/xcom.py took 0.117 seconds
[2023-12-03T07:25:27.279+0000] {processor.py:157} INFO - Started process (PID=5465) to work on /opt/airflow/dags/xcom.py
[2023-12-03T07:25:27.286+0000] {processor.py:829} INFO - Processing file /opt/airflow/dags/xcom.py for tasks to queue
[2023-12-03T07:25:27.288+0000] {logging_mixin.py:154} INFO - [2023-12-03T07:25:27.287+0000] {dagbag.py:536} INFO - Filling up the DagBag from /opt/airflow/dags/xcom.py
[2023-12-03T07:25:27.297+0000] {processor.py:839} INFO - DAG(s) dict_keys(['crone_exp']) retrieved from /opt/airflow/dags/xcom.py
[2023-12-03T07:25:27.392+0000] {logging_mixin.py:154} INFO - [2023-12-03T07:25:27.392+0000] {dag.py:2941} INFO - Sync 1 DAGs
[2023-12-03T07:25:27.415+0000] {logging_mixin.py:154} INFO - [2023-12-03T07:25:27.414+0000] {dag.py:3722} INFO - Setting next_dagrun for crone_exp to 2023-12-03T00:00:00+00:00, run_after=2023-12-04T00:00:00+00:00
[2023-12-03T07:25:27.438+0000] {processor.py:179} INFO - Processing /opt/airflow/dags/xcom.py took 0.163 seconds
[2023-12-03T07:25:57.499+0000] {processor.py:157} INFO - Started process (PID=5528) to work on /opt/airflow/dags/xcom.py
[2023-12-03T07:25:57.502+0000] {processor.py:829} INFO - Processing file /opt/airflow/dags/xcom.py for tasks to queue
[2023-12-03T07:25:57.504+0000] {logging_mixin.py:154} INFO - [2023-12-03T07:25:57.504+0000] {dagbag.py:536} INFO - Filling up the DagBag from /opt/airflow/dags/xcom.py
[2023-12-03T07:25:57.514+0000] {processor.py:839} INFO - DAG(s) dict_keys(['crone_exp']) retrieved from /opt/airflow/dags/xcom.py
[2023-12-03T07:25:57.544+0000] {logging_mixin.py:154} INFO - [2023-12-03T07:25:57.544+0000] {dag.py:2941} INFO - Sync 1 DAGs
[2023-12-03T07:25:57.565+0000] {logging_mixin.py:154} INFO - [2023-12-03T07:25:57.565+0000] {dag.py:3722} INFO - Setting next_dagrun for crone_exp to 2023-12-03T00:00:00+00:00, run_after=2023-12-04T00:00:00+00:00
[2023-12-03T07:25:57.588+0000] {processor.py:179} INFO - Processing /opt/airflow/dags/xcom.py took 0.092 seconds
[2023-12-03T07:40:58.192+0000] {processor.py:157} INFO - Started process (PID=5565) to work on /opt/airflow/dags/xcom.py
[2023-12-03T07:40:58.275+0000] {processor.py:829} INFO - Processing file /opt/airflow/dags/xcom.py for tasks to queue
[2023-12-03T07:40:58.282+0000] {logging_mixin.py:154} INFO - [2023-12-03T07:40:58.282+0000] {dagbag.py:536} INFO - Filling up the DagBag from /opt/airflow/dags/xcom.py
[2023-12-03T07:40:58.293+0000] {processor.py:839} INFO - DAG(s) dict_keys(['crone_exp']) retrieved from /opt/airflow/dags/xcom.py
[2023-12-03T07:40:59.236+0000] {logging_mixin.py:154} INFO - [2023-12-03T07:40:59.235+0000] {dag.py:2941} INFO - Sync 1 DAGs
[2023-12-03T07:40:59.297+0000] {logging_mixin.py:154} INFO - [2023-12-03T07:40:59.296+0000] {dag.py:3722} INFO - Setting next_dagrun for crone_exp to 2023-12-03T00:00:00+00:00, run_after=2023-12-04T00:00:00+00:00
[2023-12-03T07:40:59.378+0000] {processor.py:179} INFO - Processing /opt/airflow/dags/xcom.py took 1.193 seconds
[2023-12-03T07:41:29.620+0000] {processor.py:157} INFO - Started process (PID=5629) to work on /opt/airflow/dags/xcom.py
[2023-12-03T07:41:29.623+0000] {processor.py:829} INFO - Processing file /opt/airflow/dags/xcom.py for tasks to queue
[2023-12-03T07:41:29.625+0000] {logging_mixin.py:154} INFO - [2023-12-03T07:41:29.625+0000] {dagbag.py:536} INFO - Filling up the DagBag from /opt/airflow/dags/xcom.py
[2023-12-03T07:41:29.634+0000] {processor.py:839} INFO - DAG(s) dict_keys(['crone_exp']) retrieved from /opt/airflow/dags/xcom.py
[2023-12-03T07:41:29.666+0000] {logging_mixin.py:154} INFO - [2023-12-03T07:41:29.666+0000] {dag.py:2941} INFO - Sync 1 DAGs
[2023-12-03T07:41:29.697+0000] {logging_mixin.py:154} INFO - [2023-12-03T07:41:29.696+0000] {dag.py:3722} INFO - Setting next_dagrun for crone_exp to 2023-12-03T00:00:00+00:00, run_after=2023-12-04T00:00:00+00:00
[2023-12-03T07:41:29.981+0000] {processor.py:179} INFO - Processing /opt/airflow/dags/xcom.py took 0.365 seconds
[2023-12-03T07:42:00.105+0000] {processor.py:157} INFO - Started process (PID=5686) to work on /opt/airflow/dags/xcom.py
[2023-12-03T07:42:00.116+0000] {processor.py:829} INFO - Processing file /opt/airflow/dags/xcom.py for tasks to queue
[2023-12-03T07:42:00.123+0000] {logging_mixin.py:154} INFO - [2023-12-03T07:42:00.123+0000] {dagbag.py:536} INFO - Filling up the DagBag from /opt/airflow/dags/xcom.py
[2023-12-03T07:42:00.143+0000] {processor.py:839} INFO - DAG(s) dict_keys(['crone_exp']) retrieved from /opt/airflow/dags/xcom.py
[2023-12-03T07:42:00.301+0000] {logging_mixin.py:154} INFO - [2023-12-03T07:42:00.301+0000] {dag.py:2941} INFO - Sync 1 DAGs
[2023-12-03T07:42:00.428+0000] {logging_mixin.py:154} INFO - [2023-12-03T07:42:00.428+0000] {dag.py:3722} INFO - Setting next_dagrun for crone_exp to 2023-12-03T00:00:00+00:00, run_after=2023-12-04T00:00:00+00:00
[2023-12-03T07:42:00.461+0000] {processor.py:179} INFO - Processing /opt/airflow/dags/xcom.py took 0.366 seconds
[2023-12-03T07:42:34.162+0000] {processor.py:157} INFO - Started process (PID=5755) to work on /opt/airflow/dags/xcom.py
[2023-12-03T07:42:34.176+0000] {processor.py:829} INFO - Processing file /opt/airflow/dags/xcom.py for tasks to queue
[2023-12-03T07:42:34.189+0000] {logging_mixin.py:154} INFO - [2023-12-03T07:42:34.189+0000] {dagbag.py:536} INFO - Filling up the DagBag from /opt/airflow/dags/xcom.py
[2023-12-03T07:42:34.230+0000] {processor.py:839} INFO - DAG(s) dict_keys(['crone_exp']) retrieved from /opt/airflow/dags/xcom.py
[2023-12-03T07:42:35.678+0000] {logging_mixin.py:154} INFO - [2023-12-03T07:42:35.674+0000] {dag.py:2941} INFO - Sync 1 DAGs
[2023-12-03T07:42:35.839+0000] {logging_mixin.py:154} INFO - [2023-12-03T07:42:35.838+0000] {dag.py:3722} INFO - Setting next_dagrun for crone_exp to 2023-12-03T00:00:00+00:00, run_after=2023-12-04T00:00:00+00:00
[2023-12-03T07:42:36.370+0000] {processor.py:179} INFO - Processing /opt/airflow/dags/xcom.py took 2.256 seconds
